<?xml version="1.0" encoding="UTF-8"?>
<coverage generated="1558385644928" clover="3.2.0">
  <project timestamp="1558385644929" name="All files">
    <metrics statements="5064" coveredstatements="3757" conditionals="771" coveredconditionals="397" methods="993" coveredmethods="501" elements="6828" coveredelements="4655" complexity="0" loc="5064" ncloc="5064" packages="6" files="46" classes="46"/>
    <package name="__tests__.testUtils">
      <metrics statements="37" coveredstatements="31" conditionals="8" coveredconditionals="4" methods="13" coveredmethods="11"/>
      <file name="FS.bs.js" path="/home/awhite/dev/andywhite37/relude/lib/js/__tests__/testUtils/FS.bs.js">
        <metrics statements="37" coveredstatements="31" conditionals="8" coveredconditionals="4" methods="13" coveredmethods="11"/>
        <line num="3" count="1" type="stmt"/>
        <line num="4" count="1" type="stmt"/>
        <line num="5" count="1" type="stmt"/>
        <line num="6" count="1" type="stmt"/>
        <line num="7" count="1" type="stmt"/>
        <line num="8" count="1" type="stmt"/>
        <line num="9" count="1" type="stmt"/>
        <line num="11" count="1" type="cond" truecount="1" falsecount="1"/>
        <line num="13" count="1" type="cond" truecount="1" falsecount="1"/>
        <line num="15" count="1" type="stmt"/>
        <line num="17" count="1" type="stmt"/>
        <line num="23" count="1" type="stmt"/>
        <line num="24" count="1" type="stmt"/>
        <line num="29" count="2" type="stmt"/>
        <line num="30" count="2" type="stmt"/>
        <line num="31" count="2" type="stmt"/>
        <line num="36" count="1" type="stmt"/>
        <line num="37" count="1" type="stmt"/>
        <line num="38" count="1" type="cond" truecount="1" falsecount="1"/>
        <line num="39" count="0" type="stmt"/>
        <line num="40" count="0" type="stmt"/>
        <line num="42" count="0" type="stmt"/>
        <line num="44" count="1" type="stmt"/>
        <line num="47" count="1" type="stmt"/>
        <line num="52" count="1" type="stmt"/>
        <line num="53" count="1" type="stmt"/>
        <line num="54" count="1" type="cond" truecount="1" falsecount="1"/>
        <line num="55" count="0" type="stmt"/>
        <line num="56" count="0" type="stmt"/>
        <line num="58" count="0" type="stmt"/>
        <line num="60" count="1" type="stmt"/>
        <line num="63" count="1" type="stmt"/>
        <line num="67" count="1" type="stmt"/>
        <line num="75" count="1" type="stmt"/>
        <line num="78" count="1" type="stmt"/>
        <line num="79" count="1" type="stmt"/>
        <line num="80" count="1" type="stmt"/>
      </file>
    </package>
    <package name="src">
      <metrics statements="3327" coveredstatements="2316" conditionals="603" coveredconditionals="255" methods="562" coveredmethods="248"/>
      <file name="Relude_Array.bs.js" path="/home/awhite/dev/andywhite37/relude/lib/js/src/Relude_Array.bs.js">
        <metrics statements="325" coveredstatements="325" conditionals="0" coveredconditionals="0" methods="0" coveredmethods="0"/>
        <line num="3" count="3" type="stmt"/>
        <line num="4" count="3" type="stmt"/>
        <line num="5" count="3" type="stmt"/>
        <line num="6" count="3" type="stmt"/>
        <line num="7" count="3" type="stmt"/>
        <line num="8" count="3" type="stmt"/>
        <line num="9" count="3" type="stmt"/>
        <line num="11" count="3" type="stmt"/>
        <line num="13" count="3" type="stmt"/>
        <line num="15" count="3" type="stmt"/>
        <line num="17" count="3" type="stmt"/>
        <line num="19" count="3" type="stmt"/>
        <line num="21" count="3" type="stmt"/>
        <line num="23" count="3" type="stmt"/>
        <line num="25" count="3" type="stmt"/>
        <line num="27" count="3" type="stmt"/>
        <line num="29" count="3" type="stmt"/>
        <line num="31" count="3" type="stmt"/>
        <line num="33" count="3" type="stmt"/>
        <line num="35" count="3" type="stmt"/>
        <line num="37" count="3" type="stmt"/>
        <line num="39" count="3" type="stmt"/>
        <line num="41" count="3" type="stmt"/>
        <line num="43" count="3" type="stmt"/>
        <line num="45" count="3" type="stmt"/>
        <line num="47" count="3" type="stmt"/>
        <line num="49" count="3" type="stmt"/>
        <line num="51" count="3" type="stmt"/>
        <line num="70" count="3" type="stmt"/>
        <line num="72" count="3" type="stmt"/>
        <line num="74" count="3" type="stmt"/>
        <line num="76" count="3" type="stmt"/>
        <line num="78" count="3" type="stmt"/>
        <line num="80" count="3" type="stmt"/>
        <line num="82" count="3" type="stmt"/>
        <line num="84" count="3" type="stmt"/>
        <line num="86" count="3" type="stmt"/>
        <line num="88" count="3" type="stmt"/>
        <line num="90" count="3" type="stmt"/>
        <line num="92" count="3" type="stmt"/>
        <line num="94" count="3" type="stmt"/>
        <line num="96" count="3" type="stmt"/>
        <line num="98" count="3" type="stmt"/>
        <line num="100" count="3" type="stmt"/>
        <line num="102" count="3" type="stmt"/>
        <line num="104" count="3" type="stmt"/>
        <line num="106" count="3" type="stmt"/>
        <line num="108" count="3" type="stmt"/>
        <line num="110" count="3" type="stmt"/>
        <line num="112" count="3" type="stmt"/>
        <line num="114" count="3" type="stmt"/>
        <line num="116" count="3" type="stmt"/>
        <line num="118" count="3" type="stmt"/>
        <line num="120" count="3" type="stmt"/>
        <line num="122" count="3" type="stmt"/>
        <line num="124" count="3" type="stmt"/>
        <line num="126" count="3" type="stmt"/>
        <line num="128" count="3" type="stmt"/>
        <line num="130" count="3" type="stmt"/>
        <line num="132" count="3" type="stmt"/>
        <line num="134" count="3" type="stmt"/>
        <line num="136" count="3" type="stmt"/>
        <line num="138" count="3" type="stmt"/>
        <line num="140" count="3" type="stmt"/>
        <line num="142" count="3" type="stmt"/>
        <line num="144" count="3" type="stmt"/>
        <line num="146" count="3" type="stmt"/>
        <line num="148" count="3" type="stmt"/>
        <line num="150" count="3" type="stmt"/>
        <line num="152" count="3" type="stmt"/>
        <line num="154" count="3" type="stmt"/>
        <line num="156" count="3" type="stmt"/>
        <line num="158" count="3" type="stmt"/>
        <line num="160" count="3" type="stmt"/>
        <line num="162" count="3" type="stmt"/>
        <line num="164" count="3" type="stmt"/>
        <line num="166" count="3" type="stmt"/>
        <line num="168" count="3" type="stmt"/>
        <line num="170" count="3" type="stmt"/>
        <line num="172" count="3" type="stmt"/>
        <line num="174" count="3" type="stmt"/>
        <line num="176" count="3" type="stmt"/>
        <line num="178" count="3" type="stmt"/>
        <line num="180" count="3" type="stmt"/>
        <line num="182" count="3" type="stmt"/>
        <line num="184" count="3" type="stmt"/>
        <line num="186" count="3" type="stmt"/>
        <line num="188" count="3" type="stmt"/>
        <line num="190" count="3" type="stmt"/>
        <line num="192" count="3" type="stmt"/>
        <line num="194" count="3" type="stmt"/>
        <line num="196" count="3" type="stmt"/>
        <line num="198" count="3" type="stmt"/>
        <line num="200" count="3" type="stmt"/>
        <line num="202" count="3" type="stmt"/>
        <line num="204" count="3" type="stmt"/>
        <line num="206" count="3" type="stmt"/>
        <line num="208" count="3" type="stmt"/>
        <line num="210" count="3" type="stmt"/>
        <line num="212" count="3" type="stmt"/>
        <line num="214" count="3" type="stmt"/>
        <line num="216" count="3" type="stmt"/>
        <line num="218" count="3" type="stmt"/>
        <line num="220" count="3" type="stmt"/>
        <line num="222" count="3" type="stmt"/>
        <line num="224" count="3" type="stmt"/>
        <line num="226" count="3" type="stmt"/>
        <line num="228" count="3" type="stmt"/>
        <line num="230" count="3" type="stmt"/>
        <line num="232" count="3" type="stmt"/>
        <line num="234" count="3" type="stmt"/>
        <line num="236" count="3" type="stmt"/>
        <line num="238" count="3" type="stmt"/>
        <line num="240" count="3" type="stmt"/>
        <line num="242" count="3" type="stmt"/>
        <line num="244" count="3" type="stmt"/>
        <line num="246" count="3" type="stmt"/>
        <line num="248" count="3" type="stmt"/>
        <line num="250" count="3" type="stmt"/>
        <line num="252" count="3" type="stmt"/>
        <line num="254" count="3" type="stmt"/>
        <line num="256" count="3" type="stmt"/>
        <line num="258" count="3" type="stmt"/>
        <line num="260" count="3" type="stmt"/>
        <line num="262" count="3" type="stmt"/>
        <line num="264" count="3" type="stmt"/>
        <line num="266" count="3" type="stmt"/>
        <line num="268" count="3" type="stmt"/>
        <line num="270" count="3" type="stmt"/>
        <line num="272" count="3" type="stmt"/>
        <line num="274" count="3" type="stmt"/>
        <line num="276" count="3" type="stmt"/>
        <line num="278" count="3" type="stmt"/>
        <line num="280" count="3" type="stmt"/>
        <line num="282" count="3" type="stmt"/>
        <line num="284" count="3" type="stmt"/>
        <line num="286" count="3" type="stmt"/>
        <line num="288" count="3" type="stmt"/>
        <line num="290" count="3" type="stmt"/>
        <line num="292" count="3" type="stmt"/>
        <line num="294" count="3" type="stmt"/>
        <line num="296" count="3" type="stmt"/>
        <line num="298" count="3" type="stmt"/>
        <line num="300" count="3" type="stmt"/>
        <line num="302" count="3" type="stmt"/>
        <line num="304" count="3" type="stmt"/>
        <line num="306" count="3" type="stmt"/>
        <line num="308" count="3" type="stmt"/>
        <line num="310" count="3" type="stmt"/>
        <line num="312" count="3" type="stmt"/>
        <line num="314" count="3" type="stmt"/>
        <line num="316" count="3" type="stmt"/>
        <line num="318" count="3" type="stmt"/>
        <line num="320" count="3" type="stmt"/>
        <line num="322" count="3" type="stmt"/>
        <line num="324" count="3" type="stmt"/>
        <line num="326" count="3" type="stmt"/>
        <line num="328" count="3" type="stmt"/>
        <line num="330" count="3" type="stmt"/>
        <line num="332" count="3" type="stmt"/>
        <line num="334" count="3" type="stmt"/>
        <line num="336" count="3" type="stmt"/>
        <line num="338" count="3" type="stmt"/>
        <line num="340" count="3" type="stmt"/>
        <line num="342" count="3" type="stmt"/>
        <line num="344" count="3" type="stmt"/>
        <line num="346" count="3" type="stmt"/>
        <line num="348" count="3" type="stmt"/>
        <line num="350" count="3" type="stmt"/>
        <line num="352" count="3" type="stmt"/>
        <line num="354" count="3" type="stmt"/>
        <line num="356" count="3" type="stmt"/>
        <line num="358" count="3" type="stmt"/>
        <line num="360" count="3" type="stmt"/>
        <line num="362" count="3" type="stmt"/>
        <line num="364" count="3" type="stmt"/>
        <line num="366" count="3" type="stmt"/>
        <line num="367" count="3" type="stmt"/>
        <line num="368" count="3" type="stmt"/>
        <line num="369" count="3" type="stmt"/>
        <line num="370" count="3" type="stmt"/>
        <line num="371" count="3" type="stmt"/>
        <line num="372" count="3" type="stmt"/>
        <line num="373" count="3" type="stmt"/>
        <line num="374" count="3" type="stmt"/>
        <line num="375" count="3" type="stmt"/>
        <line num="376" count="3" type="stmt"/>
        <line num="377" count="3" type="stmt"/>
        <line num="378" count="3" type="stmt"/>
        <line num="379" count="3" type="stmt"/>
        <line num="380" count="3" type="stmt"/>
        <line num="381" count="3" type="stmt"/>
        <line num="382" count="3" type="stmt"/>
        <line num="383" count="3" type="stmt"/>
        <line num="384" count="3" type="stmt"/>
        <line num="385" count="3" type="stmt"/>
        <line num="386" count="3" type="stmt"/>
        <line num="387" count="3" type="stmt"/>
        <line num="388" count="3" type="stmt"/>
        <line num="389" count="3" type="stmt"/>
        <line num="390" count="3" type="stmt"/>
        <line num="391" count="3" type="stmt"/>
        <line num="392" count="3" type="stmt"/>
        <line num="393" count="3" type="stmt"/>
        <line num="394" count="3" type="stmt"/>
        <line num="395" count="3" type="stmt"/>
        <line num="396" count="3" type="stmt"/>
        <line num="397" count="3" type="stmt"/>
        <line num="398" count="3" type="stmt"/>
        <line num="399" count="3" type="stmt"/>
        <line num="400" count="3" type="stmt"/>
        <line num="401" count="3" type="stmt"/>
        <line num="402" count="3" type="stmt"/>
        <line num="403" count="3" type="stmt"/>
        <line num="404" count="3" type="stmt"/>
        <line num="405" count="3" type="stmt"/>
        <line num="406" count="3" type="stmt"/>
        <line num="407" count="3" type="stmt"/>
        <line num="408" count="3" type="stmt"/>
        <line num="409" count="3" type="stmt"/>
        <line num="410" count="3" type="stmt"/>
        <line num="411" count="3" type="stmt"/>
        <line num="412" count="3" type="stmt"/>
        <line num="413" count="3" type="stmt"/>
        <line num="414" count="3" type="stmt"/>
        <line num="415" count="3" type="stmt"/>
        <line num="416" count="3" type="stmt"/>
        <line num="417" count="3" type="stmt"/>
        <line num="418" count="3" type="stmt"/>
        <line num="419" count="3" type="stmt"/>
        <line num="420" count="3" type="stmt"/>
        <line num="421" count="3" type="stmt"/>
        <line num="422" count="3" type="stmt"/>
        <line num="423" count="3" type="stmt"/>
        <line num="424" count="3" type="stmt"/>
        <line num="425" count="3" type="stmt"/>
        <line num="426" count="3" type="stmt"/>
        <line num="427" count="3" type="stmt"/>
        <line num="428" count="3" type="stmt"/>
        <line num="429" count="3" type="stmt"/>
        <line num="430" count="3" type="stmt"/>
        <line num="431" count="3" type="stmt"/>
        <line num="432" count="3" type="stmt"/>
        <line num="433" count="3" type="stmt"/>
        <line num="434" count="3" type="stmt"/>
        <line num="435" count="3" type="stmt"/>
        <line num="436" count="3" type="stmt"/>
        <line num="437" count="3" type="stmt"/>
        <line num="438" count="3" type="stmt"/>
        <line num="439" count="3" type="stmt"/>
        <line num="440" count="3" type="stmt"/>
        <line num="441" count="3" type="stmt"/>
        <line num="442" count="3" type="stmt"/>
        <line num="443" count="3" type="stmt"/>
        <line num="444" count="3" type="stmt"/>
        <line num="445" count="3" type="stmt"/>
        <line num="446" count="3" type="stmt"/>
        <line num="447" count="3" type="stmt"/>
        <line num="448" count="3" type="stmt"/>
        <line num="449" count="3" type="stmt"/>
        <line num="450" count="3" type="stmt"/>
        <line num="451" count="3" type="stmt"/>
        <line num="452" count="3" type="stmt"/>
        <line num="453" count="3" type="stmt"/>
        <line num="454" count="3" type="stmt"/>
        <line num="455" count="3" type="stmt"/>
        <line num="456" count="3" type="stmt"/>
        <line num="457" count="3" type="stmt"/>
        <line num="458" count="3" type="stmt"/>
        <line num="459" count="3" type="stmt"/>
        <line num="460" count="3" type="stmt"/>
        <line num="461" count="3" type="stmt"/>
        <line num="462" count="3" type="stmt"/>
        <line num="463" count="3" type="stmt"/>
        <line num="464" count="3" type="stmt"/>
        <line num="465" count="3" type="stmt"/>
        <line num="466" count="3" type="stmt"/>
        <line num="467" count="3" type="stmt"/>
        <line num="468" count="3" type="stmt"/>
        <line num="469" count="3" type="stmt"/>
        <line num="470" count="3" type="stmt"/>
        <line num="471" count="3" type="stmt"/>
        <line num="472" count="3" type="stmt"/>
        <line num="473" count="3" type="stmt"/>
        <line num="474" count="3" type="stmt"/>
        <line num="475" count="3" type="stmt"/>
        <line num="476" count="3" type="stmt"/>
        <line num="477" count="3" type="stmt"/>
        <line num="478" count="3" type="stmt"/>
        <line num="479" count="3" type="stmt"/>
        <line num="480" count="3" type="stmt"/>
        <line num="481" count="3" type="stmt"/>
        <line num="482" count="3" type="stmt"/>
        <line num="483" count="3" type="stmt"/>
        <line num="484" count="3" type="stmt"/>
        <line num="485" count="3" type="stmt"/>
        <line num="486" count="3" type="stmt"/>
        <line num="487" count="3" type="stmt"/>
        <line num="488" count="3" type="stmt"/>
        <line num="489" count="3" type="stmt"/>
        <line num="490" count="3" type="stmt"/>
        <line num="491" count="3" type="stmt"/>
        <line num="492" count="3" type="stmt"/>
        <line num="493" count="3" type="stmt"/>
        <line num="494" count="3" type="stmt"/>
        <line num="495" count="3" type="stmt"/>
        <line num="496" count="3" type="stmt"/>
        <line num="497" count="3" type="stmt"/>
        <line num="498" count="3" type="stmt"/>
        <line num="499" count="3" type="stmt"/>
        <line num="500" count="3" type="stmt"/>
        <line num="501" count="3" type="stmt"/>
        <line num="502" count="3" type="stmt"/>
        <line num="503" count="3" type="stmt"/>
        <line num="504" count="3" type="stmt"/>
        <line num="505" count="3" type="stmt"/>
        <line num="506" count="3" type="stmt"/>
        <line num="507" count="3" type="stmt"/>
        <line num="508" count="3" type="stmt"/>
        <line num="509" count="3" type="stmt"/>
        <line num="510" count="3" type="stmt"/>
        <line num="511" count="3" type="stmt"/>
        <line num="512" count="3" type="stmt"/>
        <line num="513" count="3" type="stmt"/>
        <line num="514" count="3" type="stmt"/>
      </file>
      <file name="Relude_AsyncData.bs.js" path="/home/awhite/dev/andywhite37/relude/lib/js/src/Relude_AsyncData.bs.js">
        <metrics statements="264" coveredstatements="211" conditionals="121" coveredconditionals="78" methods="28" coveredmethods="20"/>
        <line num="3" count="2" type="stmt"/>
        <line num="4" count="2" type="stmt"/>
        <line num="5" count="2" type="stmt"/>
        <line num="6" count="2" type="stmt"/>
        <line num="7" count="2" type="stmt"/>
        <line num="8" count="2" type="stmt"/>
        <line num="9" count="2" type="stmt"/>
        <line num="10" count="2" type="stmt"/>
        <line num="13" count="11" type="stmt"/>
        <line num="17" count="18" type="stmt"/>
        <line num="21" count="4" type="cond" truecount="2" falsecount="0"/>
        <line num="22" count="2" type="stmt"/>
        <line num="24" count="2" type="stmt"/>
        <line num="29" count="4" type="cond" truecount="2" falsecount="0"/>
        <line num="30" count="2" type="stmt"/>
        <line num="32" count="2" type="stmt"/>
        <line num="37" count="4" type="cond" truecount="4" falsecount="0"/>
        <line num="38" count="3" type="stmt"/>
        <line num="40" count="1" type="stmt"/>
        <line num="45" count="4" type="cond" truecount="4" falsecount="0"/>
        <line num="46" count="3" type="stmt"/>
        <line num="48" count="1" type="stmt"/>
        <line num="53" count="8" type="cond" truecount="2" falsecount="0"/>
        <line num="54" count="4" type="cond" truecount="2" falsecount="0"/>
        <line num="55" count="2" type="stmt"/>
        <line num="57" count="2" type="stmt"/>
        <line num="59" count="4" type="cond" truecount="2" falsecount="0"/>
        <line num="60" count="2" type="stmt"/>
        <line num="62" count="2" type="stmt"/>
        <line num="67" count="4" type="stmt"/>
        <line num="71" count="4" type="cond" truecount="2" falsecount="0"/>
        <line num="72" count="2" type="cond" truecount="2" falsecount="0"/>
        <line num="73" count="1" type="stmt"/>
        <line num="75" count="1" type="stmt"/>
        <line num="77" count="2" type="cond" truecount="2" falsecount="0"/>
        <line num="78" count="1" type="stmt"/>
        <line num="80" count="1" type="stmt"/>
        <line num="85" count="4" type="cond" truecount="2" falsecount="0"/>
        <line num="86" count="2" type="cond" truecount="2" falsecount="0"/>
        <line num="87" count="1" type="stmt"/>
        <line num="89" count="1" type="stmt"/>
        <line num="91" count="2" type="cond" truecount="2" falsecount="0"/>
        <line num="92" count="1" type="stmt"/>
        <line num="94" count="1" type="stmt"/>
        <line num="99" count="4" type="cond" truecount="2" falsecount="0"/>
        <line num="100" count="2" type="stmt"/>
        <line num="102" count="2" type="stmt"/>
        <line num="107" count="4" type="cond" truecount="4" falsecount="0"/>
        <line num="108" count="3" type="stmt"/>
        <line num="110" count="1" type="stmt"/>
        <line num="115" count="4" type="cond" truecount="4" falsecount="0"/>
        <line num="116" count="3" type="stmt"/>
        <line num="118" count="1" type="stmt"/>
        <line num="123" count="8" type="cond" truecount="2" falsecount="0"/>
        <line num="124" count="4" type="cond" truecount="2" falsecount="0"/>
        <line num="125" count="2" type="stmt"/>
        <line num="127" count="2" type="stmt"/>
        <line num="129" count="4" type="cond" truecount="2" falsecount="0"/>
        <line num="130" count="2" type="stmt"/>
        <line num="132" count="2" type="stmt"/>
        <line num="137" count="8" type="cond" truecount="2" falsecount="0"/>
        <line num="138" count="4" type="cond" truecount="2" falsecount="0"/>
        <line num="139" count="2" type="stmt"/>
        <line num="141" count="2" type="stmt"/>
        <line num="143" count="4" type="cond" truecount="2" falsecount="0"/>
        <line num="144" count="2" type="stmt"/>
        <line num="146" count="2" type="stmt"/>
        <line num="151" count="4" type="stmt"/>
        <line num="155" count="4" type="stmt"/>
        <line num="159" count="5" type="cond" truecount="2" falsecount="0"/>
        <line num="160" count="3" type="cond" truecount="1" falsecount="1"/>
        <line num="161" count="3" type="stmt"/>
        <line num="163" count="0" type="stmt"/>
        <line num="165" count="2" type="cond" truecount="1" falsecount="1"/>
        <line num="166" count="0" type="stmt"/>
        <line num="168" count="2" type="stmt"/>
        <line num="172" count="2" type="stmt"/>
        <line num="174" count="2" type="stmt"/>
        <line num="177" count="5" type="cond" truecount="2" falsecount="0"/>
        <line num="178" count="3" type="cond" truecount="6" falsecount="0"/>
        <line num="179" count="2" type="stmt"/>
        <line num="181" count="1" type="stmt"/>
        <line num="183" count="2" type="cond" truecount="1" falsecount="1"/>
        <line num="184" count="0" type="stmt"/>
        <line num="185" count="0" type="cond" truecount="0" falsecount="2"/>
        <line num="186" count="0" type="cond" truecount="0" falsecount="2"/>
        <line num="187" count="0" type="stmt"/>
        <line num="189" count="0" type="stmt"/>
        <line num="191" count="0" type="cond" truecount="0" falsecount="2"/>
        <line num="192" count="0" type="stmt"/>
        <line num="194" count="0" type="stmt"/>
        <line num="196" count="2" type="cond" truecount="1" falsecount="1"/>
        <line num="197" count="0" type="cond" truecount="0" falsecount="2"/>
        <line num="198" count="0" type="stmt"/>
        <line num="200" count="0" type="stmt"/>
        <line num="203" count="2" type="stmt"/>
        <line num="207" count="2" type="stmt"/>
        <line num="212" count="2" type="stmt"/>
        <line num="215" count="0" type="stmt"/>
        <line num="218" count="2" type="stmt"/>
        <line num="224" count="2" type="stmt"/>
        <line num="227" count="0" type="cond" truecount="0" falsecount="2"/>
        <line num="228" count="0" type="cond" truecount="0" falsecount="2"/>
        <line num="229" count="0" type="stmt"/>
        <line num="231" count="0" type="stmt"/>
        <line num="234" count="0" type="stmt"/>
        <line num="238" count="2" type="stmt"/>
        <line num="245" count="2" type="stmt"/>
        <line num="248" count="0" type="cond" truecount="0" falsecount="2"/>
        <line num="249" count="0" type="cond" truecount="0" falsecount="2"/>
        <line num="250" count="0" type="cond" truecount="0" falsecount="2"/>
        <line num="251" count="0" type="cond" truecount="0" falsecount="2"/>
        <line num="252" count="0" type="stmt"/>
        <line num="254" count="0" type="stmt"/>
        <line num="257" count="0" type="stmt"/>
        <line num="259" count="0" type="cond" truecount="0" falsecount="2"/>
        <line num="260" count="0" type="stmt"/>
        <line num="262" count="0" type="stmt"/>
        <line num="264" count="0" type="cond" truecount="0" falsecount="5"/>
        <line num="265" count="0" type="stmt"/>
        <line num="267" count="0" type="stmt"/>
        <line num="271" count="2" type="stmt"/>
        <line num="276" count="2" type="stmt"/>
        <line num="279" count="6" type="cond" truecount="2" falsecount="0"/>
        <line num="280" count="2" type="cond" truecount="1" falsecount="1"/>
        <line num="281" count="2" type="cond" truecount="1" falsecount="1"/>
        <line num="282" count="2" type="stmt"/>
        <line num="284" count="0" type="stmt"/>
        <line num="286" count="0" type="cond" truecount="0" falsecount="2"/>
        <line num="287" count="0" type="stmt"/>
        <line num="289" count="0" type="stmt"/>
        <line num="291" count="4" type="cond" truecount="2" falsecount="0"/>
        <line num="292" count="3" type="cond" truecount="3" falsecount="1"/>
        <line num="293" count="0" type="stmt"/>
        <line num="295" count="3" type="stmt"/>
        <line num="297" count="1" type="cond" truecount="3" falsecount="1"/>
        <line num="298" count="1" type="stmt"/>
        <line num="300" count="0" type="stmt"/>
        <line num="305" count="0" type="stmt"/>
        <line num="306" count="0" type="stmt"/>
        <line num="307" count="0" type="stmt"/>
        <line num="309" count="0" type="stmt"/>
        <line num="313" count="0" type="cond" truecount="0" falsecount="2"/>
        <line num="314" count="0" type="cond" truecount="0" falsecount="2"/>
        <line num="315" count="0" type="stmt"/>
        <line num="317" count="0" type="stmt"/>
        <line num="319" count="0" type="cond" truecount="0" falsecount="2"/>
        <line num="320" count="0" type="stmt"/>
        <line num="322" count="0" type="stmt"/>
        <line num="327" count="0" type="stmt"/>
        <line num="328" count="0" type="stmt"/>
        <line num="329" count="0" type="stmt"/>
        <line num="331" count="0" type="stmt"/>
        <line num="334" count="2" type="stmt"/>
        <line num="336" count="2" type="stmt"/>
        <line num="338" count="2" type="stmt"/>
        <line num="340" count="2" type="stmt"/>
        <line num="342" count="2" type="stmt"/>
        <line num="344" count="2" type="stmt"/>
        <line num="346" count="2" type="stmt"/>
        <line num="348" count="2" type="stmt"/>
        <line num="350" count="2" type="stmt"/>
        <line num="352" count="2" type="stmt"/>
        <line num="354" count="2" type="stmt"/>
        <line num="356" count="2" type="stmt"/>
        <line num="358" count="2" type="stmt"/>
        <line num="360" count="2" type="stmt"/>
        <line num="362" count="2" type="stmt"/>
        <line num="364" count="2" type="stmt"/>
        <line num="366" count="2" type="stmt"/>
        <line num="368" count="2" type="stmt"/>
        <line num="370" count="2" type="stmt"/>
        <line num="372" count="2" type="stmt"/>
        <line num="374" count="2" type="stmt"/>
        <line num="393" count="2" type="stmt"/>
        <line num="395" count="2" type="stmt"/>
        <line num="397" count="2" type="stmt"/>
        <line num="399" count="2" type="stmt"/>
        <line num="401" count="2" type="stmt"/>
        <line num="403" count="2" type="stmt"/>
        <line num="405" count="2" type="stmt"/>
        <line num="407" count="2" type="stmt"/>
        <line num="409" count="2" type="stmt"/>
        <line num="411" count="2" type="stmt"/>
        <line num="413" count="2" type="stmt"/>
        <line num="415" count="2" type="stmt"/>
        <line num="417" count="2" type="stmt"/>
        <line num="419" count="2" type="stmt"/>
        <line num="421" count="2" type="stmt"/>
        <line num="423" count="2" type="stmt"/>
        <line num="425" count="2" type="stmt"/>
        <line num="427" count="2" type="stmt"/>
        <line num="429" count="2" type="stmt"/>
        <line num="431" count="2" type="stmt"/>
        <line num="433" count="2" type="stmt"/>
        <line num="435" count="2" type="stmt"/>
        <line num="437" count="2" type="stmt"/>
        <line num="439" count="2" type="stmt"/>
        <line num="441" count="2" type="stmt"/>
        <line num="443" count="2" type="stmt"/>
        <line num="445" count="2" type="stmt"/>
        <line num="447" count="2" type="stmt"/>
        <line num="449" count="2" type="stmt"/>
        <line num="451" count="2" type="stmt"/>
        <line num="452" count="2" type="stmt"/>
        <line num="453" count="2" type="stmt"/>
        <line num="454" count="2" type="stmt"/>
        <line num="455" count="2" type="stmt"/>
        <line num="456" count="2" type="stmt"/>
        <line num="457" count="2" type="stmt"/>
        <line num="458" count="2" type="stmt"/>
        <line num="459" count="2" type="stmt"/>
        <line num="460" count="2" type="stmt"/>
        <line num="461" count="2" type="stmt"/>
        <line num="462" count="2" type="stmt"/>
        <line num="463" count="2" type="stmt"/>
        <line num="464" count="2" type="stmt"/>
        <line num="465" count="2" type="stmt"/>
        <line num="466" count="2" type="stmt"/>
        <line num="467" count="2" type="stmt"/>
        <line num="468" count="2" type="stmt"/>
        <line num="469" count="2" type="stmt"/>
        <line num="470" count="2" type="stmt"/>
        <line num="471" count="2" type="stmt"/>
        <line num="472" count="2" type="stmt"/>
        <line num="473" count="2" type="stmt"/>
        <line num="474" count="2" type="stmt"/>
        <line num="475" count="2" type="stmt"/>
        <line num="476" count="2" type="stmt"/>
        <line num="477" count="2" type="stmt"/>
        <line num="478" count="2" type="stmt"/>
        <line num="479" count="2" type="stmt"/>
        <line num="480" count="2" type="stmt"/>
        <line num="481" count="2" type="stmt"/>
        <line num="482" count="2" type="stmt"/>
        <line num="483" count="2" type="stmt"/>
        <line num="484" count="2" type="stmt"/>
        <line num="485" count="2" type="stmt"/>
        <line num="486" count="2" type="stmt"/>
        <line num="487" count="2" type="stmt"/>
        <line num="488" count="2" type="stmt"/>
        <line num="489" count="2" type="stmt"/>
        <line num="490" count="2" type="stmt"/>
        <line num="491" count="2" type="stmt"/>
        <line num="492" count="2" type="stmt"/>
        <line num="493" count="2" type="stmt"/>
        <line num="494" count="2" type="stmt"/>
        <line num="495" count="2" type="stmt"/>
        <line num="496" count="2" type="stmt"/>
        <line num="497" count="2" type="stmt"/>
        <line num="498" count="2" type="stmt"/>
        <line num="499" count="2" type="stmt"/>
        <line num="500" count="2" type="stmt"/>
        <line num="501" count="2" type="stmt"/>
        <line num="502" count="2" type="stmt"/>
        <line num="503" count="2" type="stmt"/>
        <line num="504" count="2" type="stmt"/>
        <line num="505" count="2" type="stmt"/>
        <line num="506" count="2" type="stmt"/>
        <line num="507" count="2" type="stmt"/>
        <line num="508" count="2" type="stmt"/>
        <line num="509" count="2" type="stmt"/>
        <line num="510" count="2" type="stmt"/>
        <line num="511" count="2" type="stmt"/>
      </file>
      <file name="Relude_AsyncResult.bs.js" path="/home/awhite/dev/andywhite37/relude/lib/js/src/Relude_AsyncResult.bs.js">
        <metrics statements="281" coveredstatements="101" conditionals="156" coveredconditionals="30" methods="33" coveredmethods="14"/>
        <line num="3" count="1" type="stmt"/>
        <line num="4" count="1" type="stmt"/>
        <line num="5" count="1" type="stmt"/>
        <line num="6" count="1" type="stmt"/>
        <line num="7" count="1" type="stmt"/>
        <line num="8" count="1" type="stmt"/>
        <line num="9" count="1" type="stmt"/>
        <line num="10" count="1" type="stmt"/>
        <line num="11" count="1" type="stmt"/>
        <line num="14" count="6" type="stmt"/>
        <line num="18" count="5" type="stmt"/>
        <line num="22" count="9" type="stmt"/>
        <line num="26" count="7" type="stmt"/>
        <line num="30" count="5" type="cond" truecount="4" falsecount="0"/>
        <line num="31" count="3" type="stmt"/>
        <line num="33" count="2" type="stmt"/>
        <line num="38" count="4" type="cond" truecount="4" falsecount="0"/>
        <line num="39" count="2" type="stmt"/>
        <line num="41" count="2" type="stmt"/>
        <line num="46" count="0" type="cond" truecount="0" falsecount="5"/>
        <line num="47" count="0" type="stmt"/>
        <line num="49" count="0" type="stmt"/>
        <line num="54" count="0" type="cond" truecount="0" falsecount="5"/>
        <line num="55" count="0" type="stmt"/>
        <line num="57" count="0" type="stmt"/>
        <line num="62" count="3" type="cond" truecount="6" falsecount="0"/>
        <line num="63" count="2" type="stmt"/>
        <line num="65" count="1" type="stmt"/>
        <line num="70" count="0" type="cond" truecount="0" falsecount="6"/>
        <line num="71" count="0" type="stmt"/>
        <line num="73" count="0" type="stmt"/>
        <line num="78" count="4" type="cond" truecount="1" falsecount="1"/>
        <line num="79" count="0" type="stmt"/>
        <line num="81" count="4" type="stmt"/>
        <line num="82" count="4" type="cond" truecount="2" falsecount="0"/>
        <line num="83" count="2" type="stmt"/>
        <line num="85" count="2" type="stmt"/>
        <line num="91" count="4" type="cond" truecount="1" falsecount="1"/>
        <line num="92" count="0" type="stmt"/>
        <line num="94" count="4" type="stmt"/>
        <line num="95" count="4" type="cond" truecount="2" falsecount="0"/>
        <line num="96" count="2" type="stmt"/>
        <line num="98" count="2" type="stmt"/>
        <line num="104" count="0" type="cond" truecount="0" falsecount="4"/>
        <line num="105" count="0" type="stmt"/>
        <line num="107" count="0" type="stmt"/>
        <line num="108" count="0" type="cond" truecount="0" falsecount="2"/>
        <line num="109" count="0" type="stmt"/>
        <line num="111" count="0" type="stmt"/>
        <line num="117" count="0" type="cond" truecount="0" falsecount="4"/>
        <line num="118" count="0" type="stmt"/>
        <line num="120" count="0" type="stmt"/>
        <line num="121" count="0" type="cond" truecount="0" falsecount="2"/>
        <line num="122" count="0" type="stmt"/>
        <line num="124" count="0" type="stmt"/>
        <line num="130" count="2" type="cond" truecount="4" falsecount="0"/>
        <line num="131" count="1" type="stmt"/>
        <line num="133" count="1" type="stmt"/>
        <line num="134" count="1" type="cond" truecount="1" falsecount="1"/>
        <line num="135" count="0" type="stmt"/>
        <line num="137" count="1" type="stmt"/>
        <line num="143" count="2" type="cond" truecount="4" falsecount="0"/>
        <line num="144" count="1" type="stmt"/>
        <line num="146" count="1" type="stmt"/>
        <line num="147" count="1" type="cond" truecount="1" falsecount="1"/>
        <line num="148" count="1" type="stmt"/>
        <line num="150" count="0" type="stmt"/>
        <line num="156" count="0" type="cond" truecount="0" falsecount="2"/>
        <line num="157" count="0" type="cond" truecount="0" falsecount="2"/>
        <line num="158" count="0" type="stmt"/>
        <line num="160" count="0" type="stmt"/>
        <line num="162" count="0" type="cond" truecount="0" falsecount="2"/>
        <line num="163" count="0" type="stmt"/>
        <line num="164" count="0" type="cond" truecount="0" falsecount="2"/>
        <line num="165" count="0" type="stmt"/>
        <line num="167" count="0" type="stmt"/>
        <line num="168" count="0" type="stmt"/>
        <line num="171" count="0" type="stmt"/>
        <line num="172" count="0" type="cond" truecount="0" falsecount="2"/>
        <line num="173" count="0" type="stmt"/>
        <line num="175" count="0" type="stmt"/>
        <line num="176" count="0" type="stmt"/>
        <line num="182" count="0" type="cond" truecount="0" falsecount="2"/>
        <line num="183" count="0" type="cond" truecount="0" falsecount="2"/>
        <line num="184" count="0" type="stmt"/>
        <line num="186" count="0" type="stmt"/>
        <line num="188" count="0" type="cond" truecount="0" falsecount="2"/>
        <line num="189" count="0" type="stmt"/>
        <line num="190" count="0" type="cond" truecount="0" falsecount="2"/>
        <line num="191" count="0" type="stmt"/>
        <line num="192" count="0" type="stmt"/>
        <line num="194" count="0" type="stmt"/>
        <line num="197" count="0" type="stmt"/>
        <line num="198" count="0" type="cond" truecount="0" falsecount="2"/>
        <line num="199" count="0" type="stmt"/>
        <line num="200" count="0" type="stmt"/>
        <line num="202" count="0" type="stmt"/>
        <line num="208" count="0" type="cond" truecount="0" falsecount="2"/>
        <line num="209" count="0" type="cond" truecount="0" falsecount="2"/>
        <line num="210" count="0" type="cond" truecount="0" falsecount="2"/>
        <line num="211" count="0" type="cond" truecount="0" falsecount="2"/>
        <line num="212" count="0" type="stmt"/>
        <line num="214" count="0" type="stmt"/>
        <line num="216" count="0" type="cond" truecount="0" falsecount="2"/>
        <line num="217" count="0" type="stmt"/>
        <line num="219" count="0" type="stmt"/>
        <line num="221" count="0" type="cond" truecount="0" falsecount="2"/>
        <line num="222" count="0" type="stmt"/>
        <line num="223" count="0" type="cond" truecount="0" falsecount="2"/>
        <line num="224" count="0" type="stmt"/>
        <line num="226" count="0" type="stmt"/>
        <line num="228" count="0" type="cond" truecount="0" falsecount="2"/>
        <line num="229" count="0" type="stmt"/>
        <line num="230" count="0" type="cond" truecount="0" falsecount="2"/>
        <line num="231" count="0" type="stmt"/>
        <line num="233" count="0" type="stmt"/>
        <line num="234" count="0" type="cond" truecount="0" falsecount="2"/>
        <line num="235" count="0" type="cond" truecount="0" falsecount="2"/>
        <line num="236" count="0" type="stmt"/>
        <line num="238" count="0" type="stmt"/>
        <line num="240" count="0" type="cond" truecount="0" falsecount="2"/>
        <line num="241" count="0" type="stmt"/>
        <line num="242" count="0" type="cond" truecount="0" falsecount="2"/>
        <line num="243" count="0" type="stmt"/>
        <line num="245" count="0" type="stmt"/>
        <line num="246" count="0" type="stmt"/>
        <line num="249" count="0" type="stmt"/>
        <line num="250" count="0" type="cond" truecount="0" falsecount="2"/>
        <line num="251" count="0" type="stmt"/>
        <line num="253" count="0" type="stmt"/>
        <line num="254" count="0" type="stmt"/>
        <line num="259" count="0" type="stmt"/>
        <line num="260" count="0" type="cond" truecount="0" falsecount="2"/>
        <line num="261" count="0" type="stmt"/>
        <line num="262" count="0" type="cond" truecount="0" falsecount="2"/>
        <line num="263" count="0" type="cond" truecount="0" falsecount="2"/>
        <line num="264" count="0" type="stmt"/>
        <line num="266" count="0" type="stmt"/>
        <line num="269" count="0" type="stmt"/>
        <line num="270" count="0" type="cond" truecount="0" falsecount="2"/>
        <line num="271" count="0" type="stmt"/>
        <line num="273" count="0" type="stmt"/>
        <line num="274" count="0" type="stmt"/>
        <line num="281" count="0" type="cond" truecount="0" falsecount="2"/>
        <line num="282" count="0" type="cond" truecount="0" falsecount="2"/>
        <line num="283" count="0" type="stmt"/>
        <line num="285" count="0" type="stmt"/>
        <line num="288" count="0" type="stmt"/>
        <line num="289" count="0" type="cond" truecount="0" falsecount="2"/>
        <line num="290" count="0" type="stmt"/>
        <line num="292" count="0" type="stmt"/>
        <line num="298" count="0" type="stmt"/>
        <line num="302" count="0" type="stmt"/>
        <line num="303" count="0" type="stmt"/>
        <line num="308" count="0" type="cond" truecount="0" falsecount="2"/>
        <line num="309" count="0" type="cond" truecount="0" falsecount="2"/>
        <line num="310" count="0" type="stmt"/>
        <line num="312" count="0" type="stmt"/>
        <line num="314" count="0" type="cond" truecount="0" falsecount="2"/>
        <line num="315" count="0" type="stmt"/>
        <line num="317" count="0" type="stmt"/>
        <line num="322" count="0" type="cond" truecount="0" falsecount="2"/>
        <line num="323" count="0" type="cond" truecount="0" falsecount="2"/>
        <line num="324" count="0" type="stmt"/>
        <line num="326" count="0" type="stmt"/>
        <line num="328" count="0" type="cond" truecount="0" falsecount="2"/>
        <line num="329" count="0" type="stmt"/>
        <line num="331" count="0" type="stmt"/>
        <line num="336" count="0" type="cond" truecount="0" falsecount="2"/>
        <line num="337" count="0" type="stmt"/>
        <line num="339" count="0" type="stmt"/>
        <line num="340" count="0" type="cond" truecount="0" falsecount="2"/>
        <line num="341" count="0" type="stmt"/>
        <line num="343" count="0" type="stmt"/>
        <line num="349" count="0" type="cond" truecount="0" falsecount="2"/>
        <line num="350" count="0" type="stmt"/>
        <line num="352" count="0" type="stmt"/>
        <line num="353" count="0" type="cond" truecount="0" falsecount="2"/>
        <line num="354" count="0" type="stmt"/>
        <line num="356" count="0" type="stmt"/>
        <line num="362" count="0" type="cond" truecount="0" falsecount="2"/>
        <line num="363" count="0" type="cond" truecount="0" falsecount="2"/>
        <line num="364" count="0" type="stmt"/>
        <line num="366" count="0" type="stmt"/>
        <line num="368" count="0" type="cond" truecount="0" falsecount="2"/>
        <line num="369" count="0" type="stmt"/>
        <line num="371" count="0" type="stmt"/>
        <line num="376" count="0" type="cond" truecount="0" falsecount="2"/>
        <line num="377" count="0" type="cond" truecount="0" falsecount="2"/>
        <line num="378" count="0" type="stmt"/>
        <line num="380" count="0" type="stmt"/>
        <line num="382" count="0" type="cond" truecount="0" falsecount="2"/>
        <line num="383" count="0" type="stmt"/>
        <line num="385" count="0" type="stmt"/>
        <line num="390" count="2" type="stmt"/>
        <line num="391" count="2" type="stmt"/>
        <line num="392" count="1" type="stmt"/>
        <line num="398" count="0" type="stmt"/>
        <line num="399" count="0" type="stmt"/>
        <line num="400" count="0" type="stmt"/>
        <line num="404" count="0" type="stmt"/>
        <line num="405" count="0" type="stmt"/>
        <line num="410" count="0" type="stmt"/>
        <line num="411" count="0" type="stmt"/>
        <line num="417" count="0" type="stmt"/>
        <line num="418" count="0" type="stmt"/>
        <line num="419" count="0" type="stmt"/>
        <line num="420" count="0" type="stmt"/>
        <line num="421" count="0" type="stmt"/>
        <line num="422" count="0" type="stmt"/>
        <line num="423" count="0" type="stmt"/>
        <line num="424" count="0" type="stmt"/>
        <line num="425" count="0" type="stmt"/>
        <line num="426" count="0" type="stmt"/>
        <line num="427" count="0" type="stmt"/>
        <line num="428" count="0" type="stmt"/>
        <line num="429" count="0" type="stmt"/>
        <line num="430" count="0" type="stmt"/>
        <line num="431" count="0" type="stmt"/>
        <line num="432" count="0" type="stmt"/>
        <line num="433" count="0" type="stmt"/>
        <line num="434" count="0" type="stmt"/>
        <line num="435" count="0" type="stmt"/>
        <line num="436" count="0" type="stmt"/>
        <line num="453" count="0" type="stmt"/>
        <line num="493" count="1" type="stmt"/>
        <line num="495" count="1" type="stmt"/>
        <line num="497" count="1" type="stmt"/>
        <line num="499" count="1" type="stmt"/>
        <line num="501" count="1" type="stmt"/>
        <line num="503" count="1" type="stmt"/>
        <line num="505" count="1" type="stmt"/>
        <line num="507" count="1" type="stmt"/>
        <line num="509" count="1" type="stmt"/>
        <line num="511" count="1" type="stmt"/>
        <line num="513" count="1" type="stmt"/>
        <line num="515" count="1" type="stmt"/>
        <line num="517" count="1" type="stmt"/>
        <line num="519" count="1" type="stmt"/>
        <line num="520" count="1" type="stmt"/>
        <line num="521" count="1" type="stmt"/>
        <line num="522" count="1" type="stmt"/>
        <line num="523" count="1" type="stmt"/>
        <line num="524" count="1" type="stmt"/>
        <line num="525" count="1" type="stmt"/>
        <line num="526" count="1" type="stmt"/>
        <line num="527" count="1" type="stmt"/>
        <line num="528" count="1" type="stmt"/>
        <line num="529" count="1" type="stmt"/>
        <line num="530" count="1" type="stmt"/>
        <line num="531" count="1" type="stmt"/>
        <line num="532" count="1" type="stmt"/>
        <line num="533" count="1" type="stmt"/>
        <line num="534" count="1" type="stmt"/>
        <line num="535" count="1" type="stmt"/>
        <line num="536" count="1" type="stmt"/>
        <line num="537" count="1" type="stmt"/>
        <line num="538" count="1" type="stmt"/>
        <line num="539" count="1" type="stmt"/>
        <line num="540" count="1" type="stmt"/>
        <line num="541" count="1" type="stmt"/>
        <line num="542" count="1" type="stmt"/>
        <line num="543" count="1" type="stmt"/>
        <line num="544" count="1" type="stmt"/>
        <line num="545" count="1" type="stmt"/>
        <line num="546" count="1" type="stmt"/>
        <line num="547" count="1" type="stmt"/>
        <line num="548" count="1" type="stmt"/>
        <line num="549" count="1" type="stmt"/>
        <line num="550" count="1" type="stmt"/>
        <line num="551" count="1" type="stmt"/>
        <line num="552" count="1" type="stmt"/>
        <line num="553" count="1" type="stmt"/>
        <line num="554" count="1" type="stmt"/>
        <line num="555" count="1" type="stmt"/>
        <line num="556" count="1" type="stmt"/>
        <line num="557" count="1" type="stmt"/>
        <line num="558" count="1" type="stmt"/>
        <line num="559" count="1" type="stmt"/>
        <line num="560" count="1" type="stmt"/>
        <line num="561" count="1" type="stmt"/>
      </file>
      <file name="Relude_Bool.bs.js" path="/home/awhite/dev/andywhite37/relude/lib/js/src/Relude_Bool.bs.js">
        <metrics statements="21" coveredstatements="21" conditionals="2" coveredconditionals="2" methods="1" coveredmethods="1"/>
        <line num="3" count="1" type="stmt"/>
        <line num="6" count="2" type="cond" truecount="2" falsecount="0"/>
        <line num="7" count="1" type="stmt"/>
        <line num="9" count="1" type="stmt"/>
        <line num="13" count="1" type="stmt"/>
        <line num="15" count="1" type="stmt"/>
        <line num="17" count="1" type="stmt"/>
        <line num="19" count="1" type="stmt"/>
        <line num="21" count="1" type="stmt"/>
        <line num="23" count="1" type="stmt"/>
        <line num="25" count="1" type="stmt"/>
        <line num="27" count="1" type="stmt"/>
        <line num="29" count="1" type="stmt"/>
        <line num="30" count="1" type="stmt"/>
        <line num="31" count="1" type="stmt"/>
        <line num="32" count="1" type="stmt"/>
        <line num="33" count="1" type="stmt"/>
        <line num="34" count="1" type="stmt"/>
        <line num="35" count="1" type="stmt"/>
        <line num="36" count="1" type="stmt"/>
        <line num="37" count="1" type="stmt"/>
      </file>
      <file name="Relude_Decimal.bs.js" path="/home/awhite/dev/andywhite37/relude/lib/js/src/Relude_Decimal.bs.js">
        <metrics statements="40" coveredstatements="39" conditionals="6" coveredconditionals="5" methods="8" coveredmethods="8"/>
        <line num="3" count="1" type="stmt"/>
        <line num="4" count="1" type="stmt"/>
        <line num="5" count="1" type="stmt"/>
        <line num="6" count="1" type="stmt"/>
        <line num="9" count="1" type="stmt"/>
        <line num="16" count="1" type="stmt"/>
        <line num="23" count="3" type="stmt"/>
        <line num="24" count="3" type="stmt"/>
        <line num="25" count="3" type="cond" truecount="2" falsecount="0"/>
        <line num="26" count="1" type="stmt"/>
        <line num="27" count="2" type="cond" truecount="2" falsecount="0"/>
        <line num="28" count="1" type="cond" truecount="1" falsecount="1"/>
        <line num="29" count="0" type="stmt"/>
        <line num="31" count="1" type="stmt"/>
        <line num="32" count="1" type="stmt"/>
        <line num="35" count="1" type="stmt"/>
        <line num="36" count="1" type="stmt"/>
        <line num="41" count="12" type="stmt"/>
        <line num="42" count="21" type="stmt"/>
        <line num="47" count="3" type="stmt"/>
        <line num="48" count="3" type="stmt"/>
        <line num="49" count="3" type="stmt"/>
        <line num="50" count="3" type="stmt"/>
        <line num="51" count="3" type="stmt"/>
        <line num="52" count="3" type="stmt"/>
        <line num="66" count="1" type="stmt"/>
        <line num="67" count="1" type="stmt"/>
        <line num="74" count="1" type="stmt"/>
        <line num="75" count="1" type="stmt"/>
        <line num="81" count="1" type="stmt"/>
        <line num="83" count="1" type="stmt"/>
        <line num="85" count="1" type="stmt"/>
        <line num="86" count="1" type="stmt"/>
        <line num="87" count="1" type="stmt"/>
        <line num="88" count="1" type="stmt"/>
        <line num="89" count="1" type="stmt"/>
        <line num="90" count="1" type="stmt"/>
        <line num="91" count="1" type="stmt"/>
        <line num="92" count="1" type="stmt"/>
        <line num="93" count="1" type="stmt"/>
      </file>
      <file name="Relude_Float.bs.js" path="/home/awhite/dev/andywhite37/relude/lib/js/src/Relude_Float.bs.js">
        <metrics statements="25" coveredstatements="25" conditionals="0" coveredconditionals="0" methods="3" coveredmethods="3"/>
        <line num="3" count="1" type="stmt"/>
        <line num="6" count="1" type="stmt"/>
        <line num="10" count="1" type="stmt"/>
        <line num="14" count="5" type="stmt"/>
        <line num="15" count="5" type="stmt"/>
        <line num="18" count="3" type="stmt"/>
        <line num="22" count="1" type="stmt"/>
        <line num="24" count="1" type="stmt"/>
        <line num="26" count="1" type="stmt"/>
        <line num="28" count="1" type="stmt"/>
        <line num="30" count="1" type="stmt"/>
        <line num="32" count="1" type="stmt"/>
        <line num="34" count="1" type="stmt"/>
        <line num="36" count="1" type="stmt"/>
        <line num="38" count="1" type="stmt"/>
        <line num="39" count="1" type="stmt"/>
        <line num="40" count="1" type="stmt"/>
        <line num="41" count="1" type="stmt"/>
        <line num="42" count="1" type="stmt"/>
        <line num="43" count="1" type="stmt"/>
        <line num="44" count="1" type="stmt"/>
        <line num="45" count="1" type="stmt"/>
        <line num="46" count="1" type="stmt"/>
        <line num="47" count="1" type="stmt"/>
        <line num="48" count="1" type="stmt"/>
      </file>
      <file name="Relude_Function.bs.js" path="/home/awhite/dev/andywhite37/relude/lib/js/src/Relude_Function.bs.js">
        <metrics statements="61" coveredstatements="26" conditionals="0" coveredconditionals="0" methods="12" coveredmethods="4"/>
        <line num="3" count="5" type="stmt"/>
        <line num="4" count="5" type="stmt"/>
        <line num="5" count="5" type="stmt"/>
        <line num="6" count="5" type="stmt"/>
        <line num="7" count="5" type="stmt"/>
        <line num="10" count="1" type="stmt"/>
        <line num="14" count="1" type="stmt"/>
        <line num="18" count="0" type="stmt"/>
        <line num="22" count="1" type="stmt"/>
        <line num="26" count="19" type="stmt"/>
        <line num="30" count="0" type="stmt"/>
        <line num="34" count="0" type="stmt"/>
        <line num="38" count="0" type="stmt"/>
        <line num="42" count="0" type="stmt"/>
        <line num="46" count="0" type="stmt"/>
        <line num="47" count="0" type="stmt"/>
        <line num="51" count="5" type="stmt"/>
        <line num="57" count="0" type="stmt"/>
        <line num="58" count="0" type="stmt"/>
        <line num="59" count="0" type="stmt"/>
        <line num="63" count="0" type="stmt"/>
        <line num="64" count="0" type="stmt"/>
        <line num="69" count="0" type="stmt"/>
        <line num="70" count="0" type="stmt"/>
        <line num="76" count="0" type="stmt"/>
        <line num="77" count="0" type="stmt"/>
        <line num="78" count="0" type="stmt"/>
        <line num="79" count="0" type="stmt"/>
        <line num="80" count="0" type="stmt"/>
        <line num="81" count="0" type="stmt"/>
        <line num="82" count="0" type="stmt"/>
        <line num="83" count="0" type="stmt"/>
        <line num="84" count="0" type="stmt"/>
        <line num="85" count="0" type="stmt"/>
        <line num="86" count="0" type="stmt"/>
        <line num="87" count="0" type="stmt"/>
        <line num="88" count="0" type="stmt"/>
        <line num="89" count="0" type="stmt"/>
        <line num="90" count="0" type="stmt"/>
        <line num="91" count="0" type="stmt"/>
        <line num="92" count="0" type="stmt"/>
        <line num="93" count="0" type="stmt"/>
        <line num="94" count="0" type="stmt"/>
        <line num="95" count="0" type="stmt"/>
        <line num="114" count="0" type="stmt"/>
        <line num="154" count="5" type="stmt"/>
        <line num="156" count="5" type="stmt"/>
        <line num="158" count="5" type="stmt"/>
        <line num="159" count="5" type="stmt"/>
        <line num="160" count="5" type="stmt"/>
        <line num="161" count="5" type="stmt"/>
        <line num="162" count="5" type="stmt"/>
        <line num="163" count="5" type="stmt"/>
        <line num="164" count="5" type="stmt"/>
        <line num="165" count="5" type="stmt"/>
        <line num="166" count="5" type="stmt"/>
        <line num="167" count="5" type="stmt"/>
        <line num="168" count="5" type="stmt"/>
        <line num="169" count="5" type="stmt"/>
        <line num="170" count="5" type="stmt"/>
        <line num="171" count="5" type="stmt"/>
      </file>
      <file name="Relude_IO.bs.js" path="/home/awhite/dev/andywhite37/relude/lib/js/src/Relude_IO.bs.js">
        <metrics statements="579" coveredstatements="264" conditionals="157" coveredconditionals="50" methods="180" coveredmethods="61"/>
        <line num="3" count="3" type="stmt"/>
        <line num="4" count="3" type="stmt"/>
        <line num="5" count="3" type="stmt"/>
        <line num="6" count="3" type="stmt"/>
        <line num="7" count="3" type="stmt"/>
        <line num="8" count="3" type="stmt"/>
        <line num="9" count="3" type="stmt"/>
        <line num="10" count="3" type="stmt"/>
        <line num="11" count="3" type="stmt"/>
        <line num="12" count="3" type="stmt"/>
        <line num="13" count="3" type="stmt"/>
        <line num="14" count="3" type="stmt"/>
        <line num="15" count="3" type="stmt"/>
        <line num="16" count="3" type="stmt"/>
        <line num="17" count="3" type="stmt"/>
        <line num="18" count="3" type="stmt"/>
        <line num="20" count="3" type="stmt"/>
        <line num="22" count="3" type="stmt"/>
        <line num="25" count="41" type="stmt"/>
        <line num="29" count="0" type="stmt"/>
        <line num="33" count="7" type="stmt"/>
        <line num="37" count="0" type="stmt"/>
        <line num="41" count="9" type="stmt"/>
        <line num="45" count="0" type="stmt"/>
        <line num="49" count="0" type="stmt"/>
        <line num="50" count="0" type="stmt"/>
        <line num="55" count="12" type="stmt"/>
        <line num="59" count="11" type="stmt"/>
        <line num="63" count="3" type="stmt"/>
        <line num="64" count="1" type="stmt"/>
        <line num="69" count="2" type="stmt"/>
        <line num="73" count="8" type="stmt"/>
        <line num="80" count="0" type="stmt"/>
        <line num="82" count="0" type="stmt"/>
        <line num="83" count="0" type="stmt"/>
        <line num="90" count="14" type="stmt"/>
        <line num="97" count="11" type="stmt"/>
        <line num="104" count="0" type="stmt"/>
        <line num="106" count="0" type="stmt"/>
        <line num="116" count="70" type="stmt"/>
        <line num="117" count="104" type="stmt"/>
        <line num="118" count="104" type="stmt"/>
        <line num="119" count="104" type="cond" truecount="7" falsecount="0"/>
        <line num="121" count="34" type="stmt"/>
        <line num="123" count="15" type="stmt"/>
        <line num="125" count="5" type="stmt"/>
        <line num="127" count="22" type="stmt"/>
        <line num="128" count="22" type="stmt"/>
        <line num="130" count="11" type="stmt"/>
        <line num="132" count="4" type="stmt"/>
        <line num="133" count="4" type="stmt"/>
        <line num="134" count="4" type="cond" truecount="2" falsecount="5"/>
        <line num="136" count="1" type="stmt"/>
        <line num="138" count="0" type="stmt"/>
        <line num="140" count="0" type="stmt"/>
        <line num="142" count="0" type="stmt"/>
        <line num="143" count="0" type="stmt"/>
        <line num="144" count="0" type="stmt"/>
        <line num="145" count="0" type="cond" truecount="0" falsecount="2"/>
        <line num="146" count="0" type="stmt"/>
        <line num="148" count="0" type="stmt"/>
        <line num="152" count="0" type="stmt"/>
        <line num="154" count="3" type="stmt"/>
        <line num="155" count="3" type="stmt"/>
        <line num="156" count="3" type="cond" truecount="1" falsecount="1"/>
        <line num="157" count="0" type="stmt"/>
        <line num="159" count="3" type="stmt"/>
        <line num="164" count="0" type="stmt"/>
        <line num="165" count="0" type="stmt"/>
        <line num="166" count="0" type="stmt"/>
        <line num="167" count="0" type="stmt"/>
        <line num="168" count="0" type="cond" truecount="0" falsecount="2"/>
        <line num="169" count="0" type="stmt"/>
        <line num="171" count="0" type="stmt"/>
        <line num="175" count="0" type="stmt"/>
        <line num="177" count="0" type="stmt"/>
        <line num="178" count="0" type="stmt"/>
        <line num="179" count="0" type="stmt"/>
        <line num="180" count="0" type="stmt"/>
        <line num="181" count="0" type="cond" truecount="0" falsecount="2"/>
        <line num="182" count="0" type="stmt"/>
        <line num="184" count="0" type="stmt"/>
        <line num="185" count="0" type="cond" truecount="0" falsecount="2"/>
        <line num="186" count="0" type="stmt"/>
        <line num="188" count="0" type="stmt"/>
        <line num="194" count="0" type="stmt"/>
        <line num="198" count="13" type="stmt"/>
        <line num="199" count="13" type="stmt"/>
        <line num="200" count="13" type="cond" truecount="5" falsecount="2"/>
        <line num="202" count="3" type="stmt"/>
        <line num="203" count="3" type="stmt"/>
        <line num="205" count="0" type="stmt"/>
        <line num="207" count="1" type="stmt"/>
        <line num="208" count="1" type="stmt"/>
        <line num="210" count="2" type="stmt"/>
        <line num="211" count="2" type="stmt"/>
        <line num="212" count="2" type="stmt"/>
        <line num="213" count="2" type="cond" truecount="1" falsecount="1"/>
        <line num="214" count="0" type="stmt"/>
        <line num="216" count="2" type="stmt"/>
        <line num="220" count="2" type="stmt"/>
        <line num="222" count="1" type="stmt"/>
        <line num="223" count="1" type="stmt"/>
        <line num="224" count="1" type="cond" truecount="1" falsecount="1"/>
        <line num="225" count="0" type="stmt"/>
        <line num="227" count="1" type="stmt"/>
        <line num="232" count="0" type="stmt"/>
        <line num="233" count="0" type="stmt"/>
        <line num="234" count="0" type="stmt"/>
        <line num="235" count="0" type="stmt"/>
        <line num="236" count="0" type="cond" truecount="0" falsecount="2"/>
        <line num="237" count="0" type="stmt"/>
        <line num="239" count="0" type="stmt"/>
        <line num="243" count="0" type="stmt"/>
        <line num="245" count="6" type="stmt"/>
        <line num="246" count="6" type="stmt"/>
        <line num="247" count="6" type="stmt"/>
        <line num="248" count="6" type="stmt"/>
        <line num="249" count="6" type="cond" truecount="1" falsecount="1"/>
        <line num="250" count="0" type="stmt"/>
        <line num="252" count="6" type="stmt"/>
        <line num="253" count="6" type="cond" truecount="1" falsecount="1"/>
        <line num="254" count="0" type="stmt"/>
        <line num="256" count="6" type="stmt"/>
        <line num="262" count="6" type="stmt"/>
        <line num="271" count="17" type="cond" truecount="5" falsecount="2"/>
        <line num="273" count="7" type="stmt"/>
        <line num="275" count="1" type="stmt"/>
        <line num="277" count="0" type="stmt"/>
        <line num="279" count="3" type="stmt"/>
        <line num="280" count="3" type="stmt"/>
        <line num="281" count="3" type="stmt"/>
        <line num="284" count="3" type="stmt"/>
        <line num="285" count="3" type="stmt"/>
        <line num="286" count="3" type="stmt"/>
        <line num="287" count="3" type="stmt"/>
        <line num="288" count="3" type="stmt"/>
        <line num="293" count="3" type="stmt"/>
        <line num="298" count="0" type="stmt"/>
        <line num="299" count="0" type="stmt"/>
        <line num="301" count="0" type="stmt"/>
        <line num="310" count="0" type="stmt"/>
        <line num="311" count="0" type="stmt"/>
        <line num="312" count="0" type="stmt"/>
        <line num="317" count="0" type="stmt"/>
        <line num="318" count="0" type="stmt"/>
        <line num="319" count="0" type="cond" truecount="0" falsecount="7"/>
        <line num="321" count="0" type="stmt"/>
        <line num="323" count="0" type="stmt"/>
        <line num="325" count="0" type="stmt"/>
        <line num="327" count="0" type="stmt"/>
        <line num="328" count="0" type="stmt"/>
        <line num="330" count="0" type="stmt"/>
        <line num="331" count="0" type="stmt"/>
        <line num="332" count="0" type="stmt"/>
        <line num="333" count="0" type="stmt"/>
        <line num="335" count="0" type="cond" truecount="0" falsecount="2"/>
        <line num="336" count="0" type="stmt"/>
        <line num="341" count="0" type="stmt"/>
        <line num="342" count="0" type="stmt"/>
        <line num="343" count="0" type="cond" truecount="0" falsecount="7"/>
        <line num="345" count="0" type="stmt"/>
        <line num="346" count="0" type="stmt"/>
        <line num="348" count="0" type="stmt"/>
        <line num="350" count="0" type="stmt"/>
        <line num="354" count="0" type="stmt"/>
        <line num="356" count="0" type="stmt"/>
        <line num="360" count="0" type="stmt"/>
        <line num="362" count="0" type="stmt"/>
        <line num="363" count="0" type="stmt"/>
        <line num="364" count="0" type="stmt"/>
        <line num="365" count="0" type="stmt"/>
        <line num="367" count="0" type="cond" truecount="0" falsecount="2"/>
        <line num="368" count="0" type="stmt"/>
        <line num="373" count="0" type="stmt"/>
        <line num="374" count="0" type="stmt"/>
        <line num="376" count="0" type="stmt"/>
        <line num="377" count="0" type="stmt"/>
        <line num="382" count="0" type="stmt"/>
        <line num="384" count="0" type="stmt"/>
        <line num="385" count="0" type="stmt"/>
        <line num="387" count="0" type="stmt"/>
        <line num="388" count="0" type="stmt"/>
        <line num="396" count="0" type="stmt"/>
        <line num="400" count="0" type="stmt"/>
        <line num="401" count="0" type="stmt"/>
        <line num="402" count="0" type="cond" truecount="0" falsecount="7"/>
        <line num="404" count="0" type="stmt"/>
        <line num="405" count="0" type="stmt"/>
        <line num="407" count="0" type="stmt"/>
        <line num="409" count="0" type="stmt"/>
        <line num="413" count="0" type="stmt"/>
        <line num="415" count="0" type="stmt"/>
        <line num="419" count="0" type="stmt"/>
        <line num="421" count="0" type="stmt"/>
        <line num="422" count="0" type="stmt"/>
        <line num="423" count="0" type="stmt"/>
        <line num="424" count="0" type="stmt"/>
        <line num="426" count="0" type="cond" truecount="0" falsecount="2"/>
        <line num="427" count="0" type="stmt"/>
        <line num="432" count="0" type="stmt"/>
        <line num="433" count="0" type="stmt"/>
        <line num="435" count="0" type="stmt"/>
        <line num="436" count="0" type="stmt"/>
        <line num="441" count="0" type="stmt"/>
        <line num="443" count="0" type="stmt"/>
        <line num="444" count="0" type="stmt"/>
        <line num="446" count="0" type="stmt"/>
        <line num="447" count="0" type="stmt"/>
        <line num="455" count="0" type="stmt"/>
        <line num="464" count="19" type="cond" truecount="4" falsecount="3"/>
        <line num="466" count="8" type="stmt"/>
        <line num="468" count="3" type="stmt"/>
        <line num="470" count="1" type="stmt"/>
        <line num="471" count="1" type="stmt"/>
        <line num="472" count="1" type="stmt"/>
        <line num="475" count="7" type="stmt"/>
        <line num="476" count="7" type="stmt"/>
        <line num="477" count="7" type="stmt"/>
        <line num="480" count="0" type="stmt"/>
        <line num="481" count="0" type="stmt"/>
        <line num="482" count="0" type="stmt"/>
        <line num="483" count="0" type="stmt"/>
        <line num="484" count="0" type="stmt"/>
        <line num="489" count="0" type="stmt"/>
        <line num="490" count="0" type="stmt"/>
        <line num="492" count="0" type="stmt"/>
        <line num="497" count="0" type="stmt"/>
        <line num="498" count="0" type="stmt"/>
        <line num="500" count="0" type="stmt"/>
        <line num="509" count="0" type="stmt"/>
        <line num="510" count="0" type="stmt"/>
        <line num="511" count="0" type="stmt"/>
        <line num="513" count="0" type="stmt"/>
        <line num="514" count="0" type="stmt"/>
        <line num="519" count="1" type="stmt"/>
        <line num="520" count="1" type="stmt"/>
        <line num="521" count="1" type="stmt"/>
        <line num="524" count="1" type="stmt"/>
        <line num="525" count="1" type="stmt"/>
        <line num="531" count="6" type="stmt"/>
        <line num="532" count="6" type="stmt"/>
        <line num="533" count="6" type="stmt"/>
        <line num="536" count="3" type="stmt"/>
        <line num="537" count="3" type="cond" truecount="1" falsecount="1"/>
        <line num="538" count="3" type="stmt"/>
        <line num="540" count="0" type="stmt"/>
        <line num="541" count="0" type="stmt"/>
        <line num="548" count="9" type="stmt"/>
        <line num="549" count="16" type="stmt"/>
        <line num="550" count="16" type="cond" truecount="7" falsecount="0"/>
        <line num="552" count="3" type="stmt"/>
        <line num="554" count="1" type="stmt"/>
        <line num="556" count="1" type="stmt"/>
        <line num="557" count="1" type="stmt"/>
        <line num="558" count="1" type="stmt"/>
        <line num="559" count="1" type="stmt"/>
        <line num="563" count="1" type="stmt"/>
        <line num="564" count="1" type="stmt"/>
        <line num="565" count="1" type="stmt"/>
        <line num="566" count="1" type="stmt"/>
        <line num="570" count="2" type="stmt"/>
        <line num="571" count="2" type="stmt"/>
        <line num="572" count="2" type="stmt"/>
        <line num="573" count="2" type="stmt"/>
        <line num="574" count="2" type="stmt"/>
        <line num="579" count="1" type="stmt"/>
        <line num="580" count="1" type="stmt"/>
        <line num="581" count="1" type="cond" truecount="1" falsecount="6"/>
        <line num="583" count="1" type="stmt"/>
        <line num="585" count="0" type="stmt"/>
        <line num="587" count="0" type="stmt"/>
        <line num="588" count="0" type="stmt"/>
        <line num="589" count="0" type="stmt"/>
        <line num="590" count="0" type="stmt"/>
        <line num="594" count="0" type="stmt"/>
        <line num="595" count="0" type="stmt"/>
        <line num="596" count="0" type="stmt"/>
        <line num="597" count="0" type="stmt"/>
        <line num="604" count="0" type="stmt"/>
        <line num="605" count="0" type="stmt"/>
        <line num="606" count="0" type="stmt"/>
        <line num="607" count="0" type="stmt"/>
        <line num="608" count="0" type="stmt"/>
        <line num="613" count="0" type="stmt"/>
        <line num="614" count="0" type="stmt"/>
        <line num="616" count="0" type="stmt"/>
        <line num="617" count="0" type="stmt"/>
        <line num="622" count="0" type="stmt"/>
        <line num="624" count="0" type="stmt"/>
        <line num="625" count="0" type="stmt"/>
        <line num="627" count="0" type="stmt"/>
        <line num="628" count="0" type="stmt"/>
        <line num="636" count="0" type="stmt"/>
        <line num="640" count="7" type="stmt"/>
        <line num="641" count="7" type="stmt"/>
        <line num="642" count="7" type="cond" truecount="3" falsecount="4"/>
        <line num="644" count="4" type="stmt"/>
        <line num="645" count="4" type="stmt"/>
        <line num="647" count="0" type="stmt"/>
        <line num="649" count="0" type="stmt"/>
        <line num="650" count="0" type="stmt"/>
        <line num="651" count="0" type="stmt"/>
        <line num="652" count="0" type="stmt"/>
        <line num="656" count="0" type="stmt"/>
        <line num="657" count="0" type="stmt"/>
        <line num="658" count="0" type="stmt"/>
        <line num="659" count="0" type="stmt"/>
        <line num="666" count="0" type="stmt"/>
        <line num="667" count="0" type="stmt"/>
        <line num="668" count="0" type="stmt"/>
        <line num="669" count="0" type="stmt"/>
        <line num="670" count="0" type="cond" truecount="0" falsecount="2"/>
        <line num="671" count="0" type="stmt"/>
        <line num="673" count="0" type="stmt"/>
        <line num="674" count="0" type="stmt"/>
        <line num="676" count="0" type="stmt"/>
        <line num="678" count="0" type="stmt"/>
        <line num="684" count="1" type="stmt"/>
        <line num="685" count="1" type="stmt"/>
        <line num="687" count="1" type="stmt"/>
        <line num="688" count="1" type="stmt"/>
        <line num="693" count="1" type="stmt"/>
        <line num="695" count="2" type="stmt"/>
        <line num="696" count="2" type="stmt"/>
        <line num="698" count="2" type="stmt"/>
        <line num="699" count="2" type="stmt"/>
        <line num="707" count="2" type="stmt"/>
        <line num="716" count="9" type="stmt"/>
        <line num="717" count="13" type="stmt"/>
        <line num="718" count="13" type="cond" truecount="5" falsecount="2"/>
        <line num="720" count="4" type="stmt"/>
        <line num="722" count="1" type="stmt"/>
        <line num="724" count="1" type="stmt"/>
        <line num="725" count="1" type="stmt"/>
        <line num="726" count="1" type="stmt"/>
        <line num="727" count="1" type="stmt"/>
        <line num="731" count="3" type="stmt"/>
        <line num="732" count="3" type="stmt"/>
        <line num="733" count="3" type="stmt"/>
        <line num="734" count="3" type="stmt"/>
        <line num="738" count="0" type="stmt"/>
        <line num="739" count="0" type="stmt"/>
        <line num="740" count="0" type="stmt"/>
        <line num="741" count="0" type="stmt"/>
        <line num="742" count="0" type="stmt"/>
        <line num="747" count="0" type="stmt"/>
        <line num="748" count="0" type="stmt"/>
        <line num="749" count="0" type="cond" truecount="0" falsecount="7"/>
        <line num="751" count="0" type="stmt"/>
        <line num="753" count="0" type="stmt"/>
        <line num="755" count="0" type="stmt"/>
        <line num="756" count="0" type="stmt"/>
        <line num="757" count="0" type="stmt"/>
        <line num="758" count="0" type="stmt"/>
        <line num="762" count="0" type="stmt"/>
        <line num="763" count="0" type="stmt"/>
        <line num="764" count="0" type="stmt"/>
        <line num="765" count="0" type="stmt"/>
        <line num="772" count="0" type="stmt"/>
        <line num="773" count="0" type="stmt"/>
        <line num="774" count="0" type="stmt"/>
        <line num="775" count="0" type="stmt"/>
        <line num="776" count="0" type="stmt"/>
        <line num="781" count="0" type="stmt"/>
        <line num="782" count="0" type="stmt"/>
        <line num="784" count="0" type="stmt"/>
        <line num="785" count="0" type="stmt"/>
        <line num="790" count="0" type="stmt"/>
        <line num="792" count="0" type="stmt"/>
        <line num="793" count="0" type="stmt"/>
        <line num="795" count="0" type="stmt"/>
        <line num="796" count="0" type="stmt"/>
        <line num="804" count="0" type="stmt"/>
        <line num="808" count="4" type="stmt"/>
        <line num="809" count="4" type="stmt"/>
        <line num="810" count="4" type="cond" truecount="2" falsecount="5"/>
        <line num="812" count="2" type="stmt"/>
        <line num="813" count="2" type="stmt"/>
        <line num="815" count="0" type="stmt"/>
        <line num="817" count="0" type="stmt"/>
        <line num="818" count="0" type="stmt"/>
        <line num="819" count="0" type="stmt"/>
        <line num="820" count="0" type="stmt"/>
        <line num="824" count="0" type="stmt"/>
        <line num="825" count="0" type="stmt"/>
        <line num="826" count="0" type="stmt"/>
        <line num="827" count="0" type="stmt"/>
        <line num="834" count="0" type="stmt"/>
        <line num="835" count="0" type="stmt"/>
        <line num="836" count="0" type="stmt"/>
        <line num="837" count="0" type="stmt"/>
        <line num="838" count="0" type="cond" truecount="0" falsecount="2"/>
        <line num="839" count="0" type="stmt"/>
        <line num="841" count="0" type="stmt"/>
        <line num="842" count="0" type="stmt"/>
        <line num="844" count="0" type="stmt"/>
        <line num="850" count="2" type="stmt"/>
        <line num="851" count="2" type="stmt"/>
        <line num="853" count="2" type="stmt"/>
        <line num="854" count="2" type="stmt"/>
        <line num="859" count="2" type="stmt"/>
        <line num="861" count="0" type="stmt"/>
        <line num="862" count="0" type="stmt"/>
        <line num="864" count="0" type="stmt"/>
        <line num="865" count="0" type="stmt"/>
        <line num="873" count="0" type="stmt"/>
        <line num="882" count="9" type="stmt"/>
        <line num="883" count="9" type="stmt"/>
        <line num="884" count="9" type="cond" truecount="3" falsecount="4"/>
        <line num="886" count="5" type="stmt"/>
        <line num="888" count="0" type="stmt"/>
        <line num="890" count="2" type="stmt"/>
        <line num="891" count="2" type="stmt"/>
        <line num="892" count="2" type="stmt"/>
        <line num="893" count="2" type="stmt"/>
        <line num="897" count="2" type="stmt"/>
        <line num="898" count="2" type="stmt"/>
        <line num="899" count="2" type="stmt"/>
        <line num="900" count="2" type="stmt"/>
        <line num="904" count="0" type="stmt"/>
        <line num="905" count="0" type="stmt"/>
        <line num="906" count="0" type="stmt"/>
        <line num="907" count="0" type="stmt"/>
        <line num="908" count="0" type="cond" truecount="0" falsecount="2"/>
        <line num="909" count="0" type="stmt"/>
        <line num="911" count="0" type="stmt"/>
        <line num="917" count="0" type="stmt"/>
        <line num="918" count="0" type="stmt"/>
        <line num="919" count="0" type="cond" truecount="0" falsecount="7"/>
        <line num="921" count="0" type="stmt"/>
        <line num="923" count="0" type="stmt"/>
        <line num="925" count="0" type="stmt"/>
        <line num="926" count="0" type="stmt"/>
        <line num="927" count="0" type="stmt"/>
        <line num="928" count="0" type="stmt"/>
        <line num="932" count="0" type="stmt"/>
        <line num="933" count="0" type="stmt"/>
        <line num="934" count="0" type="stmt"/>
        <line num="935" count="0" type="stmt"/>
        <line num="942" count="0" type="stmt"/>
        <line num="943" count="0" type="stmt"/>
        <line num="944" count="0" type="stmt"/>
        <line num="945" count="0" type="stmt"/>
        <line num="946" count="0" type="cond" truecount="0" falsecount="2"/>
        <line num="947" count="0" type="stmt"/>
        <line num="949" count="0" type="stmt"/>
        <line num="955" count="0" type="stmt"/>
        <line num="956" count="0" type="stmt"/>
        <line num="958" count="0" type="stmt"/>
        <line num="959" count="0" type="stmt"/>
        <line num="964" count="0" type="stmt"/>
        <line num="966" count="0" type="stmt"/>
        <line num="973" count="0" type="stmt"/>
        <line num="977" count="0" type="stmt"/>
        <line num="978" count="0" type="stmt"/>
        <line num="979" count="0" type="cond" truecount="0" falsecount="7"/>
        <line num="981" count="0" type="stmt"/>
        <line num="982" count="0" type="stmt"/>
[...]
        <line num="92" count="3" type="stmt"/>
        <line num="93" count="6" type="stmt"/>
        <line num="94" count="6" type="cond" truecount="2" falsecount="0"/>
        <line num="95" count="5" type="stmt"/>
        <line num="96" count="5" type="cond" truecount="2" falsecount="0"/>
        <line num="97" count="3" type="stmt"/>
        <line num="98" count="3" type="stmt"/>
        <line num="100" count="2" type="stmt"/>
        <line num="103" count="1" type="stmt"/>
        <line num="109" count="5" type="stmt"/>
        <line num="110" count="5" type="stmt"/>
        <line num="111" count="10" type="stmt"/>
        <line num="112" count="10" type="stmt"/>
        <line num="113" count="10" type="stmt"/>
        <line num="114" count="10" type="cond" truecount="4" falsecount="0"/>
        <line num="115" count="5" type="stmt"/>
        <line num="117" count="5" type="stmt"/>
        <line num="118" count="5" type="stmt"/>
        <line num="119" count="5" type="stmt"/>
        <line num="123" count="5" type="stmt"/>
        <line num="127" count="5" type="stmt"/>
        <line num="131" count="6" type="stmt"/>
        <line num="132" count="5" type="stmt"/>
        <line num="133" count="10" type="stmt"/>
        <line num="134" count="10" type="stmt"/>
        <line num="135" count="10" type="stmt"/>
        <line num="136" count="10" type="cond" truecount="2" falsecount="0"/>
        <line num="137" count="3" type="stmt"/>
        <line num="138" count="7" type="cond" truecount="2" falsecount="0"/>
        <line num="139" count="5" type="stmt"/>
        <line num="140" count="5" type="stmt"/>
        <line num="141" count="5" type="stmt"/>
        <line num="145" count="5" type="stmt"/>
        <line num="147" count="2" type="stmt"/>
        <line num="151" count="6" type="cond" truecount="2" falsecount="0"/>
        <line num="152" count="5" type="stmt"/>
        <line num="158" count="4" type="stmt"/>
        <line num="159" count="4" type="stmt"/>
        <line num="160" count="10" type="stmt"/>
        <line num="161" count="10" type="stmt"/>
        <line num="162" count="10" type="cond" truecount="2" falsecount="0"/>
        <line num="163" count="8" type="stmt"/>
        <line num="164" count="8" type="cond" truecount="2" falsecount="0"/>
        <line num="165" count="6" type="stmt"/>
        <line num="166" count="6" type="stmt"/>
        <line num="170" count="6" type="stmt"/>
        <line num="172" count="2" type="stmt"/>
        <line num="175" count="2" type="stmt"/>
        <line num="179" count="4" type="stmt"/>
        <line num="183" count="8" type="stmt"/>
        <line num="184" count="18" type="stmt"/>
        <line num="185" count="18" type="stmt"/>
        <line num="186" count="18" type="cond" truecount="2" falsecount="0"/>
        <line num="187" count="14" type="cond" truecount="2" falsecount="0"/>
        <line num="188" count="4" type="stmt"/>
        <line num="190" count="10" type="stmt"/>
        <line num="191" count="10" type="stmt"/>
        <line num="192" count="10" type="stmt"/>
        <line num="195" count="4" type="stmt"/>
        <line num="201" count="5" type="stmt"/>
        <line num="205" count="4" type="stmt"/>
        <line num="206" count="10" type="stmt"/>
        <line num="207" count="10" type="cond" truecount="4" falsecount="0"/>
        <line num="208" count="6" type="stmt"/>
        <line num="209" count="6" type="stmt"/>
        <line num="211" count="4" type="stmt"/>
        <line num="217" count="1" type="stmt"/>
        <line num="221" count="1" type="stmt"/>
        <line num="225" count="1" type="stmt"/>
        <line num="226" count="1" type="stmt"/>
        <line num="227" count="4" type="stmt"/>
        <line num="233" count="1" type="stmt"/>
        <line num="234" count="1" type="stmt"/>
        <line num="235" count="4" type="stmt"/>
        <line num="241" count="3" type="stmt"/>
        <line num="242" count="11" type="stmt"/>
        <line num="243" count="6" type="stmt"/>
        <line num="252" count="0" type="stmt"/>
        <line num="253" count="0" type="stmt"/>
        <line num="258" count="1" type="stmt"/>
        <line num="262" count="1" type="stmt"/>
        <line num="266" count="7" type="cond" truecount="2" falsecount="0"/>
        <line num="267" count="5" type="stmt"/>
        <line num="275" count="2" type="stmt"/>
        <line num="280" count="1" type="cond" truecount="1" falsecount="1"/>
        <line num="281" count="1" type="stmt"/>
        <line num="286" count="0" type="stmt"/>
        <line num="291" count="5" type="cond" truecount="2" falsecount="0"/>
        <line num="292" count="2" type="stmt"/>
        <line num="294" count="3" type="stmt"/>
        <line num="295" count="3" type="stmt"/>
        <line num="296" count="3" type="stmt"/>
        <line num="297" count="14" type="stmt"/>
        <line num="298" count="14" type="stmt"/>
        <line num="299" count="14" type="stmt"/>
        <line num="300" count="14" type="cond" truecount="2" falsecount="0"/>
        <line num="301" count="3" type="stmt"/>
        <line num="303" count="11" type="stmt"/>
        <line num="304" count="11" type="stmt"/>
        <line num="305" count="11" type="stmt"/>
        <line num="312" count="1" type="stmt"/>
        <line num="316" count="1" type="stmt"/>
        <line num="317" count="3" type="stmt"/>
        <line num="325" count="1" type="stmt"/>
        <line num="329" count="3" type="stmt"/>
        <line num="330" count="28" type="stmt"/>
        <line num="335" count="1" type="stmt"/>
        <line num="339" count="1" type="stmt"/>
        <line num="340" count="12" type="stmt"/>
        <line num="341" count="12" type="cond" truecount="2" falsecount="0"/>
        <line num="342" count="6" type="stmt"/>
        <line num="344" count="6" type="stmt"/>
        <line num="353" count="7" type="stmt"/>
        <line num="354" count="16" type="stmt"/>
        <line num="355" count="16" type="cond" truecount="2" falsecount="0"/>
        <line num="356" count="7" type="stmt"/>
        <line num="364" count="9" type="stmt"/>
        <line num="365" count="9" type="cond" truecount="2" falsecount="0"/>
        <line num="366" count="5" type="stmt"/>
        <line num="371" count="4" type="stmt"/>
        <line num="381" count="7" type="stmt"/>
        <line num="388" count="5" type="stmt"/>
        <line num="389" count="11" type="stmt"/>
        <line num="390" count="11" type="cond" truecount="2" falsecount="0"/>
        <line num="391" count="6" type="stmt"/>
        <line num="393" count="5" type="stmt"/>
        <line num="402" count="0" type="stmt"/>
        <line num="406" count="0" type="stmt"/>
        <line num="410" count="0" type="stmt"/>
        <line num="414" count="1" type="stmt"/>
        <line num="415" count="5" type="stmt"/>
        <line num="416" count="5" type="stmt"/>
        <line num="430" count="1" type="stmt"/>
        <line num="431" count="5" type="stmt"/>
        <line num="432" count="5" type="stmt"/>
        <line num="445" count="13" type="stmt"/>
        <line num="447" count="13" type="stmt"/>
        <line num="449" count="13" type="stmt"/>
        <line num="451" count="13" type="stmt"/>
        <line num="453" count="13" type="stmt"/>
        <line num="455" count="13" type="stmt"/>
        <line num="457" count="13" type="stmt"/>
        <line num="458" count="13" type="stmt"/>
        <line num="459" count="13" type="stmt"/>
        <line num="460" count="13" type="stmt"/>
        <line num="461" count="13" type="stmt"/>
        <line num="462" count="13" type="stmt"/>
        <line num="463" count="13" type="stmt"/>
        <line num="464" count="13" type="stmt"/>
        <line num="465" count="13" type="stmt"/>
        <line num="466" count="13" type="stmt"/>
        <line num="467" count="13" type="stmt"/>
        <line num="468" count="13" type="stmt"/>
        <line num="469" count="13" type="stmt"/>
        <line num="470" count="13" type="stmt"/>
        <line num="471" count="13" type="stmt"/>
        <line num="472" count="13" type="stmt"/>
        <line num="473" count="13" type="stmt"/>
        <line num="474" count="13" type="stmt"/>
        <line num="475" count="13" type="stmt"/>
        <line num="476" count="13" type="stmt"/>
        <line num="477" count="13" type="stmt"/>
        <line num="478" count="13" type="stmt"/>
        <line num="479" count="13" type="stmt"/>
        <line num="480" count="13" type="stmt"/>
        <line num="481" count="13" type="stmt"/>
        <line num="482" count="13" type="stmt"/>
        <line num="483" count="13" type="stmt"/>
        <line num="484" count="13" type="stmt"/>
        <line num="485" count="13" type="stmt"/>
        <line num="486" count="13" type="stmt"/>
        <line num="487" count="13" type="stmt"/>
        <line num="488" count="13" type="stmt"/>
        <line num="489" count="13" type="stmt"/>
        <line num="490" count="13" type="stmt"/>
        <line num="491" count="13" type="stmt"/>
        <line num="492" count="13" type="stmt"/>
        <line num="493" count="13" type="stmt"/>
        <line num="494" count="13" type="stmt"/>
        <line num="495" count="13" type="stmt"/>
        <line num="496" count="13" type="stmt"/>
        <line num="497" count="13" type="stmt"/>
        <line num="498" count="13" type="stmt"/>
        <line num="499" count="13" type="stmt"/>
        <line num="500" count="13" type="stmt"/>
        <line num="501" count="13" type="stmt"/>
        <line num="502" count="13" type="stmt"/>
        <line num="503" count="13" type="stmt"/>
        <line num="504" count="13" type="stmt"/>
        <line num="505" count="13" type="stmt"/>
      </file>
      <file name="Relude_List_Instances.bs.js" path="/home/awhite/dev/andywhite37/relude/lib/js/src/list/Relude_List_Instances.bs.js">
        <metrics statements="201" coveredstatements="194" conditionals="8" coveredconditionals="8" methods="8" coveredmethods="3"/>
        <line num="3" count="13" type="stmt"/>
        <line num="4" count="13" type="stmt"/>
        <line num="5" count="13" type="stmt"/>
        <line num="6" count="13" type="stmt"/>
        <line num="7" count="13" type="stmt"/>
        <line num="8" count="13" type="stmt"/>
        <line num="9" count="13" type="stmt"/>
        <line num="10" count="13" type="stmt"/>
        <line num="11" count="13" type="stmt"/>
        <line num="12" count="13" type="stmt"/>
        <line num="14" count="13" type="stmt"/>
        <line num="16" count="13" type="stmt"/>
        <line num="18" count="13" type="stmt"/>
        <line num="23" count="13" type="stmt"/>
        <line num="25" count="13" type="stmt"/>
        <line num="27" count="13" type="stmt"/>
        <line num="29" count="13" type="stmt"/>
        <line num="31" count="13" type="stmt"/>
        <line num="36" count="13" type="stmt"/>
        <line num="38" count="13" type="stmt"/>
        <line num="40" count="13" type="stmt"/>
        <line num="46" count="13" type="stmt"/>
        <line num="48" count="13" type="stmt"/>
        <line num="50" count="13" type="stmt"/>
        <line num="57" count="13" type="stmt"/>
        <line num="59" count="13" type="stmt"/>
        <line num="61" count="13" type="stmt"/>
        <line num="66" count="13" type="stmt"/>
        <line num="68" count="13" type="stmt"/>
        <line num="74" count="13" type="stmt"/>
        <line num="82" count="13" type="stmt"/>
        <line num="84" count="13" type="stmt"/>
        <line num="86" count="13" type="stmt"/>
        <line num="88" count="13" type="stmt"/>
        <line num="90" count="13" type="stmt"/>
        <line num="92" count="13" type="stmt"/>
        <line num="100" count="13" type="stmt"/>
        <line num="102" count="13" type="stmt"/>
        <line num="105" count="10" type="stmt"/>
        <line num="106" count="27" type="stmt"/>
        <line num="107" count="27" type="stmt"/>
        <line num="108" count="27" type="cond" truecount="2" falsecount="0"/>
        <line num="109" count="21" type="cond" truecount="4" falsecount="0"/>
        <line num="110" count="17" type="stmt"/>
        <line num="111" count="17" type="stmt"/>
        <line num="112" count="17" type="stmt"/>
        <line num="114" count="4" type="stmt"/>
        <line num="116" count="6" type="cond" truecount="2" falsecount="0"/>
        <line num="117" count="1" type="stmt"/>
        <line num="119" count="5" type="stmt"/>
        <line num="125" count="2" type="stmt"/>
        <line num="129" count="0" type="stmt"/>
        <line num="130" count="0" type="stmt"/>
        <line num="132" count="0" type="stmt"/>
        <line num="136" count="1" type="stmt"/>
        <line num="137" count="1" type="stmt"/>
        <line num="141" count="0" type="stmt"/>
        <line num="145" count="0" type="stmt"/>
        <line num="146" count="0" type="stmt"/>
        <line num="148" count="0" type="stmt"/>
        <line num="151" count="13" type="stmt"/>
        <line num="156" count="13" type="stmt"/>
        <line num="158" count="13" type="stmt"/>
        <line num="160" count="13" type="stmt"/>
        <line num="162" count="13" type="stmt"/>
        <line num="164" count="13" type="stmt"/>
        <line num="166" count="13" type="stmt"/>
        <line num="168" count="13" type="stmt"/>
        <line num="170" count="13" type="stmt"/>
        <line num="172" count="13" type="stmt"/>
        <line num="174" count="13" type="stmt"/>
        <line num="176" count="13" type="stmt"/>
        <line num="178" count="13" type="stmt"/>
        <line num="180" count="13" type="stmt"/>
        <line num="182" count="13" type="stmt"/>
        <line num="184" count="13" type="stmt"/>
        <line num="186" count="13" type="stmt"/>
        <line num="188" count="13" type="stmt"/>
        <line num="190" count="13" type="stmt"/>
        <line num="192" count="13" type="stmt"/>
        <line num="194" count="13" type="stmt"/>
        <line num="196" count="13" type="stmt"/>
        <line num="198" count="13" type="stmt"/>
        <line num="200" count="13" type="stmt"/>
        <line num="202" count="13" type="stmt"/>
        <line num="204" count="13" type="stmt"/>
        <line num="206" count="13" type="stmt"/>
        <line num="208" count="13" type="stmt"/>
        <line num="210" count="13" type="stmt"/>
        <line num="212" count="13" type="stmt"/>
        <line num="214" count="13" type="stmt"/>
        <line num="216" count="13" type="stmt"/>
        <line num="218" count="13" type="stmt"/>
        <line num="220" count="13" type="stmt"/>
        <line num="222" count="13" type="stmt"/>
        <line num="224" count="13" type="stmt"/>
        <line num="226" count="13" type="stmt"/>
        <line num="228" count="13" type="stmt"/>
        <line num="230" count="13" type="stmt"/>
        <line num="232" count="13" type="stmt"/>
        <line num="234" count="13" type="stmt"/>
        <line num="236" count="13" type="stmt"/>
        <line num="238" count="13" type="stmt"/>
        <line num="240" count="13" type="stmt"/>
        <line num="242" count="13" type="stmt"/>
        <line num="244" count="13" type="stmt"/>
        <line num="246" count="13" type="stmt"/>
        <line num="248" count="13" type="stmt"/>
        <line num="250" count="13" type="stmt"/>
        <line num="252" count="13" type="stmt"/>
        <line num="254" count="13" type="stmt"/>
        <line num="256" count="13" type="stmt"/>
        <line num="258" count="13" type="stmt"/>
        <line num="260" count="13" type="stmt"/>
        <line num="262" count="13" type="stmt"/>
        <line num="264" count="13" type="stmt"/>
        <line num="266" count="13" type="stmt"/>
        <line num="268" count="13" type="stmt"/>
        <line num="270" count="13" type="stmt"/>
        <line num="271" count="13" type="stmt"/>
        <line num="272" count="13" type="stmt"/>
        <line num="273" count="13" type="stmt"/>
        <line num="274" count="13" type="stmt"/>
        <line num="275" count="13" type="stmt"/>
        <line num="276" count="13" type="stmt"/>
        <line num="277" count="13" type="stmt"/>
        <line num="278" count="13" type="stmt"/>
        <line num="279" count="13" type="stmt"/>
        <line num="280" count="13" type="stmt"/>
        <line num="281" count="13" type="stmt"/>
        <line num="282" count="13" type="stmt"/>
        <line num="283" count="13" type="stmt"/>
        <line num="284" count="13" type="stmt"/>
        <line num="285" count="13" type="stmt"/>
        <line num="286" count="13" type="stmt"/>
        <line num="287" count="13" type="stmt"/>
        <line num="288" count="13" type="stmt"/>
        <line num="289" count="13" type="stmt"/>
        <line num="290" count="13" type="stmt"/>
        <line num="291" count="13" type="stmt"/>
        <line num="292" count="13" type="stmt"/>
        <line num="293" count="13" type="stmt"/>
        <line num="294" count="13" type="stmt"/>
        <line num="295" count="13" type="stmt"/>
        <line num="296" count="13" type="stmt"/>
        <line num="297" count="13" type="stmt"/>
        <line num="298" count="13" type="stmt"/>
        <line num="299" count="13" type="stmt"/>
        <line num="300" count="13" type="stmt"/>
        <line num="301" count="13" type="stmt"/>
        <line num="302" count="13" type="stmt"/>
        <line num="303" count="13" type="stmt"/>
        <line num="304" count="13" type="stmt"/>
        <line num="305" count="13" type="stmt"/>
        <line num="306" count="13" type="stmt"/>
        <line num="307" count="13" type="stmt"/>
        <line num="308" count="13" type="stmt"/>
        <line num="309" count="13" type="stmt"/>
        <line num="310" count="13" type="stmt"/>
        <line num="311" count="13" type="stmt"/>
        <line num="312" count="13" type="stmt"/>
        <line num="313" count="13" type="stmt"/>
        <line num="314" count="13" type="stmt"/>
        <line num="315" count="13" type="stmt"/>
        <line num="316" count="13" type="stmt"/>
        <line num="317" count="13" type="stmt"/>
        <line num="318" count="13" type="stmt"/>
        <line num="319" count="13" type="stmt"/>
        <line num="320" count="13" type="stmt"/>
        <line num="321" count="13" type="stmt"/>
        <line num="322" count="13" type="stmt"/>
        <line num="323" count="13" type="stmt"/>
        <line num="324" count="13" type="stmt"/>
        <line num="325" count="13" type="stmt"/>
        <line num="326" count="13" type="stmt"/>
        <line num="327" count="13" type="stmt"/>
        <line num="328" count="13" type="stmt"/>
        <line num="329" count="13" type="stmt"/>
        <line num="330" count="13" type="stmt"/>
        <line num="331" count="13" type="stmt"/>
        <line num="332" count="13" type="stmt"/>
        <line num="333" count="13" type="stmt"/>
        <line num="334" count="13" type="stmt"/>
        <line num="335" count="13" type="stmt"/>
        <line num="336" count="13" type="stmt"/>
        <line num="337" count="13" type="stmt"/>
        <line num="338" count="13" type="stmt"/>
        <line num="339" count="13" type="stmt"/>
        <line num="340" count="13" type="stmt"/>
        <line num="341" count="13" type="stmt"/>
        <line num="342" count="13" type="stmt"/>
        <line num="343" count="13" type="stmt"/>
        <line num="344" count="13" type="stmt"/>
        <line num="345" count="13" type="stmt"/>
        <line num="346" count="13" type="stmt"/>
        <line num="347" count="13" type="stmt"/>
        <line num="348" count="13" type="stmt"/>
        <line num="349" count="13" type="stmt"/>
        <line num="350" count="13" type="stmt"/>
        <line num="351" count="13" type="stmt"/>
        <line num="352" count="13" type="stmt"/>
      </file>
    </package>
  </project>
</coverage>
