{"/home/awhite/dev/andywhite37/relude/lib/js/__tests__/testUtils/FS.bs.js": {"path":"/home/awhite/dev/andywhite37/relude/lib/js/__tests__/testUtils/FS.bs.js","statementMap":{"0":{"start":{"line":3,"column":9},"end":{"line":3,"column":22}},"1":{"start":{"line":4,"column":12},"end":{"line":4,"column":50}},"2":{"start":{"line":5,"column":12},"end":{"line":5,"column":50}},"3":{"start":{"line":6,"column":16},"end":{"line":6,"column":58}},"4":{"start":{"line":7,"column":16},"end":{"line":7,"column":52}},"5":{"start":{"line":8,"column":18},"end":{"line":8,"column":62}},"6":{"start":{"line":9,"column":20},"end":{"line":9,"column":60}},"7":{"start":{"line":11,"column":14},"end":{"line":11,"column":70}},"8":{"start":{"line":13,"column":16},"end":{"line":13,"column":77}},"9":{"start":{"line":15,"column":19},"end":{"line":15,"column":59}},"10":{"start":{"line":17,"column":25},"end":{"line":20,"column":1}},"11":{"start":{"line":23,"column":2},"end":{"line":25,"column":18}},"12":{"start":{"line":24,"column":16},"end":{"line":24,"column":53}},"13":{"start":{"line":29,"column":2},"end":{"line":32,"column":18}},"14":{"start":{"line":30,"column":16},"end":{"line":30,"column":56}},"15":{"start":{"line":31,"column":16},"end":{"line":31,"column":33}},"16":{"start":{"line":36,"column":2},"end":{"line":48,"column":18}},"17":{"start":{"line":37,"column":16},"end":{"line":46,"column":26}},"18":{"start":{"line":38,"column":24},"end":{"line":45,"column":25}},"19":{"start":{"line":39,"column":26},"end":{"line":41,"column":54}},"20":{"start":{"line":40,"column":38},"end":{"line":40,"column":56}},"21":{"start":{"line":42,"column":26},"end":{"line":42,"column":81}},"22":{"start":{"line":44,"column":26},"end":{"line":44,"column":82}},"23":{"start":{"line":47,"column":16},"end":{"line":47,"column":33}},"24":{"start":{"line":52,"column":2},"end":{"line":64,"column":18}},"25":{"start":{"line":53,"column":16},"end":{"line":62,"column":26}},"26":{"start":{"line":54,"column":24},"end":{"line":61,"column":25}},"27":{"start":{"line":55,"column":26},"end":{"line":57,"column":54}},"28":{"start":{"line":56,"column":38},"end":{"line":56,"column":56}},"29":{"start":{"line":58,"column":26},"end":{"line":58,"column":81}},"30":{"start":{"line":60,"column":26},"end":{"line":60,"column":84}},"31":{"start":{"line":63,"column":16},"end":{"line":63,"column":33}},"32":{"start":{"line":67,"column":21},"end":{"line":72,"column":1}},"33":{"start":{"line":75,"column":2},"end":{"line":75,"column":41}},"34":{"start":{"line":78,"column":0},"end":{"line":78,"column":24}},"35":{"start":{"line":79,"column":0},"end":{"line":79,"column":16}},"36":{"start":{"line":80,"column":0},"end":{"line":80,"column":36}}},"fnMap":{"0":{"name":"readFileSync","decl":{"start":{"line":22,"column":9},"end":{"line":22,"column":21}},"loc":{"start":{"line":22,"column":28},"end":{"line":26,"column":1}},"line":22},"1":{"name":"(anonymous_1)","decl":{"start":{"line":23,"column":28},"end":{"line":23,"column":29}},"loc":{"start":{"line":23,"column":45},"end":{"line":25,"column":15}},"line":23},"2":{"name":"writeFileSync","decl":{"start":{"line":28,"column":9},"end":{"line":28,"column":22}},"loc":{"start":{"line":28,"column":38},"end":{"line":33,"column":1}},"line":28},"3":{"name":"(anonymous_3)","decl":{"start":{"line":29,"column":28},"end":{"line":29,"column":29}},"loc":{"start":{"line":29,"column":45},"end":{"line":32,"column":15}},"line":29},"4":{"name":"readFile","decl":{"start":{"line":35,"column":9},"end":{"line":35,"column":17}},"loc":{"start":{"line":35,"column":24},"end":{"line":49,"column":1}},"line":35},"5":{"name":"(anonymous_5)","decl":{"start":{"line":36,"column":26},"end":{"line":36,"column":27}},"loc":{"start":{"line":36,"column":44},"end":{"line":48,"column":15}},"line":36},"6":{"name":"(anonymous_6)","decl":{"start":{"line":37,"column":43},"end":{"line":37,"column":44}},"loc":{"start":{"line":37,"column":67},"end":{"line":46,"column":23}},"line":37},"7":{"name":"(anonymous_7)","decl":{"start":{"line":39,"column":87},"end":{"line":39,"column":88}},"loc":{"start":{"line":39,"column":104},"end":{"line":41,"column":37}},"line":39},"8":{"name":"writeFile","decl":{"start":{"line":51,"column":9},"end":{"line":51,"column":18}},"loc":{"start":{"line":51,"column":34},"end":{"line":65,"column":1}},"line":51},"9":{"name":"(anonymous_9)","decl":{"start":{"line":52,"column":26},"end":{"line":52,"column":27}},"loc":{"start":{"line":52,"column":44},"end":{"line":64,"column":15}},"line":52},"10":{"name":"(anonymous_10)","decl":{"start":{"line":53,"column":53},"end":{"line":53,"column":54}},"loc":{"start":{"line":53,"column":68},"end":{"line":62,"column":23}},"line":53},"11":{"name":"(anonymous_11)","decl":{"start":{"line":55,"column":88},"end":{"line":55,"column":89}},"loc":{"start":{"line":55,"column":105},"end":{"line":57,"column":37}},"line":55},"12":{"name":"testFilePath","decl":{"start":{"line":74,"column":9},"end":{"line":74,"column":21}},"loc":{"start":{"line":74,"column":32},"end":{"line":76,"column":1}},"line":74}},"branchMap":{"0":{"loc":{"start":{"line":11,"column":14},"end":{"line":11,"column":70}},"type":"cond-expr","locations":[{"start":{"line":11,"column":49},"end":{"line":11,"column":58}},{"start":{"line":11,"column":61},"end":{"line":11,"column":70}}],"line":11},"1":{"loc":{"start":{"line":13,"column":16},"end":{"line":13,"column":77}},"type":"cond-expr","locations":[{"start":{"line":13,"column":40},"end":{"line":13,"column":49}},{"start":{"line":13,"column":52},"end":{"line":13,"column":77}}],"line":13},"2":{"loc":{"start":{"line":38,"column":24},"end":{"line":45,"column":25}},"type":"if","locations":[{"start":{"line":38,"column":24},"end":{"line":45,"column":25}},{"start":{"line":38,"column":24},"end":{"line":45,"column":25}}],"line":38},"3":{"loc":{"start":{"line":54,"column":24},"end":{"line":61,"column":25}},"type":"if","locations":[{"start":{"line":54,"column":24},"end":{"line":61,"column":25}},{"start":{"line":54,"column":24},"end":{"line":61,"column":25}}],"line":54}},"s":{"0":1,"1":1,"2":1,"3":1,"4":1,"5":1,"6":1,"7":1,"8":1,"9":1,"10":1,"11":1,"12":1,"13":2,"14":2,"15":2,"16":1,"17":1,"18":1,"19":0,"20":0,"21":0,"22":1,"23":1,"24":1,"25":1,"26":1,"27":0,"28":0,"29":0,"30":1,"31":1,"32":1,"33":1,"34":1,"35":1,"36":1},"f":{"0":1,"1":1,"2":2,"3":2,"4":1,"5":1,"6":1,"7":0,"8":1,"9":1,"10":1,"11":0,"12":1},"b":{"0":[0,1],"1":[0,1],"2":[0,1],"3":[0,1]},"_coverageSchema":"43e27e138ebf9cfc5966b082cf9a028302ed4184","hash":"86bb0627878a68ca4b45ea9c8442f54157a2cee6"}
,"/home/awhite/dev/andywhite37/relude/lib/js/src/Relude_Array.bs.js": {"path":"/home/awhite/dev/andywhite37/relude/lib/js/src/Relude_Array.bs.js","statementMap":{"0":{"start":{"line":3,"column":24},"end":{"line":3,"column":66}},"1":{"start":{"line":4,"column":28},"end":{"line":4,"column":79}},"2":{"start":{"line":5,"column":29},"end":{"line":5,"column":76}},"3":{"start":{"line":6,"column":30},"end":{"line":6,"column":83}},"4":{"start":{"line":7,"column":30},"end":{"line":7,"column":83}},"5":{"start":{"line":8,"column":30},"end":{"line":8,"column":83}},"6":{"start":{"line":9,"column":32},"end":{"line":9,"column":87}},"7":{"start":{"line":11,"column":14},"end":{"line":11,"column":84}},"8":{"start":{"line":13,"column":16},"end":{"line":13,"column":74}},"9":{"start":{"line":15,"column":16},"end":{"line":15,"column":80}},"10":{"start":{"line":17,"column":16},"end":{"line":17,"column":80}},"11":{"start":{"line":19,"column":39},"end":{"line":19,"column":49}},"12":{"start":{"line":21,"column":25},"end":{"line":21,"column":35}},"13":{"start":{"line":23,"column":25},"end":{"line":23,"column":35}},"14":{"start":{"line":25,"column":24},"end":{"line":25,"column":34}},"15":{"start":{"line":27,"column":24},"end":{"line":27,"column":34}},"16":{"start":{"line":29,"column":25},"end":{"line":29,"column":35}},"17":{"start":{"line":31,"column":25},"end":{"line":31,"column":37}},"18":{"start":{"line":33,"column":37},"end":{"line":33,"column":49}},"19":{"start":{"line":35,"column":25},"end":{"line":35,"column":37}},"20":{"start":{"line":37,"column":24},"end":{"line":37,"column":36}},"21":{"start":{"line":39,"column":24},"end":{"line":39,"column":36}},"22":{"start":{"line":41,"column":37},"end":{"line":41,"column":49}},"23":{"start":{"line":43,"column":25},"end":{"line":43,"column":37}},"24":{"start":{"line":45,"column":25},"end":{"line":45,"column":37}},"25":{"start":{"line":47,"column":25},"end":{"line":47,"column":37}},"26":{"start":{"line":49,"column":25},"end":{"line":49,"column":37}},"27":{"start":{"line":51,"column":24},"end":{"line":68,"column":1}},"28":{"start":{"line":70,"column":13},"end":{"line":70,"column":42}},"29":{"start":{"line":72,"column":19},"end":{"line":72,"column":54}},"30":{"start":{"line":74,"column":12},"end":{"line":74,"column":40}},"31":{"start":{"line":76,"column":16},"end":{"line":76,"column":48}},"32":{"start":{"line":78,"column":10},"end":{"line":78,"column":36}},"33":{"start":{"line":80,"column":14},"end":{"line":80,"column":44}},"34":{"start":{"line":82,"column":26},"end":{"line":82,"column":68}},"35":{"start":{"line":84,"column":14},"end":{"line":84,"column":44}},"36":{"start":{"line":86,"column":13},"end":{"line":86,"column":42}},"37":{"start":{"line":88,"column":16},"end":{"line":88,"column":48}},"38":{"start":{"line":90,"column":15},"end":{"line":90,"column":46}},"39":{"start":{"line":92,"column":11},"end":{"line":92,"column":38}},"40":{"start":{"line":94,"column":12},"end":{"line":94,"column":40}},"41":{"start":{"line":96,"column":12},"end":{"line":96,"column":40}},"42":{"start":{"line":98,"column":24},"end":{"line":98,"column":64}},"43":{"start":{"line":100,"column":17},"end":{"line":100,"column":50}},"44":{"start":{"line":102,"column":18},"end":{"line":102,"column":52}},"45":{"start":{"line":104,"column":11},"end":{"line":104,"column":38}},"46":{"start":{"line":106,"column":11},"end":{"line":106,"column":38}},"47":{"start":{"line":108,"column":11},"end":{"line":108,"column":38}},"48":{"start":{"line":110,"column":11},"end":{"line":110,"column":38}},"49":{"start":{"line":112,"column":13},"end":{"line":112,"column":42}},"50":{"start":{"line":114,"column":13},"end":{"line":114,"column":42}},"51":{"start":{"line":116,"column":13},"end":{"line":116,"column":42}},"52":{"start":{"line":118,"column":13},"end":{"line":118,"column":42}},"53":{"start":{"line":120,"column":16},"end":{"line":120,"column":48}},"54":{"start":{"line":122,"column":16},"end":{"line":122,"column":48}},"55":{"start":{"line":124,"column":16},"end":{"line":124,"column":48}},"56":{"start":{"line":126,"column":16},"end":{"line":126,"column":48}},"57":{"start":{"line":128,"column":11},"end":{"line":128,"column":38}},"58":{"start":{"line":130,"column":18},"end":{"line":130,"column":52}},"59":{"start":{"line":132,"column":30},"end":{"line":132,"column":76}},"60":{"start":{"line":134,"column":13},"end":{"line":134,"column":42}},"61":{"start":{"line":136,"column":11},"end":{"line":136,"column":38}},"62":{"start":{"line":138,"column":12},"end":{"line":138,"column":40}},"63":{"start":{"line":140,"column":24},"end":{"line":140,"column":64}},"64":{"start":{"line":142,"column":14},"end":{"line":142,"column":44}},"65":{"start":{"line":144,"column":14},"end":{"line":144,"column":44}},"66":{"start":{"line":146,"column":21},"end":{"line":146,"column":58}},"67":{"start":{"line":148,"column":25},"end":{"line":148,"column":66}},"68":{"start":{"line":150,"column":13},"end":{"line":150,"column":42}},"69":{"start":{"line":152,"column":12},"end":{"line":152,"column":40}},"70":{"start":{"line":154,"column":13},"end":{"line":154,"column":42}},"71":{"start":{"line":156,"column":10},"end":{"line":156,"column":36}},"72":{"start":{"line":158,"column":10},"end":{"line":158,"column":36}},"73":{"start":{"line":160,"column":11},"end":{"line":160,"column":38}},"74":{"start":{"line":162,"column":18},"end":{"line":162,"column":52}},"75":{"start":{"line":164,"column":11},"end":{"line":164,"column":38}},"76":{"start":{"line":166,"column":16},"end":{"line":166,"column":48}},"77":{"start":{"line":168,"column":16},"end":{"line":168,"column":48}},"78":{"start":{"line":170,"column":16},"end":{"line":170,"column":48}},"79":{"start":{"line":172,"column":13},"end":{"line":172,"column":42}},"80":{"start":{"line":174,"column":13},"end":{"line":174,"column":42}},"81":{"start":{"line":176,"column":15},"end":{"line":176,"column":46}},"82":{"start":{"line":178,"column":16},"end":{"line":178,"column":48}},"83":{"start":{"line":180,"column":15},"end":{"line":180,"column":46}},"84":{"start":{"line":182,"column":27},"end":{"line":182,"column":70}},"85":{"start":{"line":184,"column":10},"end":{"line":184,"column":36}},"86":{"start":{"line":186,"column":10},"end":{"line":186,"column":36}},"87":{"start":{"line":188,"column":17},"end":{"line":188,"column":50}},"88":{"start":{"line":190,"column":15},"end":{"line":190,"column":46}},"89":{"start":{"line":192,"column":16},"end":{"line":192,"column":48}},"90":{"start":{"line":194,"column":14},"end":{"line":194,"column":44}},"91":{"start":{"line":196,"column":12},"end":{"line":196,"column":40}},"92":{"start":{"line":198,"column":10},"end":{"line":198,"column":36}},"93":{"start":{"line":200,"column":12},"end":{"line":200,"column":40}},"94":{"start":{"line":202,"column":10},"end":{"line":202,"column":36}},"95":{"start":{"line":204,"column":14},"end":{"line":204,"column":44}},"96":{"start":{"line":206,"column":14},"end":{"line":206,"column":44}},"97":{"start":{"line":208,"column":23},"end":{"line":208,"column":62}},"98":{"start":{"line":210,"column":11},"end":{"line":210,"column":38}},"99":{"start":{"line":212,"column":20},"end":{"line":212,"column":56}},"100":{"start":{"line":214,"column":14},"end":{"line":214,"column":44}},"101":{"start":{"line":216,"column":34},"end":{"line":216,"column":84}},"102":{"start":{"line":218,"column":31},"end":{"line":218,"column":78}},"103":{"start":{"line":220,"column":14},"end":{"line":220,"column":44}},"104":{"start":{"line":222,"column":21},"end":{"line":222,"column":58}},"105":{"start":{"line":224,"column":18},"end":{"line":224,"column":52}},"106":{"start":{"line":226,"column":36},"end":{"line":226,"column":88}},"107":{"start":{"line":228,"column":30},"end":{"line":228,"column":76}},"108":{"start":{"line":230,"column":27},"end":{"line":230,"column":70}},"109":{"start":{"line":232,"column":28},"end":{"line":232,"column":72}},"110":{"start":{"line":234,"column":18},"end":{"line":234,"column":52}},"111":{"start":{"line":236,"column":11},"end":{"line":236,"column":38}},"112":{"start":{"line":238,"column":9},"end":{"line":238,"column":34}},"113":{"start":{"line":240,"column":9},"end":{"line":240,"column":34}},"114":{"start":{"line":242,"column":10},"end":{"line":242,"column":36}},"115":{"start":{"line":244,"column":13},"end":{"line":244,"column":42}},"116":{"start":{"line":246,"column":11},"end":{"line":246,"column":38}},"117":{"start":{"line":248,"column":11},"end":{"line":248,"column":38}},"118":{"start":{"line":250,"column":15},"end":{"line":250,"column":46}},"119":{"start":{"line":252,"column":13},"end":{"line":252,"column":42}},"120":{"start":{"line":254,"column":14},"end":{"line":254,"column":44}},"121":{"start":{"line":256,"column":11},"end":{"line":256,"column":33}},"122":{"start":{"line":258,"column":14},"end":{"line":258,"column":39}},"123":{"start":{"line":260,"column":13},"end":{"line":260,"column":37}},"124":{"start":{"line":262,"column":13},"end":{"line":262,"column":37}},"125":{"start":{"line":264,"column":13},"end":{"line":264,"column":37}},"126":{"start":{"line":266,"column":20},"end":{"line":266,"column":51}},"127":{"start":{"line":268,"column":19},"end":{"line":268,"column":49}},"128":{"start":{"line":270,"column":14},"end":{"line":270,"column":39}},"129":{"start":{"line":272,"column":21},"end":{"line":272,"column":53}},"130":{"start":{"line":274,"column":14},"end":{"line":274,"column":39}},"131":{"start":{"line":276,"column":13},"end":{"line":276,"column":37}},"132":{"start":{"line":278,"column":14},"end":{"line":278,"column":39}},"133":{"start":{"line":280,"column":17},"end":{"line":280,"column":45}},"134":{"start":{"line":282,"column":9},"end":{"line":282,"column":29}},"135":{"start":{"line":284,"column":12},"end":{"line":284,"column":35}},"136":{"start":{"line":286,"column":11},"end":{"line":286,"column":33}},"137":{"start":{"line":288,"column":11},"end":{"line":288,"column":33}},"138":{"start":{"line":290,"column":18},"end":{"line":290,"column":47}},"139":{"start":{"line":292,"column":11},"end":{"line":292,"column":33}},"140":{"start":{"line":294,"column":18},"end":{"line":294,"column":47}},"141":{"start":{"line":296,"column":11},"end":{"line":296,"column":33}},"142":{"start":{"line":298,"column":11},"end":{"line":298,"column":33}},"143":{"start":{"line":300,"column":18},"end":{"line":300,"column":47}},"144":{"start":{"line":302,"column":16},"end":{"line":302,"column":43}},"145":{"start":{"line":304,"column":11},"end":{"line":304,"column":33}},"146":{"start":{"line":306,"column":18},"end":{"line":306,"column":47}},"147":{"start":{"line":308,"column":16},"end":{"line":308,"column":43}},"148":{"start":{"line":310,"column":13},"end":{"line":310,"column":37}},"149":{"start":{"line":312,"column":22},"end":{"line":312,"column":55}},"150":{"start":{"line":314,"column":16},"end":{"line":314,"column":43}},"151":{"start":{"line":316,"column":25},"end":{"line":316,"column":61}},"152":{"start":{"line":318,"column":16},"end":{"line":318,"column":43}},"153":{"start":{"line":320,"column":14},"end":{"line":320,"column":39}},"154":{"start":{"line":322,"column":19},"end":{"line":322,"column":49}},"155":{"start":{"line":324,"column":18},"end":{"line":324,"column":47}},"156":{"start":{"line":326,"column":16},"end":{"line":326,"column":43}},"157":{"start":{"line":328,"column":10},"end":{"line":328,"column":31}},"158":{"start":{"line":330,"column":14},"end":{"line":330,"column":39}},"159":{"start":{"line":332,"column":19},"end":{"line":332,"column":49}},"160":{"start":{"line":334,"column":12},"end":{"line":334,"column":35}},"161":{"start":{"line":336,"column":18},"end":{"line":336,"column":47}},"162":{"start":{"line":338,"column":13},"end":{"line":338,"column":37}},"163":{"start":{"line":340,"column":11},"end":{"line":340,"column":33}},"164":{"start":{"line":342,"column":17},"end":{"line":342,"column":45}},"165":{"start":{"line":344,"column":20},"end":{"line":344,"column":51}},"166":{"start":{"line":346,"column":19},"end":{"line":346,"column":49}},"167":{"start":{"line":348,"column":15},"end":{"line":348,"column":41}},"168":{"start":{"line":350,"column":18},"end":{"line":350,"column":47}},"169":{"start":{"line":352,"column":17},"end":{"line":352,"column":45}},"170":{"start":{"line":354,"column":15},"end":{"line":354,"column":41}},"171":{"start":{"line":356,"column":16},"end":{"line":356,"column":43}},"172":{"start":{"line":358,"column":24},"end":{"line":358,"column":65}},"173":{"start":{"line":360,"column":25},"end":{"line":360,"column":67}},"174":{"start":{"line":362,"column":28},"end":{"line":362,"column":73}},"175":{"start":{"line":364,"column":15},"end":{"line":364,"column":47}},"176":{"start":{"line":366,"column":10},"end":{"line":366,"column":37}},"177":{"start":{"line":368,"column":12},"end":{"line":368,"column":41}},"178":{"start":{"line":370,"column":15},"end":{"line":370,"column":47}},"179":{"start":{"line":372,"column":13},"end":{"line":372,"column":43}},"180":{"start":{"line":374,"column":9},"end":{"line":374,"column":35}},"181":{"start":{"line":376,"column":17},"end":{"line":376,"column":51}},"182":{"start":{"line":378,"column":0},"end":{"line":378,"column":24}},"183":{"start":{"line":379,"column":0},"end":{"line":379,"column":36}},"184":{"start":{"line":380,"column":0},"end":{"line":380,"column":22}},"185":{"start":{"line":381,"column":0},"end":{"line":381,"column":30}},"186":{"start":{"line":382,"column":0},"end":{"line":382,"column":18}},"187":{"start":{"line":383,"column":0},"end":{"line":383,"column":26}},"188":{"start":{"line":384,"column":0},"end":{"line":384,"column":50}},"189":{"start":{"line":385,"column":0},"end":{"line":385,"column":26}},"190":{"start":{"line":386,"column":0},"end":{"line":386,"column":24}},"191":{"start":{"line":387,"column":0},"end":{"line":387,"column":30}},"192":{"start":{"line":388,"column":0},"end":{"line":388,"column":28}},"193":{"start":{"line":389,"column":0},"end":{"line":389,"column":20}},"194":{"start":{"line":390,"column":0},"end":{"line":390,"column":22}},"195":{"start":{"line":391,"column":0},"end":{"line":391,"column":22}},"196":{"start":{"line":392,"column":0},"end":{"line":392,"column":46}},"197":{"start":{"line":393,"column":0},"end":{"line":393,"column":32}},"198":{"start":{"line":394,"column":0},"end":{"line":394,"column":34}},"199":{"start":{"line":395,"column":0},"end":{"line":395,"column":20}},"200":{"start":{"line":396,"column":0},"end":{"line":396,"column":20}},"201":{"start":{"line":397,"column":0},"end":{"line":397,"column":20}},"202":{"start":{"line":398,"column":0},"end":{"line":398,"column":20}},"203":{"start":{"line":399,"column":0},"end":{"line":399,"column":24}},"204":{"start":{"line":400,"column":0},"end":{"line":400,"column":24}},"205":{"start":{"line":401,"column":0},"end":{"line":401,"column":24}},"206":{"start":{"line":402,"column":0},"end":{"line":402,"column":24}},"207":{"start":{"line":403,"column":0},"end":{"line":403,"column":30}},"208":{"start":{"line":404,"column":0},"end":{"line":404,"column":30}},"209":{"start":{"line":405,"column":0},"end":{"line":405,"column":30}},"210":{"start":{"line":406,"column":0},"end":{"line":406,"column":30}},"211":{"start":{"line":407,"column":0},"end":{"line":407,"column":20}},"212":{"start":{"line":408,"column":0},"end":{"line":408,"column":34}},"213":{"start":{"line":409,"column":0},"end":{"line":409,"column":58}},"214":{"start":{"line":410,"column":0},"end":{"line":410,"column":24}},"215":{"start":{"line":411,"column":0},"end":{"line":411,"column":20}},"216":{"start":{"line":412,"column":0},"end":{"line":412,"column":22}},"217":{"start":{"line":413,"column":0},"end":{"line":413,"column":46}},"218":{"start":{"line":414,"column":0},"end":{"line":414,"column":26}},"219":{"start":{"line":415,"column":0},"end":{"line":415,"column":26}},"220":{"start":{"line":416,"column":0},"end":{"line":416,"column":40}},"221":{"start":{"line":417,"column":0},"end":{"line":417,"column":48}},"222":{"start":{"line":418,"column":0},"end":{"line":418,"column":24}},"223":{"start":{"line":419,"column":0},"end":{"line":419,"column":22}},"224":{"start":{"line":420,"column":0},"end":{"line":420,"column":24}},"225":{"start":{"line":421,"column":0},"end":{"line":421,"column":18}},"226":{"start":{"line":422,"column":0},"end":{"line":422,"column":18}},"227":{"start":{"line":423,"column":0},"end":{"line":423,"column":20}},"228":{"start":{"line":424,"column":0},"end":{"line":424,"column":34}},"229":{"start":{"line":425,"column":0},"end":{"line":425,"column":20}},"230":{"start":{"line":426,"column":0},"end":{"line":426,"column":30}},"231":{"start":{"line":427,"column":0},"end":{"line":427,"column":30}},"232":{"start":{"line":428,"column":0},"end":{"line":428,"column":30}},"233":{"start":{"line":429,"column":0},"end":{"line":429,"column":24}},"234":{"start":{"line":430,"column":0},"end":{"line":430,"column":24}},"235":{"start":{"line":431,"column":0},"end":{"line":431,"column":28}},"236":{"start":{"line":432,"column":0},"end":{"line":432,"column":30}},"237":{"start":{"line":433,"column":0},"end":{"line":433,"column":28}},"238":{"start":{"line":434,"column":0},"end":{"line":434,"column":52}},"239":{"start":{"line":435,"column":0},"end":{"line":435,"column":18}},"240":{"start":{"line":436,"column":0},"end":{"line":436,"column":18}},"241":{"start":{"line":437,"column":0},"end":{"line":437,"column":32}},"242":{"start":{"line":438,"column":0},"end":{"line":438,"column":28}},"243":{"start":{"line":439,"column":0},"end":{"line":439,"column":30}},"244":{"start":{"line":440,"column":0},"end":{"line":440,"column":26}},"245":{"start":{"line":441,"column":0},"end":{"line":441,"column":22}},"246":{"start":{"line":442,"column":0},"end":{"line":442,"column":18}},"247":{"start":{"line":443,"column":0},"end":{"line":443,"column":22}},"248":{"start":{"line":444,"column":0},"end":{"line":444,"column":18}},"249":{"start":{"line":445,"column":0},"end":{"line":445,"column":26}},"250":{"start":{"line":446,"column":0},"end":{"line":446,"column":26}},"251":{"start":{"line":447,"column":0},"end":{"line":447,"column":44}},"252":{"start":{"line":448,"column":0},"end":{"line":448,"column":20}},"253":{"start":{"line":449,"column":0},"end":{"line":449,"column":38}},"254":{"start":{"line":450,"column":0},"end":{"line":450,"column":26}},"255":{"start":{"line":451,"column":0},"end":{"line":451,"column":66}},"256":{"start":{"line":452,"column":0},"end":{"line":452,"column":60}},"257":{"start":{"line":453,"column":0},"end":{"line":453,"column":26}},"258":{"start":{"line":454,"column":0},"end":{"line":454,"column":40}},"259":{"start":{"line":455,"column":0},"end":{"line":455,"column":34}},"260":{"start":{"line":456,"column":0},"end":{"line":456,"column":70}},"261":{"start":{"line":457,"column":0},"end":{"line":457,"column":58}},"262":{"start":{"line":458,"column":0},"end":{"line":458,"column":52}},"263":{"start":{"line":459,"column":0},"end":{"line":459,"column":54}},"264":{"start":{"line":460,"column":0},"end":{"line":460,"column":34}},"265":{"start":{"line":461,"column":0},"end":{"line":461,"column":20}},"266":{"start":{"line":462,"column":0},"end":{"line":462,"column":16}},"267":{"start":{"line":463,"column":0},"end":{"line":463,"column":16}},"268":{"start":{"line":464,"column":0},"end":{"line":464,"column":18}},"269":{"start":{"line":465,"column":0},"end":{"line":465,"column":24}},"270":{"start":{"line":466,"column":0},"end":{"line":466,"column":20}},"271":{"start":{"line":467,"column":0},"end":{"line":467,"column":20}},"272":{"start":{"line":468,"column":0},"end":{"line":468,"column":28}},"273":{"start":{"line":469,"column":0},"end":{"line":469,"column":24}},"274":{"start":{"line":470,"column":0},"end":{"line":470,"column":26}},"275":{"start":{"line":471,"column":0},"end":{"line":471,"column":20}},"276":{"start":{"line":472,"column":0},"end":{"line":472,"column":26}},"277":{"start":{"line":473,"column":0},"end":{"line":473,"column":24}},"278":{"start":{"line":474,"column":0},"end":{"line":474,"column":24}},"279":{"start":{"line":475,"column":0},"end":{"line":475,"column":24}},"280":{"start":{"line":476,"column":0},"end":{"line":476,"column":38}},"281":{"start":{"line":477,"column":0},"end":{"line":477,"column":36}},"282":{"start":{"line":478,"column":0},"end":{"line":478,"column":26}},"283":{"start":{"line":479,"column":0},"end":{"line":479,"column":40}},"284":{"start":{"line":480,"column":0},"end":{"line":480,"column":26}},"285":{"start":{"line":481,"column":0},"end":{"line":481,"column":24}},"286":{"start":{"line":482,"column":0},"end":{"line":482,"column":26}},"287":{"start":{"line":483,"column":0},"end":{"line":483,"column":32}},"288":{"start":{"line":484,"column":0},"end":{"line":484,"column":16}},"289":{"start":{"line":485,"column":0},"end":{"line":485,"column":22}},"290":{"start":{"line":486,"column":0},"end":{"line":486,"column":20}},"291":{"start":{"line":487,"column":0},"end":{"line":487,"column":20}},"292":{"start":{"line":488,"column":0},"end":{"line":488,"column":34}},"293":{"start":{"line":489,"column":0},"end":{"line":489,"column":20}},"294":{"start":{"line":490,"column":0},"end":{"line":490,"column":34}},"295":{"start":{"line":491,"column":0},"end":{"line":491,"column":20}},"296":{"start":{"line":492,"column":0},"end":{"line":492,"column":20}},"297":{"start":{"line":493,"column":0},"end":{"line":493,"column":34}},"298":{"start":{"line":494,"column":0},"end":{"line":494,"column":30}},"299":{"start":{"line":495,"column":0},"end":{"line":495,"column":20}},"300":{"start":{"line":496,"column":0},"end":{"line":496,"column":34}},"301":{"start":{"line":497,"column":0},"end":{"line":497,"column":30}},"302":{"start":{"line":498,"column":0},"end":{"line":498,"column":24}},"303":{"start":{"line":499,"column":0},"end":{"line":499,"column":42}},"304":{"start":{"line":500,"column":0},"end":{"line":500,"column":30}},"305":{"start":{"line":501,"column":0},"end":{"line":501,"column":48}},"306":{"start":{"line":502,"column":0},"end":{"line":502,"column":30}},"307":{"start":{"line":503,"column":0},"end":{"line":503,"column":26}},"308":{"start":{"line":504,"column":0},"end":{"line":504,"column":36}},"309":{"start":{"line":505,"column":0},"end":{"line":505,"column":34}},"310":{"start":{"line":506,"column":0},"end":{"line":506,"column":30}},"311":{"start":{"line":507,"column":0},"end":{"line":507,"column":18}},"312":{"start":{"line":508,"column":0},"end":{"line":508,"column":26}},"313":{"start":{"line":509,"column":0},"end":{"line":509,"column":36}},"314":{"start":{"line":510,"column":0},"end":{"line":510,"column":22}},"315":{"start":{"line":511,"column":0},"end":{"line":511,"column":34}},"316":{"start":{"line":512,"column":0},"end":{"line":512,"column":24}},"317":{"start":{"line":513,"column":0},"end":{"line":513,"column":20}},"318":{"start":{"line":514,"column":0},"end":{"line":514,"column":32}},"319":{"start":{"line":515,"column":0},"end":{"line":515,"column":38}},"320":{"start":{"line":516,"column":0},"end":{"line":516,"column":36}},"321":{"start":{"line":517,"column":0},"end":{"line":517,"column":28}},"322":{"start":{"line":518,"column":0},"end":{"line":518,"column":34}},"323":{"start":{"line":519,"column":0},"end":{"line":519,"column":32}},"324":{"start":{"line":520,"column":0},"end":{"line":520,"column":28}},"325":{"start":{"line":521,"column":0},"end":{"line":521,"column":30}},"326":{"start":{"line":522,"column":0},"end":{"line":522,"column":46}},"327":{"start":{"line":523,"column":0},"end":{"line":523,"column":48}},"328":{"start":{"line":524,"column":0},"end":{"line":524,"column":54}},"329":{"start":{"line":525,"column":0},"end":{"line":525,"column":28}},"330":{"start":{"line":526,"column":0},"end":{"line":526,"column":18}},"331":{"start":{"line":527,"column":0},"end":{"line":527,"column":22}},"332":{"start":{"line":528,"column":0},"end":{"line":528,"column":28}},"333":{"start":{"line":529,"column":0},"end":{"line":529,"column":24}},"334":{"start":{"line":530,"column":0},"end":{"line":530,"column":16}},"335":{"start":{"line":531,"column":0},"end":{"line":531,"column":32}},"336":{"start":{"line":532,"column":0},"end":{"line":532,"column":22}}},"fnMap":{},"branchMap":{},"s":{"0":5,"1":5,"2":5,"3":5,"4":5,"5":5,"6":5,"7":5,"8":5,"9":5,"10":5,"11":5,"12":5,"13":5,"14":5,"15":5,"16":5,"17":5,"18":5,"19":5,"20":5,"21":5,"22":5,"23":5,"24":5,"25":5,"26":5,"27":5,"28":5,"29":5,"30":5,"31":5,"32":5,"33":5,"34":5,"35":5,"36":5,"37":5,"38":5,"39":5,"40":5,"41":5,"42":5,"43":5,"44":5,"45":5,"46":5,"47":5,"48":5,"49":5,"50":5,"51":5,"52":5,"53":5,"54":5,"55":5,"56":5,"57":5,"58":5,"59":5,"60":5,"61":5,"62":5,"63":5,"64":5,"65":5,"66":5,"67":5,"68":5,"69":5,"70":5,"71":5,"72":5,"73":5,"74":5,"75":5,"76":5,"77":5,"78":5,"79":5,"80":5,"81":5,"82":5,"83":5,"84":5,"85":5,"86":5,"87":5,"88":5,"89":5,"90":5,"91":5,"92":5,"93":5,"94":5,"95":5,"96":5,"97":5,"98":5,"99":5,"100":5,"101":5,"102":5,"103":5,"104":5,"105":5,"106":5,"107":5,"108":5,"109":5,"110":5,"111":5,"112":5,"113":5,"114":5,"115":5,"116":5,"117":5,"118":5,"119":5,"120":5,"121":5,"122":5,"123":5,"124":5,"125":5,"126":5,"127":5,"128":5,"129":5,"130":5,"131":5,"132":5,"133":5,"134":5,"135":5,"136":5,"137":5,"138":5,"139":5,"140":5,"141":5,"142":5,"143":5,"144":5,"145":5,"146":5,"147":5,"148":5,"149":5,"150":5,"151":5,"152":5,"153":5,"154":5,"155":5,"156":5,"157":5,"158":5,"159":5,"160":5,"161":5,"162":5,"163":5,"164":5,"165":5,"166":5,"167":5,"168":5,"169":5,"170":5,"171":5,"172":5,"173":5,"174":5,"175":5,"176":5,"177":5,"178":5,"179":5,"180":5,"181":5,"182":5,"183":5,"184":5,"185":5,"186":5,"187":5,"188":5,"189":5,"190":5,"191":5,"192":5,"193":5,"194":5,"195":5,"196":5,"197":5,"198":5,"199":5,"200":5,"201":5,"202":5,"203":5,"204":5,"205":5,"206":5,"207":5,"208":5,"209":5,"210":5,"211":5,"212":5,"213":5,"214":5,"215":5,"216":5,"217":5,"218":5,"219":5,"220":5,"221":5,"222":5,"223":5,"224":5,"225":5,"226":5,"227":5,"228":5,"229":5,"230":5,"231":5,"232":5,"233":5,"234":5,"235":5,"236":5,"237":5,"238":5,"239":5,"240":5,"241":5,"242":5,"243":5,"244":5,"245":5,"246":5,"247":5,"248":5,"249":5,"250":5,"251":5,"252":5,"253":5,"254":5,"255":5,"256":5,"257":5,"258":5,"259":5,"260":5,"261":5,"262":5,"263":5,"264":5,"265":5,"266":5,"267":5,"268":5,"269":5,"270":5,"271":5,"272":5,"273":5,"274":5,"275":5,"276":5,"277":5,"278":5,"279":5,"280":5,"281":5,"282":5,"283":5,"284":5,"285":5,"286":5,"287":5,"288":5,"289":5,"290":5,"291":5,"292":5,"293":5,"294":5,"295":5,"296":5,"297":5,"298":5,"299":5,"300":5,"301":5,"302":5,"303":5,"304":5,"305":5,"306":5,"307":5,"308":5,"309":5,"310":5,"311":5,"312":5,"313":5,"314":5,"315":5,"316":5,"317":5,"318":5,"319":5,"320":5,"321":5,"322":5,"323":5,"324":5,"325":5,"326":5,"327":5,"328":5,"329":5,"330":5,"331":5,"332":5,"333":5,"334":5,"335":5,"336":5},"f":{},"b":{},"_coverageSchema":"43e27e138ebf9cfc5966b082cf9a028302ed4184","hash":"c41269f8d685c043d842029961305126350edc4a"}
,"/home/awhite/dev/andywhite37/relude/lib/js/src/Relude_AsyncData.bs.js": {"path":"/home/awhite/dev/andywhite37/relude/lib/js/src/Relude_AsyncData.bs.js","statementMap":{"0":{"start":{"line":3,"column":12},"end":{"line":3,"column":50}},"1":{"start":{"line":4,"column":12},"end":{"line":4,"column":50}},"2":{"start":{"line":5,"column":18},"end":{"line":5,"column":62}},"3":{"start":{"line":6,"column":28},"end":{"line":6,"column":79}},"4":{"start":{"line":7,"column":30},"end":{"line":7,"column":83}},"5":{"start":{"line":8,"column":30},"end":{"line":8,"column":83}},"6":{"start":{"line":9,"column":32},"end":{"line":9,"column":87}},"7":{"start":{"line":10,"column":36},"end":{"line":10,"column":95}},"8":{"start":{"line":13,"column":2},"end":{"line":13,"column":41}},"9":{"start":{"line":17,"column":2},"end":{"line":17,"column":40}},"10":{"start":{"line":21,"column":2},"end":{"line":25,"column":3}},"11":{"start":{"line":22,"column":4},"end":{"line":22,"column":23}},"12":{"start":{"line":24,"column":4},"end":{"line":24,"column":17}},"13":{"start":{"line":29,"column":2},"end":{"line":33,"column":3}},"14":{"start":{"line":30,"column":4},"end":{"line":30,"column":23}},"15":{"start":{"line":32,"column":4},"end":{"line":32,"column":17}},"16":{"start":{"line":37,"column":2},"end":{"line":41,"column":3}},"17":{"start":{"line":38,"column":4},"end":{"line":38,"column":17}},"18":{"start":{"line":40,"column":4},"end":{"line":40,"column":16}},"19":{"start":{"line":45,"column":2},"end":{"line":49,"column":3}},"20":{"start":{"line":46,"column":4},"end":{"line":46,"column":17}},"21":{"start":{"line":48,"column":4},"end":{"line":48,"column":16}},"22":{"start":{"line":53,"column":2},"end":{"line":63,"column":3}},"23":{"start":{"line":54,"column":4},"end":{"line":58,"column":5}},"24":{"start":{"line":55,"column":6},"end":{"line":55,"column":19}},"25":{"start":{"line":57,"column":6},"end":{"line":57,"column":18}},"26":{"start":{"line":59,"column":9},"end":{"line":63,"column":3}},"27":{"start":{"line":60,"column":4},"end":{"line":60,"column":17}},"28":{"start":{"line":62,"column":4},"end":{"line":62,"column":16}},"29":{"start":{"line":67,"column":2},"end":{"line":67,"column":21}},"30":{"start":{"line":71,"column":2},"end":{"line":81,"column":3}},"31":{"start":{"line":72,"column":4},"end":{"line":76,"column":5}},"32":{"start":{"line":73,"column":6},"end":{"line":73,"column":28}},"33":{"start":{"line":75,"column":6},"end":{"line":75,"column":15}},"34":{"start":{"line":77,"column":9},"end":{"line":81,"column":3}},"35":{"start":{"line":78,"column":4},"end":{"line":78,"column":46}},"36":{"start":{"line":80,"column":4},"end":{"line":80,"column":13}},"37":{"start":{"line":85,"column":2},"end":{"line":95,"column":3}},"38":{"start":{"line":86,"column":4},"end":{"line":90,"column":5}},"39":{"start":{"line":87,"column":6},"end":{"line":87,"column":15}},"40":{"start":{"line":89,"column":6},"end":{"line":89,"column":25}},"41":{"start":{"line":91,"column":9},"end":{"line":95,"column":3}},"42":{"start":{"line":92,"column":4},"end":{"line":92,"column":13}},"43":{"start":{"line":94,"column":4},"end":{"line":94,"column":45}},"44":{"start":{"line":99,"column":2},"end":{"line":103,"column":3}},"45":{"start":{"line":100,"column":4},"end":{"line":100,"column":21}},"46":{"start":{"line":102,"column":4},"end":{"line":102,"column":38}},"47":{"start":{"line":107,"column":2},"end":{"line":111,"column":3}},"48":{"start":{"line":108,"column":4},"end":{"line":108,"column":21}},"49":{"start":{"line":110,"column":4},"end":{"line":110,"column":38}},"50":{"start":{"line":115,"column":2},"end":{"line":119,"column":3}},"51":{"start":{"line":116,"column":4},"end":{"line":116,"column":21}},"52":{"start":{"line":118,"column":4},"end":{"line":118,"column":38}},"53":{"start":{"line":123,"column":2},"end":{"line":133,"column":3}},"54":{"start":{"line":124,"column":4},"end":{"line":128,"column":5}},"55":{"start":{"line":125,"column":6},"end":{"line":125,"column":23}},"56":{"start":{"line":127,"column":6},"end":{"line":127,"column":26}},"57":{"start":{"line":129,"column":9},"end":{"line":133,"column":3}},"58":{"start":{"line":130,"column":4},"end":{"line":130,"column":39}},"59":{"start":{"line":132,"column":4},"end":{"line":132,"column":40}},"60":{"start":{"line":137,"column":2},"end":{"line":147,"column":3}},"61":{"start":{"line":138,"column":4},"end":{"line":142,"column":5}},"62":{"start":{"line":139,"column":6},"end":{"line":139,"column":41}},"63":{"start":{"line":141,"column":6},"end":{"line":141,"column":44}},"64":{"start":{"line":143,"column":9},"end":{"line":147,"column":3}},"65":{"start":{"line":144,"column":4},"end":{"line":144,"column":39}},"66":{"start":{"line":146,"column":4},"end":{"line":146,"column":40}},"67":{"start":{"line":151,"column":2},"end":{"line":151,"column":64}},"68":{"start":{"line":155,"column":2},"end":{"line":155,"column":62}},"69":{"start":{"line":159,"column":2},"end":{"line":169,"column":3}},"70":{"start":{"line":160,"column":4},"end":{"line":164,"column":5}},"71":{"start":{"line":161,"column":6},"end":{"line":161,"column":25}},"72":{"start":{"line":163,"column":6},"end":{"line":163,"column":28}},"73":{"start":{"line":165,"column":9},"end":{"line":169,"column":3}},"74":{"start":{"line":166,"column":4},"end":{"line":166,"column":59}},"75":{"start":{"line":168,"column":4},"end":{"line":168,"column":60}},"76":{"start":{"line":172,"column":26},"end":{"line":172,"column":40}},"77":{"start":{"line":174,"column":14},"end":{"line":174,"column":66}},"78":{"start":{"line":177,"column":2},"end":{"line":204,"column":3}},"79":{"start":{"line":178,"column":4},"end":{"line":182,"column":5}},"80":{"start":{"line":179,"column":6},"end":{"line":179,"column":25}},"81":{"start":{"line":181,"column":6},"end":{"line":181,"column":28}},"82":{"start":{"line":183,"column":9},"end":{"line":204,"column":3}},"83":{"start":{"line":184,"column":12},"end":{"line":184,"column":17}},"84":{"start":{"line":185,"column":4},"end":{"line":195,"column":5}},"85":{"start":{"line":186,"column":6},"end":{"line":190,"column":7}},"86":{"start":{"line":187,"column":8},"end":{"line":187,"column":27}},"87":{"start":{"line":189,"column":8},"end":{"line":189,"column":30}},"88":{"start":{"line":191,"column":11},"end":{"line":195,"column":5}},"89":{"start":{"line":192,"column":6},"end":{"line":192,"column":61}},"90":{"start":{"line":194,"column":6},"end":{"line":194,"column":62}},"91":{"start":{"line":196,"column":9},"end":{"line":204,"column":3}},"92":{"start":{"line":197,"column":4},"end":{"line":201,"column":5}},"93":{"start":{"line":198,"column":6},"end":{"line":198,"column":28}},"94":{"start":{"line":200,"column":6},"end":{"line":200,"column":25}},"95":{"start":{"line":203,"column":4},"end":{"line":203,"column":64}},"96":{"start":{"line":207,"column":24},"end":{"line":210,"column":1}},"97":{"start":{"line":212,"column":16},"end":{"line":212,"column":62}},"98":{"start":{"line":215,"column":2},"end":{"line":215,"column":40}},"99":{"start":{"line":218,"column":30},"end":{"line":222,"column":1}},"100":{"start":{"line":224,"column":16},"end":{"line":224,"column":80}},"101":{"start":{"line":227,"column":2},"end":{"line":235,"column":3}},"102":{"start":{"line":228,"column":4},"end":{"line":232,"column":5}},"103":{"start":{"line":229,"column":6},"end":{"line":229,"column":28}},"104":{"start":{"line":231,"column":6},"end":{"line":231,"column":25}},"105":{"start":{"line":234,"column":4},"end":{"line":234,"column":30}},"106":{"start":{"line":238,"column":24},"end":{"line":243,"column":1}},"107":{"start":{"line":245,"column":16},"end":{"line":245,"column":62}},"108":{"start":{"line":248,"column":2},"end":{"line":268,"column":3}},"109":{"start":{"line":249,"column":4},"end":{"line":263,"column":5}},"110":{"start":{"line":250,"column":6},"end":{"line":258,"column":7}},"111":{"start":{"line":251,"column":8},"end":{"line":255,"column":9}},"112":{"start":{"line":252,"column":10},"end":{"line":252,"column":32}},"113":{"start":{"line":254,"column":10},"end":{"line":254,"column":29}},"114":{"start":{"line":257,"column":8},"end":{"line":257,"column":18}},"115":{"start":{"line":259,"column":11},"end":{"line":263,"column":5}},"116":{"start":{"line":260,"column":6},"end":{"line":260,"column":28}},"117":{"start":{"line":262,"column":6},"end":{"line":262,"column":16}},"118":{"start":{"line":264,"column":9},"end":{"line":268,"column":3}},"119":{"start":{"line":265,"column":4},"end":{"line":265,"column":14}},"120":{"start":{"line":267,"column":4},"end":{"line":267,"column":14}},"121":{"start":{"line":271,"column":22},"end":{"line":274,"column":1}},"122":{"start":{"line":276,"column":0},"end":{"line":276,"column":41}},"123":{"start":{"line":279,"column":2},"end":{"line":301,"column":3}},"124":{"start":{"line":280,"column":4},"end":{"line":290,"column":5}},"125":{"start":{"line":281,"column":6},"end":{"line":285,"column":7}},"126":{"start":{"line":282,"column":8},"end":{"line":282,"column":23}},"127":{"start":{"line":284,"column":8},"end":{"line":284,"column":21}},"128":{"start":{"line":286,"column":11},"end":{"line":290,"column":5}},"129":{"start":{"line":287,"column":6},"end":{"line":287,"column":21}},"130":{"start":{"line":289,"column":6},"end":{"line":289,"column":19}},"131":{"start":{"line":291,"column":9},"end":{"line":301,"column":3}},"132":{"start":{"line":292,"column":4},"end":{"line":296,"column":5}},"133":{"start":{"line":293,"column":6},"end":{"line":293,"column":19}},"134":{"start":{"line":295,"column":6},"end":{"line":295,"column":43}},"135":{"start":{"line":297,"column":9},"end":{"line":301,"column":3}},"136":{"start":{"line":298,"column":4},"end":{"line":298,"column":17}},"137":{"start":{"line":300,"column":4},"end":{"line":300,"column":41}},"138":{"start":{"line":305,"column":20},"end":{"line":305,"column":32}},"139":{"start":{"line":306,"column":11},"end":{"line":308,"column":3}},"140":{"start":{"line":307,"column":4},"end":{"line":307,"column":45}},"141":{"start":{"line":309,"column":2},"end":{"line":309,"column":34}},"142":{"start":{"line":313,"column":2},"end":{"line":323,"column":3}},"143":{"start":{"line":314,"column":4},"end":{"line":318,"column":5}},"144":{"start":{"line":315,"column":6},"end":{"line":315,"column":20}},"145":{"start":{"line":317,"column":6},"end":{"line":317,"column":23}},"146":{"start":{"line":319,"column":9},"end":{"line":323,"column":3}},"147":{"start":{"line":320,"column":4},"end":{"line":320,"column":56}},"148":{"start":{"line":322,"column":4},"end":{"line":322,"column":57}},"149":{"start":{"line":327,"column":20},"end":{"line":327,"column":34}},"150":{"start":{"line":328,"column":13},"end":{"line":330,"column":3}},"151":{"start":{"line":329,"column":4},"end":{"line":329,"column":38}},"152":{"start":{"line":331,"column":2},"end":{"line":331,"column":38}},"153":{"start":{"line":334,"column":16},"end":{"line":334,"column":63}},"154":{"start":{"line":336,"column":16},"end":{"line":336,"column":51}},"155":{"start":{"line":338,"column":16},"end":{"line":338,"column":57}},"156":{"start":{"line":340,"column":16},"end":{"line":340,"column":57}},"157":{"start":{"line":342,"column":39},"end":{"line":342,"column":51}},"158":{"start":{"line":344,"column":25},"end":{"line":344,"column":37}},"159":{"start":{"line":346,"column":25},"end":{"line":346,"column":37}},"160":{"start":{"line":348,"column":24},"end":{"line":348,"column":36}},"161":{"start":{"line":350,"column":24},"end":{"line":350,"column":36}},"162":{"start":{"line":352,"column":25},"end":{"line":352,"column":37}},"163":{"start":{"line":354,"column":25},"end":{"line":354,"column":37}},"164":{"start":{"line":356,"column":37},"end":{"line":356,"column":49}},"165":{"start":{"line":358,"column":25},"end":{"line":358,"column":37}},"166":{"start":{"line":360,"column":24},"end":{"line":360,"column":36}},"167":{"start":{"line":362,"column":24},"end":{"line":362,"column":36}},"168":{"start":{"line":364,"column":37},"end":{"line":364,"column":49}},"169":{"start":{"line":366,"column":25},"end":{"line":366,"column":37}},"170":{"start":{"line":368,"column":25},"end":{"line":368,"column":37}},"171":{"start":{"line":370,"column":25},"end":{"line":370,"column":37}},"172":{"start":{"line":372,"column":25},"end":{"line":372,"column":37}},"173":{"start":{"line":374,"column":24},"end":{"line":391,"column":1}},"174":{"start":{"line":393,"column":21},"end":{"line":393,"column":22}},"175":{"start":{"line":395,"column":27},"end":{"line":395,"column":28}},"176":{"start":{"line":397,"column":26},"end":{"line":397,"column":36}},"177":{"start":{"line":399,"column":14},"end":{"line":399,"column":24}},"178":{"start":{"line":401,"column":13},"end":{"line":401,"column":23}},"179":{"start":{"line":403,"column":16},"end":{"line":403,"column":26}},"180":{"start":{"line":405,"column":15},"end":{"line":405,"column":25}},"181":{"start":{"line":407,"column":11},"end":{"line":407,"column":21}},"182":{"start":{"line":409,"column":24},"end":{"line":409,"column":36}},"183":{"start":{"line":411,"column":17},"end":{"line":411,"column":29}},"184":{"start":{"line":413,"column":18},"end":{"line":413,"column":30}},"185":{"start":{"line":415,"column":11},"end":{"line":415,"column":23}},"186":{"start":{"line":417,"column":11},"end":{"line":417,"column":23}},"187":{"start":{"line":419,"column":11},"end":{"line":419,"column":23}},"188":{"start":{"line":421,"column":11},"end":{"line":421,"column":23}},"189":{"start":{"line":423,"column":13},"end":{"line":423,"column":25}},"190":{"start":{"line":425,"column":13},"end":{"line":425,"column":25}},"191":{"start":{"line":427,"column":13},"end":{"line":427,"column":25}},"192":{"start":{"line":429,"column":13},"end":{"line":429,"column":26}},"193":{"start":{"line":431,"column":16},"end":{"line":431,"column":29}},"194":{"start":{"line":433,"column":16},"end":{"line":433,"column":29}},"195":{"start":{"line":435,"column":16},"end":{"line":435,"column":29}},"196":{"start":{"line":437,"column":16},"end":{"line":437,"column":29}},"197":{"start":{"line":439,"column":30},"end":{"line":439,"column":42}},"198":{"start":{"line":441,"column":13},"end":{"line":441,"column":25}},"199":{"start":{"line":443,"column":24},"end":{"line":443,"column":36}},"200":{"start":{"line":445,"column":14},"end":{"line":445,"column":26}},"201":{"start":{"line":447,"column":14},"end":{"line":447,"column":26}},"202":{"start":{"line":449,"column":21},"end":{"line":449,"column":33}},"203":{"start":{"line":451,"column":25},"end":{"line":451,"column":37}},"204":{"start":{"line":453,"column":13},"end":{"line":453,"column":25}},"205":{"start":{"line":455,"column":12},"end":{"line":455,"column":24}},"206":{"start":{"line":457,"column":13},"end":{"line":457,"column":25}},"207":{"start":{"line":459,"column":0},"end":{"line":459,"column":20}},"208":{"start":{"line":460,"column":0},"end":{"line":460,"column":26}},"209":{"start":{"line":461,"column":0},"end":{"line":461,"column":30}},"210":{"start":{"line":462,"column":0},"end":{"line":462,"column":28}},"211":{"start":{"line":463,"column":0},"end":{"line":463,"column":24}},"212":{"start":{"line":464,"column":0},"end":{"line":464,"column":30}},"213":{"start":{"line":465,"column":0},"end":{"line":465,"column":34}},"214":{"start":{"line":466,"column":0},"end":{"line":466,"column":32}},"215":{"start":{"line":467,"column":0},"end":{"line":467,"column":24}},"216":{"start":{"line":468,"column":0},"end":{"line":468,"column":24}},"217":{"start":{"line":469,"column":0},"end":{"line":469,"column":24}},"218":{"start":{"line":470,"column":0},"end":{"line":470,"column":24}},"219":{"start":{"line":471,"column":0},"end":{"line":471,"column":28}},"220":{"start":{"line":472,"column":0},"end":{"line":472,"column":36}},"221":{"start":{"line":473,"column":0},"end":{"line":473,"column":34}},"222":{"start":{"line":474,"column":0},"end":{"line":474,"column":20}},"223":{"start":{"line":475,"column":0},"end":{"line":475,"column":28}},"224":{"start":{"line":476,"column":0},"end":{"line":476,"column":34}},"225":{"start":{"line":477,"column":0},"end":{"line":477,"column":42}},"226":{"start":{"line":478,"column":0},"end":{"line":478,"column":18}},"227":{"start":{"line":479,"column":0},"end":{"line":479,"column":26}},"228":{"start":{"line":480,"column":0},"end":{"line":480,"column":50}},"229":{"start":{"line":481,"column":0},"end":{"line":481,"column":26}},"230":{"start":{"line":482,"column":0},"end":{"line":482,"column":24}},"231":{"start":{"line":483,"column":0},"end":{"line":483,"column":30}},"232":{"start":{"line":484,"column":0},"end":{"line":484,"column":28}},"233":{"start":{"line":485,"column":0},"end":{"line":485,"column":20}},"234":{"start":{"line":486,"column":0},"end":{"line":486,"column":22}},"235":{"start":{"line":487,"column":0},"end":{"line":487,"column":22}},"236":{"start":{"line":488,"column":0},"end":{"line":488,"column":46}},"237":{"start":{"line":489,"column":0},"end":{"line":489,"column":32}},"238":{"start":{"line":490,"column":0},"end":{"line":490,"column":34}},"239":{"start":{"line":491,"column":0},"end":{"line":491,"column":20}},"240":{"start":{"line":492,"column":0},"end":{"line":492,"column":20}},"241":{"start":{"line":493,"column":0},"end":{"line":493,"column":20}},"242":{"start":{"line":494,"column":0},"end":{"line":494,"column":20}},"243":{"start":{"line":495,"column":0},"end":{"line":495,"column":24}},"244":{"start":{"line":496,"column":0},"end":{"line":496,"column":24}},"245":{"start":{"line":497,"column":0},"end":{"line":497,"column":24}},"246":{"start":{"line":498,"column":0},"end":{"line":498,"column":24}},"247":{"start":{"line":499,"column":0},"end":{"line":499,"column":30}},"248":{"start":{"line":500,"column":0},"end":{"line":500,"column":30}},"249":{"start":{"line":501,"column":0},"end":{"line":501,"column":30}},"250":{"start":{"line":502,"column":0},"end":{"line":502,"column":30}},"251":{"start":{"line":503,"column":0},"end":{"line":503,"column":20}},"252":{"start":{"line":504,"column":0},"end":{"line":504,"column":34}},"253":{"start":{"line":505,"column":0},"end":{"line":505,"column":58}},"254":{"start":{"line":506,"column":0},"end":{"line":506,"column":24}},"255":{"start":{"line":507,"column":0},"end":{"line":507,"column":20}},"256":{"start":{"line":508,"column":0},"end":{"line":508,"column":22}},"257":{"start":{"line":509,"column":0},"end":{"line":509,"column":46}},"258":{"start":{"line":510,"column":0},"end":{"line":510,"column":26}},"259":{"start":{"line":511,"column":0},"end":{"line":511,"column":26}},"260":{"start":{"line":512,"column":0},"end":{"line":512,"column":40}},"261":{"start":{"line":513,"column":0},"end":{"line":513,"column":48}},"262":{"start":{"line":514,"column":0},"end":{"line":514,"column":24}},"263":{"start":{"line":515,"column":0},"end":{"line":515,"column":22}},"264":{"start":{"line":516,"column":0},"end":{"line":516,"column":24}},"265":{"start":{"line":517,"column":0},"end":{"line":517,"column":18}},"266":{"start":{"line":518,"column":0},"end":{"line":518,"column":18}},"267":{"start":{"line":519,"column":0},"end":{"line":519,"column":20}},"268":{"start":{"line":520,"column":0},"end":{"line":520,"column":16}},"269":{"start":{"line":521,"column":0},"end":{"line":521,"column":24}},"270":{"start":{"line":522,"column":0},"end":{"line":522,"column":20}},"271":{"start":{"line":523,"column":0},"end":{"line":523,"column":22}}},"fnMap":{"0":{"name":"reloading","decl":{"start":{"line":12,"column":9},"end":{"line":12,"column":18}},"loc":{"start":{"line":12,"column":22},"end":{"line":14,"column":1}},"line":12},"1":{"name":"complete","decl":{"start":{"line":16,"column":9},"end":{"line":16,"column":17}},"loc":{"start":{"line":16,"column":21},"end":{"line":18,"column":1}},"line":16},"2":{"name":"isInit","decl":{"start":{"line":20,"column":9},"end":{"line":20,"column":15}},"loc":{"start":{"line":20,"column":23},"end":{"line":26,"column":1}},"line":20},"3":{"name":"isLoading","decl":{"start":{"line":28,"column":9},"end":{"line":28,"column":18}},"loc":{"start":{"line":28,"column":26},"end":{"line":34,"column":1}},"line":28},"4":{"name":"isReloading","decl":{"start":{"line":36,"column":9},"end":{"line":36,"column":20}},"loc":{"start":{"line":36,"column":28},"end":{"line":42,"column":1}},"line":36},"5":{"name":"isComplete","decl":{"start":{"line":44,"column":9},"end":{"line":44,"column":19}},"loc":{"start":{"line":44,"column":27},"end":{"line":50,"column":1}},"line":44},"6":{"name":"isBusy","decl":{"start":{"line":52,"column":9},"end":{"line":52,"column":15}},"loc":{"start":{"line":52,"column":23},"end":{"line":64,"column":1}},"line":52},"7":{"name":"isIdle","decl":{"start":{"line":66,"column":9},"end":{"line":66,"column":15}},"loc":{"start":{"line":66,"column":20},"end":{"line":68,"column":1}},"line":66},"8":{"name":"toBusy","decl":{"start":{"line":70,"column":9},"end":{"line":70,"column":15}},"loc":{"start":{"line":70,"column":19},"end":{"line":82,"column":1}},"line":70},"9":{"name":"toIdle","decl":{"start":{"line":84,"column":9},"end":{"line":84,"column":15}},"loc":{"start":{"line":84,"column":19},"end":{"line":96,"column":1}},"line":84},"10":{"name":"getValue","decl":{"start":{"line":98,"column":9},"end":{"line":98,"column":17}},"loc":{"start":{"line":98,"column":25},"end":{"line":104,"column":1}},"line":98},"11":{"name":"getReloading","decl":{"start":{"line":106,"column":9},"end":{"line":106,"column":21}},"loc":{"start":{"line":106,"column":29},"end":{"line":112,"column":1}},"line":106},"12":{"name":"getComplete","decl":{"start":{"line":114,"column":9},"end":{"line":114,"column":20}},"loc":{"start":{"line":114,"column":28},"end":{"line":120,"column":1}},"line":114},"13":{"name":"fold","decl":{"start":{"line":122,"column":9},"end":{"line":122,"column":13}},"loc":{"start":{"line":122,"column":68},"end":{"line":134,"column":1}},"line":122},"14":{"name":"foldLazy","decl":{"start":{"line":136,"column":9},"end":{"line":136,"column":17}},"loc":{"start":{"line":136,"column":66},"end":{"line":148,"column":1}},"line":136},"15":{"name":"foldByValue","decl":{"start":{"line":150,"column":9},"end":{"line":150,"column":20}},"loc":{"start":{"line":150,"column":48},"end":{"line":152,"column":1}},"line":150},"16":{"name":"foldByValueLazy","decl":{"start":{"line":154,"column":9},"end":{"line":154,"column":24}},"loc":{"start":{"line":154,"column":49},"end":{"line":156,"column":1}},"line":154},"17":{"name":"map","decl":{"start":{"line":158,"column":9},"end":{"line":158,"column":12}},"loc":{"start":{"line":158,"column":20},"end":{"line":170,"column":1}},"line":158},"18":{"name":"apply","decl":{"start":{"line":176,"column":9},"end":{"line":176,"column":14}},"loc":{"start":{"line":176,"column":23},"end":{"line":205,"column":1}},"line":176},"19":{"name":"pure","decl":{"start":{"line":214,"column":9},"end":{"line":214,"column":13}},"loc":{"start":{"line":214,"column":17},"end":{"line":216,"column":1}},"line":214},"20":{"name":"bind","decl":{"start":{"line":226,"column":9},"end":{"line":226,"column":13}},"loc":{"start":{"line":226,"column":21},"end":{"line":236,"column":1}},"line":226},"21":{"name":"alt","decl":{"start":{"line":247,"column":9},"end":{"line":247,"column":12}},"loc":{"start":{"line":247,"column":21},"end":{"line":269,"column":1}},"line":247},"22":{"name":"eqBy","decl":{"start":{"line":278,"column":9},"end":{"line":278,"column":13}},"loc":{"start":{"line":278,"column":29},"end":{"line":302,"column":1}},"line":278},"23":{"name":"Eq","decl":{"start":{"line":304,"column":9},"end":{"line":304,"column":11}},"loc":{"start":{"line":304,"column":15},"end":{"line":310,"column":1}},"line":304},"24":{"name":"(anonymous_24)","decl":{"start":{"line":306,"column":11},"end":{"line":306,"column":12}},"loc":{"start":{"line":306,"column":37},"end":{"line":308,"column":3}},"line":306},"25":{"name":"showBy","decl":{"start":{"line":312,"column":9},"end":{"line":312,"column":15}},"loc":{"start":{"line":312,"column":27},"end":{"line":324,"column":1}},"line":312},"26":{"name":"Show","decl":{"start":{"line":326,"column":9},"end":{"line":326,"column":13}},"loc":{"start":{"line":326,"column":17},"end":{"line":332,"column":1}},"line":326},"27":{"name":"(anonymous_27)","decl":{"start":{"line":328,"column":13},"end":{"line":328,"column":14}},"loc":{"start":{"line":328,"column":30},"end":{"line":330,"column":3}},"line":328}},"branchMap":{"0":{"loc":{"start":{"line":21,"column":2},"end":{"line":25,"column":3}},"type":"if","locations":[{"start":{"line":21,"column":2},"end":{"line":25,"column":3}},{"start":{"line":21,"column":2},"end":{"line":25,"column":3}}],"line":21},"1":{"loc":{"start":{"line":29,"column":2},"end":{"line":33,"column":3}},"type":"if","locations":[{"start":{"line":29,"column":2},"end":{"line":33,"column":3}},{"start":{"line":29,"column":2},"end":{"line":33,"column":3}}],"line":29},"2":{"loc":{"start":{"line":37,"column":2},"end":{"line":41,"column":3}},"type":"if","locations":[{"start":{"line":37,"column":2},"end":{"line":41,"column":3}},{"start":{"line":37,"column":2},"end":{"line":41,"column":3}}],"line":37},"3":{"loc":{"start":{"line":37,"column":6},"end":{"line":37,"column":44}},"type":"binary-expr","locations":[{"start":{"line":37,"column":6},"end":{"line":37,"column":31}},{"start":{"line":37,"column":35},"end":{"line":37,"column":44}}],"line":37},"4":{"loc":{"start":{"line":45,"column":2},"end":{"line":49,"column":3}},"type":"if","locations":[{"start":{"line":45,"column":2},"end":{"line":49,"column":3}},{"start":{"line":45,"column":2},"end":{"line":49,"column":3}}],"line":45},"5":{"loc":{"start":{"line":45,"column":6},"end":{"line":45,"column":50}},"type":"binary-expr","locations":[{"start":{"line":45,"column":6},"end":{"line":45,"column":31}},{"start":{"line":45,"column":35},"end":{"line":45,"column":50}}],"line":45},"6":{"loc":{"start":{"line":53,"column":2},"end":{"line":63,"column":3}},"type":"if","locations":[{"start":{"line":53,"column":2},"end":{"line":63,"column":3}},{"start":{"line":53,"column":2},"end":{"line":63,"column":3}}],"line":53},"7":{"loc":{"start":{"line":54,"column":4},"end":{"line":58,"column":5}},"type":"if","locations":[{"start":{"line":54,"column":4},"end":{"line":58,"column":5}},{"start":{"line":54,"column":4},"end":{"line":58,"column":5}}],"line":54},"8":{"loc":{"start":{"line":59,"column":9},"end":{"line":63,"column":3}},"type":"if","locations":[{"start":{"line":59,"column":9},"end":{"line":63,"column":3}},{"start":{"line":59,"column":9},"end":{"line":63,"column":3}}],"line":59},"9":{"loc":{"start":{"line":71,"column":2},"end":{"line":81,"column":3}},"type":"if","locations":[{"start":{"line":71,"column":2},"end":{"line":81,"column":3}},{"start":{"line":71,"column":2},"end":{"line":81,"column":3}}],"line":71},"10":{"loc":{"start":{"line":72,"column":4},"end":{"line":76,"column":5}},"type":"if","locations":[{"start":{"line":72,"column":4},"end":{"line":76,"column":5}},{"start":{"line":72,"column":4},"end":{"line":76,"column":5}}],"line":72},"11":{"loc":{"start":{"line":77,"column":9},"end":{"line":81,"column":3}},"type":"if","locations":[{"start":{"line":77,"column":9},"end":{"line":81,"column":3}},{"start":{"line":77,"column":9},"end":{"line":81,"column":3}}],"line":77},"12":{"loc":{"start":{"line":85,"column":2},"end":{"line":95,"column":3}},"type":"if","locations":[{"start":{"line":85,"column":2},"end":{"line":95,"column":3}},{"start":{"line":85,"column":2},"end":{"line":95,"column":3}}],"line":85},"13":{"loc":{"start":{"line":86,"column":4},"end":{"line":90,"column":5}},"type":"if","locations":[{"start":{"line":86,"column":4},"end":{"line":90,"column":5}},{"start":{"line":86,"column":4},"end":{"line":90,"column":5}}],"line":86},"14":{"loc":{"start":{"line":91,"column":9},"end":{"line":95,"column":3}},"type":"if","locations":[{"start":{"line":91,"column":9},"end":{"line":95,"column":3}},{"start":{"line":91,"column":9},"end":{"line":95,"column":3}}],"line":91},"15":{"loc":{"start":{"line":99,"column":2},"end":{"line":103,"column":3}},"type":"if","locations":[{"start":{"line":99,"column":2},"end":{"line":103,"column":3}},{"start":{"line":99,"column":2},"end":{"line":103,"column":3}}],"line":99},"16":{"loc":{"start":{"line":107,"column":2},"end":{"line":111,"column":3}},"type":"if","locations":[{"start":{"line":107,"column":2},"end":{"line":111,"column":3}},{"start":{"line":107,"column":2},"end":{"line":111,"column":3}}],"line":107},"17":{"loc":{"start":{"line":107,"column":6},"end":{"line":107,"column":44}},"type":"binary-expr","locations":[{"start":{"line":107,"column":6},"end":{"line":107,"column":31}},{"start":{"line":107,"column":35},"end":{"line":107,"column":44}}],"line":107},"18":{"loc":{"start":{"line":115,"column":2},"end":{"line":119,"column":3}},"type":"if","locations":[{"start":{"line":115,"column":2},"end":{"line":119,"column":3}},{"start":{"line":115,"column":2},"end":{"line":119,"column":3}}],"line":115},"19":{"loc":{"start":{"line":115,"column":6},"end":{"line":115,"column":50}},"type":"binary-expr","locations":[{"start":{"line":115,"column":6},"end":{"line":115,"column":31}},{"start":{"line":115,"column":35},"end":{"line":115,"column":50}}],"line":115},"20":{"loc":{"start":{"line":123,"column":2},"end":{"line":133,"column":3}},"type":"if","locations":[{"start":{"line":123,"column":2},"end":{"line":133,"column":3}},{"start":{"line":123,"column":2},"end":{"line":133,"column":3}}],"line":123},"21":{"loc":{"start":{"line":124,"column":4},"end":{"line":128,"column":5}},"type":"if","locations":[{"start":{"line":124,"column":4},"end":{"line":128,"column":5}},{"start":{"line":124,"column":4},"end":{"line":128,"column":5}}],"line":124},"22":{"loc":{"start":{"line":129,"column":9},"end":{"line":133,"column":3}},"type":"if","locations":[{"start":{"line":129,"column":9},"end":{"line":133,"column":3}},{"start":{"line":129,"column":9},"end":{"line":133,"column":3}}],"line":129},"23":{"loc":{"start":{"line":137,"column":2},"end":{"line":147,"column":3}},"type":"if","locations":[{"start":{"line":137,"column":2},"end":{"line":147,"column":3}},{"start":{"line":137,"column":2},"end":{"line":147,"column":3}}],"line":137},"24":{"loc":{"start":{"line":138,"column":4},"end":{"line":142,"column":5}},"type":"if","locations":[{"start":{"line":138,"column":4},"end":{"line":142,"column":5}},{"start":{"line":138,"column":4},"end":{"line":142,"column":5}}],"line":138},"25":{"loc":{"start":{"line":143,"column":9},"end":{"line":147,"column":3}},"type":"if","locations":[{"start":{"line":143,"column":9},"end":{"line":147,"column":3}},{"start":{"line":143,"column":9},"end":{"line":147,"column":3}}],"line":143},"26":{"loc":{"start":{"line":159,"column":2},"end":{"line":169,"column":3}},"type":"if","locations":[{"start":{"line":159,"column":2},"end":{"line":169,"column":3}},{"start":{"line":159,"column":2},"end":{"line":169,"column":3}}],"line":159},"27":{"loc":{"start":{"line":160,"column":4},"end":{"line":164,"column":5}},"type":"if","locations":[{"start":{"line":160,"column":4},"end":{"line":164,"column":5}},{"start":{"line":160,"column":4},"end":{"line":164,"column":5}}],"line":160},"28":{"loc":{"start":{"line":165,"column":9},"end":{"line":169,"column":3}},"type":"if","locations":[{"start":{"line":165,"column":9},"end":{"line":169,"column":3}},{"start":{"line":165,"column":9},"end":{"line":169,"column":3}}],"line":165},"29":{"loc":{"start":{"line":177,"column":2},"end":{"line":204,"column":3}},"type":"if","locations":[{"start":{"line":177,"column":2},"end":{"line":204,"column":3}},{"start":{"line":177,"column":2},"end":{"line":204,"column":3}}],"line":177},"30":{"loc":{"start":{"line":178,"column":4},"end":{"line":182,"column":5}},"type":"if","locations":[{"start":{"line":178,"column":4},"end":{"line":182,"column":5}},{"start":{"line":178,"column":4},"end":{"line":182,"column":5}}],"line":178},"31":{"loc":{"start":{"line":178,"column":8},"end":{"line":178,"column":57}},"type":"binary-expr","locations":[{"start":{"line":178,"column":8},"end":{"line":178,"column":16}},{"start":{"line":178,"column":20},"end":{"line":178,"column":57}}],"line":178},"32":{"loc":{"start":{"line":178,"column":22},"end":{"line":178,"column":56}},"type":"binary-expr","locations":[{"start":{"line":178,"column":22},"end":{"line":178,"column":44}},{"start":{"line":178,"column":48},"end":{"line":178,"column":56}}],"line":178},"33":{"loc":{"start":{"line":183,"column":9},"end":{"line":204,"column":3}},"type":"if","locations":[{"start":{"line":183,"column":9},"end":{"line":204,"column":3}},{"start":{"line":183,"column":9},"end":{"line":204,"column":3}}],"line":183},"34":{"loc":{"start":{"line":185,"column":4},"end":{"line":195,"column":5}},"type":"if","locations":[{"start":{"line":185,"column":4},"end":{"line":195,"column":5}},{"start":{"line":185,"column":4},"end":{"line":195,"column":5}}],"line":185},"35":{"loc":{"start":{"line":186,"column":6},"end":{"line":190,"column":7}},"type":"if","locations":[{"start":{"line":186,"column":6},"end":{"line":190,"column":7}},{"start":{"line":186,"column":6},"end":{"line":190,"column":7}}],"line":186},"36":{"loc":{"start":{"line":191,"column":11},"end":{"line":195,"column":5}},"type":"if","locations":[{"start":{"line":191,"column":11},"end":{"line":195,"column":5}},{"start":{"line":191,"column":11},"end":{"line":195,"column":5}}],"line":191},"37":{"loc":{"start":{"line":196,"column":9},"end":{"line":204,"column":3}},"type":"if","locations":[{"start":{"line":196,"column":9},"end":{"line":204,"column":3}},{"start":{"line":196,"column":9},"end":{"line":204,"column":3}}],"line":196},"38":{"loc":{"start":{"line":197,"column":4},"end":{"line":201,"column":5}},"type":"if","locations":[{"start":{"line":197,"column":4},"end":{"line":201,"column":5}},{"start":{"line":197,"column":4},"end":{"line":201,"column":5}}],"line":197},"39":{"loc":{"start":{"line":227,"column":2},"end":{"line":235,"column":3}},"type":"if","locations":[{"start":{"line":227,"column":2},"end":{"line":235,"column":3}},{"start":{"line":227,"column":2},"end":{"line":235,"column":3}}],"line":227},"40":{"loc":{"start":{"line":228,"column":4},"end":{"line":232,"column":5}},"type":"if","locations":[{"start":{"line":228,"column":4},"end":{"line":232,"column":5}},{"start":{"line":228,"column":4},"end":{"line":232,"column":5}}],"line":228},"41":{"loc":{"start":{"line":248,"column":2},"end":{"line":268,"column":3}},"type":"if","locations":[{"start":{"line":248,"column":2},"end":{"line":268,"column":3}},{"start":{"line":248,"column":2},"end":{"line":268,"column":3}}],"line":248},"42":{"loc":{"start":{"line":249,"column":4},"end":{"line":263,"column":5}},"type":"if","locations":[{"start":{"line":249,"column":4},"end":{"line":263,"column":5}},{"start":{"line":249,"column":4},"end":{"line":263,"column":5}}],"line":249},"43":{"loc":{"start":{"line":250,"column":6},"end":{"line":258,"column":7}},"type":"if","locations":[{"start":{"line":250,"column":6},"end":{"line":258,"column":7}},{"start":{"line":250,"column":6},"end":{"line":258,"column":7}}],"line":250},"44":{"loc":{"start":{"line":251,"column":8},"end":{"line":255,"column":9}},"type":"if","locations":[{"start":{"line":251,"column":8},"end":{"line":255,"column":9}},{"start":{"line":251,"column":8},"end":{"line":255,"column":9}}],"line":251},"45":{"loc":{"start":{"line":259,"column":11},"end":{"line":263,"column":5}},"type":"if","locations":[{"start":{"line":259,"column":11},"end":{"line":263,"column":5}},{"start":{"line":259,"column":11},"end":{"line":263,"column":5}}],"line":259},"46":{"loc":{"start":{"line":264,"column":9},"end":{"line":268,"column":3}},"type":"if","locations":[{"start":{"line":264,"column":9},"end":{"line":268,"column":3}},{"start":{"line":264,"column":9},"end":{"line":268,"column":3}}],"line":264},"47":{"loc":{"start":{"line":264,"column":13},"end":{"line":264,"column":61}},"type":"binary-expr","locations":[{"start":{"line":264,"column":13},"end":{"line":264,"column":19}},{"start":{"line":264,"column":23},"end":{"line":264,"column":45}},{"start":{"line":264,"column":49},"end":{"line":264,"column":61}}],"line":264},"48":{"loc":{"start":{"line":279,"column":2},"end":{"line":301,"column":3}},"type":"if","locations":[{"start":{"line":279,"column":2},"end":{"line":301,"column":3}},{"start":{"line":279,"column":2},"end":{"line":301,"column":3}}],"line":279},"49":{"loc":{"start":{"line":280,"column":4},"end":{"line":290,"column":5}},"type":"if","locations":[{"start":{"line":280,"column":4},"end":{"line":290,"column":5}},{"start":{"line":280,"column":4},"end":{"line":290,"column":5}}],"line":280},"50":{"loc":{"start":{"line":281,"column":6},"end":{"line":285,"column":7}},"type":"if","locations":[{"start":{"line":281,"column":6},"end":{"line":285,"column":7}},{"start":{"line":281,"column":6},"end":{"line":285,"column":7}}],"line":281},"51":{"loc":{"start":{"line":286,"column":11},"end":{"line":290,"column":5}},"type":"if","locations":[{"start":{"line":286,"column":11},"end":{"line":290,"column":5}},{"start":{"line":286,"column":11},"end":{"line":290,"column":5}}],"line":286},"52":{"loc":{"start":{"line":291,"column":9},"end":{"line":301,"column":3}},"type":"if","locations":[{"start":{"line":291,"column":9},"end":{"line":301,"column":3}},{"start":{"line":291,"column":9},"end":{"line":301,"column":3}}],"line":291},"53":{"loc":{"start":{"line":292,"column":4},"end":{"line":296,"column":5}},"type":"if","locations":[{"start":{"line":292,"column":4},"end":{"line":296,"column":5}},{"start":{"line":292,"column":4},"end":{"line":296,"column":5}}],"line":292},"54":{"loc":{"start":{"line":292,"column":8},"end":{"line":292,"column":44}},"type":"binary-expr","locations":[{"start":{"line":292,"column":8},"end":{"line":292,"column":29}},{"start":{"line":292,"column":33},"end":{"line":292,"column":44}}],"line":292},"55":{"loc":{"start":{"line":297,"column":9},"end":{"line":301,"column":3}},"type":"if","locations":[{"start":{"line":297,"column":9},"end":{"line":301,"column":3}},{"start":{"line":297,"column":9},"end":{"line":301,"column":3}}],"line":297},"56":{"loc":{"start":{"line":297,"column":13},"end":{"line":297,"column":43}},"type":"binary-expr","locations":[{"start":{"line":297,"column":13},"end":{"line":297,"column":34}},{"start":{"line":297,"column":38},"end":{"line":297,"column":43}}],"line":297},"57":{"loc":{"start":{"line":313,"column":2},"end":{"line":323,"column":3}},"type":"if","locations":[{"start":{"line":313,"column":2},"end":{"line":323,"column":3}},{"start":{"line":313,"column":2},"end":{"line":323,"column":3}}],"line":313},"58":{"loc":{"start":{"line":314,"column":4},"end":{"line":318,"column":5}},"type":"if","locations":[{"start":{"line":314,"column":4},"end":{"line":318,"column":5}},{"start":{"line":314,"column":4},"end":{"line":318,"column":5}}],"line":314},"59":{"loc":{"start":{"line":319,"column":9},"end":{"line":323,"column":3}},"type":"if","locations":[{"start":{"line":319,"column":9},"end":{"line":323,"column":3}},{"start":{"line":319,"column":9},"end":{"line":323,"column":3}}],"line":319}},"s":{"0":2,"1":2,"2":2,"3":2,"4":2,"5":2,"6":2,"7":2,"8":11,"9":18,"10":4,"11":2,"12":2,"13":4,"14":2,"15":2,"16":4,"17":3,"18":1,"19":4,"20":3,"21":1,"22":8,"23":4,"24":2,"25":2,"26":4,"27":2,"28":2,"29":4,"30":4,"31":2,"32":1,"33":1,"34":2,"35":1,"36":1,"37":4,"38":2,"39":1,"40":1,"41":2,"42":1,"43":1,"44":4,"45":2,"46":2,"47":4,"48":3,"49":1,"50":4,"51":3,"52":1,"53":8,"54":4,"55":2,"56":2,"57":4,"58":2,"59":2,"60":8,"61":4,"62":2,"63":2,"64":4,"65":2,"66":2,"67":4,"68":4,"69":5,"70":3,"71":3,"72":0,"73":2,"74":0,"75":2,"76":2,"77":2,"78":5,"79":3,"80":2,"81":1,"82":2,"83":0,"84":0,"85":0,"86":0,"87":0,"88":0,"89":0,"90":0,"91":2,"92":0,"93":0,"94":0,"95":2,"96":2,"97":2,"98":0,"99":2,"100":2,"101":0,"102":0,"103":0,"104":0,"105":0,"106":2,"107":2,"108":0,"109":0,"110":0,"111":0,"112":0,"113":0,"114":0,"115":0,"116":0,"117":0,"118":0,"119":0,"120":0,"121":2,"122":2,"123":6,"124":2,"125":2,"126":2,"127":0,"128":0,"129":0,"130":0,"131":4,"132":3,"133":0,"134":3,"135":1,"136":1,"137":0,"138":0,"139":0,"140":0,"141":0,"142":0,"143":0,"144":0,"145":0,"146":0,"147":0,"148":0,"149":0,"150":0,"151":0,"152":0,"153":2,"154":2,"155":2,"156":2,"157":2,"158":2,"159":2,"160":2,"161":2,"162":2,"163":2,"164":2,"165":2,"166":2,"167":2,"168":2,"169":2,"170":2,"171":2,"172":2,"173":2,"174":2,"175":2,"176":2,"177":2,"178":2,"179":2,"180":2,"181":2,"182":2,"183":2,"184":2,"185":2,"186":2,"187":2,"188":2,"189":2,"190":2,"191":2,"192":2,"193":2,"194":2,"195":2,"196":2,"197":2,"198":2,"199":2,"200":2,"201":2,"202":2,"203":2,"204":2,"205":2,"206":2,"207":2,"208":2,"209":2,"210":2,"211":2,"212":2,"213":2,"214":2,"215":2,"216":2,"217":2,"218":2,"219":2,"220":2,"221":2,"222":2,"223":2,"224":2,"225":2,"226":2,"227":2,"228":2,"229":2,"230":2,"231":2,"232":2,"233":2,"234":2,"235":2,"236":2,"237":2,"238":2,"239":2,"240":2,"241":2,"242":2,"243":2,"244":2,"245":2,"246":2,"247":2,"248":2,"249":2,"250":2,"251":2,"252":2,"253":2,"254":2,"255":2,"256":2,"257":2,"258":2,"259":2,"260":2,"261":2,"262":2,"263":2,"264":2,"265":2,"266":2,"267":2,"268":2,"269":2,"270":2,"271":2},"f":{"0":11,"1":18,"2":4,"3":4,"4":4,"5":4,"6":8,"7":4,"8":4,"9":4,"10":4,"11":4,"12":4,"13":8,"14":8,"15":4,"16":4,"17":5,"18":5,"19":0,"20":0,"21":0,"22":6,"23":0,"24":0,"25":0,"26":0,"27":0},"b":{"0":[2,2],"1":[2,2],"2":[3,1],"3":[4,2],"4":[3,1],"5":[4,2],"6":[4,4],"7":[2,2],"8":[2,2],"9":[2,2],"10":[1,1],"11":[1,1],"12":[2,2],"13":[1,1],"14":[1,1],"15":[2,2],"16":[3,1],"17":[4,2],"18":[3,1],"19":[4,2],"20":[4,4],"21":[2,2],"22":[2,2],"23":[4,4],"24":[2,2],"25":[2,2],"26":[3,2],"27":[3,0],"28":[0,2],"29":[3,2],"30":[2,1],"31":[3,3],"32":[3,2],"33":[0,2],"34":[0,0],"35":[0,0],"36":[0,0],"37":[0,2],"38":[0,0],"39":[0,0],"40":[0,0],"41":[0,0],"42":[0,0],"43":[0,0],"44":[0,0],"45":[0,0],"46":[0,0],"47":[0,0,0],"48":[2,4],"49":[2,0],"50":[2,0],"51":[0,0],"52":[3,1],"53":[0,3],"54":[3,3],"55":[1,0],"56":[1,1],"57":[0,0],"58":[0,0],"59":[0,0]},"_coverageSchema":"43e27e138ebf9cfc5966b082cf9a028302ed4184","hash":"65a773bec1ccbcbd4842dcc66189d9ba41d8f054"}
,"/home/awhite/dev/andywhite37/relude/lib/js/src/Relude_AsyncResult.bs.js": {"path":"/home/awhite/dev/andywhite37/relude/lib/js/src/Relude_AsyncResult.bs.js","statementMap":{"0":{"start":{"line":3,"column":12},"end":{"line":3,"column":50}},"1":{"start":{"line":4,"column":12},"end":{"line":4,"column":50}},"2":{"start":{"line":5,"column":18},"end":{"line":5,"column":62}},"3":{"start":{"line":6,"column":20},"end":{"line":6,"column":52}},"4":{"start":{"line":7,"column":23},"end":{"line":7,"column":58}},"5":{"start":{"line":8,"column":30},"end":{"line":8,"column":83}},"6":{"start":{"line":9,"column":30},"end":{"line":9,"column":83}},"7":{"start":{"line":10,"column":32},"end":{"line":10,"column":87}},"8":{"start":{"line":11,"column":36},"end":{"line":11,"column":95}},"9":{"start":{"line":14,"column":2},"end":{"line":14,"column":62}},"10":{"start":{"line":18,"column":2},"end":{"line":18,"column":65}},"11":{"start":{"line":22,"column":2},"end":{"line":22,"column":61}},"12":{"start":{"line":26,"column":2},"end":{"line":26,"column":64}},"13":{"start":{"line":30,"column":2},"end":{"line":34,"column":3}},"14":{"start":{"line":31,"column":4},"end":{"line":31,"column":17}},"15":{"start":{"line":33,"column":4},"end":{"line":33,"column":16}},"16":{"start":{"line":38,"column":2},"end":{"line":42,"column":3}},"17":{"start":{"line":39,"column":4},"end":{"line":39,"column":17}},"18":{"start":{"line":41,"column":4},"end":{"line":41,"column":16}},"19":{"start":{"line":46,"column":2},"end":{"line":50,"column":3}},"20":{"start":{"line":47,"column":4},"end":{"line":47,"column":17}},"21":{"start":{"line":49,"column":4},"end":{"line":49,"column":16}},"22":{"start":{"line":54,"column":2},"end":{"line":58,"column":3}},"23":{"start":{"line":55,"column":4},"end":{"line":55,"column":17}},"24":{"start":{"line":57,"column":4},"end":{"line":57,"column":16}},"25":{"start":{"line":62,"column":2},"end":{"line":66,"column":3}},"26":{"start":{"line":63,"column":4},"end":{"line":63,"column":17}},"27":{"start":{"line":65,"column":4},"end":{"line":65,"column":16}},"28":{"start":{"line":70,"column":2},"end":{"line":74,"column":3}},"29":{"start":{"line":71,"column":4},"end":{"line":71,"column":17}},"30":{"start":{"line":73,"column":4},"end":{"line":73,"column":16}},"31":{"start":{"line":78,"column":2},"end":{"line":87,"column":3}},"32":{"start":{"line":79,"column":4},"end":{"line":79,"column":21}},"33":{"start":{"line":81,"column":16},"end":{"line":81,"column":24}},"34":{"start":{"line":82,"column":4},"end":{"line":86,"column":5}},"35":{"start":{"line":83,"column":6},"end":{"line":83,"column":23}},"36":{"start":{"line":85,"column":6},"end":{"line":85,"column":40}},"37":{"start":{"line":91,"column":2},"end":{"line":100,"column":3}},"38":{"start":{"line":92,"column":4},"end":{"line":92,"column":21}},"39":{"start":{"line":94,"column":16},"end":{"line":94,"column":24}},"40":{"start":{"line":95,"column":4},"end":{"line":99,"column":5}},"41":{"start":{"line":96,"column":6},"end":{"line":96,"column":40}},"42":{"start":{"line":98,"column":6},"end":{"line":98,"column":23}},"43":{"start":{"line":104,"column":2},"end":{"line":113,"column":3}},"44":{"start":{"line":105,"column":4},"end":{"line":105,"column":21}},"45":{"start":{"line":107,"column":16},"end":{"line":107,"column":24}},"46":{"start":{"line":108,"column":4},"end":{"line":112,"column":5}},"47":{"start":{"line":109,"column":6},"end":{"line":109,"column":23}},"48":{"start":{"line":111,"column":6},"end":{"line":111,"column":40}},"49":{"start":{"line":117,"column":2},"end":{"line":126,"column":3}},"50":{"start":{"line":118,"column":4},"end":{"line":118,"column":21}},"51":{"start":{"line":120,"column":16},"end":{"line":120,"column":24}},"52":{"start":{"line":121,"column":4},"end":{"line":125,"column":5}},"53":{"start":{"line":122,"column":6},"end":{"line":122,"column":40}},"54":{"start":{"line":124,"column":6},"end":{"line":124,"column":23}},"55":{"start":{"line":130,"column":2},"end":{"line":139,"column":3}},"56":{"start":{"line":131,"column":4},"end":{"line":131,"column":21}},"57":{"start":{"line":133,"column":16},"end":{"line":133,"column":24}},"58":{"start":{"line":134,"column":4},"end":{"line":138,"column":5}},"59":{"start":{"line":135,"column":6},"end":{"line":135,"column":23}},"60":{"start":{"line":137,"column":6},"end":{"line":137,"column":40}},"61":{"start":{"line":143,"column":2},"end":{"line":152,"column":3}},"62":{"start":{"line":144,"column":4},"end":{"line":144,"column":21}},"63":{"start":{"line":146,"column":16},"end":{"line":146,"column":24}},"64":{"start":{"line":147,"column":4},"end":{"line":151,"column":5}},"65":{"start":{"line":148,"column":6},"end":{"line":148,"column":40}},"66":{"start":{"line":150,"column":6},"end":{"line":150,"column":23}},"67":{"start":{"line":156,"column":2},"en
[...]
,"/home/awhite/dev/andywhite37/relude/lib/js/src/list/Relude_List_Instances.bs.js": {"path":"/home/awhite/dev/andywhite37/relude/lib/js/src/list/Relude_List_Instances.bs.js","statementMap":{"0":{"start":{"line":3,"column":12},"end":{"line":3,"column":50}},"1":{"start":{"line":4,"column":16},"end":{"line":4,"column":58}},"2":{"start":{"line":5,"column":22},"end":{"line":5,"column":82}},"3":{"start":{"line":6,"column":24},"end":{"line":6,"column":86}},"4":{"start":{"line":7,"column":28},"end":{"line":7,"column":80}},"5":{"start":{"line":8,"column":30},"end":{"line":8,"column":84}},"6":{"start":{"line":9,"column":30},"end":{"line":9,"column":84}},"7":{"start":{"line":10,"column":32},"end":{"line":10,"column":88}},"8":{"start":{"line":11,"column":33},"end":{"line":11,"column":90}},"9":{"start":{"line":12,"column":36},"end":{"line":12,"column":96}},"10":{"start":{"line":14,"column":13},"end":{"line":14,"column":29}},"11":{"start":{"line":16,"column":31},"end":{"line":16,"column":51}},"12":{"start":{"line":18,"column":28},"end":{"line":21,"column":1}},"13":{"start":{"line":23,"column":10},"end":{"line":23,"column":45}},"14":{"start":{"line":25,"column":26},"end":{"line":25,"column":40}},"15":{"start":{"line":27,"column":14},"end":{"line":27,"column":66}},"16":{"start":{"line":29,"column":12},"end":{"line":29,"column":47}},"17":{"start":{"line":31,"column":24},"end":{"line":34,"column":1}},"18":{"start":{"line":36,"column":16},"end":{"line":36,"column":62}},"19":{"start":{"line":38,"column":11},"end":{"line":38,"column":51}},"20":{"start":{"line":40,"column":30},"end":{"line":44,"column":1}},"21":{"start":{"line":46,"column":16},"end":{"line":46,"column":80}},"22":{"start":{"line":48,"column":11},"end":{"line":48,"column":49}},"23":{"start":{"line":50,"column":24},"end":{"line":55,"column":1}},"24":{"start":{"line":57,"column":16},"end":{"line":57,"column":62}},"25":{"start":{"line":59,"column":10},"end":{"line":59,"column":41}},"26":{"start":{"line":61,"column":22},"end":{"line":64,"column":1}},"27":{"start":{"line":66,"column":0},"end":{"line":66,"column":41}},"28":{"start":{"line":68,"column":23},"end":{"line":72,"column":1}},"29":{"start":{"line":74,"column":30},"end":{"line":80,"column":1}},"30":{"start":{"line":82,"column":15},"end":{"line":82,"column":57}},"31":{"start":{"line":84,"column":16},"end":{"line":84,"column":59}},"32":{"start":{"line":86,"column":33},"end":{"line":86,"column":74}},"33":{"start":{"line":88,"column":37},"end":{"line":88,"column":82}},"34":{"start":{"line":90,"column":38},"end":{"line":90,"column":84}},"35":{"start":{"line":92,"column":27},"end":{"line":98,"column":1}},"36":{"start":{"line":100,"column":16},"end":{"line":100,"column":71}},"37":{"start":{"line":102,"column":18},"end":{"line":102,"column":31}},"38":{"start":{"line":105,"column":2},"end":{"line":121,"column":3}},"39":{"start":{"line":106,"column":12},"end":{"line":106,"column":14}},"40":{"start":{"line":107,"column":12},"end":{"line":107,"column":14}},"41":{"start":{"line":108,"column":4},"end":{"line":120,"column":5}},"42":{"start":{"line":109,"column":6},"end":{"line":115,"column":7}},"43":{"start":{"line":110,"column":8},"end":{"line":110,"column":18}},"44":{"start":{"line":111,"column":8},"end":{"line":111,"column":18}},"45":{"start":{"line":112,"column":8},"end":{"line":112,"column":18}},"46":{"start":{"line":114,"column":8},"end":{"line":114,"column":21}},"47":{"start":{"line":116,"column":11},"end":{"line":120,"column":5}},"48":{"start":{"line":117,"column":6},"end":{"line":117,"column":19}},"49":{"start":{"line":119,"column":6},"end":{"line":119,"column":18}},"50":{"start":{"line":125,"column":2},"end":{"line":125,"column":38}},"51":{"start":{"line":129,"column":11},"end":{"line":131,"column":3}},"52":{"start":{"line":130,"column":4},"end":{"line":130,"column":40}},"53":{"start":{"line":132,"column":2},"end":{"line":132,"column":34}},"54":{"start":{"line":136,"column":13},"end":{"line":136,"column":60}},"55":{"start":{"line":137,"column":2},"end":{"line":137,"column":64}},"56":{"start":{"line":141,"column":2},"end":{"line":141,"column":40}},"57":{"start":{"line":145,"column":13},"end":{"line":147,"column":3}},"58":{"start":{"line":146,"column":4},"end":{"line":146,"column":42}},"59":{"start":{"line":148,"column":2},"end":{"line":148,"column":38}},"60":{"start":{"line":151,"column":27},"end":{"line":154,"column":1}},"61":{"start":{"line":156,"column":20},"end":{"line":156,"column":21}},"62":{"start":{"line":158,"column":26},"end":{"line":158,"column":36}},"63":{"start":{"line":160,"column":14},"end":{"line":160,"column":24}},"64":{"start":{"line":162,"column":13},"end":{"line":162,"column":23}},"65":{"start":{"line":164,"column":16},"end":{"line":164,"column":26}},"66":{"start":{"line":166,"column":15},"end":{"line":166,"column":25}},"67":{"start":{"line":168,"column":11},"end":{"line":168,"column":21}},"68":{"start":{"line":170,"column":24},"end":{"line":170,"column":36}},"69":{"start":{"line":172,"column":17},"end":{"line":172,"column":29}},"70":{"start":{"line":174,"column":18},"end":{"line":174,"column":30}},"71":{"start":{"line":176,"column":11},"end":{"line":176,"column":23}},"72":{"start":{"line":178,"column":11},"end":{"line":178,"column":23}},"73":{"start":{"line":180,"column":11},"end":{"line":180,"column":23}},"74":{"start":{"line":182,"column":11},"end":{"line":182,"column":23}},"75":{"start":{"line":184,"column":13},"end":{"line":184,"column":25}},"76":{"start":{"line":186,"column":13},"end":{"line":186,"column":25}},"77":{"start":{"line":188,"column":13},"end":{"line":188,"column":25}},"78":{"start":{"line":190,"column":13},"end":{"line":190,"column":26}},"79":{"start":{"line":192,"column":16},"end":{"line":192,"column":29}},"80":{"start":{"line":194,"column":16},"end":{"line":194,"column":29}},"81":{"start":{"line":196,"column":16},"end":{"line":196,"column":29}},"82":{"start":{"line":198,"column":16},"end":{"line":198,"column":29}},"83":{"start":{"line":200,"column":30},"end":{"line":200,"column":42}},"84":{"start":{"line":202,"column":13},"end":{"line":202,"column":25}},"85":{"start":{"line":204,"column":24},"end":{"line":204,"column":36}},"86":{"start":{"line":206,"column":14},"end":{"line":206,"column":26}},"87":{"start":{"line":208,"column":14},"end":{"line":208,"column":26}},"88":{"start":{"line":210,"column":21},"end":{"line":210,"column":33}},"89":{"start":{"line":212,"column":25},"end":{"line":212,"column":37}},"90":{"start":{"line":214,"column":13},"end":{"line":214,"column":25}},"91":{"start":{"line":216,"column":12},"end":{"line":216,"column":24}},"92":{"start":{"line":218,"column":13},"end":{"line":218,"column":25}},"93":{"start":{"line":220,"column":27},"end":{"line":220,"column":39}},"94":{"start":{"line":222,"column":10},"end":{"line":222,"column":22}},"95":{"start":{"line":224,"column":10},"end":{"line":224,"column":22}},"96":{"start":{"line":226,"column":17},"end":{"line":226,"column":29}},"97":{"start":{"line":228,"column":15},"end":{"line":228,"column":27}},"98":{"start":{"line":230,"column":16},"end":{"line":230,"column":28}},"99":{"start":{"line":232,"column":14},"end":{"line":232,"column":26}},"100":{"start":{"line":234,"column":12},"end":{"line":234,"column":24}},"101":{"start":{"line":236,"column":10},"end":{"line":236,"column":22}},"102":{"start":{"line":238,"column":12},"end":{"line":238,"column":24}},"103":{"start":{"line":240,"column":10},"end":{"line":240,"column":23}},"104":{"start":{"line":242,"column":14},"end":{"line":242,"column":27}},"105":{"start":{"line":244,"column":13},"end":{"line":244,"column":26}},"106":{"start":{"line":246,"column":14},"end":{"line":246,"column":27}},"107":{"start":{"line":248,"column":23},"end":{"line":248,"column":36}},"108":{"start":{"line":250,"column":11},"end":{"line":250,"column":24}},"109":{"start":{"line":252,"column":20},"end":{"line":252,"column":33}},"110":{"start":{"line":254,"column":13},"end":{"line":254,"column":26}},"111":{"start":{"line":256,"column":34},"end":{"line":256,"column":47}},"112":{"start":{"line":258,"column":31},"end":{"line":258,"column":44}},"113":{"start":{"line":260,"column":14},"end":{"line":260,"column":27}},"114":{"start":{"line":262,"column":21},"end":{"line":262,"column":34}},"115":{"start":{"line":264,"column":36},"end":{"line":264,"column":49}},"116":{"start":{"line":266,"column":30},"end":{"line":266,"column":43}},"117":{"start":{"line":268,"column":27},"end":{"line":268,"column":40}},"118":{"start":{"line":270,"column":28},"end":{"line":270,"column":41}},"119":{"start":{"line":272,"column":18},"end":{"line":272,"column":45}},"120":{"start":{"line":274,"column":16},"end":{"line":274,"column":35}},"121":{"start":{"line":276,"column":14},"end":{"line":276,"column":31}},"122":{"start":{"line":278,"column":0},"end":{"line":278,"column":24}},"123":{"start":{"line":279,"column":0},"end":{"line":279,"column":36}},"124":{"start":{"line":280,"column":0},"end":{"line":280,"column":22}},"125":{"start":{"line":281,"column":0},"end":{"line":281,"column":30}},"126":{"start":{"line":282,"column":0},"end":{"line":282,"column":18}},"127":{"start":{"line":283,"column":0},"end":{"line":283,"column":26}},"128":{"start":{"line":284,"column":0},"end":{"line":284,"column":50}},"129":{"start":{"line":285,"column":0},"end":{"line":285,"column":26}},"130":{"start":{"line":286,"column":0},"end":{"line":286,"column":24}},"131":{"start":{"line":287,"column":0},"end":{"line":287,"column":30}},"132":{"start":{"line":288,"column":0},"end":{"line":288,"column":28}},"133":{"start":{"line":289,"column":0},"end":{"line":289,"column":20}},"134":{"start":{"line":290,"column":0},"end":{"line":290,"column":22}},"135":{"start":{"line":291,"column":0},"end":{"line":291,"column":22}},"136":{"start":{"line":292,"column":0},"end":{"line":292,"column":46}},"137":{"start":{"line":293,"column":0},"end":{"line":293,"column":32}},"138":{"start":{"line":294,"column":0},"end":{"line":294,"column":34}},"139":{"start":{"line":295,"column":0},"end":{"line":295,"column":20}},"140":{"start":{"line":296,"column":0},"end":{"line":296,"column":20}},"141":{"start":{"line":297,"column":0},"end":{"line":297,"column":20}},"142":{"start":{"line":298,"column":0},"end":{"line":298,"column":20}},"143":{"start":{"line":299,"column":0},"end":{"line":299,"column":24}},"144":{"start":{"line":300,"column":0},"end":{"line":300,"column":24}},"145":{"start":{"line":301,"column":0},"end":{"line":301,"column":24}},"146":{"start":{"line":302,"column":0},"end":{"line":302,"column":24}},"147":{"start":{"line":303,"column":0},"end":{"line":303,"column":30}},"148":{"start":{"line":304,"column":0},"end":{"line":304,"column":30}},"149":{"start":{"line":305,"column":0},"end":{"line":305,"column":30}},"150":{"start":{"line":306,"column":0},"end":{"line":306,"column":30}},"151":{"start":{"line":307,"column":0},"end":{"line":307,"column":20}},"152":{"start":{"line":308,"column":0},"end":{"line":308,"column":34}},"153":{"start":{"line":309,"column":0},"end":{"line":309,"column":58}},"154":{"start":{"line":310,"column":0},"end":{"line":310,"column":24}},"155":{"start":{"line":311,"column":0},"end":{"line":311,"column":20}},"156":{"start":{"line":312,"column":0},"end":{"line":312,"column":22}},"157":{"start":{"line":313,"column":0},"end":{"line":313,"column":46}},"158":{"start":{"line":314,"column":0},"end":{"line":314,"column":26}},"159":{"start":{"line":315,"column":0},"end":{"line":315,"column":26}},"160":{"start":{"line":316,"column":0},"end":{"line":316,"column":40}},"161":{"start":{"line":317,"column":0},"end":{"line":317,"column":48}},"162":{"start":{"line":318,"column":0},"end":{"line":318,"column":24}},"163":{"start":{"line":319,"column":0},"end":{"line":319,"column":22}},"164":{"start":{"line":320,"column":0},"end":{"line":320,"column":24}},"165":{"start":{"line":321,"column":0},"end":{"line":321,"column":18}},"166":{"start":{"line":322,"column":0},"end":{"line":322,"column":18}},"167":{"start":{"line":323,"column":0},"end":{"line":323,"column":20}},"168":{"start":{"line":324,"column":0},"end":{"line":324,"column":34}},"169":{"start":{"line":325,"column":0},"end":{"line":325,"column":28}},"170":{"start":{"line":326,"column":0},"end":{"line":326,"column":30}},"171":{"start":{"line":327,"column":0},"end":{"line":327,"column":28}},"172":{"start":{"line":328,"column":0},"end":{"line":328,"column":52}},"173":{"start":{"line":329,"column":0},"end":{"line":329,"column":18}},"174":{"start":{"line":330,"column":0},"end":{"line":330,"column":18}},"175":{"start":{"line":331,"column":0},"end":{"line":331,"column":32}},"176":{"start":{"line":332,"column":0},"end":{"line":332,"column":28}},"177":{"start":{"line":333,"column":0},"end":{"line":333,"column":30}},"178":{"start":{"line":334,"column":0},"end":{"line":334,"column":26}},"179":{"start":{"line":335,"column":0},"end":{"line":335,"column":22}},"180":{"start":{"line":336,"column":0},"end":{"line":336,"column":18}},"181":{"start":{"line":337,"column":0},"end":{"line":337,"column":22}},"182":{"start":{"line":338,"column":0},"end":{"line":338,"column":18}},"183":{"start":{"line":339,"column":0},"end":{"line":339,"column":26}},"184":{"start":{"line":340,"column":0},"end":{"line":340,"column":24}},"185":{"start":{"line":341,"column":0},"end":{"line":341,"column":26}},"186":{"start":{"line":342,"column":0},"end":{"line":342,"column":44}},"187":{"start":{"line":343,"column":0},"end":{"line":343,"column":20}},"188":{"start":{"line":344,"column":0},"end":{"line":344,"column":38}},"189":{"start":{"line":345,"column":0},"end":{"line":345,"column":24}},"190":{"start":{"line":346,"column":0},"end":{"line":346,"column":66}},"191":{"start":{"line":347,"column":0},"end":{"line":347,"column":60}},"192":{"start":{"line":348,"column":0},"end":{"line":348,"column":26}},"193":{"start":{"line":349,"column":0},"end":{"line":349,"column":40}},"194":{"start":{"line":350,"column":0},"end":{"line":350,"column":34}},"195":{"start":{"line":351,"column":0},"end":{"line":351,"column":70}},"196":{"start":{"line":352,"column":0},"end":{"line":352,"column":58}},"197":{"start":{"line":353,"column":0},"end":{"line":353,"column":52}},"198":{"start":{"line":354,"column":0},"end":{"line":354,"column":54}},"199":{"start":{"line":355,"column":0},"end":{"line":355,"column":34}},"200":{"start":{"line":356,"column":0},"end":{"line":356,"column":20}},"201":{"start":{"line":357,"column":0},"end":{"line":357,"column":16}},"202":{"start":{"line":358,"column":0},"end":{"line":358,"column":16}},"203":{"start":{"line":359,"column":0},"end":{"line":359,"column":24}},"204":{"start":{"line":360,"column":0},"end":{"line":360,"column":20}},"205":{"start":{"line":361,"column":0},"end":{"line":361,"column":20}},"206":{"start":{"line":362,"column":0},"end":{"line":362,"column":30}},"207":{"start":{"line":363,"column":0},"end":{"line":363,"column":26}},"208":{"start":{"line":364,"column":0},"end":{"line":364,"column":28}}},"fnMap":{"0":{"name":"eqBy","decl":{"start":{"line":104,"column":9},"end":{"line":104,"column":13}},"loc":{"start":{"line":104,"column":31},"end":{"line":122,"column":1}},"line":104},"1":{"name":"eq","decl":{"start":{"line":124,"column":9},"end":{"line":124,"column":11}},"loc":{"start":{"line":124,"column":25},"end":{"line":126,"column":1}},"line":124},"2":{"name":"Eq","decl":{"start":{"line":128,"column":9},"end":{"line":128,"column":11}},"loc":{"start":{"line":128,"column":17},"end":{"line":133,"column":1}},"line":128},"3":{"name":"(anonymous_3)","decl":{"start":{"line":129,"column":11},"end":{"line":129,"column":12}},"loc":{"start":{"line":129,"column":29},"end":{"line":131,"column":3}},"line":129},"4":{"name":"showBy","decl":{"start":{"line":135,"column":9},"end":{"line":135,"column":15}},"loc":{"start":{"line":135,"column":31},"end":{"line":138,"column":1}},"line":135},"5":{"name":"show","decl":{"start":{"line":140,"column":9},"end":{"line":140,"column":13}},"loc":{"start":{"line":140,"column":25},"end":{"line":142,"column":1}},"line":140},"6":{"name":"Show","decl":{"start":{"line":144,"column":9},"end":{"line":144,"column":13}},"loc":{"start":{"line":144,"column":21},"end":{"line":149,"column":1}},"line":144},"7":{"name":"(anonymous_7)","decl":{"start":{"line":145,"column":13},"end":{"line":145,"column":14}},"loc":{"start":{"line":145,"column":27},"end":{"line":147,"column":3}},"line":145}},"branchMap":{"0":{"loc":{"start":{"line":108,"column":4},"end":{"line":120,"column":5}},"type":"if","locations":[{"start":{"line":108,"column":4},"end":{"line":120,"column":5}},{"start":{"line":108,"column":4},"end":{"line":120,"column":5}}],"line":108},"1":{"loc":{"start":{"line":109,"column":6},"end":{"line":115,"column":7}},"type":"if","locations":[{"start":{"line":109,"column":6},"end":{"line":115,"column":7}},{"start":{"line":109,"column":6},"end":{"line":115,"column":7}}],"line":109},"2":{"loc":{"start":{"line":109,"column":10},"end":{"line":109,"column":44}},"type":"binary-expr","locations":[{"start":{"line":109,"column":10},"end":{"line":109,"column":11}},{"start":{"line":109,"column":15},"end":{"line":109,"column":44}}],"line":109},"3":{"loc":{"start":{"line":116,"column":11},"end":{"line":120,"column":5}},"type":"if","locations":[{"start":{"line":116,"column":11},"end":{"line":120,"column":5}},{"start":{"line":116,"column":11},"end":{"line":120,"column":5}}],"line":116}},"s":{"0":18,"1":18,"2":18,"3":18,"4":18,"5":18,"6":18,"7":18,"8":18,"9":18,"10":18,"11":18,"12":18,"13":18,"14":18,"15":18,"16":18,"17":18,"18":18,"19":18,"20":18,"21":18,"22":18,"23":18,"24":18,"25":18,"26":18,"27":18,"28":18,"29":18,"30":18,"31":18,"32":18,"33":18,"34":18,"35":18,"36":18,"37":18,"38":10,"39":27,"40":27,"41":27,"42":21,"43":17,"44":17,"45":17,"46":4,"47":6,"48":1,"49":5,"50":2,"51":0,"52":0,"53":0,"54":1,"55":1,"56":0,"57":0,"58":0,"59":0,"60":18,"61":18,"62":18,"63":18,"64":18,"65":18,"66":18,"67":18,"68":18,"69":18,"70":18,"71":18,"72":18,"73":18,"74":18,"75":18,"76":18,"77":18,"78":18,"79":18,"80":18,"81":18,"82":18,"83":18,"84":18,"85":18,"86":18,"87":18,"88":18,"89":18,"90":18,"91":18,"92":18,"93":18,"94":18,"95":18,"96":18,"97":18,"98":18,"99":18,"100":18,"101":18,"102":18,"103":18,"104":18,"105":18,"106":18,"107":18,"108":18,"109":18,"110":18,"111":18,"112":18,"113":18,"114":18,"115":18,"116":18,"117":18,"118":18,"119":18,"120":18,"121":18,"122":18,"123":18,"124":18,"125":18,"126":18,"127":18,"128":18,"129":18,"130":18,"131":18,"132":18,"133":18,"134":18,"135":18,"136":18,"137":18,"138":18,"139":18,"140":18,"141":18,"142":18,"143":18,"144":18,"145":18,"146":18,"147":18,"148":18,"149":18,"150":18,"151":18,"152":18,"153":18,"154":18,"155":18,"156":18,"157":18,"158":18,"159":18,"160":18,"161":18,"162":18,"163":18,"164":18,"165":18,"166":18,"167":18,"168":18,"169":18,"170":18,"171":18,"172":18,"173":18,"174":18,"175":18,"176":18,"177":18,"178":18,"179":18,"180":18,"181":18,"182":18,"183":18,"184":18,"185":18,"186":18,"187":18,"188":18,"189":18,"190":18,"191":18,"192":18,"193":18,"194":18,"195":18,"196":18,"197":18,"198":18,"199":18,"200":18,"201":18,"202":18,"203":18,"204":18,"205":18,"206":18,"207":18,"208":18},"f":{"0":10,"1":2,"2":0,"3":0,"4":1,"5":0,"6":0,"7":0},"b":{"0":[21,6],"1":[17,4],"2":[21,20],"3":[1,5]},"_coverageSchema":"43e27e138ebf9cfc5966b082cf9a028302ed4184","hash":"edff82d6286f9fbb85780ae92e06ae3f5b72d175"}
}
