TN:
SF:/home/michael/Projects/Mine/Relude/relude/lib/js/src/Relude_Array.bs.js
FNF:0
FNH:0
DA:3,6
DA:4,6
DA:5,6
DA:6,6
DA:7,6
DA:8,6
DA:9,6
DA:11,6
DA:13,6
DA:15,6
DA:17,6
DA:19,6
DA:21,6
DA:23,6
DA:25,6
DA:27,6
DA:29,6
DA:31,6
DA:33,6
DA:35,6
DA:37,6
DA:39,6
DA:41,6
DA:43,6
DA:45,6
DA:47,6
DA:49,6
DA:51,6
DA:70,6
DA:72,6
DA:74,6
DA:76,6
DA:78,6
DA:80,6
DA:82,6
DA:84,6
DA:86,6
DA:88,6
DA:90,6
DA:92,6
DA:94,6
DA:96,6
DA:98,6
DA:100,6
DA:102,6
DA:104,6
DA:106,6
DA:108,6
DA:110,6
DA:112,6
DA:114,6
DA:116,6
DA:118,6
DA:120,6
DA:122,6
DA:124,6
DA:126,6
DA:128,6
DA:130,6
DA:132,6
DA:134,6
DA:136,6
DA:138,6
DA:140,6
DA:142,6
DA:144,6
DA:146,6
DA:148,6
DA:150,6
DA:152,6
DA:154,6
DA:156,6
DA:158,6
DA:160,6
DA:162,6
DA:164,6
DA:166,6
DA:168,6
DA:170,6
DA:172,6
DA:174,6
DA:176,6
DA:178,6
DA:180,6
DA:182,6
DA:184,6
DA:186,6
DA:188,6
DA:190,6
DA:192,6
DA:194,6
DA:196,6
DA:198,6
DA:200,6
DA:202,6
DA:204,6
DA:206,6
DA:208,6
DA:210,6
DA:212,6
DA:214,6
DA:216,6
DA:218,6
DA:220,6
DA:222,6
DA:224,6
DA:226,6
DA:228,6
DA:230,6
DA:232,6
DA:234,6
DA:236,6
DA:238,6
DA:240,6
DA:242,6
DA:244,6
DA:246,6
DA:248,6
DA:250,6
DA:252,6
DA:254,6
DA:256,6
DA:258,6
DA:260,6
DA:262,6
DA:264,6
DA:266,6
DA:268,6
DA:270,6
DA:272,6
DA:274,6
DA:276,6
DA:278,6
DA:280,6
DA:282,6
DA:284,6
DA:286,6
DA:288,6
DA:290,6
DA:292,6
DA:294,6
DA:296,6
DA:298,6
DA:300,6
DA:302,6
DA:304,6
DA:306,6
DA:308,6
DA:310,6
DA:312,6
DA:314,6
DA:316,6
DA:318,6
DA:320,6
DA:322,6
DA:324,6
DA:326,6
DA:328,6
DA:330,6
DA:332,6
DA:334,6
DA:336,6
DA:338,6
DA:340,6
DA:342,6
DA:344,6
DA:346,6
DA:348,6
DA:350,6
DA:352,6
DA:354,6
DA:356,6
DA:358,6
DA:360,6
DA:362,6
DA:364,6
DA:366,6
DA:368,6
DA:370,6
DA:372,6
DA:374,6
DA:376,6
DA:378,6
DA:380,6
DA:382,6
DA:384,6
DA:386,6
DA:388,6
DA:390,6
DA:391,6
DA:392,6
DA:393,6
DA:394,6
DA:395,6
DA:396,6
DA:397,6
DA:398,6
DA:399,6
DA:400,6
DA:401,6
DA:402,6
DA:403,6
DA:404,6
DA:405,6
DA:406,6
DA:407,6
DA:408,6
DA:409,6
DA:410,6
DA:411,6
DA:412,6
DA:413,6
DA:414,6
DA:415,6
DA:416,6
DA:417,6
DA:418,6
DA:419,6
DA:420,6
DA:421,6
DA:422,6
DA:423,6
DA:424,6
DA:425,6
DA:426,6
DA:427,6
DA:428,6
DA:429,6
DA:430,6
DA:431,6
DA:432,6
DA:433,6
DA:434,6
DA:435,6
DA:436,6
DA:437,6
DA:438,6
DA:439,6
DA:440,6
DA:441,6
DA:442,6
DA:443,6
DA:444,6
DA:445,6
DA:446,6
DA:447,6
DA:448,6
DA:449,6
DA:450,6
DA:451,6
DA:452,6
DA:453,6
DA:454,6
DA:455,6
DA:456,6
DA:457,6
DA:458,6
DA:459,6
DA:460,6
DA:461,6
DA:462,6
DA:463,6
DA:464,6
DA:465,6
DA:466,6
DA:467,6
DA:468,6
DA:469,6
DA:470,6
DA:471,6
DA:472,6
DA:473,6
DA:474,6
DA:475,6
DA:476,6
DA:477,6
DA:478,6
DA:479,6
DA:480,6
DA:481,6
DA:482,6
DA:483,6
DA:484,6
DA:485,6
DA:486,6
DA:487,6
DA:488,6
DA:489,6
DA:490,6
DA:491,6
DA:492,6
DA:493,6
DA:494,6
DA:495,6
DA:496,6
DA:497,6
DA:498,6
DA:499,6
DA:500,6
DA:501,6
DA:502,6
DA:503,6
DA:504,6
DA:505,6
DA:506,6
DA:507,6
DA:508,6
DA:509,6
DA:510,6
DA:511,6
DA:512,6
DA:513,6
DA:514,6
DA:515,6
DA:516,6
DA:517,6
DA:518,6
DA:519,6
DA:520,6
DA:521,6
DA:522,6
DA:523,6
DA:524,6
DA:525,6
DA:526,6
DA:527,6
DA:528,6
DA:529,6
DA:530,6
DA:531,6
DA:532,6
DA:533,6
DA:534,6
DA:535,6
DA:536,6
DA:537,6
DA:538,6
DA:539,6
DA:540,6
DA:541,6
DA:542,6
DA:543,6
DA:544,6
DA:545,6
DA:546,6
DA:547,6
DA:548,6
DA:549,6
DA:550,6
LF:349
LH:349
BRF:0
BRH:0
end_of_record
TN:
SF:/home/michael/Projects/Mine/Relude/relude/lib/js/src/Relude_ArrayZipper.bs.js
FNF:0
FNH:0
DA:3,1
DA:4,1
DA:6,1
DA:8,1
DA:10,1
DA:12,1
DA:14,1
DA:16,1
DA:18,1
DA:20,1
DA:22,1
DA:24,1
DA:26,1
DA:28,1
DA:30,1
DA:32,1
DA:34,1
DA:36,1
DA:38,1
DA:40,1
DA:42,1
DA:44,1
DA:46,1
DA:48,1
DA:50,1
DA:52,1
DA:54,1
DA:56,1
DA:58,1
DA:60,1
DA:62,1
DA:64,1
DA:66,1
DA:68,1
DA:70,1
DA:72,1
DA:74,1
DA:76,1
DA:78,1
DA:80,1
DA:82,1
DA:84,1
DA:86,1
DA:88,1
DA:90,1
DA:92,1
DA:94,1
DA:96,1
DA:98,1
DA:100,1
DA:102,1
DA:104,1
DA:106,1
DA:108,1
DA:110,1
DA:112,1
DA:114,1
DA:116,1
DA:118,1
DA:120,1
DA:122,1
DA:124,1
DA:126,1
DA:128,1
DA:130,1
DA:132,1
DA:134,1
DA:136,1
DA:138,1
DA:140,1
DA:142,1
DA:144,1
DA:146,1
DA:148,1
DA:150,1
DA:152,1
DA:154,1
DA:156,1
DA:158,1
DA:160,1
DA:162,1
DA:164,1
DA:166,1
DA:168,1
DA:170,1
DA:172,1
DA:174,1
DA:176,1
DA:178,1
DA:180,1
DA:182,1
DA:184,1
DA:186,1
DA:188,1
DA:190,1
DA:192,1
DA:194,1
DA:196,1
DA:198,1
DA:200,1
DA:202,1
DA:204,1
DA:206,1
DA:208,1
DA:210,1
DA:212,1
DA:214,1
DA:216,1
DA:218,1
DA:220,1
DA:222,1
DA:224,1
DA:226,1
DA:228,1
DA:230,1
DA:232,1
DA:234,1
DA:236,1
DA:238,1
DA:240,1
DA:242,1
DA:244,1
DA:246,1
DA:248,1
DA:250,1
DA:252,1
DA:254,1
DA:256,1
DA:258,1
DA:260,1
DA:262,1
DA:264,1
DA:266,1
DA:268,1
DA:270,1
DA:272,1
DA:274,1
DA:276,1
DA:278,1
DA:280,1
DA:282,1
DA:284,1
DA:286,1
DA:288,1
DA:290,1
DA:292,1
DA:293,1
DA:294,1
DA:295,1
DA:296,1
DA:297,1
DA:298,1
DA:299,1
DA:300,1
DA:301,1
DA:302,1
DA:303,1
DA:304,1
DA:305,1
DA:306,1
DA:307,1
DA:308,1
DA:309,1
DA:310,1
DA:311,1
DA:312,1
DA:313,1
DA:314,1
DA:315,1
DA:316,1
DA:317,1
DA:318,1
DA:319,1
DA:320,1
DA:321,1
DA:322,1
DA:323,1
DA:324,1
DA:325,1
DA:326,1
DA:327,1
DA:328,1
DA:329,1
DA:330,1
DA:331,1
DA:332,1
DA:333,1
DA:334,1
DA:335,1
DA:336,1
DA:337,1
DA:338,1
DA:339,1
DA:340,1
DA:341,1
DA:342,1
DA:343,1
DA:344,1
DA:345,1
DA:346,1
DA:347,1
DA:348,1
DA:349,1
DA:350,1
DA:351,1
DA:352,1
DA:353,1
DA:354,1
DA:355,1
DA:356,1
DA:357,1
DA:358,1
DA:359,1
DA:360,1
DA:361,1
DA:362,1
DA:363,1
DA:364,1
DA:365,1
DA:366,1
DA:367,1
DA:368,1
DA:369,1
DA:370,1
DA:371,1
DA:372,1
DA:373,1
DA:374,1
DA:375,1
DA:376,1
DA:377,1
DA:378,1
DA:379,1
DA:380,1
DA:381,1
DA:382,1
DA:383,1
DA:384,1
DA:385,1
DA:386,1
DA:387,1
DA:388,1
DA:389,1
DA:390,1
DA:391,1
DA:392,1
DA:393,1
DA:394,1
DA:395,1
DA:396,1
DA:397,1
DA:398,1
DA:399,1
DA:400,1
DA:401,1
DA:402,1
DA:403,1
DA:404,1
DA:405,1
DA:406,1
DA:407,1
DA:408,1
DA:409,1
DA:410,1
DA:411,1
DA:412,1
DA:413,1
DA:414,1
DA:415,1
DA:416,1
DA:417,1
DA:418,1
DA:419,1
DA:420,1
DA:421,1
DA:422,1
DA:423,1
DA:424,1
DA:425,1
DA:426,1
DA:427,1
DA:428,1
DA:429,1
DA:430,1
DA:431,1
DA:432,1
DA:433,1
LF:287
LH:287
BRF:0
BRH:0
end_of_record
TN:
SF:/home/michael/Projects/Mine/Relude/relude/lib/js/src/Relude_AsyncData.bs.js
FN:12,reloading
FN:16,complete
FN:20,isInit
FN:28,isLoading
FN:36,isReloading
FN:44,isComplete
FN:52,isBusy
FN:66,isIdle
FN:70,isEmpty
FN:78,isNotEmpty
FN:86,toBusy
FN:100,toIdle
FN:114,getValue
FN:122,getReloading
FN:130,getComplete
FN:138,fold
FN:152,foldLazy
FN:166,foldByValue
FN:170,foldByValueLazy
FN:174,map
FN:194,tap
FN:212,tapInit
FN:221,tapLoading
FN:230,tapReloading
FN:239,tapComplete
FN:248,tapEmpty
FN:257,tapNotEmpty
FN:266,tapByValue
FN:276,apply
FN:314,pure
FN:326,bind
FN:347,alt
FN:378,eqBy
FN:404,Eq
FN:406,(anonymous_34)
FN:414,showBy
FN:428,Show
FN:430,(anonymous_37)
FNF:38
FNH:30
FNDA:42,reloading
FNDA:49,complete
FNDA:4,isInit
FNDA:4,isLoading
FNDA:4,isReloading
FNDA:4,isComplete
FNDA:8,isBusy
FNDA:4,isIdle
FNDA:4,isEmpty
FNDA:4,isNotEmpty
FNDA:4,toBusy
FNDA:4,toIdle
FNDA:4,getValue
FNDA:4,getReloading
FNDA:4,getComplete
FNDA:8,fold
FNDA:8,foldLazy
FNDA:4,foldByValue
FNDA:4,foldByValueLazy
FNDA:9,map
FNDA:4,tap
FNDA:1,tapInit
FNDA:1,tapLoading
FNDA:1,tapReloading
FNDA:1,tapComplete
FNDA:0,tapEmpty
FNDA:0,tapNotEmpty
FNDA:0,tapByValue
FNDA:5,apply
FNDA:1,pure
FNDA:4,bind
FNDA:6,alt
FNDA:6,eqBy
FNDA:0,Eq
FNDA:0,(anonymous_34)
FNDA:0,showBy
FNDA:0,Show
FNDA:0,(anonymous_37)
DA:3,3
DA:4,3
DA:5,3
DA:6,3
DA:7,3
DA:8,3
DA:9,3
DA:10,3
DA:13,42
DA:17,49
DA:21,4
DA:22,2
DA:24,2
DA:29,4
DA:30,2
DA:32,2
DA:37,4
DA:38,3
DA:40,1
DA:45,4
DA:46,3
DA:48,1
DA:53,8
DA:54,4
DA:55,2
DA:57,2
DA:59,4
DA:60,2
DA:62,2
DA:67,4
DA:71,4
DA:72,2
DA:74,2
DA:79,4
DA:80,2
DA:82,2
DA:87,4
DA:88,2
DA:89,1
DA:91,1
DA:93,2
DA:94,1
DA:96,1
DA:101,4
DA:102,2
DA:103,1
DA:105,1
DA:107,2
DA:108,1
DA:110,1
DA:115,4
DA:116,2
DA:118,2
DA:123,4
DA:124,3
DA:126,1
DA:131,4
DA:132,3
DA:134,1
DA:139,8
DA:140,4
DA:141,2
DA:143,2
DA:145,4
DA:146,2
DA:148,2
DA:153,8
DA:154,4
DA:155,2
DA:157,2
DA:159,4
DA:160,2
DA:162,2
DA:167,4
DA:171,4
DA:175,9
DA:176,5
DA:177,4
DA:179,1
DA:181,4
DA:182,1
DA:184,3
DA:188,3
DA:192,3
DA:195,4
DA:196,2
DA:197,1
DA:198,1
DA:200,1
DA:201,1
DA:203,2
DA:204,1
DA:205,1
DA:207,1
DA:208,1
DA:213,1
DA:214,1
DA:215,1
DA:217,0
DA:222,1
DA:223,1
DA:224,1
DA:226,0
DA:231,1
DA:232,0
DA:234,1
DA:235,1
DA:240,1
DA:241,0
DA:243,1
DA:244,1
DA:249,0
DA:250,0
DA:251,0
DA:253,0
DA:258,0
DA:259,0
DA:261,0
DA:262,0
DA:267,0
DA:268,0
DA:269,0
DA:271,0
DA:272,0
DA:277,5
DA:278,3
DA:279,2
DA:281,1
DA:283,2
DA:284,0
DA:285,0
DA:286,0
DA:287,0
DA:289,0
DA:291,0
DA:292,0
DA:294,0
DA:296,2
DA:297,0
DA:298,0
DA:300,0
DA:303,2
DA:307,3
DA:312,3
DA:315,1
DA:318,3
DA:324,3
DA:327,4
DA:328,2
DA:329,1
DA:331,1
DA:334,2
DA:338,3
DA:345,3
DA:348,6
DA:349,3
DA:350,1
DA:351,1
DA:352,1
DA:354,0
DA:357,0
DA:359,2
DA:360,1
DA:362,1
DA:364,3
DA:365,2
DA:367,1
DA:371,3
DA:376,3
DA:379,6
DA:380,2
DA:381,2
DA:382,2
DA:384,0
DA:386,0
DA:387,0
DA:389,0
DA:391,4
DA:392,3
DA:393,0
DA:395,3
DA:397,1
DA:398,1
DA:400,0
DA:405,0
DA:406,0
DA:407,0
DA:409,0
DA:415,0
DA:416,0
DA:417,0
DA:419,0
DA:421,0
DA:422,0
DA:424,0
DA:429,0
DA:430,0
DA:431,0
DA:433,0
DA:438,3
DA:440,3
DA:442,3
DA:444,3
DA:446,3
DA:448,3
DA:450,3
DA:452,3
DA:454,3
DA:456,3
DA:458,3
DA:460,3
DA:462,3
DA:464,3
DA:466,3
DA:468,3
DA:470,3
DA:472,3
DA:474,3
DA:476,3
DA:478,3
DA:497,3
DA:499,3
DA:501,3
DA:503,3
DA:505,3
DA:507,3
DA:509,3
DA:511,3
DA:513,3
DA:515,3
DA:517,3
DA:519,3
DA:521,3
DA:523,3
DA:525,3
DA:527,3
DA:529,3
DA:531,3
DA:533,3
DA:535,3
DA:537,3
DA:539,3
DA:541,3
DA:543,3
DA:545,3
DA:547,3
DA:549,3
DA:551,3
DA:553,3
DA:555,3
DA:557,3
DA:559,3
DA:561,3
DA:563,3
DA:564,3
DA:565,3
DA:566,3
DA:567,3
DA:568,3
DA:569,3
DA:570,3
DA:571,3
DA:572,3
DA:573,3
DA:574,3
DA:575,3
DA:576,3
DA:577,3
DA:578,3
DA:579,3
DA:580,3
DA:581,3
DA:582,3
DA:583,3
DA:584,3
DA:585,3
DA:586,3
DA:587,3
DA:588,3
DA:589,3
DA:590,3
DA:591,3
DA:592,3
DA:593,3
DA:594,3
DA:595,3
DA:596,3
DA:597,3
DA:598,3
DA:599,3
DA:600,3
DA:601,3
DA:602,3
DA:603,3
DA:604,3
DA:605,3
DA:606,3
DA:607,3
DA:608,3
DA:609,3
DA:610,3
DA:611,3
DA:612,3
DA:613,3
DA:614,3
DA:615,3
DA:616,3
DA:617,3
DA:618,3
DA:619,3
DA:620,3
DA:621,3
DA:622,3
DA:623,3
DA:624,3
DA:625,3
DA:626,3
DA:627,3
DA:628,3
DA:629,3
DA:630,3
DA:631,3
DA:632,3
DA:633,3
DA:634,3
DA:635,3
DA:636,3
DA:637,3
LF:328
LH:277
BRDA:21,0,0,2
BRDA:21,0,1,2
BRDA:29,1,0,2
BRDA:29,1,1,2
BRDA:37,2,0,3
BRDA:37,2,1,1
BRDA:37,3,0,4
BRDA:37,3,1,2
BRDA:45,4,0,3
BRDA:45,4,1,1
BRDA:45,5,0,4
BRDA:45,5,1,2
BRDA:53,6,0,4
BRDA:53,6,1,4
BRDA:54,7,0,2
BRDA:54,7,1,2
BRDA:59,8,0,2
BRDA:59,8,1,2
BRDA:71,9,0,2
BRDA:71,9,1,2
BRDA:79,10,0,2
BRDA:79,10,1,2
BRDA:87,11,0,2
BRDA:87,11,1,2
BRDA:88,12,0,1
BRDA:88,12,1,1
BRDA:93,13,0,1
BRDA:93,13,1,1
BRDA:101,14,0,2
BRDA:101,14,1,2
BRDA:102,15,0,1
BRDA:102,15,1,1
BRDA:107,16,0,1
BRDA:107,16,1,1
BRDA:115,17,0,2
BRDA:115,17,1,2
BRDA:123,18,0,3
BRDA:123,18,1,1
BRDA:123,19,0,4
BRDA:123,19,1,2
BRDA:131,20,0,3
BRDA:131,20,1,1
BRDA:131,21,0,4
BRDA:131,21,1,2
BRDA:139,22,0,4
BRDA:139,22,1,4
BRDA:140,23,0,2
BRDA:140,23,1,2
BRDA:145,24,0,2
BRDA:145,24,1,2
BRDA:153,25,0,4
BRDA:153,25,1,4
BRDA:154,26,0,2
BRDA:154,26,1,2
BRDA:159,27,0,2
BRDA:159,27,1,2
BRDA:175,28,0,5
BRDA:175,28,1,4
BRDA:176,29,0,4
BRDA:176,29,1,1
BRDA:181,30,0,1
BRDA:181,30,1,3
BRDA:195,31,0,2
BRDA:195,31,1,2
BRDA:196,32,0,1
BRDA:196,32,1,1
BRDA:203,33,0,1
BRDA:203,33,1,1
BRDA:213,34,0,1
BRDA:213,34,1,0
BRDA:213,35,0,1
BRDA:213,35,1,1
BRDA:222,36,0,1
BRDA:222,36,1,0
BRDA:222,37,0,1
BRDA:222,37,1,1
BRDA:231,38,0,0
BRDA:231,38,1,1
BRDA:231,39,0,1
BRDA:231,39,1,1
BRDA:240,40,0,0
BRDA:240,40,1,1
BRDA:240,41,0,1
BRDA:240,41,1,1
BRDA:249,42,0,0
BRDA:249,42,1,0
BRDA:258,43,0,0
BRDA:258,43,1,0
BRDA:267,44,0,0
BRDA:267,44,1,0
BRDA:277,45,0,3
BRDA:277,45,1,2
BRDA:278,46,0,2
BRDA:278,46,1,1
BRDA:278,47,0,3
BRDA:278,47,1,3
BRDA:278,48,0,3
BRDA:278,48,1,2
BRDA:283,49,0,0
BRDA:283,49,1,2
BRDA:285,50,0,0
BRDA:285,50,1,0
BRDA:286,51,0,0
BRDA:286,51,1,0
BRDA:291,52,0,0
BRDA:291,52,1,0
BRDA:296,53,0,0
BRDA:296,53,1,2
BRDA:297,54,0,0
BRDA:297,54,1,0
BRDA:327,55,0,2
BRDA:327,55,1,2
BRDA:328,56,0,1
BRDA:328,56,1,1
BRDA:348,57,0,3
BRDA:348,57,1,3
BRDA:349,58,0,1
BRDA:349,58,1,2
BRDA:350,59,0,1
BRDA:350,59,1,0
BRDA:351,60,0,1
BRDA:351,60,1,0
BRDA:359,61,0,1
BRDA:359,61,1,1
BRDA:364,62,0,2
BRDA:364,62,1,1
BRDA:364,63,0,3
BRDA:364,63,1,2
BRDA:364,63,2,1
BRDA:379,64,0,2
BRDA:379,64,1,4
BRDA:380,65,0,2
BRDA:380,65,1,0
BRDA:381,66,0,2
BRDA:381,66,1,0
BRDA:386,67,0,0
BRDA:386,67,1,0
BRDA:391,68,0,3
BRDA:391,68,1,1
BRDA:392,69,0,0
BRDA:392,69,1,3
BRDA:392,70,0,3
BRDA:392,70,1,3
BRDA:397,71,0,1
BRDA:397,71,1,0
BRDA:397,72,0,1
BRDA:397,72,1,1
BRDA:415,73,0,0
BRDA:415,73,1,0
BRDA:416,74,0,0
BRDA:416,74,1,0
BRDA:421,75,0,0
BRDA:421,75,1,0
BRF:153
BRH:119
end_of_record
TN:
SF:/home/michael/Projects/Mine/Relude/relude/lib/js/src/Relude_AsyncResult.bs.js
FN:13,reloadingOk
FN:17,reloadingError
FN:21,completeOk
FN:25,completeError
FN:29,isOk
FN:37,isError
FN:45,isReloadingOk
FN:53,isReloadingError
FN:61,isCompleteOk
FN:69,isCompleteError
FN:77,getOk
FN:90,getError
FN:103,getReloadingOk
FN:116,getReloadingError
FN:129,getCompleteOk
FN:142,getCompleteError
FN:155,map
FN:181,mapError
FN:207,tapByValue
FN:217,tapOk
FN:231,tapError
FN:245,apply
FN:318,bind
FN:335,flatMap
FN:339,flatten
FN:340,(anonymous_25)
FN:345,fold
FN:359,foldLazy
FN:373,foldByValue
FN:386,foldByValueLazy
FN:399,fromAsyncData
FN:413,toAsyncData
FN:427,eqBy
FN:428,(anonymous_33)
FN:429,(anonymous_34)
FN:435,WithError
FNF:36
FNH:21
FNDA:14,reloadingOk
FNDA:11,reloadingError
FNDA:17,completeOk
FNDA:14,completeError
FNDA:5,isOk
FNDA:4,isError
FNDA:3,isReloadingOk
FNDA:3,isReloadingError
FNDA:3,isCompleteOk
FNDA:3,isCompleteError
FNDA:5,getOk
FNDA:5,getError
FNDA:2,getReloadingOk
FNDA:2,getReloadingError
FNDA:2,getCompleteOk
FNDA:2,getCompleteError
FNDA:6,map
FNDA:6,mapError
FNDA:0,tapByValue
FNDA:0,tapOk
FNDA:0,tapError
FNDA:0,apply
FNDA:0,bind
FNDA:0,flatMap
FNDA:0,flatten
FNDA:0,(anonymous_25)
FNDA:0,fold
FNDA:0,foldLazy
FNDA:0,foldByValue
FNDA:0,foldByValueLazy
FNDA:0,fromAsyncData
FNDA:0,toAsyncData
FNDA:2,eqBy
FNDA:2,(anonymous_33)
FNDA:1,(anonymous_34)
FNDA:0,WithError
DA:3,2
DA:4,2
DA:5,2
DA:6,2
DA:7,2
DA:8,2
DA:9,2
DA:10,2
DA:11,2
DA:14,14
DA:18,11
DA:22,17
DA:26,14
DA:30,5
DA:31,3
DA:33,2
DA:38,4
DA:39,2
DA:41,2
DA:46,3
DA:47,2
DA:49,1
DA:54,3
DA:55,2
DA:57,1
DA:62,3
DA:63,2
DA:65,1
DA:70,3
DA:71,2
DA:73,1
DA:78,5
DA:79,1
DA:81,4
DA:82,4
DA:83,2
DA:85,2
DA:91,5
DA:92,1
DA:94,4
DA:95,4
DA:96,2
DA:98,2
DA:104,2
DA:105,1
DA:107,1
DA:108,1
DA:109,0
DA:111,1
DA:117,2
DA:118,1
DA:120,1
DA:121,1
DA:122,1
DA:124,0
DA:130,2
DA:131,1
DA:133,1
DA:134,1
DA:135,0
DA:137,1
DA:143,2
DA:144,1
DA:146,1
DA:147,1
DA:148,1
DA:150,0
DA:156,6
DA:157,2
DA:158,1
DA:160,1
DA:162,4
DA:163,2
DA:164,2
DA:165,1
DA:167,1
DA:168,1
DA:171,2
DA:172,2
DA:173,1
DA:175,1
DA:176,1
DA:182,6
DA:183,2
DA:184,1
DA:186,1
DA:188,4
DA:189,2
DA:190,2
DA:191,1
DA:192,1
DA:194,1
DA:197,2
DA:198,2
DA:199,1
DA:200,1
DA:202,1
DA:208,0
DA:209,0
DA:210,0
DA:212,0
DA:213,0
DA:218,0
DA:219,0
DA:221,0
DA:222,0
DA:223,0
DA:225,0
DA:226,0
DA:232,0
DA:233,0
DA:235,0
DA:236,0
DA:237,0
DA:238,0
DA:240,0
DA:246,0
DA:247,0
DA:248,0
DA:249,0
DA:250,0
DA:252,0
DA:254,0
DA:255,0
DA:257,0
DA:259,0
DA:260,0
DA:261,0
DA:262,0
DA:264,0
DA:266,0
DA:267,0
DA:268,0
DA:269,0
DA:271,0
DA:272,0
DA:273,0
DA:274,0
DA:276,0
DA:278,0
DA:279,0
DA:280,0
DA:281,0
DA:283,0
DA:284,0
DA:287,0
DA:288,0
DA:289,0
DA:291,0
DA:292,0
DA:297,0
DA:298,0
DA:299,0
DA:300,0
DA:301,0
DA:302,0
DA:304,0
DA:307,0
DA:308,0
DA:309,0
DA:311,0
DA:312,0
DA:319,0
DA:320,0
DA:321,0
DA:323,0
DA:326,0
DA:327,0
DA:328,0
DA:330,0
DA:336,0
DA:340,0
DA:341,0
DA:346,0
DA:347,0
DA:348,0
DA:350,0
DA:352,0
DA:353,0
DA:355,0
DA:360,0
DA:361,0
DA:362,0
DA:364,0
DA:366,0
DA:367,0
DA:369,0
DA:374,0
DA:375,0
DA:377,0
DA:378,0
DA:379,0
DA:381,0
DA:387,0
DA:388,0
DA:390,0
DA:391,0
DA:392,0
DA:394,0
DA:400,0
DA:401,0
DA:402,0
DA:404,0
DA:406,0
DA:407,0
DA:409,0
DA:414,0
DA:415,0
DA:416,0
DA:418,0
DA:420,0
DA:421,0
DA:423,0
DA:428,2
DA:429,2
DA:430,1
DA:436,0
DA:439,0
DA:440,0
DA:444,0
DA:445,0
DA:450,0
DA:451,0
DA:457,0
DA:458,0
DA:459,0
DA:460,0
DA:461,0
DA:462,0
DA:463,0
DA:464,0
DA:465,0
DA:466,0
DA:467,0
DA:468,0
DA:469,0
DA:470,0
DA:471,0
DA:472,0
DA:473,0
DA:474,0
DA:475,0
DA:476,0
DA:493,0
DA:537,2
DA:539,2
DA:541,2
DA:543,2
DA:545,2
DA:547,2
DA:549,2
DA:551,2
DA:553,2
DA:555,2
DA:557,2
DA:559,2
DA:561,2
DA:563,2
DA:565,2
DA:567,2
DA:569,2
DA:571,2
DA:573,2
DA:575,2
DA:577,2
DA:579,2
DA:581,2
DA:582,2
DA:583,2
DA:584,2
DA:585,2
DA:586,2
DA:587,2
DA:588,2
DA:589,2
DA:590,2
DA:591,2
DA:592,2
DA:593,2
DA:594,2
DA:595,2
DA:596,2
DA:597,2
DA:598,2
DA:599,2
DA:600,2
DA:601,2
DA:602,2
DA:603,2
DA:604,2
DA:605,2
DA:606,2
DA:607,2
DA:608,2
DA:609,2
DA:610,2
DA:611,2
DA:612,2
DA:613,2
DA:614,2
DA:615,2
DA:616,2
DA:617,2
DA:618,2
DA:619,2
DA:620,2
DA:621,2
DA:622,2
DA:623,2
DA:624,2
DA:625,2
DA:626,2
DA:627,2
DA:628,2
DA:629,2
DA:630,2
DA:631,2
DA:632,2
DA:633,2
DA:634,2
DA:635,2
LF:321
LH:173
BRDA:30,0,0,3
BRDA:30,0,1,2
BRDA:30,1,0,5
BRDA:30,1,1,4
BRDA:38,2,0,2
BRDA:38,2,1,2
BRDA:38,3,0,4
BRDA:38,3,1,4
BRDA:46,4,0,2
BRDA:46,4,1,1
BRDA:46,5,0,3
BRDA:46,5,1,3
BRDA:46,5,2,1
BRDA:54,6,0,2
BRDA:54,6,1,1
BRDA:54,7,0,3
BRDA:54,7,1,3
BRDA:54,7,2,2
BRDA:62,8,0,2
BRDA:62,8,1,1
BRDA:62,9,0,3
BRDA:62,9,1,3
BRDA:62,10,0,3
BRDA:62,10,1,2
BRDA:70,11,0,2
BRDA:70,11,1,1
BRDA:70,12,0,3
BRDA:70,12,1,3
BRDA:70,13,0,3
BRDA:70,13,1,2
BRDA:78,14,0,1
BRDA:78,14,1,4
BRDA:82,15,0,2
BRDA:82,15,1,2
BRDA:91,16,0,1
BRDA:91,16,1,4
BRDA:95,17,0,2
BRDA:95,17,1,2
BRDA:104,18,0,1
BRDA:104,18,1,1
BRDA:104,19,0,2
BRDA:104,19,1,2
BRDA:108,20,0,0
BRDA:108,20,1,1
BRDA:117,21,0,1
BRDA:117,21,1,1
BRDA:117,22,0,2
BRDA:117,22,1,2
BRDA:121,23,0,1
BRDA:121,23,1,0
BRDA:130,24,0,1
BRDA:130,24,1,1
BRDA:130,25,0,2
BRDA:130,25,1,2
BRDA:134,26,0,0
BRDA:134,26,1,1
BRDA:143,27,0,1
BRDA:143,27,1,1
BRDA:143,28,0,2
BRDA:143,28,1,2
BRDA:147,29,0,1
BRDA:147,29,1,0
BRDA:156,30,0,2
BRDA:156,30,1,4
BRDA:157,31,0,1
BRDA:157,31,1,1
BRDA:162,32,0,2
BRDA:162,32,1,2
BRDA:164,33,0,1
BRDA:164,33,1,1
BRDA:172,34,0,1
BRDA:172,34,1,1
BRDA:182,35,0,2
BRDA:182,35,1,4
BRDA:183,36,0,1
BRDA:183,36,1,1
BRDA:188,37,0,2
BRDA:188,37,1,2
BRDA:190,38,0,1
BRDA:190,38,1,1
BRDA:198,39,0,1
BRDA:198,39,1,1
BRDA:208,40,0,0
BRDA:208,40,1,0
BRDA:218,41,0,0
BRDA:218,41,1,0
BRDA:222,42,0,0
BRDA:222,42,1,0
BRDA:232,43,0,0
BRDA:232,43,1,0
BRDA:236,44,0,0
BRDA:236,44,1,0
BRDA:246,45,0,0
BRDA:246,45,1,0
BRDA:247,46,0,0
BRDA:247,46,1,0
BRDA:248,47,0,0
BRDA:248,47,1,0
BRDA:249,48,0,0
BRDA:249,48,1,0
BRDA:254,49,0,0
BRDA:254,49,1,0
BRDA:259,50,0,0
BRDA:259,50,1,0
BRDA:261,51,0,0
BRDA:261,51,1,0
BRDA:266,52,0,0
BRDA:266,52,1,0
BRDA:268,53,0,0
BRDA:268,53,1,0
BRDA:272,54,0,0
BRDA:272,54,1,0
BRDA:273,55,0,0
BRDA:273,55,1,0
BRDA:278,56,0,0
BRDA:278,56,1,0
BRDA:280,57,0,0
BRDA:280,57,1,0
BRDA:288,58,0,0
BRDA:288,58,1,0
BRDA:298,59,0,0
BRDA:298,59,1,0
BRDA:300,60,0,0
BRDA:300,60,1,0
BRDA:301,61,0,0
BRDA:301,61,1,0
BRDA:308,62,0,0
BRDA:308,62,1,0
BRDA:319,63,0,0
BRDA:319,63,1,0
BRDA:320,64,0,0
BRDA:320,64,1,0
BRDA:327,65,0,0
BRDA:327,65,1,0
BRDA:346,66,0,0
BRDA:346,66,1,0
BRDA:347,67,0,0
BRDA:347,67,1,0
BRDA:352,68,0,0
BRDA:352,68,1,0
BRDA:360,69,0,0
BRDA:360,69,1,0
BRDA:361,70,0,0
BRDA:361,70,1,0
BRDA:366,71,0,0
BRDA:366,71,1,0
BRDA:374,72,0,0
BRDA:374,72,1,0
BRDA:378,73,0,0
BRDA:378,73,1,0
BRDA:387,74,0,0
BRDA:387,74,1,0
BRDA:391,75,0,0
BRDA:391,75,1,0
BRDA:400,76,0,0
BRDA:400,76,1,0
BRDA:401,77,0,0
BRDA:401,77,1,0
BRDA:406,78,0,0
BRDA:406,78,1,0
BRDA:414,79,0,0
BRDA:414,79,1,0
BRDA:415,80,0,0
BRDA:415,80,1,0
BRDA:420,81,0,0
BRDA:420,81,1,0
BRF:166
BRH:78
end_of_record
TN:
SF:/home/michael/Projects/Mine/Relude/relude/lib/js/src/Relude_Bool.bs.js
FN:6,ifElse
FN:14,inverse
FN:18,and_
FN:26,or_
FN:34,nand
FN:38,nor
FN:42,xor
FN:52,xnor
FN:56,implies
FNF:9
FNH:9
FNDA:2,ifElse
FNDA:2,inverse
FNDA:4,and_
FNDA:4,or_
FNDA:4,nand
FNDA:4,nor
FNDA:8,xor
FNDA:4,xnor
FNDA:4,implies
DA:3,2
DA:4,2
DA:7,2
DA:8,1
DA:10,1
DA:15,2
DA:19,4
DA:20,2
DA:22,2
DA:27,4
DA:28,2
DA:30,2
DA:35,4
DA:39,4
DA:43,8
DA:44,2
DA:45,6
DA:46,4
DA:48,2
DA:53,4
DA:57,4
DA:58,2
DA:60,2
DA:64,2
DA:66,2
DA:68,2
DA:70,2
DA:72,2
DA:74,2
DA:76,2
DA:78,2
DA:80,2
DA:82,2
DA:84,2
DA:86,2
DA:88,2
DA:89,2
DA:90,2
DA:91,2
DA:92,2
DA:93,2
DA:94,2
DA:95,2
DA:96,2
DA:97,2
DA:98,2
DA:99,2
DA:100,2
DA:101,2
DA:102,2
DA:103,2
DA:104,2
DA:105,2
DA:106,2
DA:107,2
DA:108,2
LF:56
LH:56
BRDA:7,0,0,1
BRDA:7,0,1,1
BRDA:19,1,0,2
BRDA:19,1,1,2
BRDA:27,2,0,2
BRDA:27,2,1,2
BRDA:35,3,0,4
BRDA:35,3,1,2
BRDA:39,4,0,4
BRDA:39,4,1,2
BRDA:43,5,0,2
BRDA:43,5,1,6
BRDA:43,6,0,8
BRDA:43,6,1,4
BRDA:45,7,0,4
BRDA:45,7,1,2
BRDA:57,8,0,2
BRDA:57,8,1,2
BRF:18
BRH:18
end_of_record
TN:
SF:/home/michael/Projects/Mine/Relude/relude/lib/js/src/Relude_ContT.bs.js
FN:10,WithMonad
FN:11,(anonymous_1)
FN:14,(anonymous_2)
FN:17,(anonymous_3)
FN:19,(anonymous_4)
FN:23,(anonymous_5)
FN:25,(anonymous_6)
FN:29,(anonymous_7)
FN:31,(anonymous_8)
FN:32,(anonymous_9)
FN:37,(anonymous_10)
FN:40,(anonymous_11)
FN:41,(anonymous_12)
FN:42,(anonymous_13)
FN:48,(anonymous_14)
FN:49,(anonymous_15)
FN:53,(anonymous_16)
FN:55,(anonymous_17)
FN:56,(anonymous_18)
FN:62,(anonymous_19)
FN:180,WithMonadAndResult
FN:181,(anonymous_21)
FN:182,(anonymous_22)
FN:185,(anonymous_23)
FN:188,(anonymous_24)
FN:190,(anonymous_25)
FN:194,(anonymous_26)
FN:196,(anonymous_27)
FN:200,(anonymous_28)
FN:202,(anonymous_29)
FN:203,(anonymous_30)
FN:208,(anonymous_31)
FN:211,(anonymous_32)
FN:212,(anonymous_33)
FN:213,(anonymous_34)
FN:219,(anonymous_35)
FN:220,(anonymous_36)
FN:224,(anonymous_37)
FN:226,(anonymous_38)
FN:227,(anonymous_39)
FN:233,(anonymous_40)
FN:487,make
FN:491,runContT
FN:495,mapContT
FN:497,(anonymous_44)
FN:502,withContT
FN:504,(anonymous_46)
FN:509,map
FN:511,(anonymous_48)
FN:512,(anonymous_49)
FN:518,apply
FN:521,(anonymous_51)
FN:522,(anonymous_52)
FN:523,(anonymous_53)
FN:530,pure
FN:531,(anonymous_55)
FN:536,bind
FN:538,(anonymous_57)
FN:539,(anonymous_58)
FN:546,WithResult
FNF:60
FNH:22
FNDA:0,WithMonad
FNDA:0,(anonymous_1)
FNDA:0,(anonymous_2)
FNDA:0,(anonymous_3)
FNDA:0,(anonymous_4)
FNDA:0,(anonymous_5)
FNDA:0,(anonymous_6)
FNDA:0,(anonymous_7)
FNDA:0,(anonymous_8)
FNDA:0,(anonymous_9)
FNDA:0,(anonymous_10)
FNDA:0,(anonymous_11)
FNDA:0,(anonymous_12)
FNDA:0,(anonymous_13)
FNDA:0,(anonymous_14)
FNDA:0,(anonymous_15)
FNDA:0,(anonymous_16)
FNDA:0,(anonymous_17)
FNDA:0,(anonymous_18)
FNDA:0,(anonymous_19)
FNDA:1,WithMonadAndResult
FNDA:1,(anonymous_21)
FNDA:3,(anonymous_22)
FNDA:2,(anonymous_23)
FNDA:0,(anonymous_24)
FNDA:0,(anonymous_25)
FNDA:0,(anonymous_26)
FNDA:0,(anonymous_27)
FNDA:2,(anonymous_28)
FNDA:2,(anonymous_29)
FNDA:2,(anonymous_30)
FNDA:1,(anonymous_31)
FNDA:1,(anonymous_32)
FNDA:1,(anonymous_33)
FNDA:1,(anonymous_34)
FNDA:0,(anonymous_35)
FNDA:0,(anonymous_36)
FNDA:0,(anonymous_37)
FNDA:0,(anonymous_38)
FNDA:0,(anonymous_39)
FNDA:0,(anonymous_40)
FNDA:4,make
FNDA:3,runContT
FNDA:0,mapContT
FNDA:0,(anonymous_44)
FNDA:0,withContT
FNDA:0,(anonymous_46)
FNDA:6,map
FNDA:6,(anonymous_48)
FNDA:6,(anonymous_49)
FNDA:0,apply
FNDA:0,(anonymous_51)
FNDA:0,(anonymous_52)
FNDA:0,(anonymous_53)
FNDA:1,pure
FNDA:1,(anonymous_55)
FNDA:2,bind
FNDA:2,(anonymous_57)
FNDA:2,(anonymous_58)
FNDA:1,WithResult
DA:3,1
DA:4,1
DA:5,1
DA:6,1
DA:7,1
DA:8,1
DA:11,0
DA:12,0
DA:14,0
DA:15,0
DA:17,0
DA:18,0
DA:19,0
DA:20,0
DA:23,0
DA:24,0
DA:25,0
DA:26,0
DA:29,0
DA:30,0
DA:31,0
DA:32,0
DA:33,0
DA:37,0
DA:38,0
DA:39,0
DA:40,0
DA:41,0
DA:42,0
DA:43,0
DA:48,0
DA:49,0
DA:50,0
DA:53,0
DA:54,0
DA:55,0
DA:56,0
DA:57,0
DA:58,0
DA:62,0
DA:63,0
DA:66,0
DA:67,0
DA:71,0
DA:72,0
DA:77,0
DA:78,0
DA:84,0
DA:85,0
DA:86,0
DA:87,0
DA:88,0
DA:89,0
DA:90,0
DA:91,0
DA:92,0
DA:93,0
DA:94,0
DA:95,0
DA:96,0
DA:97,0
DA:98,0
DA:99,0
DA:100,0
DA:101,0
DA:102,0
DA:103,0
DA:120,0
DA:167,0
DA:181,1
DA:182,1
DA:183,3
DA:185,1
DA:186,2
DA:188,1
DA:189,0
DA:190,0
DA:191,0
DA:194,1
DA:195,0
DA:196,0
DA:197,0
DA:200,1
DA:201,2
DA:202,2
DA:203,2
DA:204,2
DA:208,1
DA:209,1
DA:210,1
DA:211,1
DA:212,1
DA:213,1
DA:214,1
DA:219,1
DA:220,0
DA:221,0
DA:224,1
DA:225,0
DA:226,0
DA:227,0
DA:228,0
DA:229,0
DA:233,1
DA:234,0
DA:237,0
DA:238,0
DA:242,0
DA:243,0
DA:248,0
DA:249,0
DA:255,0
DA:256,0
DA:257,0
DA:258,0
DA:259,0
DA:260,0
DA:261,0
DA:262,0
DA:263,0
DA:264,0
DA:265,0
DA:266,0
DA:267,0
DA:268,0
DA:269,0
DA:270,0
DA:271,0
DA:272,0
DA:273,0
DA:274,0
DA:291,0
DA:338,1
DA:349,1
DA:352,1
DA:353,1
DA:357,1
DA:358,1
DA:363,1
DA:364,1
DA:370,1
DA:371,1
DA:372,1
DA:373,1
DA:374,1
DA:375,1
DA:376,1
DA:377,1
DA:378,1
DA:379,1
DA:380,1
DA:381,1
DA:382,1
DA:383,1
DA:384,1
DA:385,1
DA:386,1
DA:387,1
DA:388,1
DA:389,1
DA:406,1
DA:407,1
DA:408,1
DA:409,1
DA:410,1
DA:411,1
DA:412,1
DA:413,1
DA:414,1
DA:415,1
DA:416,1
DA:417,1
DA:418,1
DA:419,1
DA:420,1
DA:421,1
DA:422,1
DA:423,1
DA:424,1
DA:425,1
DA:426,1
DA:427,1
DA:428,1
DA:429,1
DA:430,1
DA:431,1
DA:432,1
DA:433,1
DA:434,1
DA:435,1
DA:436,1
DA:437,1
DA:488,4
DA:492,3
DA:496,0
DA:497,0
DA:498,0
DA:503,0
DA:504,0
DA:505,0
DA:510,6
DA:511,6
DA:512,6
DA:513,6
DA:519,0
DA:520,0
DA:521,0
DA:522,0
DA:523,0
DA:524,0
DA:531,1
DA:532,1
DA:537,2
DA:538,2
DA:539,2
DA:540,2
DA:541,2
DA:547,1
DA:550,1
DA:551,1
DA:555,1
DA:556,1
DA:561,1
DA:562,1
DA:568,1
DA:569,1
DA:570,1
DA:571,1
DA:572,1
DA:573,1
DA:574,1
DA:575,1
DA:576,1
DA:577,1
DA:578,1
DA:579,1
DA:580,1
DA:581,1
DA:582,1
DA:583,1
DA:584,1
DA:585,1
DA:586,1
DA:587,1
DA:604,1
DA:652,1
DA:664,1
DA:665,1
DA:666,1
LF:249
LH:133
BRF:0
BRH:0
end_of_record
TN:
SF:/home/michael/Projects/Mine/Relude/relude/lib/js/src/Relude_Debounce.bs.js
FN:7,debounce
FN:10,(anonymous_1)
FN:11,(anonymous_2)
FN:18,(anonymous_3)
FN:21,(anonymous_4)
FN:26,(anonymous_5)
FN:32,(anonymous_6)
FNF:7
FNH:7
FNDA:4,debounce
FNDA:19,(anonymous_1)
FNDA:15,(anonymous_2)
FNDA:4,(anonymous_3)
FNDA:1,(anonymous_4)
FNDA:18,(anonymous_5)
FNDA:2,(anonymous_6)
DA:3,1
DA:4,1
DA:5,1
DA:8,4
DA:9,4
DA:10,4
DA:11,19
DA:12,15
DA:13,15
DA:15,19
DA:16,19
DA:18,4
DA:19,4
DA:21,4
DA:22,1
DA:23,1
DA:25,4
DA:26,4
DA:27,18
DA:28,1
DA:29,1
DA:31,17
DA:32,17
DA:33,2
DA:34,2
DA:35,2
DA:37,17
DA:40,4
DA:48,1
LF:29
LH:29
BRDA:8,0,0,4
BRDA:8,0,1,0
BRDA:27,1,0,1
BRDA:27,1,1,17
BRF:4
BRH:3
end_of_record
TN:
SF:/home/michael/Projects/Mine/Relude/relude/lib/js/src/Relude_Decimal.bs.js
FN:9,make
FN:16,fromInt
FN:23,show
FN:41,tenToThePowerOfPositive
FN:42,(anonymous_4)
FN:47,normalize
FN:66,add
FN:74,subtract
FNF:8
FNH:8
FNDA:1,make
FNDA:1,fromInt
FNDA:3,show
FNDA:12,tenToThePowerOfPositive
FNDA:21,(anonymous_4)
FNDA:3,normalize
FNDA:1,add
FNDA:1,subtract
DA:3,1
DA:4,1
DA:5,1
DA:6,1
DA:7,1
DA:10,1
DA:17,1
DA:24,3
DA:25,3
DA:26,3
DA:27,1
DA:28,2
DA:29,1
DA:30,0
DA:32,1
DA:33,1
DA:36,1
DA:37,1
DA:42,12
DA:43,21
DA:48,3
DA:49,3
DA:50,3
DA:51,3
DA:52,3
DA:53,3
DA:67,1
DA:68,1
DA:75,1
DA:76,1
DA:82,1
DA:84,1
DA:86,1
DA:87,1
DA:88,1
DA:89,1
DA:90,1
DA:91,1
DA:92,1
DA:93,1
DA:94,1
LF:41
LH:40
BRDA:26,0,0,1
BRDA:26,0,1,2
BRDA:28,1,0,1
BRDA:28,1,1,1
BRDA:29,2,0,0
BRDA:29,2,1,1
BRF:6
BRH:5
end_of_record
TN:
SF:/home/michael/Projects/Mine/Relude/relude/lib/js/src/Relude_Float.bs.js
FN:10,eq
FN:18,add
FN:22,subtract
FN:26,multiply
FN:30,divide
FN:58,subtract$1
FN:76,modulo
FN:80,degree
FN:95,approximatelyEqual
FN:99,toInt
FN:103,fromInt
FN:107,fractionalPart
FN:113,floor
FN:117,floorAsInt
FN:121,ceil
FN:125,ceilAsInt
FN:129,round
FN:138,roundAsInt
FN:142,toPrecision
FN:149,show
FN:157,fromString
FNF:21
FNH:19
FNDA:2,eq
FNDA:1,add
FNDA:1,subtract
FNDA:1,multiply
FNDA:1,divide
FNDA:7,subtract$1
FNDA:0,modulo
FNDA:0,degree
FNDA:10,approximatelyEqual
FNDA:2,toInt
FNDA:1,fromInt
FNDA:8,fractionalPart
FNDA:2,floor
FNDA:1,floorAsInt
FNDA:2,ceil
FNDA:1,ceilAsInt
FNDA:5,round
FNDA:1,roundAsInt
FNDA:5,toPrecision
FNDA:4,show
FNDA:5,fromString
DA:3,12
DA:4,12
DA:5,12
DA:6,12
DA:7,12
DA:8,12
DA:11,2
DA:14,12
DA:19,1
DA:23,1
DA:27,1
DA:31,1
DA:34,12
DA:36,12
DA:38,12
DA:40,12
DA:45,12
DA:47,12
DA:49,12
DA:56,12
DA:59,7
DA:62,12
DA:70,12
DA:72,12
DA:74,12
DA:77,0
DA:81,0
DA:84,12
DA:96,10
DA:100,2
DA:104,1
DA:108,8
DA:109,8
DA:110,8
DA:114,2
DA:118,1
DA:122,2
DA:126,1
DA:130,5
DA:131,5
DA:132,3
DA:134,2
DA:139,1
DA:143,5
DA:144,5
DA:145,5
DA:146,5
DA:150,4
DA:153,12
DA:158,5
DA:159,5
DA:162,3
DA:166,12
DA:168,12
DA:170,12
DA:172,12
DA:174,12
DA:176,12
DA:178,12
DA:180,12
DA:182,12
DA:184,12
DA:196,12
DA:198,12
DA:200,12
DA:202,12
DA:204,12
DA:206,12
DA:208,12
DA:210,12
DA:220,12
DA:222,12
DA:224,12
DA:226,12
DA:228,12
DA:235,12
DA:237,12
DA:239,12
DA:241,12
DA:243,12
DA:250,12
DA:252,12
DA:254,12
DA:256,12
DA:258,12
DA:260,12
DA:262,12
DA:264,12
DA:266,12
DA:268,12
DA:270,12
DA:272,12
DA:274,12
DA:289,12
DA:291,12
DA:293,12
DA:295,12
DA:297,12
DA:299,12
DA:301,12
DA:303,12
DA:305,12
DA:307,12
DA:309,12
DA:311,12
DA:313,12
DA:315,12
DA:317,12
DA:319,12
DA:321,12
DA:323,12
DA:325,12
DA:327,12
DA:329,12
DA:330,12
DA:331,12
DA:332,12
DA:333,12
DA:334,12
DA:335,12
DA:336,12
DA:337,12
DA:338,12
DA:339,12
DA:340,12
DA:341,12
DA:342,12
DA:343,12
DA:344,12
DA:345,12
DA:346,12
DA:347,12
DA:348,12
DA:349,12
DA:350,12
DA:351,12
DA:352,12
DA:353,12
DA:354,12
DA:355,12
DA:356,12
DA:357,12
DA:358,12
DA:359,12
DA:360,12
DA:361,12
DA:362,12
DA:363,12
DA:364,12
DA:365,12
DA:366,12
DA:367,12
DA:368,12
DA:369,12
DA:370,12
DA:371,12
DA:372,12
DA:373,12
DA:374,12
DA:375,12
DA:376,12
DA:377,12
DA:378,12
DA:379,12
DA:380,12
DA:381,12
DA:382,12
LF:167
LH:165
BRDA:110,0,0,5
BRDA:110,0,1,3
BRDA:131,1,0,3
BRDA:131,1,1,2
BRDA:145,2,0,4
BRDA:145,2,1,1
BRF:6
BRH:6
end_of_record
TN:
SF:/home/michael/Projects/Mine/Relude/relude/lib/js/src/Relude_Function.bs.js
FN:11,identity
FN:15,$$const
FN:19,flip
FN:23,compose
FN:27,flipCompose
FN:31,curry2
FN:38,curry3
FN:46,curry4
FN:55,curry5
FN:65,uncurry2
FN:69,uncurry3
FN:73,uncurry4
FN:77,uncurry5
FN:81,map
FN:85,apply
FN:89,pure
FN:93,bind
FN:97,flatMap
FN:98,(anonymous_18)
FN:103,memoize0
FN:105,(anonymous_20)
FN:117,memoize1
FN:119,(anonymous_22)
FN:132,before
FN:135,(anonymous_24)
FN:155,after
FN:157,(anonymous_26)
FN:167,once
FN:169,(anonymous_28)
FN:181,wrap
FN:185,negate
FN:194,WithArgument
FNF:32
FNH:24
FNDA:5,identity
FNDA:1,$$const
FNDA:0,flip
FNDA:1,compose
FNDA:46,flipCompose
FNDA:1,curry2
FNDA:1,curry3
FNDA:1,curry4
FNDA:1,curry5
FNDA:3,uncurry2
FNDA:1,uncurry3
FNDA:1,uncurry4
FNDA:1,uncurry5
FNDA:0,map
FNDA:0,apply
FNDA:0,pure
FNDA:0,bind
FNDA:0,flatMap
FNDA:0,(anonymous_18)
FNDA:1,memoize0
FNDA:3,(anonymous_20)
FNDA:1,memoize1
FNDA:6,(anonymous_22)
FNDA:1,before
FNDA:5,(anonymous_24)
FNDA:1,after
FNDA:5,(anonymous_26)
FNDA:1,once
FNDA:3,(anonymous_28)
FNDA:1,wrap
FNDA:1,negate
FNDA:0,WithArgument
DA:3,28
DA:4,28
DA:5,28
DA:6,28
DA:7,28
DA:8,28
DA:9,28
DA:12,5
DA:16,1
DA:20,0
DA:24,1
DA:28,46
DA:32,1
DA:39,1
DA:47,1
DA:56,1
DA:66,3
DA:70,1
DA:74,1
DA:78,1
DA:82,0
DA:86,0
DA:90,0
DA:94,0
DA:98,0
DA:99,0
DA:104,1
DA:105,1
DA:106,3
DA:107,3
DA:108,2
DA:110,1
DA:111,1
DA:112,1
DA:118,1
DA:119,1
DA:120,6
DA:121,6
DA:122,6
DA:123,3
DA:125,3
DA:126,3
DA:127,3
DA:133,1
DA:134,1
DA:135,1
DA:136,5
DA:137,5
DA:138,4
DA:139,2
DA:140,2
DA:141,2
DA:142,2
DA:144,2
DA:147,1
DA:148,1
DA:149,1
DA:150,1
DA:156,1
DA:157,1
DA:158,5
DA:159,3
DA:160,3
DA:162,2
DA:168,1
DA:169,1
DA:170,3
DA:171,3
DA:172,2
DA:174,1
DA:175,1
DA:176,1
DA:182,1
DA:186,1
DA:189,28
DA:195,0
DA:198,0
DA:199,0
DA:203,0
DA:204,0
DA:209,0
DA:210,0
DA:216,0
DA:217,0
DA:218,0
DA:219,0
DA:220,0
DA:221,0
DA:222,0
DA:223,0
DA:224,0
DA:225,0
DA:226,0
DA:227,0
DA:228,0
DA:229,0
DA:230,0
DA:231,0
DA:232,0
DA:233,0
DA:234,0
DA:235,0
DA:254,0
DA:298,28
DA:300,28
DA:302,28
DA:303,28
DA:304,28
DA:305,28
DA:306,28
DA:307,28
DA:308,28
DA:309,28
DA:310,28
DA:311,28
DA:312,28
DA:313,28
DA:314,28
DA:315,28
DA:316,28
DA:317,28
DA:318,28
DA:319,28
DA:320,28
DA:321,28
DA:322,28
DA:323,28
DA:324,28
DA:325,28
DA:326,28
DA:327,28
DA:328,28
DA:329,28
DA:330,28
LF:134
LH:99
BRDA:107,0,0,2
BRDA:107,0,1,1
BRDA:122,1,0,3
BRDA:122,1,1,3
BRDA:137,2,0,4
BRDA:137,2,1,1
BRDA:138,3,0,2
BRDA:138,3,1,2
BRDA:158,4,0,3
BRDA:158,4,1,2
BRDA:171,5,0,2
BRDA:171,5,1,1
BRF:12
BRH:12
end_of_record
TN:
SF:/home/michael/Projects/Mine/Relude/relude/lib/js/src/Relude_Globals.bs.js
FNF:0
FNH:0
DA:3,1
DA:4,1
DA:5,1
DA:6,1
DA:7,1
DA:8,1
DA:9,1
DA:10,1
DA:11,1
DA:12,1
DA:13,1
DA:14,1
DA:15,1
DA:16,1
DA:17,1
DA:18,1
DA:19,1
DA:20,1
DA:21,1
DA:22,1
DA:23,1
DA:24,1
DA:25,1
DA:26,1
DA:27,1
DA:28,1
DA:29,1
DA:30,1
DA:31,1
DA:32,1
DA:33,1
DA:35,1
DA:37,1
DA:39,1
DA:41,1
DA:43,1
DA:45,1
DA:47,1
DA:49,1
DA:51,1
DA:53,1
DA:55,1
DA:57,1
DA:59,1
DA:61,1
DA:63,1
DA:65,1
DA:67,1
DA:69,1
DA:71,1
DA:73,1
DA:75,1
DA:77,1
DA:79,1
DA:81,1
DA:83,1
DA:85,1
DA:87,1
DA:89,1
DA:91,1
DA:93,1
DA:95,1
DA:97,1
DA:99,1
DA:101,1
DA:103,1
DA:105,1
DA:107,1
DA:109,1
DA:111,1
DA:113,1
DA:115,1
DA:117,1
DA:119,1
DA:121,1
DA:123,1
DA:124,1
DA:125,1
DA:126,1
DA:127,1
DA:128,1
DA:129,1
DA:130,1
DA:131,1
DA:132,1
DA:133,1
DA:134,1
DA:135,1
DA:136,1
DA:137,1
DA:138,1
DA:139,1
DA:140,1
DA:141,1
DA:142,1
DA:143,1
DA:144,1
DA:145,1
DA:146,1
DA:147,1
DA:148,1
DA:149,1
DA:150,1
DA:151,1
DA:152,1
DA:153,1
DA:154,1
DA:155,1
DA:156,1
DA:157,1
DA:158,1
DA:159,1
DA:160,1
DA:161,1
DA:162,1
DA:163,1
DA:164,1
DA:165,1
DA:166,1
LF:119
LH:119
BRF:0
BRH:0
end_of_record
TN:
SF:/home/michael/Projects/Mine/Relude/relude/lib/js/src/Relude_HList.bs.js
FN:4,pure
FN:11,cons
FN:18,uncons
FN:25,head
FN:29,tail
FN:33,second
FN:37,third
FN:41,fourth
FN:45,fifth
FN:49,fromTuple2
FN:59,fromTuple3
FN:72,fromTuple4
FN:88,fromTuple5
FN:107,toTuple2
FN:114,toTuple3
FN:123,toTuple4
FN:134,toTuple5
FNF:17
FNH:17
FNDA:1,pure
FNDA:2,cons
FNDA:2,uncons
FNDA:1,head
FNDA:1,tail
FNDA:1,second
FNDA:2,third
FNDA:1,fourth
FNDA:1,fifth
FNDA:1,fromTuple2
FNDA:1,fromTuple3
FNDA:1,fromTuple4
FNDA:1,fromTuple5
FNDA:1,toTuple2
FNDA:1,toTuple3
FNDA:1,toTuple4
FNDA:1,toTuple5
DA:5,1
DA:12,2
DA:19,2
DA:26,1
DA:30,1
DA:34,1
DA:38,2
DA:42,1
DA:46,1
DA:50,1
DA:60,1
DA:73,1
DA:89,1
DA:108,1
DA:115,1
DA:116,1
DA:124,1
DA:125,1
DA:126,1
DA:135,1
DA:136,1
DA:137,1
DA:138,1
DA:147,1
DA:149,1
DA:150,1
DA:151,1
DA:152,1
DA:153,1
DA:154,1
DA:155,1
DA:156,1
DA:157,1
DA:158,1
DA:159,1
DA:160,1
DA:161,1
DA:162,1
DA:163,1
DA:164,1
DA:165,1
DA:166,1
LF:42
LH:42
BRF:0
BRH:0
end_of_record
TN:
SF:/home/michael/Projects/Mine/Relude/relude/lib/js/src/Relude_HMap.bs.js
FN:12,makeWitness
FN:19,typeEq
FN:27,WithKeyMeta
FN:29,(anonymous_3)
FN:42,(anonymous_4)
FN:45,(anonymous_5)
FN:48,(anonymous_6)
FN:51,(anonymous_7)
FN:59,(anonymous_8)
FN:62,(anonymous_9)
FN:68,(anonymous_10)
FN:74,(anonymous_11)
FN:77,(anonymous_12)
FN:95,(anonymous_13)
FN:96,(anonymous_14)
FN:100,(anonymous_15)
FN:101,(anonymous_16)
FN:105,(anonymous_17)
FN:106,(anonymous_18)
FN:110,(anonymous_19)
FN:111,(anonymous_20)
FN:115,(anonymous_21)
FN:116,(anonymous_22)
FN:120,(anonymous_23)
FN:149,create
FN:163,keyMeta
FN:167,hideType
FN:171,eq
FN:175,compare
FN:187,hasKey
FN:191,add
FN:198,singleton
FN:205,remove
FN:209,find
FN:228,forEach
FN:229,(anonymous_35)
FN:234,fold
FN:235,(anonymous_37)
FN:240,all
FN:241,(anonymous_39)
FN:246,any
FN:247,(anonymous_41)
FN:252,filter
FN:253,(anonymous_43)
FN:258,size
FNF:45
FNH:25
FNDA:0,makeWitness
FNDA:10,typeEq
FNDA:1,WithKeyMeta
FNDA:15,(anonymous_3)
FNDA:14,(anonymous_4)
FNDA:0,(anonymous_5)
FNDA:0,(anonymous_6)
FNDA:15,(anonymous_7)
FNDA:0,(anonymous_8)
FNDA:15,(anonymous_9)
FNDA:0,(anonymous_10)
FNDA:0,(anonymous_11)
FNDA:0,(anonymous_12)
FNDA:1,(anonymous_13)
FNDA:3,(anonymous_14)
FNDA:1,(anonymous_15)
FNDA:3,(anonymous_16)
FNDA:1,(anonymous_17)
FNDA:3,(anonymous_18)
FNDA:1,(anonymous_19)
FNDA:2,(anonymous_20)
FNDA:1,(anonymous_21)
FNDA:3,(anonymous_22)
FNDA:1,(anonymous_23)
FNDA:9,create
FNDA:0,keyMeta
FNDA:0,hideType
FNDA:0,eq
FNDA:32,compare
FNDA:2,hasKey
FNDA:7,add
FNDA:1,singleton
FNDA:3,remove
FNDA:17,find
FNDA:0,forEach
FNDA:0,(anonymous_35)
FNDA:0,fold
FNDA:0,(anonymous_37)
FNDA:0,all
FNDA:0,(anonymous_39)
FNDA:0,any
FNDA:0,(anonymous_41)
FNDA:0,filter
FNDA:0,(anonymous_43)
FNDA:7,size
DA:3,2
DA:4,2
DA:5,2
DA:6,2
DA:7,2
DA:8,2
DA:10,2
DA:13,0
DA:14,0
DA:20,10
DA:21,10
DA:22,10
DA:28,1
DA:29,1
DA:30,15
DA:31,15
DA:32,15
DA:33,15
DA:36,15
DA:42,1
DA:43,14
DA:45,1
DA:46,0
DA:48,1
DA:49,0
DA:51,1
DA:52,15
DA:54,1
DA:57,1
DA:58,1
DA:59,1
DA:60,0
DA:62,1
DA:63,15
DA:68,1
DA:69,0
DA:74,1
DA:75,0
DA:77,1
DA:78,0
DA:79,0
DA:80,0
DA:81,0
DA:82,0
DA:84,0
DA:88,0
DA:89,0
DA:91,0
DA:95,1
DA:96,1
DA:97,3
DA:100,1
DA:101,1
DA:102,3
DA:105,1
DA:106,1
DA:107,3
DA:110,1
DA:111,1
DA:112,2
DA:115,1
DA:116,1
DA:117,3
DA:120,1
DA:121,1
DA:123,1
DA:147,2
DA:150,9
DA:151,9
DA:152,9
DA:153,9
DA:156,9
DA:164,0
DA:168,0
DA:172,0
DA:176,32
DA:179,2
DA:183,2
DA:185,2
DA:188,2
DA:192,7
DA:199,1
DA:206,3
DA:210,17
DA:211,17
DA:212,10
DA:213,10
DA:214,10
DA:216,0
DA:220,7
DA:221,7
DA:223,0
DA:229,0
DA:230,0
DA:235,0
DA:236,0
DA:241,0
DA:242,0
DA:247,0
DA:248,0
DA:253,0
DA:254,0
DA:259,7
DA:262,2
DA:270,2
DA:287,2
DA:289,2
DA:290,2
DA:291,2
DA:292,2
DA:293,2
DA:294,2
DA:295,2
DA:296,2
DA:297,2
DA:298,2
DA:299,2
DA:300,2
DA:301,2
DA:302,2
DA:303,2
DA:304,2
DA:305,2
DA:306,2
DA:307,2
LF:125
LH:94
BRDA:21,0,0,10
BRDA:21,0,1,0
BRDA:81,1,0,0
BRDA:81,1,1,0
BRDA:88,2,0,0
BRDA:88,2,1,0
BRDA:213,3,0,10
BRDA:213,3,1,0
BRDA:220,4,0,7
BRDA:220,4,1,0
BRF:10
BRH:3
end_of_record
TN:
SF:/home/michael/Projects/Mine/Relude/relude/lib/js/src/Relude_IO.bs.js
FN:24,pure
FN:28,pureWithVoid
FN:32,$$throw
FN:36,throwWithVoid
FN:40,suspend
FN:44,suspendWithVoid
FN:48,suspendThrow
FN:49,(anonymous_7)
FN:54,suspendIO
FN:58,async
FN:62,fromOption
FN:63,(anonymous_11)
FN:68,fromResult
FN:72,map
FN:79,tap
FN:81,(anonymous_15)
FN:89,flatMap
FN:96,bind
FN:103,apply
FN:105,(anonymous_19)
FN:115,cond
FN:117,(anonymous_21)
FN:129,condError
FN:131,(anonymous_23)
FN:143,unsafeRunAsync
FN:171,(anonymous_25)
FN:172,(anonymous_26)
FN:182,(anonymous_27)
FN:183,(anonymous_28)
FN:194,(anonymous_29)
FN:195,(anonymous_30)
FN:207,(anonymous_31)
FN:208,(anonymous_32)
FN:212,(anonymous_33)
FN:239,(anonymous_34)
FN:240,(anonymous_35)
FN:250,(anonymous_36)
FN:251,(anonymous_37)
FN:262,(anonymous_38)
FN:263,(anonymous_39)
FN:275,(anonymous_40)
FN:276,(anonymous_41)
FN:280,(anonymous_42)
FN:298,mapError
FN:308,(anonymous_44)
FN:313,(anonymous_45)
FN:314,(anonymous_46)
FN:326,(anonymous_47)
FN:335,tapError
FN:336,(anonymous_49)
FN:342,catchError
FN:354,(anonymous_51)
FN:355,(anonymous_52)
FN:361,(anonymous_53)
FN:362,(anonymous_54)
FN:363,(anonymous_55)
FN:383,(anonymous_56)
FN:384,(anonymous_57)
FN:390,(anonymous_58)
FN:391,(anonymous_59)
FN:400,(anonymous_60)
FN:401,(anonymous_61)
FN:402,(anonymous_62)
FN:414,(anonymous_63)
FN:415,(anonymous_64)
FN:425,(anonymous_65)
FN:426,(anonymous_66)
FN:449,(anonymous_67)
FN:450,(anonymous_68)
FN:456,(anonymous_69)
FN:457,(anonymous_70)
FN:466,(anonymous_71)
FN:467,(anonymous_72)
FN:468,(anonymous_73)
FN:480,(anonymous_74)
FN:481,(anonymous_75)
FN:491,(anonymous_76)
FN:492,(anonymous_77)
FN:509,handleError
FN:521,(anonymous_79)
FN:522,(anonymous_80)
FN:528,(anonymous_81)
FN:529,(anonymous_82)
FN:530,(anonymous_83)
FN:549,(anonymous_84)
FN:550,(anonymous_85)
FN:556,(anonymous_86)
FN:557,(anonymous_87)
FN:566,(anonymous_88)
FN:567,(anonymous_89)
FN:568,(anonymous_90)
FN:580,(anonymous_91)
FN:581,(anonymous_92)
FN:591,(anonymous_93)
FN:592,(anonymous_94)
FN:615,(anonymous_95)
FN:616,(anonymous_96)
FN:622,(anonymous_97)
FN:623,(anonymous_98)
FN:632,(anonymous_99)
FN:633,(anonymous_100)
FN:634,(anonymous_101)
FN:646,(anonymous_102)
FN:647,(anonymous_103)
FN:657,(anonymous_104)
FN:658,(anonymous_105)
FN:675,bimap
FN:683,(anonymous_107)
FN:688,(anonymous_108)
FN:693,(anonymous_109)
FN:694,(anonymous_110)
FN:695,(anonymous_111)
FN:703,(anonymous_112)
FN:711,(anonymous_113)
FN:720,bitap
FN:721,(anonymous_115)
FN:724,(anonymous_116)
FN:730,tries
FN:731,(anonymous_118)
FN:742,triesJS
FN:743,(anonymous_120)
FN:759,flip
FN:769,(anonymous_122)
FN:770,(anonymous_123)
FN:776,(anonymous_124)
FN:777,(anonymous_125)
FN:783,(anonymous_126)
FN:784,(anonymous_127)
FN:785,(anonymous_128)
FN:800,(anonymous_129)
FN:801,(anonymous_130)
FN:807,(anonymous_131)
FN:808,(anonymous_132)
FN:817,(anonymous_133)
FN:818,(anonymous_134)
FN:819,(anonymous_135)
FN:827,(anonymous_136)
FN:828,(anonymous_137)
FN:838,(anonymous_138)
FN:839,(anonymous_139)
FN:862,(anonymous_140)
FN:863,(anonymous_141)
FN:869,(anonymous_142)
FN:870,(anonymous_143)
FN:879,(anonymous_144)
FN:880,(anonymous_145)
FN:881,(anonymous_146)
FN:893,(anonymous_147)
FN:894,(anonymous_148)
FN:904,(anonymous_149)
FN:905,(anonymous_150)
FN:922,summonError
FN:932,(anonymous_152)
FN:933,(anonymous_153)
FN:939,(anonymous_154)
FN:940,(anonymous_155)
FN:946,(anonymous_156)
FN:947,(anonymous_157)
FN:948,(anonymous_158)
FN:963,(anonymous_159)
FN:964,(anonymous_160)
FN:970,(anonymous_161)
FN:971,(anonymous_162)
FN:980,(anonymous_163)
FN:981,(anonymous_164)
FN:982,(anonymous_165)
FN:990,(anonymous_166)
FN:991,(anonymous_167)
FN:1001,(anonymous_168)
FN:1002,(anonymous_169)
FN:1025,(anonymous_170)
FN:1026,(anonymous_171)
FN:1032,(anonymous_172)
FN:1033,(anonymous_173)
FN:1042,(anonymous_174)
FN:1043,(anonymous_175)
FN:1044,(anonymous_176)
FN:1056,(anonymous_177)
FN:1057,(anonymous_178)
FN:1067,(anonymous_179)
FN:1068,(anonymous_180)
FN:1085,unsummonError
FN:1095,(anonymous_182)
FN:1096,(anonymous_183)
FN:1102,(anonymous_184)
FN:1103,(anonymous_185)
FN:1109,(anonymous_186)
FN:1110,(anonymous_187)
FN:1111,(anonymous_188)
FN:1130,(anonymous_189)
FN:1131,(anonymous_190)
FN:1137,(anonymous_191)
FN:1138,(anonymous_192)
FN:1147,(anonymous_193)
FN:1148,(anonymous_194)
FN:1149,(anonymous_195)
FN:1161,(anonymous_196)
FN:1162,(anonymous_197)
FN:1191,(anonymous_198)
FN:1192,(anonymous_199)
FN:1198,(anonymous_200)
FN:1199,(anonymous_201)
FN:1208,(anonymous_202)
FN:1209,(anonymous_203)
FN:1210,(anonymous_204)
FN:1222,(anonymous_205)
FN:1223,(anonymous_206)
FN:1233,(anonymous_207)
FN:1234,(anonymous_208)
FN:1251,delay
FN:1252,(anonymous_210)
FN:1253,(anonymous_211)
FN:1260,delayWithVoid
FN:1261,(anonymous_213)
FN:1262,(anonymous_214)
FN:1269,withDelay
FN:1271,(anonymous_216)
FN:1278,debounce
FN:1282,(anonymous_218)
FN:1286,(anonymous_219)
FN:1287,(anonymous_220)
FN:1298,(anonymous_221)
FN:1300,(anonymous_222)
FN:1306,(anonymous_223)
FN:1326,throttle
FN:1329,(anonymous_225)
FN:1331,(anonymous_226)
FN:1337,(anonymous_227)
FN:1350,WithError
FNF:229
FNH:112
FNDA:105,pure
FNDA:0,pureWithVoid
FNDA:14,$$throw
FNDA:0,throwWithVoid
FNDA:16,suspend
FNDA:0,suspendWithVoid
FNDA:0,suspendThrow
FNDA:0,(anonymous_7)
FNDA:13,suspendIO
FNDA:21,async
FNDA:3,fromOption
FNDA:1,(anonymous_11)
FNDA:2,fromResult
FNDA:43,map
FNDA:0,tap
FNDA:0,(anonymous_15)
FNDA:35,flatMap
FNDA:20,bind
FNDA:22,apply
FNDA:22,(anonymous_19)
FNDA:1,cond
FNDA:1,(anonymous_21)
FNDA:1,condError
FNDA:1,(anonymous_23)
FNDA:164,unsafeRunAsync
FNDA:1,(anonymous_25)
FNDA:1,(anonymous_26)
FNDA:6,(anonymous_27)
FNDA:6,(anonymous_28)
FNDA:9,(anonymous_29)
FNDA:9,(anonymous_30)
FNDA:21,(anonymous_31)
FNDA:21,(anonymous_32)
FNDA:21,(anonymous_33)
FNDA:2,(anonymous_34)
FNDA:2,(anonymous_35)
FNDA:5,(anonymous_36)
FNDA:5,(anonymous_37)
FNDA:7,(anonymous_38)
FNDA:7,(anonymous_39)
FNDA:12,(anonymous_40)
FNDA:12,(anonymous_41)
FNDA:12,(anonymous_42)
FNDA:20,mapError
FNDA:3,(anonymous_44)
FNDA:3,(anonymous_45)
FNDA:3,(anonymous_46)
FNDA:1,(anonymous_47)
FNDA:0,tapError
FNDA:0,(anonymous_49)
FNDA:2,catchError
FNDA:0,(anonymous_51)
FNDA:0,(anonymous_52)
FNDA:0,(anonymous_53)
FNDA:0,(anonymous_54)
FNDA:0,(anonymous_55)
FNDA:0,(anonymous_56)
FNDA:0,(anonymous_57)
FNDA:0,(anonymous_58)
FNDA:0,(anonymous_59)
FNDA:0,(anonymous_60)
FNDA:0,(anonymous_61)
FNDA:0,(anonymous_62)
FNDA:0,(anonymous_63)
FNDA:0,(anonymous_64)
FNDA:0,(anonymous_65)
FNDA:0,(anonymous_66)
FNDA:0,(anonymous_67)
FNDA:0,(anonymous_68)
FNDA:0,(anonymous_69)
FNDA:0,(anonymous_70)
FNDA:0,(anonymous_71)
FNDA:0,(anonymous_72)
FNDA:0,(anonymous_73)
FNDA:0,(anonymous_74)
FNDA:0,(anonymous_75)
FNDA:0,(anonymous_76)
FNDA:0,(anonymous_77)
FNDA:0,handleError
FNDA:0,(anonymous_79)
FNDA:0,(anonymous_80)
FNDA:0,(anonymous_81)
FNDA:0,(anonymous_82)
FNDA:0,(anonymous_83)
FNDA:0,(anonymous_84)
FNDA:0,(anonymous_85)
FNDA:0,(anonymous_86)
FNDA:0,(anonymous_87)
FNDA:0,(anonymous_88)
FNDA:0,(anonymous_89)
FNDA:0,(anonymous_90)
FNDA:0,(anonymous_91)
FNDA:0,(anonymous_92)
FNDA:0,(anonymous_93)
FNDA:0,(anonymous_94)
FNDA:0,(anonymous_95)
FNDA:0,(anonymous_96)
FNDA:0,(anonymous_97)
FNDA:0,(anonymous_98)
FNDA:0,(anonymous_99)
FNDA:0,(anonymous_100)
FNDA:0,(anonymous_101)
FNDA:0,(anonymous_102)
FNDA:0,(anonymous_103)
FNDA:0,(anonymous_104)
FNDA:0,(anonymous_105)
FNDA:26,bimap
FNDA:3,(anonymous_107)
FNDA:7,(anonymous_108)
FNDA:5,(anonymous_109)
FNDA:5,(anonymous_110)
FNDA:5,(anonymous_111)
FNDA:0,(anonymous_112)
FNDA:0,(anonymous_113)
FNDA:0,bitap
FNDA:0,(anonymous_115)
FNDA:0,(anonymous_116)
FNDA:1,tries
FNDA:1,(anonymous_118)
FNDA:6,triesJS
FNDA:6,(anonymous_120)
FNDA:14,flip
FNDA:2,(anonymous_122)
FNDA:2,(anonymous_123)
FNDA:1,(anonymous_124)
FNDA:1,(anonymous_125)
FNDA:4,(anonymous_126)
FNDA:4,(anonymous_127)
FNDA:4,(anonymous_128)
FNDA:0,(anonymous_129)
FNDA:0,(anonymous_130)
FNDA:0,(anonymous_131)
FNDA:0,(anonymous_132)
FNDA:0,(anonymous_133)
FNDA:0,(anonymous_134)
FNDA:0,(anonymous_135)
FNDA:0,(anonymous_136)
FNDA:0,(anonymous_137)
FNDA:0,(anonymous_138)
FNDA:0,(anonymous_139)
FNDA:0,(anonymous_140)
FNDA:0,(anonymous_141)
FNDA:0,(anonymous_142)
FNDA:0,(anonymous_143)
FNDA:1,(anonymous_144)
FNDA:1,(anonymous_145)
FNDA:1,(anonymous_146)
FNDA:1,(anonymous_147)
FNDA:1,(anonymous_148)
FNDA:2,(anonymous_149)
FNDA:2,(anonymous_150)
FNDA:18,summonError
FNDA:2,(anonymous_152)
FNDA:2,(anonymous_153)
FNDA:3,(anonymous_154)
FNDA:3,(anonymous_155)
FNDA:1,(anonymous_156)
FNDA:1,(anonymous_157)
FNDA:1,(anonymous_158)
FNDA:0,(anonymous_159)
FNDA:0,(anonymous_160)
FNDA:0,(anonymous_161)
FNDA:0,(anonymous_162)
FNDA:0,(anonymous_163)
FNDA:0,(anonymous_164)
FNDA:0,(anonymous_165)
FNDA:0,(anonymous_166)
FNDA:0,(anonymous_167)
FNDA:0,(anonymous_168)
FNDA:0,(anonymous_169)
FNDA:1,(anonymous_170)
FNDA:1,(anonymous_171)
FNDA:0,(anonymous_172)
FNDA:0,(anonymous_173)
FNDA:4,(anonymous_174)
FNDA:4,(anonymous_175)
FNDA:4,(anonymous_176)
FNDA:2,(anonymous_177)
FNDA:2,(anonymous_178)
FNDA:1,(anonymous_179)
FNDA:1,(anonymous_180)
FNDA:12,unsummonError
FNDA:3,(anonymous_182)
FNDA:3,(anonymous_183)
FNDA:2,(anonymous_184)
FNDA:2,(anonymous_185)
FNDA:1,(anonymous_186)
FNDA:1,(anonymous_187)
FNDA:1,(anonymous_188)
FNDA:0,(anonymous_189)
FNDA:0,(anonymous_190)
FNDA:0,(anonymous_191)
FNDA:0,(anonymous_192)
FNDA:0,(anonymous_193)
FNDA:0,(anonymous_194)
FNDA:0,(anonymous_195)
FNDA:0,(anonymous_196)
FNDA:0,(anonymous_197)
FNDA:0,(anonymous_198)
FNDA:0,(anonymous_199)
FNDA:0,(anonymous_200)
FNDA:0,(anonymous_201)
FNDA:1,(anonymous_202)
FNDA:1,(anonymous_203)
FNDA:1,(anonymous_204)
FNDA:0,(anonymous_205)
FNDA:0,(anonymous_206)
FNDA:0,(anonymous_207)
FNDA:0,(anonymous_208)
FNDA:19,delay
FNDA:17,(anonymous_210)
FNDA:17,(anonymous_211)
FNDA:0,delayWithVoid
FNDA:0,(anonymous_213)
FNDA:0,(anonymous_214)
FNDA:2,withDelay
FNDA:2,(anonymous_216)
FNDA:2,debounce
FNDA:10,(anonymous_218)
FNDA:8,(anonymous_219)
FNDA:8,(anonymous_220)
FNDA:10,(anonymous_221)
FNDA:2,(anonymous_222)
FNDA:8,(anonymous_223)
FNDA:1,throttle
FNDA:2,(anonymous_225)
FNDA:1,(anonymous_226)
FNDA:5,(anonymous_227)
FNDA:8,WithError
DA:3,17
DA:4,17
DA:5,17
DA:6,17
DA:7,17
DA:8,17
DA:9,17
DA:10,17
DA:11,17
DA:12,17
DA:13,17
DA:14,17
DA:15,17
DA:16,17
DA:17,17
DA:18,17
DA:20,17
DA:22,17
DA:25,105
DA:29,0
DA:33,14
DA:37,0
DA:41,16
DA:45,0
DA:49,0
DA:50,0
DA:55,13
DA:59,21
DA:63,3
DA:64,1
DA:69,2
DA:73,43
DA:80,0
DA:82,0
DA:83,0
DA:90,35
DA:97,20
DA:104,22
DA:106,22
DA:116,1
DA:118,1
DA:119,1
DA:120,1
DA:122,0
DA:130,1
DA:132,1
DA:133,1
DA:134,0
DA:136,1
DA:144,164
DA:145,264
DA:146,264
DA:147,264
DA:149,72
DA:151,18
DA:153,8
DA:155,27
DA:156,27
DA:158,32
DA:160,60
DA:161,60
DA:162,60
DA:164,22
DA:166,0
DA:168,1
DA:170,1
DA:171,1
DA:172,1
DA:173,1
DA:174,0
DA:176,1
DA:180,1
DA:182,6
DA:183,6
DA:184,6
DA:185,0
DA:187,6
DA:192,9
DA:193,9
DA:194,9
DA:195,9
DA:196,9
DA:197,0
DA:199,9
DA:203,9
DA:205,21
DA:206,21
DA:207,21
DA:208,21
DA:209,21
DA:210,0
DA:212,21
DA:213,21
DA:214,0
DA:216,21
DA:222,21
DA:226,47
DA:227,47
DA:228,47
DA:230,20
DA:231,20
DA:233,0
DA:235,1
DA:236,1
DA:238,2
DA:239,2
DA:240,2
DA:241,2
DA:242,0
DA:244,2
DA:248,2
DA:250,5
DA:251,5
DA:252,5
DA:253,0
DA:255,5
DA:260,7
DA:261,7
DA:262,7
DA:263,7
DA:264,7
DA:265,0
DA:267,7
DA:271,7
DA:273,12
DA:274,12
DA:275,12
DA:276,12
DA:277,12
DA:278,0
DA:280,12
DA:281,12
DA:282,0
DA:284,12
DA:290,12
DA:299,20
DA:301,8
DA:303,2
DA:305,0
DA:307,3
DA:308,3
DA:309,3
DA:312,3
DA:313,3
DA:314,3
DA:315,3
DA:319,3
DA:324,1
DA:325,1
DA:327,1
DA:336,0
DA:337,0
DA:338,0
DA:343,2
DA:344,2
DA:345,2
DA:347,1
DA:349,1
DA:351,0
DA:353,0
DA:354,0
DA:355,0
DA:356,0
DA:360,0
DA:361,0
DA:362,0
DA:363,0
DA:364,0
DA:365,0
DA:367,0
DA:373,0
DA:374,0
DA:375,0
DA:377,0
DA:378,0
DA:380,0
DA:382,0
DA:383,0
DA:384,0
DA:385,0
DA:389,0
DA:390,0
DA:391,0
DA:392,0
DA:399,0
DA:400,0
DA:401,0
DA:402,0
DA:403,0
DA:404,0
DA:406,0
DA:412,0
DA:413,0
DA:415,0
DA:416,0
DA:421,0
DA:423,0
DA:424,0
DA:426,0
DA:427,0
DA:435,0
DA:439,0
DA:440,0
DA:441,0
DA:443,0
DA:444,0
DA:446,0
DA:448,0
DA:449,0
DA:450,0
DA:451,0
DA:455,0
DA:456,0
DA:457,0
DA:458,0
DA:465,0
DA:466,0
DA:467,0
DA:468,0
DA:469,0
DA:470,0
DA:472,0
DA:478,0
DA:479,0
DA:481,0
DA:482,0
DA:487,0
DA:489,0
DA:490,0
DA:492,0
DA:493,0
DA:501,0
DA:510,0
DA:511,0
DA:512,0
DA:514,0
DA:516,0
DA:518,0
DA:520,0
DA:521,0
DA:522,0
DA:523,0
DA:527,0
DA:528,0
DA:529,0
DA:530,0
DA:531,0
DA:532,0
DA:534,0
DA:540,0
DA:541,0
DA:542,0
DA:544,0
DA:546,0
DA:548,0
DA:549,0
DA:550,0
DA:551,0
DA:555,0
DA:556,0
DA:557,0
DA:558,0
DA:565,0
DA:566,0
DA:567,0
DA:568,0
DA:569,0
DA:570,0
DA:572,0
DA:578,0
DA:579,0
DA:581,0
DA:582,0
DA:587,0
DA:589,0
DA:590,0
DA:592,0
DA:593,0
DA:601,0
DA:605,0
DA:606,0
DA:607,0
DA:609,0
DA:610,0
DA:612,0
DA:614,0
DA:615,0
DA:616,0
DA:617,0
DA:621,0
DA:622,0
DA:623,0
DA:624,0
DA:631,0
DA:632,0
DA:633,0
DA:634,0
DA:635,0
DA:636,0
DA:638,0
DA:644,0
DA:645,0
DA:647,0
DA:648,0
DA:653,0
DA:655,0
DA:656,0
DA:658,0
DA:659,0
DA:667,0
DA:676,26
DA:678,8
DA:680,3
DA:682,3
DA:683,3
DA:684,3
DA:687,7
DA:688,7
DA:689,7
DA:692,5
DA:693,5
DA:694,5
DA:695,5
DA:696,5
DA:701,0
DA:702,0
DA:704,0
DA:709,0
DA:710,0
DA:712,0
DA:721,0
DA:722,0
DA:723,0
DA:725,0
DA:726,0
DA:731,1
DA:732,1
DA:733,1
DA:736,1
DA:737,1
DA:743,6
DA:744,6
DA:745,6
DA:748,3
DA:749,3
DA:750,3
DA:752,0
DA:753,0
DA:760,14
DA:761,21
DA:762,21
DA:764,3
DA:766,2
DA:768,2
DA:769,2
DA:770,2
DA:771,2
DA:775,1
DA:776,1
DA:777,1
DA:778,1
DA:782,4
DA:783,4
DA:784,4
DA:785,4
DA:786,4
DA:791,1
DA:792,1
DA:793,1
DA:795,1
DA:797,0
DA:799,0
DA:800,0
DA:801,0
DA:802,0
DA:806,0
DA:807,0
DA:808,0
DA:809,0
DA:816,0
DA:817,0
DA:818,0
DA:819,0
DA:820,0
DA:825,0
DA:826,0
DA:828,0
DA:829,0
DA:834,0
DA:836,0
DA:837,0
DA:839,0
DA:840,0
DA:848,0
DA:852,8
DA:853,8
DA:854,8
DA:856,4
DA:857,4
DA:859,0
DA:861,0
DA:862,0
DA:863,0
DA:864,0
DA:868,0
DA:869,0
DA:870,0
DA:871,0
DA:878,1
DA:879,1
DA:880,1
DA:881,1
DA:882,1
DA:883,0
DA:885,1
DA:891,1
DA:892,1
DA:894,1
DA:895,1
DA:900,1
DA:902,2
DA:903,2
DA:905,2
DA:906,2
DA:914,2
DA:923,18
DA:924,23
DA:925,23
DA:927,5
DA:929,2
DA:931,2
DA:932,2
DA:933,2
DA:934,2
DA:938,3
DA:939,3
DA:940,3
DA:941,3
DA:945,1
DA:946,1
DA:947,1
DA:948,1
DA:949,1
DA:954,0
DA:955,0
DA:956,0
DA:958,0
DA:960,0
DA:962,0
DA:963,0
DA:964,0
DA:965,0
DA:969,0
DA:970,0
DA:971,0
DA:972,0
DA:979,0
DA:980,0
DA:981,0
DA:982,0
DA:983,0
DA:988,0
DA:989,0
DA:991,0
DA:992,0
DA:997,0
DA:999,0
DA:1000,0
DA:1002,0
DA:1003,0
DA:1011,0
DA:1015,10
DA:1016,10
DA:1017,10
DA:1019,2
DA:1020,2
DA:1022,0
DA:1024,1
DA:1025,1
DA:1026,1
DA:1027,1
DA:1031,0
DA:1032,0
DA:1033,0
DA:1034,0
DA:1041,4
DA:1042,4
DA:1043,4
DA:1044,4
DA:1045,4
DA:1046,0
DA:1048,4
DA:1054,2
DA:1055,2
DA:1057,2
DA:1058,2
DA:1063,2
DA:1065,1
DA:1066,1
DA:1068,1
DA:1069,1
DA:1077,1
DA:1086,12
DA:1087,12
DA:1088,12
DA:1090,5
DA:1092,0
DA:1094,3
DA:1095,3
DA:1096,3
DA:1097,3
DA:1101,2
DA:1102,2
DA:1103,2
DA:1104,2
DA:1108,1
DA:1109,1
DA:1110,1
DA:1111,1
DA:1112,1
DA:1113,0
DA:1115,1
DA:1121,0
DA:1122,0
DA:1123,0
DA:1125,0
DA:1127,0
DA:1129,0
DA:1130,0
DA:1131,0
DA:1132,0
DA:1136,0
DA:1137,0
DA:1138,0
DA:1139,0
DA:1146,0
DA:1147,0
DA:1148,0
DA:1149,0
DA:1150,0
DA:1151,0
DA:1153,0
DA:1159,0
DA:1160,0
DA:1162,0
DA:1163,0
DA:1168,0
DA:1170,0
DA:1177,0
DA:1181,1
DA:1182,1
DA:1183,1
DA:1185,0
DA:1186,0
DA:1188,0
DA:1190,0
DA:1191,0
DA:1192,0
DA:1193,0
DA:1197,0
DA:1198,0
DA:1199,0
DA:1200,0
DA:1207,1
DA:1208,1
DA:1209,1
DA:1210,1
DA:1211,1
DA:1212,0
DA:1214,1
DA:1220,0
DA:1221,0
DA:1223,0
DA:1224,0
DA:1229,0
DA:1231,0
DA:1232,0
DA:1234,0
DA:1235,0
DA:1243,0
DA:1252,19
DA:1253,17
DA:1254,17
DA:1256,17
DA:1261,0
DA:1262,0
DA:1263,0
DA:1265,0
DA:1270,2
DA:1272,2
DA:1279,2
DA:1280,2
DA:1281,2
DA:1282,2
DA:1283,10
DA:1284,10
DA:1285,10
DA:1287,8
DA:1288,8
DA:1290,8
DA:1291,3
DA:1293,8
DA:1298,2
DA:1299,10
DA:1300,10
DA:1301,2
DA:1306,10
DA:1307,8
DA:1308,8
DA:1309,3
DA:1314,5
DA:1317,10
DA:1318,10
DA:1322,10
DA:1327,1
DA:1328,1
DA:1329,1
DA:1330,2
DA:1331,2
DA:1332,1
DA:1333,1
DA:1335,2
DA:1337,1
DA:1338,5
DA:1339,3
DA:1341,2
DA:1342,2
DA:1351,8
DA:1354,8
DA:1355,8
DA:1358,8
DA:1359,8
DA:1363,8
DA:1364,8
DA:1369,8
DA:1370,8
DA:1376,8
DA:1377,8
DA:1384,8
DA:1385,8
DA:1393,8
DA:1394,8
DA:1395,8
DA:1396,8
DA:1397,8
DA:1398,8
DA:1399,8
DA:1400,8
DA:1401,8
DA:1402,8
DA:1403,8
DA:1404,8
DA:1405,8
DA:1406,8
DA:1407,8
DA:1408,8
DA:1409,8
DA:1410,8
DA:1411,8
DA:1412,8
DA:1413,8
DA:1414,8
DA:1432,8
DA:1485,17
DA:1487,17
DA:1489,17
DA:1491,17
DA:1493,17
DA:1495,17
DA:1497,17
DA:1499,17
DA:1500,17
DA:1501,17
DA:1502,17
DA:1503,17
DA:1504,17
DA:1505,17
DA:1506,17
DA:1507,17
DA:1508,17
DA:1509,17
DA:1510,17
DA:1511,17
DA:1512,17
DA:1513,17
DA:1514,17
DA:1515,17
DA:1516,17
DA:1517,17
DA:1518,17
DA:1519,17
DA:1520,17
DA:1521,17
DA:1522,17
DA:1523,17
DA:1524,17
DA:1525,17
DA:1526,17
DA:1527,17
DA:1528,17
DA:1529,17
DA:1530,17
DA:1531,17
DA:1532,17
DA:1533,17
DA:1534,17
DA:1535,17
DA:1536,17
DA:1537,17
DA:1538,17
DA:1539,17
DA:1540,17
DA:1541,17
DA:1542,17
DA:1543,17
LF:715
LH:401
BRDA:119,0,0,1
BRDA:119,0,1,0
BRDA:133,1,0,0
BRDA:133,1,1,1
BRDA:147,2,0,72
BRDA:147,2,1,18
BRDA:147,2,2,8
BRDA:147,2,3,27
BRDA:147,2,4,32
BRDA:147,2,5,60
BRDA:147,2,6,47
BRDA:162,3,0,22
BRDA:162,3,1,0
BRDA:162,3,2,1
BRDA:162,3,3,1
BRDA:162,3,4,6
BRDA:162,3,5,9
BRDA:162,3,6,21
BRDA:173,4,0,0
BRDA:173,4,1,1
BRDA:184,5,0,0
BRDA:184,5,1,6
BRDA:196,6,0,0
BRDA:196,6,1,9
BRDA:209,7,0,0
BRDA:209,7,1,21
BRDA:213,8,0,0
BRDA:213,8,1,21
BRDA:228,9,0,20
BRDA:228,9,1,0
BRDA:228,9,2,1
BRDA:228,9,3,2
BRDA:228,9,4,5
BRDA:228,9,5,7
BRDA:228,9,6,12
BRDA:241,10,0,0
BRDA:241,10,1,2
BRDA:252,11,0,0
BRDA:252,11,1,5
BRDA:264,12,0,0
BRDA:264,12,1,7
BRDA:277,13,0,0
BRDA:277,13,1,12
BRDA:281,14,0,0
BRDA:281,14,1,12
BRDA:299,15,0,8
BRDA:299,15,1,2
BRDA:299,15,2,0
BRDA:299,15,3,3
BRDA:299,15,4,3
BRDA:299,15,5,3
BRDA:299,15,6,1
BRDA:345,16,0,1
BRDA:345,16,1,1
BRDA:345,16,2,0
BRDA:345,16,3,0
BRDA:345,16,4,0
BRDA:345,16,5,0
BRDA:345,16,6,0
BRDA:364,17,0,0
BRDA:364,17,1,0
BRDA:375,18,0,0
BRDA:375,18,1,0
BRDA:375,18,2,0
BRDA:375,18,3,0
BRDA:375,18,4,0
BRDA:375,18,5,0
BRDA:375,18,6,0
BRDA:403,19,0,0
BRDA:403,19,1,0
BRDA:441,20,0,0
BRDA:441,20,1,0
BRDA:441,20,2,0
BRDA:441,20,3,0
BRDA:441,20,4,0
BRDA:441,20,5,0
BRDA:441,20,6,0
BRDA:469,21,0,0
BRDA:469,21,1,0
BRDA:512,22,0,0
BRDA:512,22,1,0
BRDA:512,22,2,0
BRDA:512,22,3,0
BRDA:512,22,4,0
BRDA:512,22,5,0
BRDA:512,22,6,0
BRDA:531,23,0,0
BRDA:531,23,1,0
BRDA:542,24,0,0
BRDA:542,24,1,0
BRDA:542,24,2,0
BRDA:542,24,3,0
BRDA:542,24,4,0
BRDA:542,24,5,0
BRDA:542,24,6,0
BRDA:569,25,0,0
BRDA:569,25,1,0
BRDA:607,26,0,0
BRDA:607,26,1,0
BRDA:607,26,2,0
BRDA:607,26,3,0
BRDA:607,26,4,0
BRDA:607,26,5,0
BRDA:607,26,6,0
BRDA:635,27,0,0
BRDA:635,27,1,0
BRDA:676,28,0,8
BRDA:676,28,1,3
BRDA:676,28,2,3
BRDA:676,28,3,7
BRDA:676,28,4,5
BRDA:676,28,5,0
BRDA:676,28,6,0
BRDA:749,29,0,3
BRDA:749,29,1,0
BRDA:762,30,0,3
BRDA:762,30,1,2
BRDA:762,30,2,2
BRDA:762,30,3,1
BRDA:762,30,4,4
BRDA:762,30,5,1
BRDA:762,30,6,8
BRDA:793,31,0,1
BRDA:793,31,1,0
BRDA:793,31,2,0
BRDA:793,31,3,0
BRDA:793,31,4,0
BRDA:793,31,5,0
BRDA:793,31,6,0
BRDA:854,32,0,4
BRDA:854,32,1,0
BRDA:854,32,2,0
BRDA:854,32,3,0
BRDA:854,32,4,1
BRDA:854,32,5,1
BRDA:854,32,6,2
BRDA:882,33,0,0
BRDA:882,33,1,1
BRDA:925,34,0,5
BRDA:925,34,1,2
BRDA:925,34,2,2
BRDA:925,34,3,3
BRDA:925,34,4,1
BRDA:925,34,5,0
BRDA:925,34,6,10
BRDA:956,35,0,0
BRDA:956,35,1,0
BRDA:956,35,2,0
BRDA:956,35,3,0
BRDA:956,35,4,0
BRDA:956,35,5,0
BRDA:956,35,6,0
BRDA:1017,36,0,2
BRDA:1017,36,1,0
BRDA:1017,36,2,1
BRDA:1017,36,3,0
BRDA:1017,36,4,4
BRDA:1017,36,5,2
BRDA:1017,36,6,1
BRDA:1045,37,0,0
BRDA:1045,37,1,4
BRDA:1088,38,0,5
BRDA:1088,38,1,0
BRDA:1088,38,2,3
BRDA:1088,38,3,2
BRDA:1088,38,4,1
BRDA:1088,38,5,0
BRDA:1088,38,6,1
BRDA:1112,39,0,0
BRDA:1112,39,1,1
BRDA:1123,40,0,0
BRDA:1123,40,1,0
BRDA:1123,40,2,0
BRDA:1123,40,3,0
BRDA:1123,40,4,0
BRDA:1123,40,5,0
BRDA:1123,40,6,0
BRDA:1150,41,0,0
BRDA:1150,41,1,0
BRDA:1183,42,0,0
BRDA:1183,42,1,0
BRDA:1183,42,2,0
BRDA:1183,42,3,0
BRDA:1183,42,4,1
BRDA:1183,42,5,0
BRDA:1183,42,6,0
BRDA:1211,43,0,0
BRDA:1211,43,1,1
BRDA:1279,44,0,1
BRDA:1279,44,1,1
BRDA:1280,45,0,2
BRDA:1280,45,1,0
BRDA:1290,46,0,3
BRDA:1290,46,1,5
BRDA:1300,47,0,2
BRDA:1300,47,1,8
BRDA:1300,48,0,10
BRDA:1300,48,1,5
BRDA:1307,49,0,8
BRDA:1307,49,1,3
BRDA:1308,50,0,3
BRDA:1308,50,1,5
BRDA:1327,51,0,1
BRDA:1327,51,1,0
BRDA:1338,52,0,3
BRDA:1338,52,1,2
BRF:206
BRH:94
end_of_record
TN:
SF:/home/michael/Projects/Mine/Relude/relude/lib/js/src/Relude_Identity.bs.js
FN:9,wrap
FN:13,unwrap
FN:17,map
FN:27,apply
FN:46,bind
FN:59,eq
FN:63,eqBy
FN:67,Eq
FN:68,(anonymous_8)
FN:76,show
FN:80,showBy
FN:84,Show
FN:85,(anonymous_12)
FNF:13
FNH:7
FNDA:44,wrap
FNDA:2,unwrap
FNDA:40,map
FNDA:4,apply
FNDA:27,bind
FNDA:2,eq
FNDA:0,eqBy
FNDA:0,Eq
FNDA:0,(anonymous_8)
FNDA:1,show
FNDA:0,showBy
FNDA:0,Show
FNDA:0,(anonymous_12)
DA:3,7
DA:4,7
DA:5,7
DA:6,7
DA:7,7
DA:10,44
DA:14,2
DA:18,40
DA:21,7
DA:25,7
DA:28,4
DA:31,7
DA:36,7
DA:38,7
DA:44,7
DA:47,27
DA:50,7
DA:57,7
DA:60,2
DA:64,0
DA:68,0
DA:69,0
DA:71,0
DA:77,1
DA:81,0
DA:85,0
DA:86,0
DA:88,0
DA:93,7
DA:95,7
DA:97,7
DA:99,7
DA:101,7
DA:103,7
DA:105,7
DA:107,7
DA:109,7
DA:111,7
DA:113,7
DA:115,7
DA:117,7
DA:119,7
DA:121,7
DA:123,7
DA:125,7
DA:127,7
DA:129,7
DA:131,7
DA:133,7
DA:135,7
DA:137,7
DA:139,7
DA:141,7
DA:143,7
DA:145,7
DA:147,7
DA:149,7
DA:151,7
DA:153,7
DA:155,7
DA:157,7
DA:158,7
DA:159,7
DA:160,7
DA:161,7
DA:162,7
DA:163,7
DA:164,7
DA:165,7
DA:166,7
DA:167,7
DA:168,7
DA:169,7
DA:170,7
DA:171,7
DA:172,7
DA:173,7
DA:174,7
DA:175,7
DA:176,7
DA:177,7
DA:178,7
DA:179,7
DA:180,7
DA:181,7
DA:182,7
DA:183,7
DA:184,7
DA:185,7
DA:186,7
DA:187,7
DA:188,7
DA:189,7
DA:190,7
DA:191,7
DA:192,7
DA:193,7
DA:194,7
DA:195,7
DA:196,7
DA:197,7
DA:198,7
DA:199,7
DA:200,7
DA:201,7
DA:202,7
DA:203,7
LF:107
LH:99
BRF:0
BRH:0
end_of_record
TN:
SF:/home/michael/Projects/Mine/Relude/relude/lib/js/src/Relude_Int.bs.js
FN:16,toFloat
FN:20,fromFloat
FN:24,add
FN:28,subtract
FN:38,divideWithModulo
FN:45,divideAsFloat
FN:49,degree
FN:53,rangeAsList
FN:64,rangeAsArray
FN:134,show
FN:142,fromString
FNF:11
FNH:11
FNDA:2,toFloat
FNDA:4,fromFloat
FNDA:2,add
FNDA:2,subtract
FNDA:1,divideWithModulo
FNDA:1,divideAsFloat
FNDA:1,degree
FNDA:183,rangeAsList
FNDA:71,rangeAsArray
FNDA:10,show
FNDA:20,fromString
DA:3,27
DA:4,27
DA:5,27
DA:6,27
DA:7,27
DA:8,27
DA:9,27
DA:10,27
DA:11,27
DA:12,27
DA:13,27
DA:14,27
DA:17,2
DA:21,4
DA:25,2
DA:29,2
DA:32,27
DA:34,27
DA:36,27
DA:39,1
DA:46,1
DA:50,1
DA:54,183
DA:55,62
DA:57,121
DA:65,71
DA:66,23
DA:68,48
DA:72,27
DA:74,27
DA:78,27
DA:80,27
DA:82,27
DA:87,27
DA:89,27
DA:91,27
DA:98,27
DA:100,27
DA:108,27
DA:110,27
DA:112,27
DA:119,27
DA:130,27
DA:132,27
DA:135,10
DA:138,27
DA:143,20
DA:144,20
DA:147,10
DA:151,27
DA:153,27
DA:155,27
DA:157,27
DA:159,27
DA:161,27
DA:163,27
DA:165,27
DA:167,27
DA:169,27
DA:181,27
DA:183,27
DA:185,27
DA:187,27
DA:189,27
DA:191,27
DA:193,27
DA:202,27
DA:204,27
DA:206,27
DA:208,27
DA:214,27
DA:218,27
DA:220,27
DA:222,27
DA:224,27
DA:226,27
DA:228,27
DA:230,27
DA:232,27
DA:234,27
DA:236,27
DA:238,27
DA:240,27
DA:242,27
DA:257,27
DA:259,27
DA:261,27
DA:263,27
DA:265,27
DA:267,27
DA:269,27
DA:271,27
DA:273,27
DA:275,27
DA:277,27
DA:279,27
DA:281,27
DA:283,27
DA:285,27
DA:287,27
DA:289,27
DA:291,27
DA:293,27
DA:295,27
DA:297,27
DA:299,27
DA:301,27
DA:303,27
DA:305,27
DA:306,27
DA:307,27
DA:308,27
DA:309,27
DA:310,27
DA:311,27
DA:312,27
DA:313,27
DA:314,27
DA:315,27
DA:316,27
DA:317,27
DA:318,27
DA:319,27
DA:320,27
DA:321,27
DA:322,27
DA:323,27
DA:324,27
DA:325,27
DA:326,27
DA:327,27
DA:328,27
DA:329,27
DA:330,27
DA:331,27
DA:332,27
DA:333,27
DA:334,27
DA:335,27
DA:336,27
DA:337,27
DA:338,27
DA:339,27
DA:340,27
DA:341,27
DA:342,27
DA:343,27
DA:344,27
DA:345,27
DA:346,27
DA:347,27
DA:348,27
DA:349,27
DA:350,27
DA:351,27
DA:352,27
DA:353,27
DA:354,27
DA:355,27
DA:356,27
DA:357,27
DA:358,27
DA:359,27
LF:163
LH:163
BRDA:54,0,0,62
BRDA:54,0,1,121
BRDA:65,1,0,23
BRDA:65,1,1,48
BRF:4
BRH:4
end_of_record
TN:
SF:/home/michael/Projects/Mine/Relude/relude/lib/js/src/Relude_Ior.bs.js
FN:10,ok
FN:14,error
FN:18,both
FN:25,isOk
FN:36,isError
FN:47,isBoth
FN:58,map
FN:73,tap
FN:88,tapOk
FN:100,tapError
FN:112,tapBoth
FN:124,tapOkOrBothOk
FN:136,tapErrorOrBothError
FN:150,applyWithAppendErrors
FN:199,pure
FN:203,bind
FN:214,flatMap
FN:218,map2
FN:222,map3
FN:226,map4
FN:230,map5
FN:234,WithErrors
FN:235,(anonymous_22)
FN:240,(anonymous_23)
FNF:24
FNH:7
FNDA:1,ok
FNDA:1,error
FNDA:1,both
FNDA:0,isOk
FNDA:0,isError
FNDA:0,isBoth
FNDA:12,map
FNDA:0,tap
FNDA:0,tapOk
FNDA:0,tapError
FNDA:0,tapBoth
FNDA:0,tapOkOrBothOk
FNDA:0,tapErrorOrBothError
FNDA:9,applyWithAppendErrors
FNDA:1,pure
FNDA:0,bind
FNDA:0,flatMap
FNDA:9,map2
FNDA:0,map3
FNDA:0,map4
FNDA:0,map5
FNDA:0,WithErrors
FNDA:0,(anonymous_22)
FNDA:0,(anonymous_23)
DA:3,2
DA:4,2
DA:5,2
DA:6,2
DA:7,2
DA:8,2
DA:11,1
DA:15,1
DA:19,1
DA:26,0
DA:28,0
DA:31,0
DA:37,0
DA:39,0
DA:42,0
DA:48,0
DA:51,0
DA:53,0
DA:59,12
DA:61,4
DA:63,4
DA:65,4
DA:74,0
DA:76,0
DA:77,0
DA:79,0
DA:80,0
DA:82,0
DA:83,0
DA:89,0
DA:91,0
DA:92,0
DA:95,0
DA:101,0
DA:103,0
DA:104,0
DA:107,0
DA:113,0
DA:116,0
DA:118,0
DA:119,0
DA:125,0
DA:127,0
DA:130,0
DA:131,0
DA:137,0
DA:139,0
DA:141,0
DA:142,0
DA:144,0
DA:145,0
DA:151,9
DA:153,3
DA:154,3
DA:156,1
DA:158,1
DA:160,1
DA:167,3
DA:168,3
DA:170,1
DA:172,1
DA:174,1
DA:178,3
DA:179,3
DA:180,3
DA:182,1
DA:187,1
DA:189,1
DA:200,1
DA:204,0
DA:206,0
DA:209,0
DA:215,0
DA:219,9
DA:223,0
DA:227,0
DA:231,0
DA:235,0
DA:236,0
DA:239,0
DA:240,0
DA:241,0
DA:243,0
DA:247,0
DA:248,0
DA:253,0
DA:254,0
DA:260,0
DA:261,0
DA:262,0
DA:263,0
DA:264,0
DA:265,0
DA:266,0
DA:267,0
DA:268,0
DA:269,0
DA:270,0
DA:271,0
DA:272,0
DA:273,0
DA:274,0
DA:275,0
DA:276,0
DA:277,0
DA:278,0
DA:279,0
DA:296,0
DA:341,2
DA:342,2
DA:343,2
DA:344,2
DA:345,2
DA:346,2
DA:347,2
DA:348,2
DA:349,2
DA:350,2
DA:351,2
DA:352,2
DA:353,2
DA:354,2
DA:355,2
DA:356,2
DA:357,2
DA:358,2
DA:359,2
DA:360,2
DA:361,2
DA:362,2
LF:130
LH:54
BRDA:26,0,0,0
BRDA:26,0,1,0
BRDA:26,0,2,0
BRDA:37,1,0,0
BRDA:37,1,1,0
BRDA:37,1,2,0
BRDA:48,2,0,0
BRDA:48,2,1,0
BRDA:48,2,2,0
BRDA:59,3,0,4
BRDA:59,3,1,4
BRDA:59,3,2,4
BRDA:74,4,0,0
BRDA:74,4,1,0
BRDA:74,4,2,0
BRDA:89,5,0,0
BRDA:89,5,1,0
BRDA:89,5,2,0
BRDA:101,6,0,0
BRDA:101,6,1,0
BRDA:101,6,2,0
BRDA:113,7,0,0
BRDA:113,7,1,0
BRDA:113,7,2,0
BRDA:125,8,0,0
BRDA:125,8,1,0
BRDA:125,8,2,0
BRDA:137,9,0,0
BRDA:137,9,1,0
BRDA:137,9,2,0
BRDA:151,10,0,3
BRDA:151,10,1,3
BRDA:151,10,2,3
BRDA:154,11,0,1
BRDA:154,11,1,1
BRDA:154,11,2,1
BRDA:168,12,0,1
BRDA:168,12,1,1
BRDA:168,12,2,1
BRDA:180,13,0,1
BRDA:180,13,1,1
BRDA:180,13,2,1
BRDA:204,14,0,0
BRDA:204,14,1,0
BRDA:204,14,2,0
BRF:45
BRH:15
end_of_record
TN:
SF:/home/michael/Projects/Mine/Relude/relude/lib/js/src/Relude_List.bs.js
FNF:0
FNH:0
DA:3,8
DA:4,8
DA:5,8
DA:6,8
DA:7,8
DA:8,8
DA:9,8
DA:11,8
DA:13,8
DA:15,8
DA:17,8
DA:19,8
DA:21,8
DA:23,8
DA:25,8
DA:27,8
DA:29,8
DA:31,8
DA:33,8
DA:35,8
DA:37,8
DA:39,8
DA:41,8
DA:43,8
DA:45,8
DA:47,8
DA:49,8
DA:51,8
DA:70,8
DA:72,8
DA:74,8
DA:76,8
DA:78,8
DA:80,8
DA:82,8
DA:84,8
DA:86,8
DA:88,8
DA:90,8
DA:92,8
DA:94,8
DA:96,8
DA:98,8
DA:100,8
DA:102,8
DA:104,8
DA:106,8
DA:108,8
DA:110,8
DA:112,8
DA:114,8
DA:116,8
DA:118,8
DA:120,8
DA:122,8
DA:124,8
DA:126,8
DA:128,8
DA:130,8
DA:132,8
DA:134,8
DA:136,8
DA:138,8
DA:140,8
DA:142,8
DA:144,8
DA:146,8
DA:148,8
DA:150,8
DA:152,8
DA:154,8
DA:156,8
DA:158,8
DA:160,8
DA:162,8
DA:164,8
DA:166,8
DA:168,8
DA:170,8
DA:172,8
DA:174,8
DA:176,8
DA:178,8
DA:180,8
DA:182,8
DA:184,8
DA:186,8
DA:188,8
DA:190,8
DA:192,8
DA:194,8
DA:196,8
DA:198,8
DA:200,8
DA:202,8
DA:204,8
DA:206,8
DA:208,8
DA:210,8
DA:212,8
DA:214,8
DA:216,8
DA:218,8
DA:220,8
DA:222,8
DA:224,8
DA:226,8
DA:228,8
DA:230,8
DA:232,8
DA:234,8
DA:236,8
DA:238,8
DA:240,8
DA:242,8
DA:244,8
DA:246,8
DA:248,8
DA:250,8
DA:252,8
DA:254,8
DA:256,8
DA:258,8
DA:260,8
DA:262,8
DA:264,8
DA:266,8
DA:268,8
DA:270,8
DA:272,8
DA:274,8
DA:276,8
DA:278,8
DA:280,8
DA:282,8
DA:284,8
DA:286,8
DA:288,8
DA:290,8
DA:292,8
DA:294,8
DA:296,8
DA:298,8
DA:300,8
DA:302,8
DA:304,8
DA:306,8
DA:308,8
DA:310,8
DA:312,8
DA:314,8
DA:316,8
DA:318,8
DA:320,8
DA:322,8
DA:324,8
DA:326,8
DA:328,8
DA:330,8
DA:332,8
DA:334,8
DA:336,8
DA:338,8
DA:340,8
DA:342,8
DA:344,8
DA:346,8
DA:348,8
DA:350,8
DA:352,8
DA:354,8
DA:356,8
DA:358,8
DA:360,8
DA:362,8
DA:364,8
DA:366,8
DA:368,8
DA:370,8
DA:372,8
DA:373,8
DA:374,8
DA:375,8
DA:376,8
DA:377,8
DA:378,8
DA:379,8
DA:380,8
DA:381,8
DA:382,8
DA:383,8
DA:384,8
DA:385,8
DA:386,8
DA:387,8
DA:388,8
DA:389,8
DA:390,8
DA:391,8
DA:392,8
DA:393,8
DA:394,8
DA:395,8
DA:396,8
DA:397,8
DA:398,8
DA:399,8
DA:400,8
DA:401,8
DA:402,8
DA:403,8
DA:404,8
DA:405,8
DA:406,8
DA:407,8
DA:408,8
DA:409,8
DA:410,8
DA:411,8
DA:412,8
DA:413,8
DA:414,8
DA:415,8
DA:416,8
DA:417,8
DA:418,8
DA:419,8
DA:420,8
DA:421,8
DA:422,8
DA:423,8
DA:424,8
DA:425,8
DA:426,8
DA:427,8
DA:428,8
DA:429,8
DA:430,8
DA:431,8
DA:432,8
DA:433,8
DA:434,8
DA:435,8
DA:436,8
DA:437,8
DA:438,8
DA:439,8
DA:440,8
DA:441,8
DA:442,8
DA:443,8
DA:444,8
DA:445,8
DA:446,8
DA:447,8
DA:448,8
DA:449,8
DA:450,8
DA:451,8
DA:452,8
DA:453,8
DA:454,8
DA:455,8
DA:456,8
DA:457,8
DA:458,8
DA:459,8
DA:460,8
DA:461,8
DA:462,8
DA:463,8
DA:464,8
DA:465,8
DA:466,8
DA:467,8
DA:468,8
DA:469,8
DA:470,8
DA:471,8
DA:472,8
DA:473,8
DA:474,8
DA:475,8
DA:476,8
DA:477,8
DA:478,8
DA:479,8
DA:480,8
DA:481,8
DA:482,8
DA:483,8
DA:484,8
DA:485,8
DA:486,8
DA:487,8
DA:488,8
DA:489,8
DA:490,8
DA:491,8
DA:492,8
DA:493,8
DA:494,8
DA:495,8
DA:496,8
DA:497,8
DA:498,8
DA:499,8
DA:500,8
DA:501,8
DA:502,8
DA:503,8
DA:504,8
DA:505,8
DA:506,8
DA:507,8
DA:508,8
DA:509,8
DA:510,8
DA:511,8
DA:512,8
DA:513,8
DA:514,8
DA:515,8
DA:516,8
DA:517,8
DA:518,8
DA:519,8
DA:520,8
DA:521,8
DA:522,8
DA:523,8
LF:331
LH:331
BRF:0
BRH:0
end_of_record
TN:
SF:/home/michael/Projects/Mine/Relude/relude/lib/js/src/Relude_ListZipper.bs.js
FNF:0
FNH:0
DA:3,2
DA:4,2
DA:6,2
DA:8,2
DA:10,2
DA:12,2
DA:14,2
DA:16,2
DA:18,2
DA:20,2
DA:22,2
DA:24,2
DA:26,2
DA:28,2
DA:30,2
DA:32,2
DA:34,2
DA:36,2
DA:38,2
DA:40,2
DA:42,2
DA:44,2
DA:46,2
DA:48,2
DA:50,2
DA:52,2
DA:54,2
DA:56,2
DA:58,2
DA:60,2
DA:62,2
DA:64,2
DA:66,2
DA:68,2
DA:70,2
DA:72,2
DA:74,2
DA:76,2
DA:78,2
DA:80,2
DA:82,2
DA:84,2
DA:86,2
DA:88,2
DA:90,2
DA:92,2
DA:94,2
DA:96,2
DA:98,2
DA:100,2
DA:102,2
DA:104,2
DA:106,2
DA:108,2
DA:110,2
DA:112,2
DA:114,2
DA:116,2
DA:118,2
DA:120,2
DA:122,2
DA:124,2
DA:126,2
DA:128,2
DA:130,2
DA:132,2
DA:134,2
DA:136,2
DA:138,2
DA:140,2
DA:142,2
DA:144,2
DA:146,2
DA:148,2
DA:150,2
DA:152,2
DA:154,2
DA:156,2
DA:158,2
DA:160,2
DA:162,2
DA:164,2
DA:166,2
DA:168,2
DA:170,2
DA:172,2
DA:174,2
DA:176,2
DA:178,2
DA:180,2
DA:182,2
DA:184,2
DA:186,2
DA:188,2
DA:190,2
DA:192,2
DA:194,2
DA:196,2
DA:198,2
DA:200,2
DA:202,2
DA:204,2
DA:206,2
DA:208,2
DA:210,2
DA:212,2
DA:214,2
DA:216,2
DA:218,2
DA:220,2
DA:222,2
DA:224,2
DA:226,2
DA:228,2
DA:230,2
DA:232,2
DA:234,2
DA:236,2
DA:238,2
DA:240,2
DA:242,2
DA:244,2
DA:246,2
DA:248,2
DA:250,2
DA:252,2
DA:254,2
DA:256,2
DA:258,2
DA:260,2
DA:262,2
DA:264,2
DA:266,2
DA:268,2
DA:270,2
DA:272,2
DA:274,2
DA:276,2
DA:278,2
DA:280,2
DA:282,2
DA:284,2
DA:286,2
DA:288,2
DA:290,2
DA:292,2
DA:293,2
DA:294,2
DA:295,2
DA:296,2
DA:297,2
DA:298,2
DA:299,2
DA:300,2
DA:301,2
DA:302,2
DA:303,2
DA:304,2
DA:305,2
DA:306,2
DA:307,2
DA:308,2
DA:309,2
DA:310,2
DA:311,2
DA:312,2
DA:313,2
DA:314,2
DA:315,2
DA:316,2
DA:317,2
DA:318,2
DA:319,2
DA:320,2
DA:321,2
DA:322,2
DA:323,2
DA:324,2
DA:325,2
DA:326,2
DA:327,2
DA:328,2
DA:329,2
DA:330,2
DA:331,2
DA:332,2
DA:333,2
DA:334,2
DA:335,2
DA:336,2
DA:337,2
DA:338,2
DA:339,2
DA:340,2
DA:341,2
DA:342,2
DA:343,2
DA:344,2
DA:345,2
DA:346,2
DA:347,2
DA:348,2
DA:349,2
DA:350,2
DA:351,2
DA:352,2
DA:353,2
DA:354,2
DA:355,2
DA:356,2
DA:357,2
DA:358,2
DA:359,2
DA:360,2
DA:361,2
DA:362,2
DA:363,2
DA:364,2
DA:365,2
DA:366,2
DA:367,2
DA:368,2
DA:369,2
DA:370,2
DA:371,2
DA:372,2
DA:373,2
DA:374,2
DA:375,2
DA:376,2
DA:377,2
DA:378,2
DA:379,2
DA:380,2
DA:381,2
DA:382,2
DA:383,2
DA:384,2
DA:385,2
DA:386,2
DA:387,2
DA:388,2
DA:389,2
DA:390,2
DA:391,2
DA:392,2
DA:393,2
DA:394,2
DA:395,2
DA:396,2
DA:397,2
DA:398,2
DA:399,2
DA:400,2
DA:401,2
DA:402,2
DA:403,2
DA:404,2
DA:405,2
DA:406,2
DA:407,2
DA:408,2
DA:409,2
DA:410,2
DA:411,2
DA:412,2
DA:413,2
DA:414,2
DA:415,2
DA:416,2
DA:417,2
DA:418,2
DA:419,2
DA:420,2
DA:421,2
DA:422,2
DA:423,2
DA:424,2
DA:425,2
DA:426,2
DA:427,2
DA:428,2
DA:429,2
DA:430,2
DA:431,2
DA:432,2
DA:433,2
LF:287
LH:287
BRF:0
BRH:0
end_of_record
TN:
SF:/home/michael/Projects/Mine/Relude/relude/lib/js/src/Relude_Map.bs.js
FN:11,WithOrd
FN:12,(anonymous_1)
FN:18,(anonymous_2)
FN:21,(anonymous_3)
FN:24,(anonymous_4)
FN:27,(anonymous_5)
FN:30,(anonymous_6)
FN:33,(anonymous_7)
FN:36,(anonymous_8)
FN:39,(anonymous_9)
FN:42,(anonymous_10)
FN:45,(anonymous_11)
FN:48,(anonymous_12)
FN:51,(anonymous_13)
FN:54,(anonymous_14)
FN:57,(anonymous_15)
FN:60,(anonymous_16)
FN:63,(anonymous_17)
FN:66,(anonymous_18)
FN:69,(anonymous_19)
FN:72,(anonymous_20)
FN:75,(anonymous_21)
FN:78,(anonymous_22)
FN:81,(anonymous_23)
FN:84,(anonymous_24)
FN:87,(anonymous_25)
FN:90,(anonymous_26)
FN:91,(anonymous_27)
FN:93,(anonymous_28)
FN:97,(anonymous_29)
FN:98,(anonymous_30)
FN:106,(anonymous_31)
FN:112,(anonymous_32)
FN:113,(anonymous_33)
FN:115,(anonymous_34)
FN:120,(anonymous_35)
FN:121,(anonymous_36)
FN:124,(anonymous_37)
FN:128,(anonymous_38)
FN:129,(anonymous_39)
FN:134,(anonymous_40)
FN:139,(anonymous_41)
FNF:42
FNH:17
FNDA:45,WithOrd
FNDA:42,(anonymous_1)
FNDA:1,(anonymous_2)
FNDA:2,(anonymous_3)
FNDA:0,(anonymous_4)
FNDA:0,(anonymous_5)
FNDA:4,(anonymous_6)
FNDA:2,(anonymous_7)
FNDA:1,(anonymous_8)
FNDA:1,(anonymous_9)
FNDA:3,(anonymous_10)
FNDA:3,(anonymous_11)
FNDA:1,(anonymous_12)
FNDA:4,(anonymous_13)
FNDA:4,(anonymous_14)
FNDA:2,(anonymous_15)
FNDA:4,(anonymous_16)
FNDA:1,(anonymous_17)
FNDA:4,(anonymous_18)
FNDA:0,(anonymous_19)
FNDA:0,(anonymous_20)
FNDA:0,(anonymous_21)
FNDA:0,(anonymous_22)
FNDA:0,(anonymous_23)
FNDA:0,(anonymous_24)
FNDA:0,(anonymous_25)
FNDA:0,(anonymous_26)
FNDA:0,(anonymous_27)
FNDA:0,(anonymous_28)
FNDA:0,(anonymous_29)
FNDA:0,(anonymous_30)
FNDA:0,(anonymous_31)
FNDA:0,(anonymous_32)
FNDA:0,(anonymous_33)
FNDA:0,(anonymous_34)
FNDA:0,(anonymous_35)
FNDA:0,(anonymous_36)
FNDA:0,(anonymous_37)
FNDA:0,(anonymous_38)
FNDA:0,(anonymous_39)
FNDA:0,(anonymous_40)
FNDA:0,(anonymous_41)
DA:3,27
DA:4,27
DA:5,27
DA:6,27
DA:7,27
DA:8,27
DA:9,27
DA:12,45
DA:13,42
DA:15,45
DA:18,45
DA:19,1
DA:21,45
DA:22,2
DA:24,45
DA:25,0
DA:27,45
DA:28,0
DA:30,45
DA:31,4
DA:33,45
DA:34,2
DA:36,45
DA:37,1
DA:39,45
DA:40,1
DA:42,45
DA:43,3
DA:45,45
DA:46,3
DA:48,45
DA:49,1
DA:51,45
DA:52,4
DA:54,45
DA:55,4
DA:57,45
DA:58,2
DA:60,45
DA:61,4
DA:63,45
DA:64,1
DA:66,45
DA:67,4
DA:69,45
DA:70,0
DA:72,45
DA:73,0
DA:75,45
DA:76,0
DA:78,45
DA:79,0
DA:81,45
DA:82,0
DA:84,45
DA:85,0
DA:87,45
DA:88,0
DA:90,45
DA:91,0
DA:92,0
DA:93,0
DA:94,0
DA:96,0
DA:97,0
DA:98,0
DA:99,0
DA:106,0
DA:107,0
DA:108,0
DA:109,0
DA:111,0
DA:112,0
DA:113,0
DA:114,0
DA:116,0
DA:120,45
DA:121,0
DA:122,0
DA:123,0
DA:124,0
DA:125,0
DA:127,0
DA:128,0
DA:129,0
DA:130,0
DA:134,0
DA:135,0
DA:136,0
DA:137,0
DA:139,0
DA:140,0
DA:143,45
DA:184,27
LF:94
LH:53
BRF:0
BRH:0
end_of_record
TN:
SF:/home/michael/Projects/Mine/Relude/relude/lib/js/src/Relude_NonEmpty.bs.js
FN:14,WithSequence
FN:15,(anonymous_1)
FN:21,(anonymous_2)
FN:27,(anonymous_3)
FN:28,(anonymous_4)
FN:35,(anonymous_5)
FN:38,(anonymous_6)
FN:44,(anonymous_7)
FN:50,(anonymous_8)
FN:53,(anonymous_9)
FN:56,(anonymous_10)
FN:69,(anonymous_11)
FN:72,(anonymous_12)
FN:75,(anonymous_13)
FN:78,(anonymous_14)
FN:80,(anonymous_15)
FN:87,(anonymous_16)
FN:89,(anonymous_17)
FN:96,(anonymous_18)
FN:98,(anonymous_19)
FN:113,(anonymous_20)
FN:123,(anonymous_21)
FN:124,(anonymous_22)
FN:139,(anonymous_23)
FN:149,(anonymous_24)
FN:152,(anonymous_25)
FN:159,(anonymous_26)
FN:162,(anonymous_27)
FN:163,(anonymous_28)
FN:170,(anonymous_29)
FN:174,(anonymous_30)
FN:177,(anonymous_31)
FN:179,(anonymous_32)
FN:186,(anonymous_33)
FN:188,(anonymous_34)
FN:191,(anonymous_35)
FN:192,(anonymous_36)
FN:311,one
FN:318,make
FN:325,fromSequence
FN:326,(anonymous_40)
FN:334,toSequence
FN:338,cons
FN:345,uncons
FN:352,head
FN:356,tail
FN:360,concat
FN:377,reduceLeft
FN:381,foldLeft
FN:385,foldRight
FN:389,Foldable_Fold_Map
FN:391,(anonymous_51)
FN:399,Foldable_Fold_Map_Any
FN:401,(anonymous_53)
FN:409,Foldable_Fold_Map_Plus
FN:411,(anonymous_55)
FN:429,map
FN:442,apply
FN:443,(anonymous_58)
FN:463,bind
FN:476,mkString
FN:480,eqBy
FN:488,eq
FN:492,Eq
FN:493,(anonymous_64)
FN:501,showBy
FN:506,show
FN:510,Show
FN:512,(anonymous_68)
FN:520,WithApplicative
FN:522,(anonymous_70)
FN:525,(anonymous_71)
FN:526,(anonymous_72)
FN:765,one$1
FN:772,make$1
FN:779,fromSequence$1
FN:780,(anonymous_76)
FN:788,toSequence$1
FN:792,cons$1
FN:799,uncons$1
FN:806,head$1
FN:810,tail$1
FN:814,concat$1
FN:831,reduceLeft$1
FN:835,foldLeft$1
FN:839,foldRight$1
FN:843,Foldable_Fold_Map$1
FN:845,(anonymous_87)
FN:853,Foldable_Fold_Map_Any$1
FN:855,(anonymous_89)
FN:863,Foldable_Fold_Map_Plus$1
FN:865,(anonymous_91)
FN:883,map$1
FN:896,apply$1
FN:897,(anonymous_94)
FN:917,bind$1
FN:930,mkString$1
FN:934,eqBy$1
FN:942,eq$1
FN:946,Eq$1
FN:947,(anonymous_100)
FN:955,showBy$1
FN:960,show$1
FN:964,Show$1
FN:966,(anonymous_104)
FN:974,WithApplicative$1
FN:976,(anonymous_106)
FN:979,(anonymous_107)
FN:980,(anonymous_108)
FNF:109
FNH:31
FNDA:0,WithSequence
FNDA:0,(anonymous_1)
FNDA:0,(anonymous_2)
FNDA:0,(anonymous_3)
FNDA:0,(anonymous_4)
FNDA:0,(anonymous_5)
FNDA:0,(anonymous_6)
FNDA:0,(anonymous_7)
FNDA:0,(anonymous_8)
FNDA:0,(anonymous_9)
FNDA:0,(anonymous_10)
FNDA:0,(anonymous_11)
FNDA:0,(anonymous_12)
FNDA:0,(anonymous_13)
FNDA:0,(anonymous_14)
FNDA:0,(anonymous_15)
FNDA:0,(anonymous_16)
FNDA:0,(anonymous_17)
FNDA:0,(anonymous_18)
FNDA:0,(anonymous_19)
FNDA:0,(anonymous_20)
FNDA:0,(anonymous_21)
FNDA:0,(anonymous_22)
FNDA:0,(anonymous_23)
FNDA:0,(anonymous_24)
FNDA:0,(anonymous_25)
FNDA:0,(anonymous_26)
FNDA:0,(anonymous_27)
FNDA:0,(anonymous_28)
FNDA:0,(anonymous_29)
FNDA:0,(anonymous_30)
FNDA:0,(anonymous_31)
FNDA:0,(anonymous_32)
FNDA:0,(anonymous_33)
FNDA:0,(anonymous_34)
FNDA:0,(anonymous_35)
FNDA:0,(anonymous_36)
FNDA:20,one
FNDA:28,make
FNDA:0,fromSequence
FNDA:0,(anonymous_40)
FNDA:15,toSequence
FNDA:1,cons
FNDA:1,uncons
FNDA:14,head
FNDA:14,tail
FNDA:14,concat
FNDA:1,reduceLeft
FNDA:1,foldLeft
FNDA:1,foldRight
FNDA:0,Foldable_Fold_Map
FNDA:0,(anonymous_51)
FNDA:0,Foldable_Fold_Map_Any
FNDA:0,(anonymous_53)
FNDA:0,Foldable_Fold_Map_Plus
FNDA:0,(anonymous_55)
FNDA:2,map
FNDA:0,apply
FNDA:0,(anonymous_58)
FNDA:1,bind
FNDA:1,mkString
FNDA:1,eqBy
FNDA:1,eq
FNDA:0,Eq
FNDA:0,(anonymous_64)
FNDA:1,showBy
FNDA:1,show
FNDA:0,Show
FNDA:0,(anonymous_68)
FNDA:1,WithApplicative
FNDA:1,(anonymous_70)
FNDA:0,(anonymous_71)
FNDA:0,(anonymous_72)
FNDA:36,one$1
FNDA:13,make$1
FNDA:0,fromSequence$1
FNDA:0,(anonymous_76)
FNDA:9,toSequence$1
FNDA:1,cons$1
FNDA:1,uncons$1
FNDA:8,head$1
FNDA:8,tail$1
FNDA:8,concat$1
FNDA:0,reduceLeft$1
FNDA:0,foldLeft$1
FNDA:0,foldRight$1
FNDA:0,Foldable_Fold_Map$1
FNDA:0,(anonymous_87)
FNDA:0,Foldable_Fold_Map_Any$1
FNDA:0,(anonymous_89)
FNDA:0,Foldable_Fold_Map_Plus$1
FNDA:0,(anonymous_91)
FNDA:9,map$1
FNDA:0,apply$1
FNDA:0,(anonymous_94)
FNDA:0,bind$1
FNDA:0,mkString$1
FNDA:0,eqBy$1
FNDA:0,eq$1
FNDA:0,Eq$1
FNDA:0,(anonymous_100)
FNDA:0,showBy$1
FNDA:0,show$1
FNDA:0,Show$1
FNDA:0,(anonymous_104)
FNDA:1,WithApplicative$1
FNDA:1,(anonymous_106)
FNDA:0,(anonymous_107)
FNDA:0,(anonymous_108)
DA:3,21
DA:4,21
DA:5,21
DA:6,21
DA:7,21
DA:8,21
DA:9,21
DA:10,21
DA:11,21
DA:12,21
DA:15,0
DA:16,0
DA:21,0
DA:22,0
DA:27,0
DA:28,0
DA:29,0
DA:35,0
DA:36,0
DA:38,0
DA:39,0
DA:44,0
DA:45,0
DA:50,0
DA:51,0
DA:53,0
DA:54,0
DA:56,0
DA:57,0
DA:62,0
DA:65,0
DA:66,0
DA:69,0
DA:70,0
DA:72,0
DA:73,0
DA:75,0
DA:76,0
DA:78,0
DA:79,0
DA:80,0
DA:81,0
DA:83,0
DA:87,0
DA:88,0
DA:89,0
DA:90,0
DA:92,0
DA:96,0
DA:97,0
DA:98,0
DA:99,0
DA:101,0
DA:105,0
DA:112,0
DA:113,0
DA:114,0
DA:119,0
DA:122,0
DA:123,0
DA:124,0
DA:125,0
DA:128,0
DA:132,0
DA:133,0
DA:138,0
DA:139,0
DA:140,0
DA:142,0
DA:148,0
DA:149,0
DA:150,0
DA:152,0
DA:153,0
DA:154,0
DA:156,0
DA:159,0
DA:160,0
DA:162,0
DA:163,0
DA:164,0
DA:166,0
DA:170,0
DA:171,0
DA:172,0
DA:174,0
DA:175,0
DA:177,0
DA:178,0
DA:179,0
DA:180,0
DA:182,0
DA:186,0
DA:187,0
DA:188,0
DA:189,0
DA:191,0
DA:192,0
DA:193,0
DA:196,0
DA:197,0
DA:198,0
DA:199,0
DA:209,0
DA:210,0
DA:216,0
DA:312,20
DA:319,28
DA:326,0
DA:327,0
DA:335,15
DA:339,1
DA:346,1
DA:353,14
DA:357,14
DA:361,14
DA:367,21
DA:371,21
DA:373,21
DA:378,1
DA:382,1
DA:386,1
DA:390,0
DA:391,0
DA:392,0
DA:394,0
DA:400,0
DA:401,0
DA:402,0
DA:404,0
DA:410,0
DA:411,0
DA:412,0
DA:414,0
DA:419,21
DA:427,21
DA:430,2
DA:436,21
DA:440,21
DA:443,0
DA:444,0
DA:448,21
DA:453,21
DA:455,21
DA:461,21
DA:464,1
DA:467,21
DA:474,21
DA:477,1
DA:481,1
DA:482,1
DA:484,0
DA:489,1
DA:493,0
DA:494,0
DA:496,0
DA:502,1
DA:503,1
DA:507,1
DA:511,0
DA:512,0
DA:513,0
DA:515,0
DA:521,1
DA:522,1
DA:523,1
DA:525,1
DA:526,0
DA:527,0
DA:530,1
DA:531,1
DA:532,1
DA:533,1
DA:543,1
DA:544,1
DA:551,21
DA:553,21
DA:555,21
DA:557,21
DA:559,21
DA:561,21
DA:563,21
DA:565,21
DA:567,21
DA:569,21
DA:571,21
DA:573,21
DA:575,21
DA:577,21
DA:579,21
DA:581,21
DA:583,21
DA:585,21
DA:587,21
DA:589,21
DA:591,21
DA:593,21
DA:595,21
DA:597,21
DA:599,21
DA:601,21
DA:603,21
DA:605,21
DA:607,21
DA:609,21
DA:611,21
DA:613,21
DA:615,21
DA:617,21
DA:619,21
DA:621,21
DA:623,21
DA:625,21
DA:627,21
DA:629,21
DA:631,21
DA:633,21
DA:635,21
DA:637,21
DA:639,21
DA:641,21
DA:643,21
DA:645,21
DA:647,21
DA:649,21
DA:651,21
DA:653,21
DA:655,21
DA:657,21
DA:659,21
DA:661,21
DA:663,21
DA:665,21
DA:667,21
DA:669,21
DA:671,21
DA:766,36
DA:773,13
DA:780,0
DA:781,0
DA:789,9
DA:793,1
DA:800,1
DA:807,8
DA:811,8
DA:815,8
DA:821,21
DA:825,21
DA:827,21
DA:832,0
DA:836,0
DA:840,0
DA:844,0
DA:845,0
DA:846,0
DA:848,0
DA:854,0
DA:855,0
DA:856,0
DA:858,0
DA:864,0
DA:865,0
DA:866,0
DA:868,0
DA:873,21
DA:881,21
DA:884,9
DA:890,21
DA:894,21
DA:897,0
DA:898,0
DA:902,21
DA:907,21
DA:909,21
DA:915,21
DA:918,0
DA:921,21
DA:928,21
DA:931,0
DA:935,0
DA:936,0
DA:938,0
DA:943,0
DA:947,0
DA:948,0
DA:950,0
DA:956,0
DA:957,0
DA:961,0
DA:965,0
DA:966,0
DA:967,0
DA:969,0
DA:975,1
DA:976,1
DA:977,1
DA:979,1
DA:980,0
DA:981,0
DA:984,1
DA:985,1
DA:986,1
DA:987,1
DA:997,1
DA:998,1
DA:1005,21
DA:1007,21
DA:1009,21
DA:1011,21
DA:1013,21
DA:1015,21
DA:1017,21
DA:1019,21
DA:1021,21
DA:1023,21
DA:1025,21
DA:1027,21
DA:1029,21
DA:1031,21
DA:1033,21
DA:1035,21
DA:1037,21
DA:1039,21
DA:1041,21
DA:1043,21
DA:1045,21
DA:1047,21
DA:1049,21
DA:1051,21
DA:1053,21
DA:1055,21
DA:1057,21
DA:1059,21
DA:1061,21
DA:1063,21
DA:1065,21
DA:1067,21
DA:1069,21
DA:1071,21
DA:1073,21
DA:1075,21
DA:1077,21
DA:1079,21
DA:1081,21
DA:1083,21
DA:1085,21
DA:1087,21
DA:1089,21
DA:1091,21
DA:1093,21
DA:1095,21
DA:1097,21
DA:1099,21
DA:1101,21
DA:1103,21
DA:1105,21
DA:1107,21
DA:1109,21
DA:1111,21
DA:1113,21
DA:1115,21
DA:1117,21
DA:1119,21
DA:1121,21
DA:1123,21
DA:1125,21
DA:1219,21
DA:1220,21
DA:1221,21
LF:369
LH:210
BRDA:153,0,0,0
BRDA:153,0,1,0
BRDA:481,1,0,1
BRDA:481,1,1,0
BRDA:935,2,0,0
BRDA:935,2,1,0
BRF:6
BRH:1
end_of_record
TN:
SF:/home/michael/Projects/Mine/Relude/relude/lib/js/src/Relude_Option.bs.js
FN:19,some
FN:23,isSome
FN:27,isNone
FN:31,fold
FN:39,foldLazy
FN:47,getOrElse
FN:55,getOrElseLazy
FN:63,orElse
FN:71,orElseLazy
FN:87,tap
FN:96,tapNone
FN:105,bitap
FN:124,pure
FN:136,bind
FN:149,foldLeft
FN:151,(anonymous_15)
FN:156,foldRight
[...]
FN:244,(anonymous_51)
FN:245,(anonymous_52)
FN:251,validateIntAtIndex
FN:252,(anonymous_54)
FN:253,(anonymous_55)
FN:259,validateFloatAtIndex
FN:260,(anonymous_57)
FN:261,(anonymous_58)
FN:267,validateStringAtIndex
FN:268,(anonymous_60)
FN:269,(anonymous_61)
FN:275,validateOptionalAtIndex
FN:306,validateArrayOfJson
FN:307,(anonymous_64)
FN:309,(anonymous_65)
FN:310,(anonymous_66)
FN:312,(anonymous_67)
FN:319,validateArrayOfJsonAsList
FN:320,(anonymous_69)
FN:322,(anonymous_70)
FN:323,(anonymous_71)
FN:325,(anonymous_72)
FN:332,validateArrayAtIndex
FN:333,(anonymous_74)
FN:335,(anonymous_75)
FN:340,getJsonForKey
FN:341,(anonymous_77)
FN:346,validateJsonForKey
FN:347,(anonymous_79)
FN:352,validateNullForKey
FN:353,(anonymous_81)
FN:354,(anonymous_82)
FN:360,validateBoolForKey
FN:361,(anonymous_84)
FN:362,(anonymous_85)
FN:368,validateIntForKey
FN:369,(anonymous_87)
FN:370,(anonymous_88)
FN:376,validateFloatForKey
FN:377,(anonymous_90)
FN:378,(anonymous_91)
FN:384,validateStringForKey
FN:385,(anonymous_93)
FN:386,(anonymous_94)
FN:392,validateOptionalForKey
FN:423,validateArrayForKey
FN:424,(anonymous_97)
FN:426,(anonymous_98)
FN:431,validateListForKey
FN:432,(anonymous_100)
FN:434,(anonymous_101)
FN:466,opt
FN:471,optAt
FN:478,optFor
FNF:105
FNH:61
FNDA:28,show
FNDA:1,isNull
FNDA:1,isBool
FNDA:1,isString
FNDA:1,isNumber
FNDA:1,isObject
FNDA:1,isArray
FNDA:4,fromBool
FNDA:39,fromString
FNDA:19,fromInt
FNDA:19,(anonymous_10)
FNDA:19,(anonymous_11)
FNDA:6,fromFloat
FNDA:2,fromOption
FNDA:16,fromArrayOfJson
FNDA:0,fromArrayOfJsonBy
FNDA:10,fromListOfJson
FNDA:2,fromListOfJsonBy
FNDA:1,fromDictOfJson
FNDA:0,fromArrayOfDictOfJson
FNDA:0,fromListOfDictOfJson
FNDA:0,(anonymous_21)
FNDA:0,toNull
FNDA:3,toInt
FNDA:3,(anonymous_24)
FNDA:0,toArrayOfJsonOrElse
FNDA:0,toArrayOfJsonOrEmpty
FNDA:0,toListOfJson
FNDA:0,toListOfJsonOrElse
FNDA:0,toListOrEmpty
FNDA:0,toDictOfJsonOrElse
FNDA:0,toDictOfJsonOrEmpty
FNDA:14,validateNull
FNDA:9,(anonymous_33)
FNDA:7,validateBool
FNDA:5,(anonymous_35)
FNDA:24,validateString
FNDA:10,(anonymous_37)
FNDA:3,validateInt
FNDA:0,(anonymous_39)
FNDA:0,validateFloat
FNDA:0,(anonymous_41)
FNDA:4,validateOptional
FNDA:11,getJsonAtIndex
FNDA:11,(anonymous_44)
FNDA:3,validateJsonAtIndex
FNDA:0,(anonymous_46)
FNDA:0,validateNullAtIndex
FNDA:0,(anonymous_48)
FNDA:0,(anonymous_49)
FNDA:1,validateBoolAtIndex
FNDA:1,(anonymous_51)
FNDA:0,(anonymous_52)
FNDA:1,validateIntAtIndex
FNDA:1,(anonymous_54)
FNDA:0,(anonymous_55)
FNDA:0,validateFloatAtIndex
FNDA:0,(anonymous_57)
FNDA:0,(anonymous_58)
FNDA:1,validateStringAtIndex
FNDA:1,(anonymous_60)
FNDA:0,(anonymous_61)
FNDA:7,validateOptionalAtIndex
FNDA:5,validateArrayOfJson
FNDA:0,(anonymous_64)
FNDA:5,(anonymous_65)
FNDA:16,(anonymous_66)
FNDA:7,(anonymous_67)
FNDA:0,validateArrayOfJsonAsList
FNDA:0,(anonymous_69)
FNDA:0,(anonymous_70)
FNDA:0,(anonymous_71)
FNDA:0,(anonymous_72)
FNDA:1,validateArrayAtIndex
FNDA:0,(anonymous_74)
FNDA:1,(anonymous_75)
FNDA:15,getJsonForKey
FNDA:15,(anonymous_77)
FNDA:6,validateJsonForKey
FNDA:0,(anonymous_79)
FNDA:0,validateNullForKey
FNDA:0,(anonymous_81)
FNDA:0,(anonymous_82)
FNDA:2,validateBoolForKey
FNDA:2,(anonymous_84)
FNDA:1,(anonymous_85)
FNDA:2,validateIntForKey
FNDA:2,(anonymous_87)
FNDA:0,(anonymous_88)
FNDA:0,validateFloatForKey
FNDA:0,(anonymous_90)
FNDA:0,(anonymous_91)
FNDA:2,validateStringForKey
FNDA:2,(anonymous_93)
FNDA:1,(anonymous_94)
FNDA:7,validateOptionalForKey
FNDA:2,validateArrayForKey
FNDA:0,(anonymous_97)
FNDA:2,(anonymous_98)
FNDA:0,validateListForKey
FNDA:0,(anonymous_100)
FNDA:0,(anonymous_101)
FNDA:4,opt
FNDA:7,optAt
FNDA:7,optFor
DA:3,1
DA:4,1
DA:5,1
DA:6,1
DA:7,1
DA:8,1
DA:9,1
DA:10,1
DA:11,1
DA:12,1
DA:13,1
DA:14,1
DA:15,1
DA:17,1
DA:19,1
DA:22,28
DA:23,28
DA:27,1
DA:31,1
DA:35,1
DA:39,1
DA:43,1
DA:47,1
DA:50,1
DA:53,4
DA:57,39
DA:61,19
DA:62,19
DA:64,19
DA:69,6
DA:73,2
DA:77,16
DA:81,0
DA:85,10
DA:89,2
DA:90,2
DA:94,1
DA:98,0
DA:102,0
DA:103,0
DA:107,1
DA:109,1
DA:112,0
DA:116,3
DA:117,3
DA:122,0
DA:125,1
DA:128,0
DA:132,0
DA:136,0
DA:140,0
DA:144,0
DA:147,1
DA:150,0
DA:153,1
DA:155,1
DA:159,1
DA:161,1
DA:163,1
DA:170,1
DA:172,1
DA:175,14
DA:176,9
DA:181,7
DA:182,5
DA:187,24
DA:188,10
DA:193,3
DA:194,0
DA:199,0
DA:200,0
DA:205,4
DA:206,4
DA:207,4
DA:208,3
DA:209,3
DA:210,2
DA:211,1
DA:213,1
DA:216,1
DA:219,1
DA:224,11
DA:225,11
DA:230,3
DA:231,0
DA:236,0
DA:237,0
DA:238,0
DA:244,1
DA:245,1
DA:246,0
DA:252,1
DA:253,1
DA:254,0
DA:260,0
DA:261,0
DA:262,0
DA:268,1
DA:269,1
DA:270,0
DA:276,7
DA:277,7
DA:278,7
DA:279,7
DA:280,7
DA:281,5
DA:282,5
DA:283,5
DA:284,3
DA:285,3
DA:286,2
DA:287,1
DA:289,1
DA:292,1
DA:294,2
DA:295,1
DA:297,1
DA:299,2
DA:300,1
DA:302,1
DA:307,5
DA:308,0
DA:310,5
DA:311,16
DA:312,16
DA:313,7
DA:320,0
DA:321,0
DA:323,0
DA:324,0
DA:325,0
DA:326,0
DA:333,1
DA:334,0
DA:336,1
DA:341,15
DA:342,15
DA:347,6
DA:348,0
DA:353,0
DA:354,0
DA:355,0
DA:361,2
DA:362,2
DA:363,1
DA:369,2
DA:370,2
DA:371,0
DA:377,0
DA:378,0
DA:379,0
DA:385,2
DA:386,2
DA:387,1
DA:393,7
DA:394,7
DA:395,7
DA:396,7
DA:397,7
DA:398,5
DA:399,5
DA:400,5
DA:401,3
DA:402,3
DA:403,2
DA:404,1
DA:406,1
DA:409,1
DA:411,2
DA:412,1
DA:414,1
DA:416,2
DA:417,1
DA:419,1
DA:424,2
DA:425,0
DA:427,2
DA:432,0
DA:433,0
DA:435,0
DA:439,1
DA:441,1
DA:443,1
DA:445,1
DA:447,1
DA:467,4
DA:468,4
DA:472,7
DA:473,7
DA:474,7
DA:475,7
DA:479,7
DA:480,7
DA:481,7
DA:482,7
DA:485,1
DA:517,1
DA:526,1
DA:528,1
DA:530,1
DA:532,1
DA:534,1
DA:536,1
DA:538,1
DA:540,1
DA:542,1
DA:544,1
DA:546,1
DA:548,1
DA:550,1
DA:552,1
DA:554,1
DA:556,1
DA:557,1
DA:558,1
DA:559,1
DA:560,1
DA:561,1
DA:562,1
DA:563,1
DA:564,1
DA:565,1
DA:566,1
DA:567,1
DA:568,1
DA:569,1
DA:570,1
DA:571,1
DA:572,1
DA:573,1
DA:574,1
DA:575,1
DA:576,1
DA:577,1
DA:578,1
DA:579,1
DA:580,1
DA:581,1
DA:582,1
DA:583,1
DA:584,1
DA:585,1
DA:586,1
DA:587,1
DA:588,1
DA:589,1
DA:590,1
DA:591,1
DA:592,1
DA:593,1
DA:594,1
DA:595,1
DA:596,1
DA:597,1
DA:598,1
DA:599,1
DA:600,1
DA:601,1
DA:602,1
DA:603,1
DA:604,1
DA:605,1
DA:606,1
DA:607,1
DA:608,1
DA:609,1
DA:610,1
DA:611,1
DA:612,1
DA:613,1
DA:614,1
DA:615,1
DA:616,1
DA:617,1
DA:618,1
DA:619,1
DA:620,1
DA:621,1
DA:622,1
DA:623,1
DA:624,1
DA:625,1
DA:626,1
DA:627,1
DA:628,1
DA:629,1
DA:630,1
DA:631,1
DA:632,1
DA:633,1
DA:634,1
DA:635,1
LF:292
LH:247
BRDA:22,0,0,0
BRDA:22,0,1,28
BRDA:205,1,0,4
BRDA:205,1,1,0
BRDA:207,2,0,3
BRDA:207,2,1,1
BRDA:209,3,0,2
BRDA:209,3,1,1
BRDA:210,4,0,1
BRDA:210,4,1,1
BRDA:276,5,0,7
BRDA:276,5,1,0
BRDA:277,6,0,7
BRDA:277,6,1,0
BRDA:278,7,0,7
BRDA:278,7,1,0
BRDA:280,8,0,5
BRDA:280,8,1,2
BRDA:283,9,0,3
BRDA:283,9,1,2
BRDA:285,10,0,2
BRDA:285,10,1,1
BRDA:286,11,0,1
BRDA:286,11,1,1
BRDA:294,12,0,1
BRDA:294,12,1,1
BRDA:299,13,0,1
BRDA:299,13,1,1
BRDA:393,14,0,7
BRDA:393,14,1,0
BRDA:394,15,0,7
BRDA:394,15,1,0
BRDA:395,16,0,7
BRDA:395,16,1,0
BRDA:397,17,0,5
BRDA:397,17,1,2
BRDA:400,18,0,3
BRDA:400,18,1,2
BRDA:402,19,0,2
BRDA:402,19,1,1
BRDA:403,20,0,1
BRDA:403,20,1,1
BRDA:411,21,0,1
BRDA:411,21,1,1
BRDA:416,22,0,1
BRDA:416,22,1,1
BRDA:467,23,0,4
BRDA:467,23,1,0
BRDA:472,24,0,7
BRDA:472,24,1,0
BRDA:473,25,0,7
BRDA:473,25,1,0
BRDA:474,26,0,7
BRDA:474,26,1,0
BRDA:479,27,0,7
BRDA:479,27,1,0
BRDA:480,28,0,7
BRDA:480,28,1,0
BRDA:481,29,0,7
BRDA:481,29,1,0
BRF:60
BRH:45
end_of_record
TN:
SF:/home/michael/Projects/Mine/Relude/relude/lib/js/src/js/Relude_Js_Promise.bs.js
FN:7,toIO
FN:8,(anonymous_1)
FN:9,(anonymous_2)
FN:11,(anonymous_3)
FN:18,toIOLazy
FN:19,(anonymous_5)
FN:21,(anonymous_6)
FN:23,(anonymous_7)
FN:30,fromIO
FN:31,(anonymous_9)
FN:32,(anonymous_10)
FN:42,fromIOExn
FN:43,(anonymous_12)
FN:44,(anonymous_13)
FN:54,fromIOJsExn
FN:55,(anonymous_15)
FN:56,(anonymous_16)
FNF:17
FNH:8
FNDA:2,toIO
FNDA:2,(anonymous_1)
FNDA:1,(anonymous_2)
FNDA:1,(anonymous_3)
FNDA:3,toIOLazy
FNDA:3,(anonymous_5)
FNDA:2,(anonymous_6)
FNDA:1,(anonymous_7)
FNDA:0,fromIO
FNDA:0,(anonymous_9)
FNDA:0,(anonymous_10)
FNDA:0,fromIOExn
FNDA:0,(anonymous_12)
FNDA:0,(anonymous_13)
FNDA:0,fromIOJsExn
FNDA:0,(anonymous_15)
FNDA:0,(anonymous_16)
DA:3,2
DA:4,2
DA:5,2
DA:8,2
DA:9,2
DA:10,1
DA:12,1
DA:14,2
DA:19,3
DA:20,3
DA:21,3
DA:22,2
DA:24,1
DA:26,3
DA:31,0
DA:32,0
DA:33,0
DA:34,0
DA:36,0
DA:43,0
DA:44,0
DA:45,0
DA:46,0
DA:48,0
DA:55,0
DA:56,0
DA:57,0
DA:58,0
DA:60,0
DA:66,2
DA:67,2
DA:68,2
DA:69,2
DA:70,2
LF:34
LH:19
BRDA:33,0,0,0
BRDA:33,0,1,0
BRDA:45,1,0,0
BRDA:45,1,1,0
BRDA:57,2,0,0
BRDA:57,2,1,0
BRF:6
BRH:0
end_of_record
TN:
SF:/home/michael/Projects/Mine/Relude/relude/lib/js/src/list/Relude_List_Base.bs.js
FN:10,cons
FN:17,uncons
FN:27,append
FN:36,mapWithIndex
FN:37,(anonymous_4)
FN:42,isEmpty
FN:50,isNotEmpty
FN:56,at
FN:60,head
FN:67,tail
FN:74,tailOrEmpty
FN:78,init
FN:93,initOrEmpty
FN:102,last
FN:119,take
FN:120,(anonymous_15)
FN:141,takeExactly
FN:142,(anonymous_17)
FN:168,takeWhile
FN:169,(anonymous_19)
FN:193,drop
FN:211,dropExactly
FN:215,dropWhile
FN:227,filter
FN:231,filterWithIndex
FN:235,filterNot
FN:236,(anonymous_26)
FN:237,(anonymous_27)
FN:243,filterNotWithIndex
FN:244,(anonymous_29)
FN:245,(anonymous_30)
FN:251,mapOption
FN:252,(anonymous_32)
FN:253,(anonymous_33)
FN:262,catOptions
FN:263,(anonymous_35)
FN:268,partition
FN:272,splitAt
FN:276,prependToAll
FN:277,(anonymous_39)
FN:299,intersperse
FN:310,replicate
FN:331,zipWith
FN:335,zipWithIndex
FN:336,(anonymous_44)
FN:344,sortWithInt
FN:348,sortBy
FN:349,(anonymous_47)
FN:354,sort
FN:358,distinctBy
FN:359,(anonymous_50)
FN:372,removeFirstBy
FN:373,(anonymous_52)
FN:407,removeEachBy
FN:408,(anonymous_54)
FN:421,distinct
FN:425,removeFirst
FN:429,removeEach
FN:433,replaceAt
FN:434,(anonymous_59)
FN:443,scanLeft
FN:444,(anonymous_61)
FN:459,scanRight
FN:460,(anonymous_63)
FNF:64
FNH:59
FNDA:86,cons
FNDA:119,uncons
FNDA:43,append
FNDA:2,mapWithIndex
FNDA:8,(anonymous_4)
FNDA:6,isEmpty
FNDA:2,isNotEmpty
FNDA:3,at
FNDA:9,head
FNDA:10,tail
FNDA:3,tailOrEmpty
FNDA:12,init
FNDA:3,initOrEmpty
FNDA:3,last
FNDA:21,take
FNDA:21,(anonymous_15)
FNDA:6,takeExactly
FNDA:5,(anonymous_17)
FNDA:4,takeWhile
FNDA:4,(anonymous_19)
FNDA:8,drop
FNDA:5,dropExactly
FNDA:4,dropWhile
FNDA:1,filter
FNDA:1,filterWithIndex
FNDA:1,filterNot
FNDA:1,(anonymous_26)
FNDA:4,(anonymous_27)
FNDA:1,filterNotWithIndex
FNDA:1,(anonymous_29)
FNDA:4,(anonymous_30)
FNDA:3,mapOption
FNDA:11,(anonymous_32)
FNDA:6,(anonymous_33)
FNDA:0,catOptions
FNDA:0,(anonymous_35)
FNDA:1,partition
FNDA:1,splitAt
FNDA:3,prependToAll
FNDA:3,(anonymous_39)
FNDA:2,intersperse
FNDA:5,replicate
FNDA:7,zipWith
FNDA:1,zipWithIndex
FNDA:3,(anonymous_44)
FNDA:1,sortWithInt
FNDA:3,sortBy
FNDA:28,(anonymous_47)
FNDA:1,sort
FNDA:1,distinctBy
FNDA:12,(anonymous_50)
FNDA:7,removeFirstBy
FNDA:16,(anonymous_52)
FNDA:5,removeEachBy
FNDA:11,(anonymous_54)
FNDA:0,distinct
FNDA:0,removeFirst
FNDA:0,removeEach
FNDA:1,replaceAt
FNDA:5,(anonymous_59)
FNDA:1,scanLeft
FNDA:5,(anonymous_61)
FNDA:1,scanRight
FNDA:5,(anonymous_63)
DA:3,24
DA:4,24
DA:5,24
DA:6,24
DA:7,24
DA:8,24
DA:11,86
DA:18,119
DA:19,94
DA:28,43
DA:34,24
DA:37,2
DA:38,8
DA:43,6
DA:44,3
DA:46,3
DA:51,2
DA:57,3
DA:61,9
DA:62,6
DA:68,10
DA:69,6
DA:75,3
DA:79,12
DA:80,10
DA:81,10
DA:82,6
DA:87,4
DA:94,3
DA:95,3
DA:96,2
DA:98,1
DA:103,3
DA:104,6
DA:105,6
DA:106,5
DA:107,5
DA:108,3
DA:109,3
DA:111,2
DA:114,1
DA:120,21
DA:121,21
DA:122,84
DA:123,84
DA:124,84
DA:125,84
DA:126,21
DA:128,63
DA:129,63
DA:130,63
DA:134,63
DA:138,21
DA:142,6
DA:143,5
DA:144,10
DA:145,10
DA:146,10
DA:147,10
DA:148,3
DA:149,7
DA:150,5
DA:151,5
DA:152,5
DA:156,5
DA:158,2
DA:162,6
DA:163,5
DA:169,4
DA:170,4
DA:171,10
DA:172,10
DA:173,10
DA:174,8
DA:175,8
DA:176,6
DA:177,6
DA:181,6
DA:183,2
DA:186,2
DA:190,4
DA:194,8
DA:195,18
DA:196,18
DA:197,18
DA:198,14
DA:199,4
DA:201,10
DA:202,10
DA:203,10
DA:206,4
DA:212,5
DA:216,4
DA:217,10
DA:218,10
DA:219,6
DA:220,6
DA:222,4
DA:228,1
DA:232,1
DA:236,1
DA:237,1
DA:238,4
DA:244,1
DA:245,1
DA:246,4
DA:252,3
DA:253,11
DA:254,6
DA:263,0
DA:264,0
DA:269,1
DA:273,1
DA:277,3
DA:278,3
DA:279,20007
DA:280,20007
DA:281,20007
DA:282,20004
DA:283,20004
DA:290,20004
DA:292,3
DA:296,3
DA:300,2
DA:301,2
DA:306,0
DA:311,5
DA:312,2
DA:314,3
DA:315,3
DA:316,3
DA:317,14
DA:318,14
DA:319,14
DA:320,14
DA:321,3
DA:323,11
DA:324,11
DA:325,11
DA:332,7
DA:336,1
DA:337,3
DA:345,1
DA:349,3
DA:350,28
DA:355,1
DA:359,1
DA:360,12
DA:361,12
DA:362,6
DA:364,6
DA:373,7
DA:374,16
DA:375,16
DA:376,7
DA:384,9
DA:385,9
DA:386,5
DA:391,4
DA:401,7
DA:408,5
DA:409,11
DA:410,11
DA:411,6
DA:413,5
DA:422,0
DA:426,0
DA:430,0
DA:434,1
DA:435,5
DA:436,1
DA:438,4
DA:444,1
DA:445,5
DA:446,5
DA:460,1
DA:461,5
DA:462,5
DA:475,24
DA:477,24
DA:479,24
DA:481,24
DA:483,24
DA:485,24
DA:487,24
DA:488,24
DA:489,24
DA:490,24
DA:491,24
DA:492,24
DA:493,24
DA:494,24
DA:495,24
DA:496,24
DA:497,24
DA:498,24
DA:499,24
DA:500,24
DA:501,24
DA:502,24
DA:503,24
DA:504,24
DA:505,24
DA:506,24
DA:507,24
DA:508,24
DA:509,24
DA:510,24
DA:511,24
DA:512,24
DA:513,24
DA:514,24
DA:515,24
DA:516,24
DA:517,24
DA:518,24
DA:519,24
DA:520,24
DA:521,24
DA:522,24
DA:523,24
DA:524,24
DA:525,24
DA:526,24
DA:527,24
DA:528,24
DA:529,24
DA:530,24
DA:531,24
DA:532,24
DA:533,24
DA:534,24
DA:535,24
DA:536,24
DA:537,24
LF:235
LH:229
BRDA:18,0,0,94
BRDA:18,0,1,25
BRDA:43,1,0,3
BRDA:43,1,1,3
BRDA:52,2,0,1
BRDA:52,2,1,1
BRDA:61,3,0,6
BRDA:61,3,1,3
BRDA:68,4,0,6
BRDA:68,4,1,4
BRDA:79,5,0,10
BRDA:79,5,1,2
BRDA:81,6,0,6
BRDA:81,6,1,4
BRDA:95,7,0,2
BRDA:95,7,1,1
BRDA:105,8,0,5
BRDA:105,8,1,1
BRDA:107,9,0,3
BRDA:107,9,1,2
BRDA:125,10,0,21
BRDA:125,10,1,63
BRDA:125,11,0,84
BRDA:125,11,1,74
BRDA:147,12,0,3
BRDA:147,12,1,7
BRDA:149,13,0,5
BRDA:149,13,1,2
BRDA:162,14,0,5
BRDA:162,14,1,1
BRDA:173,15,0,8
BRDA:173,15,1,2
BRDA:175,16,0,6
BRDA:175,16,1,2
BRDA:197,17,0,14
BRDA:197,17,1,4
BRDA:198,18,0,4
BRDA:198,18,1,10
BRDA:218,19,0,6
BRDA:218,19,1,4
BRDA:218,20,0,10
BRDA:218,20,1,8
BRDA:281,21,0,20004
BRDA:281,21,1,3
BRDA:300,22,0,2
BRDA:300,22,1,0
BRDA:311,23,0,2
BRDA:311,23,1,3
BRDA:320,24,0,3
BRDA:320,24,1,11
BRDA:361,25,0,6
BRDA:361,25,1,6
BRDA:375,26,0,7
BRDA:375,26,1,9
BRDA:385,27,0,5
BRDA:385,27,1,4
BRDA:410,28,0,6
BRDA:410,28,1,5
BRDA:435,29,0,1
BRDA:435,29,1,4
BRF:60
BRH:59
end_of_record
TN:
SF:/home/michael/Projects/Mine/Relude/relude/lib/js/src/list/Relude_List_Instances.bs.js
FN:120,eqBy
FN:140,eq
FN:144,Eq
FN:145,(anonymous_3)
FN:153,showBy
FN:158,show
FN:162,Show
FN:163,(anonymous_7)
FNF:8
FNH:3
FNDA:14,eqBy
FNDA:2,eq
FNDA:0,Eq
FNDA:0,(anonymous_3)
FNDA:5,showBy
FNDA:0,show
FNDA:0,Show
FNDA:0,(anonymous_7)
DA:3,24
DA:4,24
DA:5,24
DA:6,24
DA:7,24
DA:8,24
DA:9,24
DA:10,24
DA:11,24
DA:12,24
DA:13,24
DA:14,24
DA:15,24
DA:16,24
DA:18,24
DA:20,24
DA:24,24
DA:26,24
DA:31,24
DA:33,24
DA:35,24
DA:39,24
DA:41,24
DA:43,24
DA:48,24
DA:50,24
DA:52,24
DA:58,24
DA:60,24
DA:62,24
DA:69,24
DA:71,24
DA:73,24
DA:78,24
DA:80,24
DA:86,24
DA:88,24
DA:96,24
DA:98,24
DA:100,24
DA:102,24
DA:104,24
DA:106,24
DA:108,24
DA:116,24
DA:118,24
DA:121,14
DA:122,37
DA:123,37
DA:124,37
DA:125,28
DA:126,23
DA:127,23
DA:128,23
DA:130,5
DA:132,9
DA:133,1
DA:135,8
DA:141,2
DA:145,0
DA:146,0
DA:148,0
DA:154,5
DA:155,5
DA:159,0
DA:163,0
DA:164,0
DA:166,0
DA:171,24
DA:176,24
DA:178,24
DA:180,24
DA:182,24
DA:184,24
DA:186,24
DA:188,24
DA:190,24
DA:192,24
DA:194,24
DA:196,24
DA:198,24
DA:200,24
DA:202,24
DA:204,24
DA:206,24
DA:208,24
DA:210,24
DA:212,24
DA:214,24
DA:216,24
DA:218,24
DA:220,24
DA:222,24
DA:224,24
DA:226,24
DA:228,24
DA:230,24
DA:232,24
DA:234,24
DA:236,24
DA:238,24
DA:240,24
DA:242,24
DA:244,24
DA:246,24
DA:248,24
DA:250,24
DA:252,24
DA:254,24
DA:256,24
DA:258,24
DA:260,24
DA:262,24
DA:264,24
DA:266,24
DA:268,24
DA:270,24
DA:272,24
DA:274,24
DA:276,24
DA:278,24
DA:280,24
DA:282,24
DA:284,24
DA:286,24
DA:288,24
DA:290,24
DA:292,24
DA:294,24
DA:296,24
DA:298,24
DA:300,24
DA:302,24
DA:304,24
DA:305,24
DA:306,24
DA:307,24
DA:308,24
DA:309,24
DA:310,24
DA:311,24
DA:312,24
DA:313,24
DA:314,24
DA:315,24
DA:316,24
DA:317,24
DA:318,24
DA:319,24
DA:320,24
DA:321,24
DA:322,24
DA:323,24
DA:324,24
DA:325,24
DA:326,24
DA:327,24
DA:328,24
DA:329,24
DA:330,24
DA:331,24
DA:332,24
DA:333,24
DA:334,24
DA:335,24
DA:336,24
DA:337,24
DA:338,24
DA:339,24
DA:340,24
DA:341,24
DA:342,24
DA:343,24
DA:344,24
DA:345,24
DA:346,24
DA:347,24
DA:348,24
DA:349,24
DA:350,24
DA:351,24
DA:352,24
DA:353,24
DA:354,24
DA:355,24
DA:356,24
DA:357,24
DA:358,24
DA:359,24
DA:360,24
DA:361,24
DA:362,24
DA:363,24
DA:364,24
DA:365,24
DA:366,24
DA:367,24
DA:368,24
DA:369,24
DA:370,24
DA:371,24
DA:372,24
DA:373,24
DA:374,24
DA:375,24
DA:376,24
DA:377,24
DA:378,24
DA:379,24
DA:380,24
DA:381,24
DA:382,24
DA:383,24
DA:384,24
DA:385,24
DA:386,24
DA:387,24
DA:388,24
DA:389,24
DA:390,24
DA:391,24
DA:392,24
DA:393,24
LF:223
LH:216
BRDA:124,0,0,28
BRDA:124,0,1,9
BRDA:125,1,0,23
BRDA:125,1,1,5
BRDA:125,2,0,28
BRDA:125,2,1,27
BRDA:132,3,0,1
BRDA:132,3,1,8
BRF:8
BRH:8
end_of_record
TN:
SF:/home/michael/Projects/Mine/Relude/relude/lib/js/src/list/Relude_List_Specializations.bs.js
FN:18,ListEqExtensions
FN:21,(anonymous_1)
FN:25,(anonymous_2)
FN:29,(anonymous_3)
FN:33,(anonymous_4)
FN:46,ListOrdExtensions
FN:52,(anonymous_6)
FN:56,(anonymous_7)
FN:60,(anonymous_8)
FN:64,(anonymous_9)
FN:69,(anonymous_10)
FN:85,ListMonoidExtensions
FN:103,removeFirst
FN:109,removeEach
FN:115,eq
FN:123,sort
FN:133,distinct
FN:134,(anonymous_17)
FN:178,distinct$1
FN:184,removeFirst$1
FN:190,removeEach$1
FN:196,eq$1
FN:204,sort$1
FN:242,distinct$2
FN:248,removeFirst$2
FN:254,removeEach$2
FN:260,eq$2
FN:268,sort$2
FN:327,traverse
FN:333,sequence
FN:344,traverse$1
FN:350,sequence$1
FN:361,Traversable
FN:362,(anonymous_33)
FN:380,TraversableWithErrorsAsList
FN:381,(anonymous_35)
FN:399,(anonymous_36)
FN:416,TraversableWithErrorsAsNonEmptyList
FN:418,(anonymous_38)
FN:436,traverse$2
FN:439,(anonymous_40)
FN:455,(anonymous_41)
FNF:42
FNH:11
FNDA:0,ListEqExtensions
FNDA:0,(anonymous_1)
FNDA:0,(anonymous_2)
FNDA:0,(anonymous_3)
FNDA:0,(anonymous_4)
FNDA:0,ListOrdExtensions
FNDA:0,(anonymous_6)
FNDA:0,(anonymous_7)
FNDA:0,(anonymous_8)
FNDA:0,(anonymous_9)
FNDA:0,(anonymous_10)
FNDA:0,ListMonoidExtensions
FNDA:1,removeFirst
FNDA:1,removeEach
FNDA:4,eq
FNDA:1,sort
FNDA:1,distinct
FNDA:4,(anonymous_17)
FNDA:0,distinct$1
FNDA:0,removeFirst$1
FNDA:0,removeEach$1
FNDA:0,eq$1
FNDA:0,sort$1
FNDA:0,distinct$2
FNDA:0,removeFirst$2
FNDA:0,removeEach$2
FNDA:0,eq$2
FNDA:0,sort$2
FNDA:0,traverse
FNDA:0,sequence
FNDA:0,traverse$1
FNDA:1,sequence$1
FNDA:0,Traversable
FNDA:0,(anonymous_33)
FNDA:0,TraversableWithErrorsAsList
FNDA:0,(anonymous_35)
FNDA:8,(anonymous_36)
FNDA:0,TraversableWithErrorsAsNonEmptyList
FNDA:0,(anonymous_38)
FNDA:2,traverse$2
FNDA:2,(anonymous_40)
FNDA:10,(anonymous_41)
DA:3,8
DA:4,8
DA:5,8
DA:6,8
DA:7,8
DA:8,8
DA:9,8
DA:10,8
DA:11,8
DA:12,8
DA:13,8
DA:14,8
DA:15,8
DA:16,8
DA:19,0
DA:20,0
DA:21,0
DA:22,0
DA:24,0
DA:25,0
DA:26,0
DA:28,0
DA:29,0
DA:30,0
DA:32,0
DA:33,0
DA:34,0
DA:36,0
DA:47,0
DA:50,0
DA:51,0
DA:52,0
DA:53,0
DA:55,0
DA:56,0
DA:57,0
DA:59,0
DA:60,0
DA:61,0
DA:63,0
DA:64,0
DA:65,0
DA:67,0
DA:68,0
DA:69,0
DA:70,0
DA:72,0
DA:86,0
DA:87,0
DA:95,8
DA:99,8
DA:101,8
DA:104,1
DA:107,8
DA:110,1
DA:113,8
DA:116,4
DA:119,8
DA:121,8
DA:124,1
DA:127,8
DA:129,8
DA:131,8
DA:134,1
DA:135,4
DA:136,4
DA:140,8
DA:142,8
DA:144,8
DA:146,8
DA:148,8
DA:150,8
DA:152,8
DA:170,8
DA:174,8
DA:176,8
DA:179,0
DA:182,8
DA:185,0
DA:188,8
DA:191,0
DA:194,8
DA:197,0
DA:200,8
DA:202,8
DA:205,0
DA:208,8
DA:210,8
DA:212,8
DA:214,8
DA:216,8
DA:218,8
DA:220,8
DA:234,8
DA:238,8
DA:240,8
DA:243,0
DA:246,8
DA:249,0
DA:252,8
DA:255,0
DA:258,8
DA:261,0
DA:264,8
DA:266,8
DA:269,0
DA:272,8
DA:274,8
DA:276,8
DA:278,8
DA:280,8
DA:282,8
DA:284,8
DA:298,8
DA:300,8
DA:302,8
DA:304,8
DA:306,8
DA:308,8
DA:310,8
DA:312,8
DA:314,8
DA:316,8
DA:328,0
DA:329,0
DA:330,0
DA:334,0
DA:335,0
DA:336,0
DA:339,8
DA:345,0
DA:346,0
DA:347,0
DA:351,1
DA:352,1
DA:353,1
DA:356,8
DA:362,0
DA:363,0
DA:364,0
DA:365,0
DA:381,0
DA:382,0
DA:383,0
DA:384,0
DA:399,8
DA:400,8
DA:401,8
DA:402,8
DA:417,0
DA:418,0
DA:419,0
DA:420,0
DA:421,0
DA:437,2
DA:438,2
DA:439,2
DA:440,2
DA:441,2
DA:442,2
DA:455,2
DA:456,10
DA:460,8
DA:468,8
DA:469,8
DA:470,8
DA:471,8
DA:472,8
DA:473,8
DA:474,8
DA:475,8
DA:476,8
DA:477,8
LF:173
LH:106
BRF:0
BRH:0
end_of_record
