TN:
SF:/home/awhite/dev/andywhite37/relude/lib/js/src/Relude_Array.bs.js
FNF:0
FNH:0
DA:3,5
DA:4,5
DA:5,5
DA:6,5
DA:7,5
DA:8,5
DA:9,5
DA:11,5
DA:13,5
DA:15,5
DA:17,5
DA:19,5
DA:21,5
DA:23,5
DA:25,5
DA:27,5
DA:29,5
DA:31,5
DA:33,5
DA:35,5
DA:37,5
DA:39,5
DA:41,5
DA:43,5
DA:45,5
DA:47,5
DA:49,5
DA:51,5
DA:70,5
DA:72,5
DA:74,5
DA:76,5
DA:78,5
DA:80,5
DA:82,5
DA:84,5
DA:86,5
DA:88,5
DA:90,5
DA:92,5
DA:94,5
DA:96,5
DA:98,5
DA:100,5
DA:102,5
DA:104,5
DA:106,5
DA:108,5
DA:110,5
DA:112,5
DA:114,5
DA:116,5
DA:118,5
DA:120,5
DA:122,5
DA:124,5
DA:126,5
DA:128,5
DA:130,5
DA:132,5
DA:134,5
DA:136,5
DA:138,5
DA:140,5
DA:142,5
DA:144,5
DA:146,5
DA:148,5
DA:150,5
DA:152,5
DA:154,5
DA:156,5
DA:158,5
DA:160,5
DA:162,5
DA:164,5
DA:166,5
DA:168,5
DA:170,5
DA:172,5
DA:174,5
DA:176,5
DA:178,5
DA:180,5
DA:182,5
DA:184,5
DA:186,5
DA:188,5
DA:190,5
DA:192,5
DA:194,5
DA:196,5
DA:198,5
DA:200,5
DA:202,5
DA:204,5
DA:206,5
DA:208,5
DA:210,5
DA:212,5
DA:214,5
DA:216,5
DA:218,5
DA:220,5
DA:222,5
DA:224,5
DA:226,5
DA:228,5
DA:230,5
DA:232,5
DA:234,5
DA:236,5
DA:238,5
DA:240,5
DA:242,5
DA:244,5
DA:246,5
DA:248,5
DA:250,5
DA:252,5
DA:254,5
DA:256,5
DA:258,5
DA:260,5
DA:262,5
DA:264,5
DA:266,5
DA:268,5
DA:270,5
DA:272,5
DA:274,5
DA:276,5
DA:278,5
DA:280,5
DA:282,5
DA:284,5
DA:286,5
DA:288,5
DA:290,5
DA:292,5
DA:294,5
DA:296,5
DA:298,5
DA:300,5
DA:302,5
DA:304,5
DA:306,5
DA:308,5
DA:310,5
DA:312,5
DA:314,5
DA:316,5
DA:318,5
DA:320,5
DA:322,5
DA:324,5
DA:326,5
DA:328,5
DA:330,5
DA:332,5
DA:334,5
DA:336,5
DA:338,5
DA:340,5
DA:342,5
DA:344,5
DA:346,5
DA:348,5
DA:350,5
DA:352,5
DA:354,5
DA:356,5
DA:358,5
DA:360,5
DA:362,5
DA:364,5
DA:366,5
DA:368,5
DA:370,5
DA:372,5
DA:374,5
DA:376,5
DA:378,5
DA:380,5
DA:382,5
DA:384,5
DA:386,5
DA:388,5
DA:390,5
DA:391,5
DA:392,5
DA:393,5
DA:394,5
DA:395,5
DA:396,5
DA:397,5
DA:398,5
DA:399,5
DA:400,5
DA:401,5
DA:402,5
DA:403,5
DA:404,5
DA:405,5
DA:406,5
DA:407,5
DA:408,5
DA:409,5
DA:410,5
DA:411,5
DA:412,5
DA:413,5
DA:414,5
DA:415,5
DA:416,5
DA:417,5
DA:418,5
DA:419,5
DA:420,5
DA:421,5
DA:422,5
DA:423,5
DA:424,5
DA:425,5
DA:426,5
DA:427,5
DA:428,5
DA:429,5
DA:430,5
DA:431,5
DA:432,5
DA:433,5
DA:434,5
DA:435,5
DA:436,5
DA:437,5
DA:438,5
DA:439,5
DA:440,5
DA:441,5
DA:442,5
DA:443,5
DA:444,5
DA:445,5
DA:446,5
DA:447,5
DA:448,5
DA:449,5
DA:450,5
DA:451,5
DA:452,5
DA:453,5
DA:454,5
DA:455,5
DA:456,5
DA:457,5
DA:458,5
DA:459,5
DA:460,5
DA:461,5
DA:462,5
DA:463,5
DA:464,5
DA:465,5
DA:466,5
DA:467,5
DA:468,5
DA:469,5
DA:470,5
DA:471,5
DA:472,5
DA:473,5
DA:474,5
DA:475,5
DA:476,5
DA:477,5
DA:478,5
DA:479,5
DA:480,5
DA:481,5
DA:482,5
DA:483,5
DA:484,5
DA:485,5
DA:486,5
DA:487,5
DA:488,5
DA:489,5
DA:490,5
DA:491,5
DA:492,5
DA:493,5
DA:494,5
DA:495,5
DA:496,5
DA:497,5
DA:498,5
DA:499,5
DA:500,5
DA:501,5
DA:502,5
DA:503,5
DA:504,5
DA:505,5
DA:506,5
DA:507,5
DA:508,5
DA:509,5
DA:510,5
DA:511,5
DA:512,5
DA:513,5
DA:514,5
DA:515,5
DA:516,5
DA:517,5
DA:518,5
DA:519,5
DA:520,5
DA:521,5
DA:522,5
DA:523,5
DA:524,5
DA:525,5
DA:526,5
DA:527,5
DA:528,5
DA:529,5
DA:530,5
DA:531,5
DA:532,5
DA:533,5
DA:534,5
DA:535,5
DA:536,5
DA:537,5
DA:538,5
DA:539,5
DA:540,5
DA:541,5
DA:542,5
DA:543,5
DA:544,5
DA:545,5
DA:546,5
DA:547,5
DA:548,5
DA:549,5
DA:550,5
LF:349
LH:349
BRF:0
BRH:0
end_of_record
TN:
SF:/home/awhite/dev/andywhite37/relude/lib/js/src/Relude_AsyncData.bs.js
FN:12,reloading
FN:16,complete
FN:20,isInit
FN:28,isLoading
FN:36,isReloading
FN:44,isComplete
FN:52,isBusy
FN:66,isIdle
FN:70,isEmpty
FN:78,isNotEmpty
FN:86,toBusy
FN:100,toIdle
FN:114,getValue
FN:122,getReloading
FN:130,getComplete
FN:138,fold
FN:152,foldLazy
FN:166,foldByValue
FN:170,foldByValueLazy
FN:174,map
FN:194,tap
FN:212,tapInit
FN:221,tapLoading
FN:230,tapReloading
FN:239,tapComplete
FN:248,tapEmpty
FN:257,tapNotEmpty
FN:266,tapByValue
FN:276,apply
FN:314,pure
FN:326,bind
FN:347,alt
FN:378,eqBy
FN:404,Eq
FN:406,(anonymous_34)
FN:414,showBy
FN:428,Show
FN:430,(anonymous_37)
FNF:38
FNH:30
FNDA:42,reloading
FNDA:49,complete
FNDA:4,isInit
FNDA:4,isLoading
FNDA:4,isReloading
FNDA:4,isComplete
FNDA:8,isBusy
FNDA:4,isIdle
FNDA:4,isEmpty
FNDA:4,isNotEmpty
FNDA:4,toBusy
FNDA:4,toIdle
FNDA:4,getValue
FNDA:4,getReloading
FNDA:4,getComplete
FNDA:8,fold
FNDA:8,foldLazy
FNDA:4,foldByValue
FNDA:4,foldByValueLazy
FNDA:9,map
FNDA:4,tap
FNDA:1,tapInit
FNDA:1,tapLoading
FNDA:1,tapReloading
FNDA:1,tapComplete
FNDA:0,tapEmpty
FNDA:0,tapNotEmpty
FNDA:0,tapByValue
FNDA:5,apply
FNDA:1,pure
FNDA:4,bind
FNDA:6,alt
FNDA:6,eqBy
FNDA:0,Eq
FNDA:0,(anonymous_34)
FNDA:0,showBy
FNDA:0,Show
FNDA:0,(anonymous_37)
DA:3,2
DA:4,2
DA:5,2
DA:6,2
DA:7,2
DA:8,2
DA:9,2
DA:10,2
DA:13,42
DA:17,49
DA:21,4
DA:22,2
DA:24,2
DA:29,4
DA:30,2
DA:32,2
DA:37,4
DA:38,3
DA:40,1
DA:45,4
DA:46,3
DA:48,1
DA:53,8
DA:54,4
DA:55,2
DA:57,2
DA:59,4
DA:60,2
DA:62,2
DA:67,4
DA:71,4
DA:72,2
DA:74,2
DA:79,4
DA:80,2
DA:82,2
DA:87,4
DA:88,2
DA:89,1
DA:91,1
DA:93,2
DA:94,1
DA:96,1
DA:101,4
DA:102,2
DA:103,1
DA:105,1
DA:107,2
DA:108,1
DA:110,1
DA:115,4
DA:116,2
DA:118,2
DA:123,4
DA:124,3
DA:126,1
DA:131,4
DA:132,3
DA:134,1
DA:139,8
DA:140,4
DA:141,2
DA:143,2
DA:145,4
DA:146,2
DA:148,2
DA:153,8
DA:154,4
DA:155,2
DA:157,2
DA:159,4
DA:160,2
DA:162,2
DA:167,4
DA:171,4
DA:175,9
DA:176,5
DA:177,4
DA:179,1
DA:181,4
DA:182,1
DA:184,3
DA:188,2
DA:192,2
DA:195,4
DA:196,2
DA:197,1
DA:198,1
DA:200,1
DA:201,1
DA:203,2
DA:204,1
DA:205,1
DA:207,1
DA:208,1
DA:213,1
DA:214,1
DA:215,1
DA:217,0
DA:222,1
DA:223,1
DA:224,1
DA:226,0
DA:231,1
DA:232,0
DA:234,1
DA:235,1
DA:240,1
DA:241,0
DA:243,1
DA:244,1
DA:249,0
DA:250,0
DA:251,0
DA:253,0
DA:258,0
DA:259,0
DA:261,0
DA:262,0
DA:267,0
DA:268,0
DA:269,0
DA:271,0
DA:272,0
DA:277,5
DA:278,3
DA:279,2
DA:281,1
DA:283,2
DA:284,0
DA:285,0
DA:286,0
DA:287,0
DA:289,0
DA:291,0
DA:292,0
DA:294,0
DA:296,2
DA:297,0
DA:298,0
DA:300,0
DA:303,2
DA:307,2
DA:312,2
DA:315,1
DA:318,2
DA:324,2
DA:327,4
DA:328,2
DA:329,1
DA:331,1
DA:334,2
DA:338,2
DA:345,2
DA:348,6
DA:349,3
DA:350,1
DA:351,1
DA:352,1
DA:354,0
DA:357,0
DA:359,2
DA:360,1
DA:362,1
DA:364,3
DA:365,2
DA:367,1
DA:371,2
DA:376,2
DA:379,6
DA:380,2
DA:381,2
DA:382,2
DA:384,0
DA:386,0
DA:387,0
DA:389,0
DA:391,4
DA:392,3
DA:393,0
DA:395,3
DA:397,1
DA:398,1
DA:400,0
DA:405,0
DA:406,0
DA:407,0
DA:409,0
DA:415,0
DA:416,0
DA:417,0
DA:419,0
DA:421,0
DA:422,0
DA:424,0
DA:429,0
DA:430,0
DA:431,0
DA:433,0
DA:438,2
DA:440,2
DA:442,2
DA:444,2
DA:446,2
DA:448,2
DA:450,2
DA:452,2
DA:454,2
DA:456,2
DA:458,2
DA:460,2
DA:462,2
DA:464,2
DA:466,2
DA:468,2
DA:470,2
DA:472,2
DA:474,2
DA:476,2
DA:478,2
DA:497,2
DA:499,2
DA:501,2
DA:503,2
DA:505,2
DA:507,2
DA:509,2
DA:511,2
DA:513,2
DA:515,2
DA:517,2
DA:519,2
DA:521,2
DA:523,2
DA:525,2
DA:527,2
DA:529,2
DA:531,2
DA:533,2
DA:535,2
DA:537,2
DA:539,2
DA:541,2
DA:543,2
DA:545,2
DA:547,2
DA:549,2
DA:551,2
DA:553,2
DA:555,2
DA:557,2
DA:559,2
DA:561,2
DA:563,2
DA:564,2
DA:565,2
DA:566,2
DA:567,2
DA:568,2
DA:569,2
DA:570,2
DA:571,2
DA:572,2
DA:573,2
DA:574,2
DA:575,2
DA:576,2
DA:577,2
DA:578,2
DA:579,2
DA:580,2
DA:581,2
DA:582,2
DA:583,2
DA:584,2
DA:585,2
DA:586,2
DA:587,2
DA:588,2
DA:589,2
DA:590,2
DA:591,2
DA:592,2
DA:593,2
DA:594,2
DA:595,2
DA:596,2
DA:597,2
DA:598,2
DA:599,2
DA:600,2
DA:601,2
DA:602,2
DA:603,2
DA:604,2
DA:605,2
DA:606,2
DA:607,2
DA:608,2
DA:609,2
DA:610,2
DA:611,2
DA:612,2
DA:613,2
DA:614,2
DA:615,2
DA:616,2
DA:617,2
DA:618,2
DA:619,2
DA:620,2
DA:621,2
DA:622,2
DA:623,2
DA:624,2
DA:625,2
DA:626,2
DA:627,2
DA:628,2
DA:629,2
DA:630,2
DA:631,2
DA:632,2
DA:633,2
DA:634,2
DA:635,2
DA:636,2
DA:637,2
LF:328
LH:277
BRDA:21,0,0,2
BRDA:21,0,1,2
BRDA:29,1,0,2
BRDA:29,1,1,2
BRDA:37,2,0,3
BRDA:37,2,1,1
BRDA:37,3,0,4
BRDA:37,3,1,2
BRDA:45,4,0,3
BRDA:45,4,1,1
BRDA:45,5,0,4
BRDA:45,5,1,2
BRDA:53,6,0,4
BRDA:53,6,1,4
BRDA:54,7,0,2
BRDA:54,7,1,2
BRDA:59,8,0,2
BRDA:59,8,1,2
BRDA:71,9,0,2
BRDA:71,9,1,2
BRDA:79,10,0,2
BRDA:79,10,1,2
BRDA:87,11,0,2
BRDA:87,11,1,2
BRDA:88,12,0,1
BRDA:88,12,1,1
BRDA:93,13,0,1
BRDA:93,13,1,1
BRDA:101,14,0,2
BRDA:101,14,1,2
BRDA:102,15,0,1
BRDA:102,15,1,1
BRDA:107,16,0,1
BRDA:107,16,1,1
BRDA:115,17,0,2
BRDA:115,17,1,2
BRDA:123,18,0,3
BRDA:123,18,1,1
BRDA:123,19,0,4
BRDA:123,19,1,2
BRDA:131,20,0,3
BRDA:131,20,1,1
BRDA:131,21,0,4
BRDA:131,21,1,2
BRDA:139,22,0,4
BRDA:139,22,1,4
BRDA:140,23,0,2
BRDA:140,23,1,2
BRDA:145,24,0,2
BRDA:145,24,1,2
BRDA:153,25,0,4
BRDA:153,25,1,4
BRDA:154,26,0,2
BRDA:154,26,1,2
BRDA:159,27,0,2
BRDA:159,27,1,2
BRDA:175,28,0,5
BRDA:175,28,1,4
BRDA:176,29,0,4
BRDA:176,29,1,1
BRDA:181,30,0,1
BRDA:181,30,1,3
BRDA:195,31,0,2
BRDA:195,31,1,2
BRDA:196,32,0,1
BRDA:196,32,1,1
BRDA:203,33,0,1
BRDA:203,33,1,1
BRDA:213,34,0,1
BRDA:213,34,1,0
BRDA:213,35,0,1
BRDA:213,35,1,1
BRDA:222,36,0,1
BRDA:222,36,1,0
BRDA:222,37,0,1
BRDA:222,37,1,1
BRDA:231,38,0,0
BRDA:231,38,1,1
BRDA:231,39,0,1
BRDA:231,39,1,1
BRDA:240,40,0,0
BRDA:240,40,1,1
BRDA:240,41,0,1
BRDA:240,41,1,1
BRDA:249,42,0,0
BRDA:249,42,1,0
BRDA:258,43,0,0
BRDA:258,43,1,0
BRDA:267,44,0,0
BRDA:267,44,1,0
BRDA:277,45,0,3
BRDA:277,45,1,2
BRDA:278,46,0,2
BRDA:278,46,1,1
BRDA:278,47,0,3
BRDA:278,47,1,3
BRDA:278,48,0,3
BRDA:278,48,1,2
BRDA:283,49,0,0
BRDA:283,49,1,2
BRDA:285,50,0,0
BRDA:285,50,1,0
BRDA:286,51,0,0
BRDA:286,51,1,0
BRDA:291,52,0,0
BRDA:291,52,1,0
BRDA:296,53,0,0
BRDA:296,53,1,2
BRDA:297,54,0,0
BRDA:297,54,1,0
BRDA:327,55,0,2
BRDA:327,55,1,2
BRDA:328,56,0,1
BRDA:328,56,1,1
BRDA:348,57,0,3
BRDA:348,57,1,3
BRDA:349,58,0,1
BRDA:349,58,1,2
BRDA:350,59,0,1
BRDA:350,59,1,0
BRDA:351,60,0,1
BRDA:351,60,1,0
BRDA:359,61,0,1
BRDA:359,61,1,1
BRDA:364,62,0,2
BRDA:364,62,1,1
BRDA:364,63,0,3
BRDA:364,63,1,2
BRDA:364,63,2,1
BRDA:379,64,0,2
BRDA:379,64,1,4
BRDA:380,65,0,2
BRDA:380,65,1,0
BRDA:381,66,0,2
BRDA:381,66,1,0
BRDA:386,67,0,0
BRDA:386,67,1,0
BRDA:391,68,0,3
BRDA:391,68,1,1
BRDA:392,69,0,0
BRDA:392,69,1,3
BRDA:392,70,0,3
BRDA:392,70,1,3
BRDA:397,71,0,1
BRDA:397,71,1,0
BRDA:397,72,0,1
BRDA:397,72,1,1
BRDA:415,73,0,0
BRDA:415,73,1,0
BRDA:416,74,0,0
BRDA:416,74,1,0
BRDA:421,75,0,0
BRDA:421,75,1,0
BRF:153
BRH:119
end_of_record
TN:
SF:/home/awhite/dev/andywhite37/relude/lib/js/src/Relude_AsyncResult.bs.js
FN:13,reloadingOk
FN:17,reloadingError
FN:21,completeOk
FN:25,completeError
FN:29,isOk
FN:37,isError
FN:45,isReloadingOk
FN:53,isReloadingError
FN:61,isCompleteOk
FN:69,isCompleteError
FN:77,getOk
FN:90,getError
FN:103,getReloadingOk
FN:116,getReloadingError
FN:129,getCompleteOk
FN:142,getCompleteError
FN:155,map
FN:181,mapError
FN:207,tapByValue
FN:217,tapOk
FN:231,tapError
FN:245,apply
FN:318,bind
FN:335,flatMap
FN:339,flatten
FN:340,(anonymous_25)
FN:345,fold
FN:359,foldLazy
FN:373,foldByValue
FN:386,foldByValueLazy
FN:399,fromAsyncData
FN:413,toAsyncData
FN:427,eqBy
FN:428,(anonymous_33)
FN:429,(anonymous_34)
FN:435,WithError
FNF:36
FNH:21
FNDA:14,reloadingOk
FNDA:11,reloadingError
FNDA:17,completeOk
FNDA:14,completeError
FNDA:5,isOk
FNDA:4,isError
FNDA:3,isReloadingOk
FNDA:3,isReloadingError
FNDA:3,isCompleteOk
FNDA:3,isCompleteError
FNDA:5,getOk
FNDA:5,getError
FNDA:2,getReloadingOk
FNDA:2,getReloadingError
FNDA:2,getCompleteOk
FNDA:2,getCompleteError
FNDA:6,map
FNDA:6,mapError
FNDA:0,tapByValue
FNDA:0,tapOk
FNDA:0,tapError
FNDA:0,apply
FNDA:0,bind
FNDA:0,flatMap
FNDA:0,flatten
FNDA:0,(anonymous_25)
FNDA:0,fold
FNDA:0,foldLazy
FNDA:0,foldByValue
FNDA:0,foldByValueLazy
FNDA:0,fromAsyncData
FNDA:0,toAsyncData
FNDA:2,eqBy
FNDA:2,(anonymous_33)
FNDA:1,(anonymous_34)
FNDA:0,WithError
DA:3,1
DA:4,1
DA:5,1
DA:6,1
DA:7,1
DA:8,1
DA:9,1
DA:10,1
DA:11,1
DA:14,14
DA:18,11
DA:22,17
DA:26,14
DA:30,5
DA:31,3
DA:33,2
DA:38,4
DA:39,2
DA:41,2
DA:46,3
DA:47,2
DA:49,1
DA:54,3
DA:55,2
DA:57,1
DA:62,3
DA:63,2
DA:65,1
DA:70,3
DA:71,2
DA:73,1
DA:78,5
DA:79,1
DA:81,4
DA:82,4
DA:83,2
DA:85,2
DA:91,5
DA:92,1
DA:94,4
DA:95,4
DA:96,2
DA:98,2
DA:104,2
DA:105,1
DA:107,1
DA:108,1
DA:109,0
DA:111,1
DA:117,2
DA:118,1
DA:120,1
DA:121,1
DA:122,1
DA:124,0
DA:130,2
DA:131,1
DA:133,1
DA:134,1
DA:135,0
DA:137,1
DA:143,2
DA:144,1
DA:146,1
DA:147,1
DA:148,1
DA:150,0
DA:156,6
DA:157,2
DA:158,1
DA:160,1
DA:162,4
DA:163,2
DA:164,2
DA:165,1
DA:167,1
DA:168,1
DA:171,2
DA:172,2
DA:173,1
DA:175,1
DA:176,1
DA:182,6
DA:183,2
DA:184,1
DA:186,1
DA:188,4
DA:189,2
DA:190,2
DA:191,1
DA:192,1
DA:194,1
DA:197,2
DA:198,2
DA:199,1
DA:200,1
DA:202,1
DA:208,0
DA:209,0
DA:210,0
DA:212,0
DA:213,0
DA:218,0
DA:219,0
DA:221,0
DA:222,0
DA:223,0
DA:225,0
DA:226,0
DA:232,0
DA:233,0
DA:235,0
DA:236,0
DA:237,0
DA:238,0
DA:240,0
DA:246,0
DA:247,0
DA:248,0
DA:249,0
DA:250,0
DA:252,0
DA:254,0
DA:255,0
DA:257,0
DA:259,0
DA:260,0
DA:261,0
DA:262,0
DA:264,0
DA:266,0
DA:267,0
DA:268,0
DA:269,0
DA:271,0
DA:272,0
DA:273,0
DA:274,0
DA:276,0
DA:278,0
DA:279,0
DA:280,0
DA:281,0
DA:283,0
DA:284,0
DA:287,0
DA:288,0
DA:289,0
DA:291,0
DA:292,0
DA:297,0
DA:298,0
DA:299,0
DA:300,0
DA:301,0
DA:302,0
DA:304,0
DA:307,0
DA:308,0
DA:309,0
DA:311,0
DA:312,0
DA:319,0
DA:320,0
DA:321,0
DA:323,0
DA:326,0
DA:327,0
DA:328,0
DA:330,0
DA:336,0
DA:340,0
DA:341,0
DA:346,0
DA:347,0
DA:348,0
DA:350,0
DA:352,0
DA:353,0
DA:355,0
DA:360,0
DA:361,0
DA:362,0
DA:364,0
DA:366,0
DA:367,0
DA:369,0
DA:374,0
DA:375,0
DA:377,0
DA:378,0
DA:379,0
DA:381,0
DA:387,0
DA:388,0
DA:390,0
DA:391,0
DA:392,0
DA:394,0
DA:400,0
DA:401,0
DA:402,0
DA:404,0
DA:406,0
DA:407,0
DA:409,0
DA:414,0
DA:415,0
DA:416,0
DA:418,0
DA:420,0
DA:421,0
DA:423,0
DA:428,2
DA:429,2
DA:430,1
DA:436,0
DA:439,0
DA:440,0
DA:444,0
DA:445,0
DA:450,0
DA:451,0
DA:457,0
DA:458,0
DA:459,0
DA:460,0
DA:461,0
DA:462,0
DA:463,0
DA:464,0
DA:465,0
DA:466,0
DA:467,0
DA:468,0
DA:469,0
DA:470,0
DA:471,0
DA:472,0
DA:473,0
DA:474,0
DA:475,0
DA:476,0
DA:493,0
DA:537,1
DA:539,1
DA:541,1
DA:543,1
DA:545,1
DA:547,1
DA:549,1
DA:551,1
DA:553,1
DA:555,1
DA:557,1
DA:559,1
DA:561,1
DA:563,1
DA:565,1
DA:567,1
DA:569,1
DA:571,1
DA:573,1
DA:575,1
DA:577,1
DA:579,1
DA:581,1
DA:582,1
DA:583,1
DA:584,1
DA:585,1
DA:586,1
DA:587,1
DA:588,1
DA:589,1
DA:590,1
DA:591,1
DA:592,1
DA:593,1
DA:594,1
DA:595,1
DA:596,1
DA:597,1
DA:598,1
DA:599,1
DA:600,1
DA:601,1
DA:602,1
DA:603,1
DA:604,1
DA:605,1
DA:606,1
DA:607,1
DA:608,1
DA:609,1
DA:610,1
DA:611,1
DA:612,1
DA:613,1
DA:614,1
DA:615,1
DA:616,1
DA:617,1
DA:618,1
DA:619,1
DA:620,1
DA:621,1
DA:622,1
DA:623,1
DA:624,1
DA:625,1
DA:626,1
DA:627,1
DA:628,1
DA:629,1
DA:630,1
DA:631,1
DA:632,1
DA:633,1
DA:634,1
DA:635,1
LF:321
LH:173
BRDA:30,0,0,3
BRDA:30,0,1,2
BRDA:30,1,0,5
BRDA:30,1,1,4
BRDA:38,2,0,2
BRDA:38,2,1,2
BRDA:38,3,0,4
BRDA:38,3,1,4
BRDA:46,4,0,2
BRDA:46,4,1,1
BRDA:46,5,0,3
BRDA:46,5,1,3
BRDA:46,5,2,1
BRDA:54,6,0,2
BRDA:54,6,1,1
BRDA:54,7,0,3
BRDA:54,7,1,3
BRDA:54,7,2,2
BRDA:62,8,0,2
BRDA:62,8,1,1
BRDA:62,9,0,3
BRDA:62,9,1,3
BRDA:62,10,0,3
BRDA:62,10,1,2
BRDA:70,11,0,2
BRDA:70,11,1,1
BRDA:70,12,0,3
BRDA:70,12,1,3
BRDA:70,13,0,3
BRDA:70,13,1,2
BRDA:78,14,0,1
BRDA:78,14,1,4
BRDA:82,15,0,2
BRDA:82,15,1,2
BRDA:91,16,0,1
BRDA:91,16,1,4
BRDA:95,17,0,2
BRDA:95,17,1,2
BRDA:104,18,0,1
BRDA:104,18,1,1
BRDA:104,19,0,2
BRDA:104,19,1,2
BRDA:108,20,0,0
BRDA:108,20,1,1
BRDA:117,21,0,1
BRDA:117,21,1,1
BRDA:117,22,0,2
BRDA:117,22,1,2
BRDA:121,23,0,1
BRDA:121,23,1,0
BRDA:130,24,0,1
BRDA:130,24,1,1
BRDA:130,25,0,2
BRDA:130,25,1,2
BRDA:134,26,0,0
BRDA:134,26,1,1
BRDA:143,27,0,1
BRDA:143,27,1,1
BRDA:143,28,0,2
BRDA:143,28,1,2
BRDA:147,29,0,1
BRDA:147,29,1,0
BRDA:156,30,0,2
BRDA:156,30,1,4
BRDA:157,31,0,1
BRDA:157,31,1,1
BRDA:162,32,0,2
BRDA:162,32,1,2
BRDA:164,33,0,1
BRDA:164,33,1,1
BRDA:172,34,0,1
BRDA:172,34,1,1
BRDA:182,35,0,2
BRDA:182,35,1,4
BRDA:183,36,0,1
BRDA:183,36,1,1
BRDA:188,37,0,2
BRDA:188,37,1,2
BRDA:190,38,0,1
BRDA:190,38,1,1
BRDA:198,39,0,1
BRDA:198,39,1,1
BRDA:208,40,0,0
BRDA:208,40,1,0
BRDA:218,41,0,0
BRDA:218,41,1,0
BRDA:222,42,0,0
BRDA:222,42,1,0
BRDA:232,43,0,0
BRDA:232,43,1,0
BRDA:236,44,0,0
BRDA:236,44,1,0
BRDA:246,45,0,0
BRDA:246,45,1,0
BRDA:247,46,0,0
BRDA:247,46,1,0
BRDA:248,47,0,0
BRDA:248,47,1,0
BRDA:249,48,0,0
BRDA:249,48,1,0
BRDA:254,49,0,0
BRDA:254,49,1,0
BRDA:259,50,0,0
BRDA:259,50,1,0
BRDA:261,51,0,0
BRDA:261,51,1,0
BRDA:266,52,0,0
BRDA:266,52,1,0
BRDA:268,53,0,0
BRDA:268,53,1,0
BRDA:272,54,0,0
BRDA:272,54,1,0
BRDA:273,55,0,0
BRDA:273,55,1,0
BRDA:278,56,0,0
BRDA:278,56,1,0
BRDA:280,57,0,0
BRDA:280,57,1,0
BRDA:288,58,0,0
BRDA:288,58,1,0
BRDA:298,59,0,0
BRDA:298,59,1,0
BRDA:300,60,0,0
BRDA:300,60,1,0
BRDA:301,61,0,0
BRDA:301,61,1,0
BRDA:308,62,0,0
BRDA:308,62,1,0
BRDA:319,63,0,0
BRDA:319,63,1,0
BRDA:320,64,0,0
BRDA:320,64,1,0
BRDA:327,65,0,0
BRDA:327,65,1,0
BRDA:346,66,0,0
BRDA:346,66,1,0
BRDA:347,67,0,0
BRDA:347,67,1,0
BRDA:352,68,0,0
BRDA:352,68,1,0
BRDA:360,69,0,0
BRDA:360,69,1,0
BRDA:361,70,0,0
BRDA:361,70,1,0
BRDA:366,71,0,0
BRDA:366,71,1,0
BRDA:374,72,0,0
BRDA:374,72,1,0
BRDA:378,73,0,0
BRDA:378,73,1,0
BRDA:387,74,0,0
BRDA:387,74,1,0
BRDA:391,75,0,0
BRDA:391,75,1,0
BRDA:400,76,0,0
BRDA:400,76,1,0
BRDA:401,77,0,0
BRDA:401,77,1,0
BRDA:406,78,0,0
BRDA:406,78,1,0
BRDA:414,79,0,0
BRDA:414,79,1,0
BRDA:415,80,0,0
BRDA:415,80,1,0
BRDA:420,81,0,0
BRDA:420,81,1,0
BRF:166
BRH:78
end_of_record
TN:
SF:/home/awhite/dev/andywhite37/relude/lib/js/src/Relude_Bool.bs.js
FN:6,ifElse
FN:14,inverse
FN:18,and_
FN:26,or_
FN:34,nand
FN:38,nor
FN:42,xor
FN:52,xnor
FN:56,implies
FNF:9
FNH:9
FNDA:2,ifElse
FNDA:2,inverse
FNDA:4,and_
FNDA:4,or_
FNDA:4,nand
FNDA:4,nor
FNDA:8,xor
FNDA:4,xnor
FNDA:4,implies
DA:3,1
DA:4,1
DA:7,2
DA:8,1
DA:10,1
DA:15,2
DA:19,4
DA:20,2
DA:22,2
DA:27,4
DA:28,2
DA:30,2
DA:35,4
DA:39,4
DA:43,8
DA:44,2
DA:45,6
DA:46,4
DA:48,2
DA:53,4
DA:57,4
DA:58,2
DA:60,2
DA:64,1
DA:66,1
DA:68,1
DA:70,1
DA:72,1
DA:74,1
DA:76,1
DA:78,1
DA:80,1
DA:82,1
DA:84,1
DA:86,1
DA:88,1
DA:89,1
DA:90,1
DA:91,1
DA:92,1
DA:93,1
DA:94,1
DA:95,1
DA:96,1
DA:97,1
DA:98,1
DA:99,1
DA:100,1
DA:101,1
DA:102,1
DA:103,1
DA:104,1
DA:105,1
DA:106,1
DA:107,1
DA:108,1
LF:56
LH:56
BRDA:7,0,0,1
BRDA:7,0,1,1
BRDA:19,1,0,2
BRDA:19,1,1,2
BRDA:27,2,0,2
BRDA:27,2,1,2
BRDA:35,3,0,4
BRDA:35,3,1,2
BRDA:39,4,0,4
BRDA:39,4,1,2
BRDA:43,5,0,2
BRDA:43,5,1,6
BRDA:43,6,0,8
BRDA:43,6,1,4
BRDA:45,7,0,4
BRDA:45,7,1,2
BRDA:57,8,0,2
BRDA:57,8,1,2
BRF:18
BRH:18
end_of_record
TN:
SF:/home/awhite/dev/andywhite37/relude/lib/js/src/Relude_ContT.bs.js
FN:10,WithMonad
FN:11,(anonymous_1)
FN:14,(anonymous_2)
FN:17,(anonymous_3)
FN:19,(anonymous_4)
FN:23,(anonymous_5)
FN:25,(anonymous_6)
FN:29,(anonymous_7)
FN:31,(anonymous_8)
FN:32,(anonymous_9)
FN:37,(anonymous_10)
FN:40,(anonymous_11)
FN:41,(anonymous_12)
FN:42,(anonymous_13)
FN:48,(anonymous_14)
FN:49,(anonymous_15)
FN:53,(anonymous_16)
FN:55,(anonymous_17)
FN:56,(anonymous_18)
FN:62,(anonymous_19)
FN:180,WithMonadAndResult
FN:181,(anonymous_21)
FN:182,(anonymous_22)
FN:185,(anonymous_23)
FN:188,(anonymous_24)
FN:190,(anonymous_25)
FN:194,(anonymous_26)
FN:196,(anonymous_27)
FN:200,(anonymous_28)
FN:202,(anonymous_29)
FN:203,(anonymous_30)
FN:208,(anonymous_31)
FN:211,(anonymous_32)
FN:212,(anonymous_33)
FN:213,(anonymous_34)
FN:219,(anonymous_35)
FN:220,(anonymous_36)
FN:224,(anonymous_37)
FN:226,(anonymous_38)
FN:227,(anonymous_39)
FN:233,(anonymous_40)
FN:487,make
FN:491,runContT
FN:495,mapContT
FN:497,(anonymous_44)
FN:502,withContT
FN:504,(anonymous_46)
FN:509,map
FN:511,(anonymous_48)
FN:512,(anonymous_49)
FN:518,apply
FN:521,(anonymous_51)
FN:522,(anonymous_52)
FN:523,(anonymous_53)
FN:530,pure
FN:531,(anonymous_55)
FN:536,bind
FN:538,(anonymous_57)
FN:539,(anonymous_58)
FN:546,WithResult
FNF:60
FNH:22
FNDA:0,WithMonad
FNDA:0,(anonymous_1)
FNDA:0,(anonymous_2)
FNDA:0,(anonymous_3)
FNDA:0,(anonymous_4)
FNDA:0,(anonymous_5)
FNDA:0,(anonymous_6)
FNDA:0,(anonymous_7)
FNDA:0,(anonymous_8)
FNDA:0,(anonymous_9)
FNDA:0,(anonymous_10)
FNDA:0,(anonymous_11)
FNDA:0,(anonymous_12)
FNDA:0,(anonymous_13)
FNDA:0,(anonymous_14)
FNDA:0,(anonymous_15)
FNDA:0,(anonymous_16)
FNDA:0,(anonymous_17)
FNDA:0,(anonymous_18)
FNDA:0,(anonymous_19)
FNDA:1,WithMonadAndResult
FNDA:1,(anonymous_21)
FNDA:3,(anonymous_22)
FNDA:2,(anonymous_23)
FNDA:0,(anonymous_24)
FNDA:0,(anonymous_25)
FNDA:0,(anonymous_26)
FNDA:0,(anonymous_27)
FNDA:2,(anonymous_28)
FNDA:2,(anonymous_29)
FNDA:2,(anonymous_30)
FNDA:1,(anonymous_31)
FNDA:1,(anonymous_32)
FNDA:1,(anonymous_33)
FNDA:1,(anonymous_34)
FNDA:0,(anonymous_35)
FNDA:0,(anonymous_36)
FNDA:0,(anonymous_37)
FNDA:0,(anonymous_38)
FNDA:0,(anonymous_39)
FNDA:0,(anonymous_40)
FNDA:4,make
FNDA:3,runContT
FNDA:0,mapContT
FNDA:0,(anonymous_44)
FNDA:0,withContT
FNDA:0,(anonymous_46)
FNDA:6,map
FNDA:6,(anonymous_48)
FNDA:6,(anonymous_49)
FNDA:0,apply
FNDA:0,(anonymous_51)
FNDA:0,(anonymous_52)
FNDA:0,(anonymous_53)
FNDA:1,pure
FNDA:1,(anonymous_55)
FNDA:2,bind
FNDA:2,(anonymous_57)
FNDA:2,(anonymous_58)
FNDA:1,WithResult
DA:3,1
DA:4,1
DA:5,1
DA:6,1
DA:7,1
DA:8,1
DA:11,0
DA:12,0
DA:14,0
DA:15,0
DA:17,0
DA:18,0
DA:19,0
DA:20,0
DA:23,0
DA:24,0
DA:25,0
DA:26,0
DA:29,0
DA:30,0
DA:31,0
DA:32,0
DA:33,0
DA:37,0
DA:38,0
DA:39,0
DA:40,0
DA:41,0
DA:42,0
DA:43,0
DA:48,0
DA:49,0
DA:50,0
DA:53,0
DA:54,0
DA:55,0
DA:56,0
DA:57,0
DA:58,0
DA:62,0
DA:63,0
DA:66,0
DA:67,0
DA:71,0
DA:72,0
DA:77,0
DA:78,0
DA:84,0
DA:85,0
DA:86,0
DA:87,0
DA:88,0
DA:89,0
DA:90,0
DA:91,0
DA:92,0
DA:93,0
DA:94,0
DA:95,0
DA:96,0
DA:97,0
DA:98,0
DA:99,0
DA:100,0
DA:101,0
DA:102,0
DA:103,0
DA:120,0
DA:167,0
DA:181,1
DA:182,1
DA:183,3
DA:185,1
DA:186,2
DA:188,1
DA:189,0
DA:190,0
DA:191,0
DA:194,1
DA:195,0
DA:196,0
DA:197,0
DA:200,1
DA:201,2
DA:202,2
DA:203,2
DA:204,2
DA:208,1
DA:209,1
DA:210,1
DA:211,1
DA:212,1
DA:213,1
DA:214,1
DA:219,1
DA:220,0
DA:221,0
DA:224,1
DA:225,0
DA:226,0
DA:227,0
DA:228,0
DA:229,0
DA:233,1
DA:234,0
DA:237,0
DA:238,0
DA:242,0
DA:243,0
DA:248,0
DA:249,0
DA:255,0
DA:256,0
DA:257,0
DA:258,0
DA:259,0
DA:260,0
DA:261,0
DA:262,0
DA:263,0
DA:264,0
DA:265,0
DA:266,0
DA:267,0
DA:268,0
DA:269,0
DA:270,0
DA:271,0
DA:272,0
DA:273,0
DA:274,0
DA:291,0
DA:338,1
DA:349,1
DA:352,1
DA:353,1
DA:357,1
DA:358,1
DA:363,1
DA:364,1
DA:370,1
DA:371,1
DA:372,1
DA:373,1
DA:374,1
DA:375,1
DA:376,1
DA:377,1
DA:378,1
DA:379,1
DA:380,1
DA:381,1
DA:382,1
DA:383,1
DA:384,1
DA:385,1
DA:386,1
DA:387,1
DA:388,1
DA:389,1
DA:406,1
DA:407,1
DA:408,1
DA:409,1
DA:410,1
DA:411,1
DA:412,1
DA:413,1
DA:414,1
DA:415,1
DA:416,1
DA:417,1
DA:418,1
DA:419,1
DA:420,1
DA:421,1
DA:422,1
DA:423,1
DA:424,1
DA:425,1
DA:426,1
DA:427,1
DA:428,1
DA:429,1
DA:430,1
DA:431,1
DA:432,1
DA:433,1
DA:434,1
DA:435,1
DA:436,1
DA:437,1
DA:488,4
DA:492,3
DA:496,0
DA:497,0
DA:498,0
DA:503,0
DA:504,0
DA:505,0
DA:510,6
DA:511,6
DA:512,6
DA:513,6
DA:519,0
DA:520,0
DA:521,0
DA:522,0
DA:523,0
DA:524,0
DA:531,1
DA:532,1
DA:537,2
DA:538,2
DA:539,2
DA:540,2
DA:541,2
DA:547,1
DA:550,1
DA:551,1
DA:555,1
DA:556,1
DA:561,1
DA:562,1
DA:568,1
DA:569,1
DA:570,1
DA:571,1
DA:572,1
DA:573,1
DA:574,1
DA:575,1
DA:576,1
DA:577,1
DA:578,1
DA:579,1
DA:580,1
DA:581,1
DA:582,1
DA:583,1
DA:584,1
DA:585,1
DA:586,1
DA:587,1
DA:604,1
DA:652,1
DA:664,1
DA:665,1
DA:666,1
LF:249
LH:133
BRF:0
BRH:0
end_of_record
TN:
SF:/home/awhite/dev/andywhite37/relude/lib/js/src/Relude_Debounce.bs.js
FN:7,debounce
FN:10,(anonymous_1)
FN:11,(anonymous_2)
FN:18,(anonymous_3)
FN:21,(anonymous_4)
FN:26,(anonymous_5)
FN:32,(anonymous_6)
FNF:7
FNH:7
FNDA:4,debounce
FNDA:19,(anonymous_1)
FNDA:15,(anonymous_2)
FNDA:4,(anonymous_3)
FNDA:1,(anonymous_4)
FNDA:18,(anonymous_5)
FNDA:2,(anonymous_6)
DA:3,1
DA:4,1
DA:5,1
DA:8,4
DA:9,4
DA:10,4
DA:11,19
DA:12,15
DA:13,15
DA:15,19
DA:16,19
DA:18,4
DA:19,4
DA:21,4
DA:22,1
DA:23,1
DA:25,4
DA:26,4
DA:27,18
DA:28,1
DA:29,1
DA:31,17
DA:32,17
DA:33,2
DA:34,2
DA:35,2
DA:37,17
DA:40,4
DA:48,1
LF:29
LH:29
BRDA:8,0,0,4
BRDA:8,0,1,0
BRDA:27,1,0,1
BRDA:27,1,1,17
BRF:4
BRH:3
end_of_record
TN:
SF:/home/awhite/dev/andywhite37/relude/lib/js/src/Relude_Decimal.bs.js
FN:9,make
FN:16,fromInt
FN:23,show
FN:41,tenToThePowerOfPositive
FN:42,(anonymous_4)
FN:47,normalize
FN:66,add
FN:74,subtract
FNF:8
FNH:8
FNDA:1,make
FNDA:1,fromInt
FNDA:3,show
FNDA:12,tenToThePowerOfPositive
FNDA:21,(anonymous_4)
FNDA:3,normalize
FNDA:1,add
FNDA:1,subtract
DA:3,1
DA:4,1
DA:5,1
DA:6,1
DA:7,1
DA:10,1
DA:17,1
DA:24,3
DA:25,3
DA:26,3
DA:27,1
DA:28,2
DA:29,1
DA:30,0
DA:32,1
DA:33,1
DA:36,1
DA:37,1
DA:42,12
DA:43,21
DA:48,3
DA:49,3
DA:50,3
DA:51,3
DA:52,3
DA:53,3
DA:67,1
DA:68,1
DA:75,1
DA:76,1
DA:82,1
DA:84,1
DA:86,1
DA:87,1
DA:88,1
DA:89,1
DA:90,1
DA:91,1
DA:92,1
DA:93,1
DA:94,1
LF:41
LH:40
BRDA:26,0,0,1
BRDA:26,0,1,2
BRDA:28,1,0,1
BRDA:28,1,1,1
BRDA:29,2,0,0
BRDA:29,2,1,1
BRF:6
BRH:5
end_of_record
TN:
SF:/home/awhite/dev/andywhite37/relude/lib/js/src/Relude_Float.bs.js
FN:10,eq
FN:18,add
FN:22,subtract
FN:26,multiply
FN:30,divide
FN:58,subtract$1
FN:76,modulo
FN:80,degree
FN:95,approximatelyEqual
FN:99,toInt
FN:103,fromInt
FN:107,fractionalPart
FN:113,floor
FN:117,floorAsInt
FN:121,ceil
FN:125,ceilAsInt
FN:129,round
FN:138,roundAsInt
FN:142,toPrecision
FN:149,show
FN:157,fromString
FNF:21
FNH:19
FNDA:2,eq
FNDA:1,add
FNDA:1,subtract
FNDA:1,multiply
FNDA:1,divide
FNDA:7,subtract$1
FNDA:0,modulo
FNDA:0,degree
FNDA:10,approximatelyEqual
FNDA:2,toInt
FNDA:1,fromInt
FNDA:8,fractionalPart
FNDA:2,floor
FNDA:1,floorAsInt
FNDA:2,ceil
FNDA:1,ceilAsInt
FNDA:5,round
FNDA:1,roundAsInt
FNDA:5,toPrecision
FNDA:4,show
FNDA:5,fromString
DA:3,11
DA:4,11
DA:5,11
DA:6,11
DA:7,11
DA:8,11
DA:11,2
DA:14,11
DA:19,1
DA:23,1
DA:27,1
DA:31,1
DA:34,11
DA:36,11
DA:38,11
DA:40,11
DA:45,11
DA:47,11
DA:49,11
DA:56,11
DA:59,7
DA:62,11
DA:70,11
DA:72,11
DA:74,11
DA:77,0
DA:81,0
DA:84,11
DA:96,10
DA:100,2
DA:104,1
DA:108,8
DA:109,8
DA:110,8
DA:114,2
DA:118,1
DA:122,2
DA:126,1
DA:130,5
DA:131,5
DA:132,3
DA:134,2
DA:139,1
DA:143,5
DA:144,5
DA:145,5
DA:146,5
DA:150,4
DA:153,11
DA:158,5
DA:159,5
DA:162,3
DA:166,11
DA:168,11
DA:170,11
DA:172,11
DA:174,11
DA:176,11
DA:178,11
DA:180,11
DA:182,11
DA:184,11
DA:196,11
DA:198,11
DA:200,11
DA:202,11
DA:204,11
DA:206,11
DA:208,11
DA:210,11
DA:220,11
DA:222,11
DA:224,11
DA:226,11
DA:228,11
DA:235,11
DA:237,11
DA:239,11
DA:241,11
DA:243,11
DA:250,11
DA:252,11
DA:254,11
DA:256,11
DA:258,11
DA:260,11
DA:262,11
DA:264,11
DA:266,11
DA:268,11
DA:270,11
DA:272,11
DA:274,11
DA:289,11
DA:291,11
DA:293,11
DA:295,11
DA:297,11
DA:299,11
DA:301,11
DA:303,11
DA:305,11
DA:307,11
DA:309,11
DA:311,11
DA:313,11
DA:315,11
DA:317,11
DA:319,11
DA:321,11
DA:323,11
DA:325,11
DA:327,11
DA:329,11
DA:330,11
DA:331,11
DA:332,11
DA:333,11
DA:334,11
DA:335,11
DA:336,11
DA:337,11
DA:338,11
DA:339,11
DA:340,11
DA:341,11
DA:342,11
DA:343,11
DA:344,11
DA:345,11
DA:346,11
DA:347,11
DA:348,11
DA:349,11
DA:350,11
DA:351,11
DA:352,11
DA:353,11
DA:354,11
DA:355,11
DA:356,11
DA:357,11
DA:358,11
DA:359,11
DA:360,11
DA:361,11
DA:362,11
DA:363,11
DA:364,11
DA:365,11
DA:366,11
DA:367,11
DA:368,11
DA:369,11
DA:370,11
DA:371,11
DA:372,11
DA:373,11
DA:374,11
DA:375,11
DA:376,11
DA:377,11
DA:378,11
DA:379,11
DA:380,11
DA:381,11
DA:382,11
LF:167
LH:165
BRDA:110,0,0,5
BRDA:110,0,1,3
BRDA:131,1,0,3
BRDA:131,1,1,2
BRDA:145,2,0,4
BRDA:145,2,1,1
BRF:6
BRH:6
end_of_record
TN:
SF:/home/awhite/dev/andywhite37/relude/lib/js/src/Relude_Function.bs.js
FN:11,identity
FN:15,$$const
FN:19,flip
FN:23,compose
FN:27,flipCompose
FN:31,curry2
FN:38,curry3
FN:46,curry4
FN:55,curry5
FN:65,uncurry2
FN:69,uncurry3
FN:73,uncurry4
FN:77,uncurry5
FN:81,map
FN:85,apply
FN:89,pure
FN:93,bind
FN:97,flatMap
FN:98,(anonymous_18)
FN:103,memoize0
FN:105,(anonymous_20)
FN:117,memoize1
FN:119,(anonymous_22)
FN:132,before
FN:135,(anonymous_24)
FN:155,after
FN:157,(anonymous_26)
FN:167,once
FN:169,(anonymous_28)
FN:181,wrap
FN:185,negate
FN:194,WithArgument
FNF:32
FNH:24
FNDA:5,identity
FNDA:1,$$const
FNDA:0,flip
FNDA:1,compose
FNDA:46,flipCompose
FNDA:1,curry2
FNDA:1,curry3
FNDA:1,curry4
FNDA:1,curry5
FNDA:3,uncurry2
FNDA:1,uncurry3
FNDA:1,uncurry4
FNDA:1,uncurry5
FNDA:0,map
FNDA:0,apply
FNDA:0,pure
FNDA:0,bind
FNDA:0,flatMap
FNDA:0,(anonymous_18)
FNDA:1,memoize0
FNDA:3,(anonymous_20)
FNDA:1,memoize1
FNDA:6,(anonymous_22)
FNDA:1,before
FNDA:5,(anonymous_24)
FNDA:1,after
FNDA:5,(anonymous_26)
FNDA:1,once
FNDA:3,(anonymous_28)
FNDA:1,wrap
FNDA:1,negate
FNDA:0,WithArgument
DA:3,26
DA:4,26
DA:5,26
DA:6,26
DA:7,26
DA:8,26
DA:9,26
DA:12,5
DA:16,1
DA:20,0
DA:24,1
DA:28,46
DA:32,1
DA:39,1
DA:47,1
DA:56,1
DA:66,3
DA:70,1
DA:74,1
DA:78,1
DA:82,0
DA:86,0
DA:90,0
DA:94,0
DA:98,0
DA:99,0
DA:104,1
DA:105,1
DA:106,3
DA:107,3
DA:108,2
DA:110,1
DA:111,1
DA:112,1
DA:118,1
DA:119,1
DA:120,6
DA:121,6
DA:122,6
DA:123,3
DA:125,3
DA:126,3
DA:127,3
DA:133,1
DA:134,1
DA:135,1
DA:136,5
DA:137,5
DA:138,4
DA:139,2
DA:140,2
DA:141,2
DA:142,2
DA:144,2
DA:147,1
DA:148,1
DA:149,1
DA:150,1
DA:156,1
DA:157,1
DA:158,5
DA:159,3
DA:160,3
DA:162,2
DA:168,1
DA:169,1
DA:170,3
DA:171,3
DA:172,2
DA:174,1
DA:175,1
DA:176,1
DA:182,1
DA:186,1
DA:189,26
DA:195,0
DA:198,0
DA:199,0
DA:203,0
DA:204,0
DA:209,0
DA:210,0
DA:216,0
DA:217,0
DA:218,0
DA:219,0
DA:220,0
DA:221,0
DA:222,0
DA:223,0
DA:224,0
DA:225,0
DA:226,0
DA:227,0
DA:228,0
DA:229,0
DA:230,0
DA:231,0
DA:232,0
DA:233,0
DA:234,0
DA:235,0
DA:254,0
DA:298,26
DA:300,26
DA:302,26
DA:303,26
DA:304,26
DA:305,26
DA:306,26
DA:307,26
DA:308,26
DA:309,26
DA:310,26
DA:311,26
DA:312,26
DA:313,26
DA:314,26
DA:315,26
DA:316,26
DA:317,26
DA:318,26
DA:319,26
DA:320,26
DA:321,26
DA:322,26
DA:323,26
DA:324,26
DA:325,26
DA:326,26
DA:327,26
DA:328,26
DA:329,26
DA:330,26
LF:134
LH:99
BRDA:107,0,0,2
BRDA:107,0,1,1
BRDA:122,1,0,3
BRDA:122,1,1,3
BRDA:137,2,0,4
BRDA:137,2,1,1
BRDA:138,3,0,2
BRDA:138,3,1,2
BRDA:158,4,0,3
BRDA:158,4,1,2
BRDA:171,5,0,2
BRDA:171,5,1,1
BRF:12
BRH:12
end_of_record
TN:
SF:/home/awhite/dev/andywhite37/relude/lib/js/src/Relude_HList.bs.js
FN:4,pure
FN:11,cons
FN:18,uncons
FN:25,head
FN:29,tail
FN:33,second
FN:37,third
FN:41,fourth
FN:45,fifth
FN:49,fromTuple2
FN:59,fromTuple3
FN:72,fromTuple4
FN:88,fromTuple5
FN:107,toTuple2
FN:114,toTuple3
FN:123,toTuple4
FN:134,toTuple5
FNF:17
FNH:17
FNDA:1,pure
FNDA:2,cons
FNDA:2,uncons
FNDA:1,head
FNDA:1,tail
FNDA:1,second
FNDA:2,third
FNDA:1,fourth
FNDA:1,fifth
FNDA:1,fromTuple2
FNDA:1,fromTuple3
FNDA:1,fromTuple4
FNDA:1,fromTuple5
FNDA:1,toTuple2
FNDA:1,toTuple3
FNDA:1,toTuple4
FNDA:1,toTuple5
DA:5,1
DA:12,2
DA:19,2
DA:26,1
DA:30,1
DA:34,1
DA:38,2
DA:42,1
DA:46,1
DA:50,1
DA:60,1
DA:73,1
DA:89,1
DA:108,1
DA:115,1
DA:116,1
DA:124,1
DA:125,1
DA:126,1
DA:135,1
DA:136,1
DA:137,1
DA:138,1
DA:147,1
DA:149,1
DA:150,1
DA:151,1
DA:152,1
DA:153,1
DA:154,1
DA:155,1
DA:156,1
DA:157,1
DA:158,1
DA:159,1
DA:160,1
DA:161,1
DA:162,1
DA:163,1
DA:164,1
DA:165,1
DA:166,1
LF:42
LH:42
BRF:0
BRH:0
end_of_record
TN:
SF:/home/awhite/dev/andywhite37/relude/lib/js/src/Relude_HMap.bs.js
FN:12,makeWitness
FN:19,typeEq
FN:27,WithKeyMeta
FN:29,(anonymous_3)
FN:42,(anonymous_4)
FN:45,(anonymous_5)
FN:48,(anonymous_6)
FN:51,(anonymous_7)
FN:59,(anonymous_8)
FN:62,(anonymous_9)
FN:68,(anonymous_10)
FN:74,(anonymous_11)
FN:77,(anonymous_12)
FN:95,(anonymous_13)
FN:96,(anonymous_14)
FN:100,(anonymous_15)
FN:101,(anonymous_16)
FN:105,(anonymous_17)
FN:106,(anonymous_18)
FN:110,(anonymous_19)
FN:111,(anonymous_20)
FN:115,(anonymous_21)
FN:116,(anonymous_22)
FN:120,(anonymous_23)
FN:149,create
FN:163,keyMeta
FN:167,hideType
FN:171,eq
FN:175,compare
FN:187,hasKey
FN:191,add
FN:198,singleton
FN:205,remove
FN:209,find
FN:228,forEach
FN:229,(anonymous_35)
FN:234,fold
FN:235,(anonymous_37)
FN:240,all
FN:241,(anonymous_39)
FN:246,any
FN:247,(anonymous_41)
FN:252,filter
FN:253,(anonymous_43)
FN:258,size
FNF:45
FNH:25
FNDA:0,makeWitness
FNDA:10,typeEq
FNDA:1,WithKeyMeta
FNDA:15,(anonymous_3)
FNDA:14,(anonymous_4)
FNDA:0,(anonymous_5)
FNDA:0,(anonymous_6)
FNDA:15,(anonymous_7)
FNDA:0,(anonymous_8)
FNDA:15,(anonymous_9)
FNDA:0,(anonymous_10)
FNDA:0,(anonymous_11)
FNDA:0,(anonymous_12)
FNDA:1,(anonymous_13)
FNDA:3,(anonymous_14)
FNDA:1,(anonymous_15)
FNDA:3,(anonymous_16)
FNDA:1,(anonymous_17)
FNDA:3,(anonymous_18)
FNDA:1,(anonymous_19)
FNDA:2,(anonymous_20)
FNDA:1,(anonymous_21)
FNDA:3,(anonymous_22)
FNDA:1,(anonymous_23)
FNDA:9,create
FNDA:0,keyMeta
FNDA:0,hideType
FNDA:0,eq
FNDA:32,compare
FNDA:2,hasKey
FNDA:7,add
FNDA:1,singleton
FNDA:3,remove
FNDA:17,find
FNDA:0,forEach
FNDA:0,(anonymous_35)
FNDA:0,fold
FNDA:0,(anonymous_37)
FNDA:0,all
FNDA:0,(anonymous_39)
FNDA:0,any
FNDA:0,(anonymous_41)
FNDA:0,filter
FNDA:0,(anonymous_43)
FNDA:7,size
DA:3,1
DA:4,1
DA:5,1
DA:6,1
DA:7,1
DA:8,1
DA:10,1
DA:13,0
DA:14,0
DA:20,10
DA:21,10
DA:22,10
DA:28,1
DA:29,1
DA:30,15
DA:31,15
DA:32,15
DA:33,15
DA:36,15
DA:42,1
DA:43,14
DA:45,1
DA:46,0
DA:48,1
DA:49,0
DA:51,1
DA:52,15
DA:54,1
DA:57,1
DA:58,1
DA:59,1
DA:60,0
DA:62,1
DA:63,15
DA:68,1
DA:69,0
DA:74,1
DA:75,0
DA:77,1
DA:78,0
DA:79,0
DA:80,0
DA:81,0
DA:82,0
DA:84,0
DA:88,0
DA:89,0
DA:91,0
DA:95,1
DA:96,1
DA:97,3
DA:100,1
DA:101,1
DA:102,3
DA:105,1
DA:106,1
DA:107,3
DA:110,1
DA:111,1
DA:112,2
DA:115,1
DA:116,1
DA:117,3
DA:120,1
DA:121,1
DA:123,1
DA:147,1
DA:150,9
DA:151,9
DA:152,9
DA:153,9
DA:156,9
DA:164,0
DA:168,0
DA:172,0
DA:176,32
DA:179,1
DA:183,1
DA:185,1
DA:188,2
DA:192,7
DA:199,1
DA:206,3
DA:210,17
DA:211,17
DA:212,10
DA:213,10
DA:214,10
DA:216,0
DA:220,7
DA:221,7
DA:223,0
DA:229,0
DA:230,0
DA:235,0
DA:236,0
DA:241,0
DA:242,0
DA:247,0
DA:248,0
DA:253,0
DA:254,0
DA:259,7
DA:262,1
DA:270,1
DA:287,1
DA:289,1
DA:290,1
DA:291,1
DA:292,1
DA:293,1
DA:294,1
DA:295,1
DA:296,1
DA:297,1
DA:298,1
DA:299,1
DA:300,1
DA:301,1
DA:302,1
DA:303,1
DA:304,1
DA:305,1
DA:306,1
DA:307,1
LF:125
LH:94
BRDA:21,0,0,10
BRDA:21,0,1,0
BRDA:81,1,0,0
BRDA:81,1,1,0
BRDA:88,2,0,0
BRDA:88,2,1,0
BRDA:213,3,0,10
BRDA:213,3,1,0
BRDA:220,4,0,7
BRDA:220,4,1,0
BRF:10
BRH:3
end_of_record
TN:
SF:/home/awhite/dev/andywhite37/relude/lib/js/src/Relude_IO.bs.js
FN:24,pure
FN:28,pureWithVoid
FN:32,$$throw
FN:36,throwWithVoid
FN:40,suspend
FN:44,suspendWithVoid
FN:48,suspendThrow
FN:49,(anonymous_7)
FN:54,suspendIO
FN:58,async
FN:62,fromOption
FN:63,(anonymous_11)
FN:68,fromResult
FN:72,map
FN:79,tap
FN:81,(anonymous_15)
FN:89,flatMap
FN:96,bind
FN:103,apply
FN:105,(anonymous_19)
FN:115,unsafeRunAsync
FN:143,(anonymous_21)
FN:144,(anonymous_22)
FN:154,(anonymous_23)
FN:155,(anonymous_24)
FN:166,(anonymous_25)
FN:167,(anonymous_26)
FN:179,(anonymous_27)
FN:180,(anonymous_28)
FN:184,(anonymous_29)
FN:211,(anonymous_30)
FN:212,(anonymous_31)
FN:222,(anonymous_32)
FN:223,(anonymous_33)
FN:234,(anonymous_34)
FN:235,(anonymous_35)
FN:247,(anonymous_36)
FN:248,(anonymous_37)
FN:252,(anonymous_38)
FN:270,mapError
FN:280,(anonymous_40)
FN:285,(anonymous_41)
FN:286,(anonymous_42)
FN:298,(anonymous_43)
FN:307,tapError
FN:308,(anonymous_45)
FN:314,catchError
FN:326,(anonymous_47)
FN:327,(anonymous_48)
FN:333,(anonymous_49)
FN:334,(anonymous_50)
FN:335,(anonymous_51)
FN:355,(anonymous_52)
FN:356,(anonymous_53)
FN:362,(anonymous_54)
FN:363,(anonymous_55)
FN:372,(anonymous_56)
FN:373,(anonymous_57)
FN:374,(anonymous_58)
FN:386,(anonymous_59)
FN:387,(anonymous_60)
FN:397,(anonymous_61)
FN:398,(anonymous_62)
FN:421,(anonymous_63)
FN:422,(anonymous_64)
FN:428,(anonymous_65)
FN:429,(anonymous_66)
FN:438,(anonymous_67)
FN:439,(anonymous_68)
FN:440,(anonymous_69)
FN:452,(anonymous_70)
FN:453,(anonymous_71)
FN:463,(anonymous_72)
FN:464,(anonymous_73)
FN:481,handleError
FN:493,(anonymous_75)
FN:494,(anonymous_76)
FN:500,(anonymous_77)
FN:501,(anonymous_78)
FN:502,(anonymous_79)
FN:521,(anonymous_80)
FN:522,(anonymous_81)
FN:528,(anonymous_82)
FN:529,(anonymous_83)
FN:538,(anonymous_84)
FN:539,(anonymous_85)
FN:540,(anonymous_86)
FN:552,(anonymous_87)
FN:553,(anonymous_88)
FN:563,(anonymous_89)
FN:564,(anonymous_90)
FN:587,(anonymous_91)
FN:588,(anonymous_92)
FN:594,(anonymous_93)
FN:595,(anonymous_94)
FN:604,(anonymous_95)
FN:605,(anonymous_96)
FN:606,(anonymous_97)
FN:618,(anonymous_98)
FN:619,(anonymous_99)
FN:629,(anonymous_100)
FN:630,(anonymous_101)
FN:647,bimap
FN:655,(anonymous_103)
FN:660,(anonymous_104)
FN:665,(anonymous_105)
FN:666,(anonymous_106)
FN:667,(anonymous_107)
FN:675,(anonymous_108)
FN:683,(anonymous_109)
FN:692,bitap
FN:693,(anonymous_111)
FN:696,(anonymous_112)
FN:702,tries
FN:703,(anonymous_114)
FN:714,triesJS
FN:715,(anonymous_116)
FN:731,flip
FN:741,(anonymous_118)
FN:742,(anonymous_119)
FN:748,(anonymous_120)
FN:749,(anonymous_121)
FN:755,(anonymous_122)
FN:756,(anonymous_123)
FN:757,(anonymous_124)
FN:772,(anonymous_125)
FN:773,(anonymous_126)
FN:779,(anonymous_127)
FN:780,(anonymous_128)
FN:789,(anonymous_129)
FN:790,(anonymous_130)
FN:791,(anonymous_131)
FN:799,(anonymous_132)
FN:800,(anonymous_133)
FN:810,(anonymous_134)
FN:811,(anonymous_135)
FN:834,(anonymous_136)
FN:835,(anonymous_137)
FN:841,(anonymous_138)
FN:842,(anonymous_139)
FN:851,(anonymous_140)
FN:852,(anonymous_141)
FN:853,(anonymous_142)
FN:865,(anonymous_143)
FN:866,(anonymous_144)
FN:876,(anonymous_145)
FN:877,(anonymous_146)
FN:894,summonError
FN:904,(anonymous_148)
FN:905,(anonymous_149)
FN:911,(anonymous_150)
FN:912,(anonymous_151)
FN:918,(anonymous_152)
FN:919,(anonymous_153)
FN:920,(anonymous_154)
FN:935,(anonymous_155)
FN:936,(anonymous_156)
FN:942,(anonymous_157)
FN:943,(anonymous_158)
FN:952,(anonymous_159)
FN:953,(anonymous_160)
FN:954,(anonymous_161)
FN:962,(anonymous_162)
FN:963,(anonymous_163)
FN:973,(anonymous_164)
FN:974,(anonymous_165)
FN:997,(anonymous_166)
FN:998,(anonymous_167)
FN:1004,(anonymous_168)
FN:1005,(anonymous_169)
FN:1014,(anonymous_170)
FN:1015,(anonymous_171)
FN:1016,(anonymous_172)
FN:1028,(anonymous_173)
FN:1029,(anonymous_174)
FN:1039,(anonymous_175)
FN:1040,(anonymous_176)
FN:1057,unsummonError
FN:1067,(anonymous_178)
FN:1068,(anonymous_179)
FN:1074,(anonymous_180)
FN:1075,(anonymous_181)
FN:1081,(anonymous_182)
FN:1082,(anonymous_183)
FN:1083,(anonymous_184)
FN:1102,(anonymous_185)
FN:1103,(anonymous_186)
FN:1109,(anonymous_187)
FN:1110,(anonymous_188)
FN:1119,(anonymous_189)
FN:1120,(anonymous_190)
FN:1121,(anonymous_191)
FN:1133,(anonymous_192)
FN:1134,(anonymous_193)
FN:1163,(anonymous_194)
FN:1164,(anonymous_195)
FN:1170,(anonymous_196)
FN:1171,(anonymous_197)
FN:1180,(anonymous_198)
FN:1181,(anonymous_199)
FN:1182,(anonymous_200)
FN:1194,(anonymous_201)
FN:1195,(anonymous_202)
FN:1205,(anonymous_203)
FN:1206,(anonymous_204)
FN:1223,delay
FN:1224,(anonymous_206)
FN:1225,(anonymous_207)
FN:1232,delayWithVoid
FN:1233,(anonymous_209)
FN:1234,(anonymous_210)
FN:1241,withDelay
FN:1243,(anonymous_212)
FN:1250,debounce
FN:1254,(anonymous_214)
FN:1258,(anonymous_215)
FN:1259,(anonymous_216)
FN:1270,(anonymous_217)
FN:1272,(anonymous_218)
FN:1278,(anonymous_219)
FN:1298,throttle
FN:1301,(anonymous_221)
FN:1303,(anonymous_222)
FN:1309,(anonymous_223)
FN:1322,WithError
FNF:225
FNH:107
FNDA:98,pure
FNDA:0,pureWithVoid
FNDA:14,$$throw
FNDA:0,throwWithVoid
FNDA:16,suspend
FNDA:0,suspendWithVoid
FNDA:0,suspendThrow
FNDA:0,(anonymous_7)
FNDA:13,suspendIO
FNDA:21,async
FNDA:3,fromOption
FNDA:1,(anonymous_11)
FNDA:2,fromResult
FNDA:34,map
FNDA:0,tap
FNDA:0,(anonymous_15)
FNDA:35,flatMap
FNDA:18,bind
FNDA:22,apply
FNDA:22,(anonymous_19)
FNDA:157,unsafeRunAsync
FNDA:1,(anonymous_21)
FNDA:1,(anonymous_22)
FNDA:6,(anonymous_23)
FNDA:6,(anonymous_24)
FNDA:6,(anonymous_25)
FNDA:6,(anonymous_26)
FNDA:19,(anonymous_27)
FNDA:19,(anonymous_28)
FNDA:19,(anonymous_29)
FNDA:2,(anonymous_30)
FNDA:2,(anonymous_31)
FNDA:5,(anonymous_32)
FNDA:5,(anonymous_33)
FNDA:7,(anonymous_34)
FNDA:7,(anonymous_35)
FNDA:12,(anonymous_36)
FNDA:12,(anonymous_37)
FNDA:12,(anonymous_38)
FNDA:17,mapError
FNDA:3,(anonymous_40)
FNDA:3,(anonymous_41)
FNDA:3,(anonymous_42)
FNDA:0,(anonymous_43)
FNDA:0,tapError
FNDA:0,(anonymous_45)
FNDA:2,catchError
FNDA:0,(anonymous_47)
FNDA:0,(anonymous_48)
FNDA:0,(anonymous_49)
FNDA:0,(anonymous_50)
FNDA:0,(anonymous_51)
FNDA:0,(anonymous_52)
FNDA:0,(anonymous_53)
FNDA:0,(anonymous_54)
FNDA:0,(anonymous_55)
FNDA:0,(anonymous_56)
FNDA:0,(anonymous_57)
FNDA:0,(anonymous_58)
FNDA:0,(anonymous_59)
FNDA:0,(anonymous_60)
FNDA:0,(anonymous_61)
FNDA:0,(anonymous_62)
FNDA:0,(anonymous_63)
FNDA:0,(anonymous_64)
FNDA:0,(anonymous_65)
FNDA:0,(anonymous_66)
FNDA:0,(anonymous_67)
FNDA:0,(anonymous_68)
FNDA:0,(anonymous_69)
FNDA:0,(anonymous_70)
FNDA:0,(anonymous_71)
FNDA:0,(anonymous_72)
FNDA:0,(anonymous_73)
FNDA:0,handleError
FNDA:0,(anonymous_75)
FNDA:0,(anonymous_76)
FNDA:0,(anonymous_77)
FNDA:0,(anonymous_78)
FNDA:0,(anonymous_79)
FNDA:0,(anonymous_80)
FNDA:0,(anonymous_81)
FNDA:0,(anonymous_82)
FNDA:0,(anonymous_83)
FNDA:0,(anonymous_84)
FNDA:0,(anonymous_85)
FNDA:0,(anonymous_86)
FNDA:0,(anonymous_87)
FNDA:0,(anonymous_88)
FNDA:0,(anonymous_89)
FNDA:0,(anonymous_90)
FNDA:0,(anonymous_91)
FNDA:0,(anonymous_92)
FNDA:0,(anonymous_93)
FNDA:0,(anonymous_94)
FNDA:0,(anonymous_95)
FNDA:0,(anonymous_96)
FNDA:0,(anonymous_97)
FNDA:0,(anonymous_98)
FNDA:0,(anonymous_99)
FNDA:0,(anonymous_100)
FNDA:0,(anonymous_101)
FNDA:26,bimap
FNDA:3,(anonymous_103)
FNDA:7,(anonymous_104)
FNDA:5,(anonymous_105)
FNDA:5,(anonymous_106)
FNDA:5,(anonymous_107)
FNDA:0,(anonymous_108)
FNDA:0,(anonymous_109)
FNDA:0,bitap
FNDA:0,(anonymous_111)
FNDA:0,(anonymous_112)
FNDA:1,tries
FNDA:1,(anonymous_114)
FNDA:6,triesJS
FNDA:6,(anonymous_116)
FNDA:14,flip
FNDA:2,(anonymous_118)
FNDA:2,(anonymous_119)
FNDA:1,(anonymous_120)
FNDA:1,(anonymous_121)
FNDA:4,(anonymous_122)
FNDA:4,(anonymous_123)
FNDA:4,(anonymous_124)
FNDA:0,(anonymous_125)
FNDA:0,(anonymous_126)
FNDA:0,(anonymous_127)
FNDA:0,(anonymous_128)
FNDA:0,(anonymous_129)
FNDA:0,(anonymous_130)
FNDA:0,(anonymous_131)
FNDA:0,(anonymous_132)
FNDA:0,(anonymous_133)
FNDA:0,(anonymous_134)
FNDA:0,(anonymous_135)
FNDA:0,(anonymous_136)
FNDA:0,(anonymous_137)
FNDA:0,(anonymous_138)
FNDA:0,(anonymous_139)
FNDA:1,(anonymous_140)
FNDA:1,(anonymous_141)
FNDA:1,(anonymous_142)
FNDA:1,(anonymous_143)
FNDA:1,(anonymous_144)
FNDA:2,(anonymous_145)
FNDA:2,(anonymous_146)
FNDA:18,summonError
FNDA:2,(anonymous_148)
FNDA:2,(anonymous_149)
FNDA:3,(anonymous_150)
FNDA:3,(anonymous_151)
FNDA:1,(anonymous_152)
FNDA:1,(anonymous_153)
FNDA:1,(anonymous_154)
FNDA:0,(anonymous_155)
FNDA:0,(anonymous_156)
FNDA:0,(anonymous_157)
FNDA:0,(anonymous_158)
FNDA:0,(anonymous_159)
FNDA:0,(anonymous_160)
FNDA:0,(anonymous_161)
FNDA:0,(anonymous_162)
FNDA:0,(anonymous_163)
FNDA:0,(anonymous_164)
FNDA:0,(anonymous_165)
FNDA:1,(anonymous_166)
FNDA:1,(anonymous_167)
FNDA:0,(anonymous_168)
FNDA:0,(anonymous_169)
FNDA:4,(anonymous_170)
FNDA:4,(anonymous_171)
FNDA:4,(anonymous_172)
FNDA:2,(anonymous_173)
FNDA:2,(anonymous_174)
FNDA:1,(anonymous_175)
FNDA:1,(anonymous_176)
FNDA:12,unsummonError
FNDA:3,(anonymous_178)
FNDA:3,(anonymous_179)
FNDA:2,(anonymous_180)
FNDA:2,(anonymous_181)
FNDA:1,(anonymous_182)
FNDA:1,(anonymous_183)
FNDA:1,(anonymous_184)
FNDA:0,(anonymous_185)
FNDA:0,(anonymous_186)
FNDA:0,(anonymous_187)
FNDA:0,(anonymous_188)
FNDA:0,(anonymous_189)
FNDA:0,(anonymous_190)
FNDA:0,(anonymous_191)
FNDA:0,(anonymous_192)
FNDA:0,(anonymous_193)
FNDA:0,(anonymous_194)
FNDA:0,(anonymous_195)
FNDA:0,(anonymous_196)
FNDA:0,(anonymous_197)
FNDA:1,(anonymous_198)
FNDA:1,(anonymous_199)
FNDA:1,(anonymous_200)
FNDA:0,(anonymous_201)
FNDA:0,(anonymous_202)
FNDA:0,(anonymous_203)
FNDA:0,(anonymous_204)
FNDA:19,delay
FNDA:17,(anonymous_206)
FNDA:17,(anonymous_207)
FNDA:0,delayWithVoid
FNDA:0,(anonymous_209)
FNDA:0,(anonymous_210)
FNDA:2,withDelay
FNDA:2,(anonymous_212)
FNDA:2,debounce
FNDA:10,(anonymous_214)
FNDA:8,(anonymous_215)
FNDA:8,(anonymous_216)
FNDA:10,(anonymous_217)
FNDA:2,(anonymous_218)
FNDA:8,(anonymous_219)
FNDA:1,throttle
FNDA:2,(anonymous_221)
FNDA:1,(anonymous_222)
FNDA:5,(anonymous_223)
FNDA:7,WithError
DA:3,15
DA:4,15
DA:5,15
DA:6,15
DA:7,15
DA:8,15
DA:9,15
DA:10,15
DA:11,15
DA:12,15
DA:13,15
DA:14,15
DA:15,15
DA:16,15
DA:17,15
DA:18,15
DA:20,15
DA:22,15
DA:25,98
DA:29,0
DA:33,14
DA:37,0
DA:41,16
DA:45,0
DA:49,0
DA:50,0
DA:55,13
DA:59,21
DA:63,3
DA:64,1
DA:69,2
DA:73,34
DA:80,0
DA:82,0
DA:83,0
DA:90,35
DA:97,18
DA:104,22
DA:106,22
DA:116,157
DA:117,250
DA:118,250
DA:119,250
DA:121,67
DA:123,17
DA:125,8
DA:127,27
DA:128,27
DA:130,32
DA:132,54
DA:133,54
DA:134,54
DA:136,21
DA:138,0
DA:140,1
DA:142,1
DA:143,1
DA:144,1
DA:145,1
DA:146,0
DA:148,1
DA:152,1
DA:154,6
DA:155,6
DA:156,6
DA:157,0
DA:159,6
DA:164,6
DA:165,6
DA:166,6
DA:167,6
DA:168,6
DA:169,0
DA:171,6
DA:175,6
DA:177,19
DA:178,19
DA:179,19
DA:180,19
DA:181,19
DA:182,0
DA:184,19
DA:185,19
DA:186,0
DA:188,19
DA:194,19
DA:198,45
DA:199,45
DA:200,45
DA:202,18
DA:203,18
DA:205,0
DA:207,1
DA:208,1
DA:210,2
DA:211,2
DA:212,2
DA:213,2
DA:214,0
DA:216,2
DA:220,2
DA:222,5
DA:223,5
DA:224,5
DA:225,0
DA:227,5
DA:232,7
DA:233,7
DA:234,7
DA:235,7
DA:236,7
DA:237,0
DA:239,7
DA:243,7
DA:245,12
DA:246,12
DA:247,12
DA:248,12
DA:249,12
DA:250,0
DA:252,12
DA:253,12
DA:254,0
DA:256,12
DA:262,12
DA:271,17
DA:273,7
DA:275,1
DA:277,0
DA:279,3
DA:280,3
DA:281,3
DA:284,3
DA:285,3
DA:286,3
DA:287,3
DA:291,3
DA:296,0
DA:297,0
DA:299,0
DA:308,0
DA:309,0
DA:310,0
DA:315,2
DA:316,2
DA:317,2
DA:319,1
DA:321,1
DA:323,0
DA:325,0
DA:326,0
DA:327,0
DA:328,0
DA:332,0
DA:333,0
DA:334,0
DA:335,0
DA:336,0
DA:337,0
DA:339,0
DA:345,0
DA:346,0
DA:347,0
DA:349,0
DA:350,0
DA:352,0
DA:354,0
DA:355,0
DA:356,0
DA:357,0
DA:361,0
DA:362,0
DA:363,0
DA:364,0
DA:371,0
DA:372,0
DA:373,0
DA:374,0
DA:375,0
DA:376,0
DA:378,0
DA:384,0
DA:385,0
DA:387,0
DA:388,0
DA:393,0
DA:395,0
DA:396,0
DA:398,0
DA:399,0
DA:407,0
DA:411,0
DA:412,0
DA:413,0
DA:415,0
DA:416,0
DA:418,0
DA:420,0
DA:421,0
DA:422,0
DA:423,0
DA:427,0
DA:428,0
DA:429,0
DA:430,0
DA:437,0
DA:438,0
DA:439,0
DA:440,0
DA:441,0
DA:442,0
DA:444,0
DA:450,0
DA:451,0
DA:453,0
DA:454,0
DA:459,0
DA:461,0
DA:462,0
DA:464,0
DA:465,0
DA:473,0
DA:482,0
DA:483,0
DA:484,0
DA:486,0
DA:488,0
DA:490,0
DA:492,0
DA:493,0
DA:494,0
DA:495,0
DA:499,0
DA:500,0
DA:501,0
DA:502,0
DA:503,0
DA:504,0
DA:506,0
DA:512,0
DA:513,0
DA:514,0
DA:516,0
DA:518,0
DA:520,0
DA:521,0
DA:522,0
DA:523,0
DA:527,0
DA:528,0
DA:529,0
DA:530,0
DA:537,0
DA:538,0
DA:539,0
DA:540,0
DA:541,0
DA:542,0
DA:544,0
DA:550,0
DA:551,0
DA:553,0
DA:554,0
DA:559,0
DA:561,0
DA:562,0
DA:564,0
DA:565,0
DA:573,0
DA:577,0
DA:578,0
DA:579,0
DA:581,0
DA:582,0
DA:584,0
DA:586,0
DA:587,0
DA:588,0
DA:589,0
DA:593,0
DA:594,0
DA:595,0
DA:596,0
DA:603,0
DA:604,0
DA:605,0
DA:606,0
DA:607,0
DA:608,0
DA:610,0
DA:616,0
DA:617,0
DA:619,0
DA:620,0
DA:625,0
DA:627,0
DA:628,0
DA:630,0
DA:631,0
DA:639,0
DA:648,26
DA:650,8
DA:652,3
DA:654,3
DA:655,3
DA:656,3
DA:659,7
DA:660,7
DA:661,7
DA:664,5
DA:665,5
DA:666,5
DA:667,5
DA:668,5
DA:673,0
DA:674,0
DA:676,0
DA:681,0
DA:682,0
DA:684,0
DA:693,0
DA:694,0
DA:695,0
DA:697,0
DA:698,0
DA:703,1
DA:704,1
DA:705,1
DA:708,1
DA:709,1
DA:715,6
DA:716,6
DA:717,6
DA:720,3
DA:721,3
DA:722,3
DA:724,0
DA:725,0
DA:732,14
DA:733,21
DA:734,21
DA:736,3
DA:738,2
DA:740,2
DA:741,2
DA:742,2
DA:743,2
DA:747,1
DA:748,1
DA:749,1
DA:750,1
DA:754,4
DA:755,4
DA:756,4
DA:757,4
DA:758,4
DA:763,1
DA:764,1
DA:765,1
DA:767,1
DA:769,0
DA:771,0
DA:772,0
DA:773,0
DA:774,0
DA:778,0
DA:779,0
DA:780,0
DA:781,0
DA:788,0
DA:789,0
DA:790,0
DA:791,0
DA:792,0
DA:797,0
DA:798,0
DA:800,0
DA:801,0
DA:806,0
DA:808,0
DA:809,0
DA:811,0
DA:812,0
DA:820,0
DA:824,8
DA:825,8
DA:826,8
DA:828,4
DA:829,4
DA:831,0
DA:833,0
DA:834,0
DA:835,0
DA:836,0
DA:840,0
DA:841,0
DA:842,0
DA:843,0
DA:850,1
DA:851,1
DA:852,1
DA:853,1
DA:854,1
DA:855,0
DA:857,1
DA:863,1
DA:864,1
DA:866,1
DA:867,1
DA:872,1
DA:874,2
DA:875,2
DA:877,2
DA:878,2
DA:886,2
DA:895,18
DA:896,23
DA:897,23
DA:899,5
DA:901,2
DA:903,2
DA:904,2
DA:905,2
DA:906,2
DA:910,3
DA:911,3
DA:912,3
DA:913,3
DA:917,1
DA:918,1
DA:919,1
DA:920,1
DA:921,1
DA:926,0
DA:927,0
DA:928,0
DA:930,0
DA:932,0
DA:934,0
DA:935,0
DA:936,0
DA:937,0
DA:941,0
DA:942,0
DA:943,0
DA:944,0
DA:951,0
DA:952,0
DA:953,0
DA:954,0
DA:955,0
DA:960,0
DA:961,0
DA:963,0
DA:964,0
DA:969,0
DA:971,0
DA:972,0
DA:974,0
DA:975,0
DA:983,0
DA:987,10
DA:988,10
DA:989,10
DA:991,2
DA:992,2
DA:994,0
DA:996,1
DA:997,1
DA:998,1
DA:999,1
DA:1003,0
DA:1004,0
DA:1005,0
DA:1006,0
DA:1013,4
DA:1014,4
DA:1015,4
DA:1016,4
DA:1017,4
DA:1018,0
DA:1020,4
DA:1026,2
DA:1027,2
DA:1029,2
DA:1030,2
DA:1035,2
DA:1037,1
DA:1038,1
DA:1040,1
DA:1041,1
DA:1049,1
DA:1058,12
DA:1059,12
DA:1060,12
DA:1062,5
DA:1064,0
DA:1066,3
DA:1067,3
DA:1068,3
DA:1069,3
DA:1073,2
DA:1074,2
DA:1075,2
DA:1076,2
DA:1080,1
DA:1081,1
DA:1082,1
DA:1083,1
DA:1084,1
DA:1085,0
DA:1087,1
DA:1093,0
DA:1094,0
DA:1095,0
DA:1097,0
DA:1099,0
DA:1101,0
DA:1102,0
DA:1103,0
DA:1104,0
DA:1108,0
DA:1109,0
DA:1110,0
DA:1111,0
DA:1118,0
DA:1119,0
DA:1120,0
DA:1121,0
DA:1122,0
DA:1123,0
DA:1125,0
DA:1131,0
DA:1132,0
DA:1134,0
DA:1135,0
DA:1140,0
DA:1142,0
DA:1149,0
DA:1153,1
DA:1154,1
DA:1155,1
DA:1157,0
DA:1158,0
DA:1160,0
DA:1162,0
DA:1163,0
DA:1164,0
DA:1165,0
DA:1169,0
DA:1170,0
DA:1171,0
DA:1172,0
DA:1179,1
DA:1180,1
DA:1181,1
DA:1182,1
DA:1183,1
DA:1184,0
DA:1186,1
DA:1192,0
DA:1193,0
DA:1195,0
DA:1196,0
DA:1201,0
DA:1203,0
DA:1204,0
DA:1206,0
DA:1207,0
DA:1215,0
DA:1224,19
DA:1225,17
DA:1226,17
DA:1228,17
DA:1233,0
DA:1234,0
DA:1235,0
DA:1237,0
DA:1242,2
DA:1244,2
DA:1251,2
DA:1252,2
DA:1253,2
DA:1254,2
DA:1255,10
DA:1256,10
DA:1257,10
DA:1259,8
DA:1260,8
DA:1262,8
DA:1263,3
DA:1265,8
DA:1270,2
DA:1271,10
DA:1272,10
DA:1273,2
DA:1278,10
DA:1279,8
DA:1280,8
DA:1281,3
DA:1286,5
DA:1289,10
DA:1290,10
DA:1294,10
DA:1299,1
DA:1300,1
DA:1301,1
DA:1302,2
DA:1303,2
DA:1304,1
DA:1305,1
DA:1307,2
DA:1309,1
DA:1310,5
DA:1311,3
DA:1313,2
DA:1314,2
DA:1323,7
DA:1326,7
DA:1327,7
DA:1330,7
DA:1331,7
DA:1335,7
DA:1336,7
DA:1341,7
DA:1342,7
DA:1348,7
DA:1349,7
DA:1356,7
DA:1357,7
DA:1365,7
DA:1366,7
DA:1367,7
DA:1368,7
DA:1369,7
DA:1370,7
DA:1371,7
DA:1372,7
DA:1373,7
DA:1374,7
DA:1375,7
DA:1376,7
DA:1377,7
DA:1378,7
DA:1379,7
DA:1380,7
DA:1381,7
DA:1382,7
DA:1383,7
DA:1384,7
DA:1385,7
DA:1386,7
DA:1404,7
DA:1457,15
DA:1459,15
DA:1461,15
DA:1463,15
DA:1465,15
DA:1467,15
DA:1469,15
DA:1471,15
DA:1472,15
DA:1473,15
DA:1474,15
DA:1475,15
DA:1476,15
DA:1477,15
DA:1478,15
DA:1479,15
DA:1480,15
DA:1481,15
DA:1482,15
DA:1483,15
DA:1484,15
DA:1485,15
DA:1486,15
DA:1487,15
DA:1488,15
DA:1489,15
DA:1490,15
DA:1491,15
DA:1492,15
DA:1493,15
DA:1494,15
DA:1495,15
DA:1496,15
DA:1497,15
DA:1498,15
DA:1499,15
DA:1500,15
DA:1501,15
DA:1502,15
DA:1503,15
DA:1504,15
DA:1505,15
DA:1506,15
DA:1507,15
DA:1508,15
DA:1509,15
DA:1510,15
DA:1511,15
DA:1512,15
DA:1513,15
LF:703
LH:388
BRDA:119,0,0,67
BRDA:119,0,1,17
BRDA:119,0,2,8
BRDA:119,0,3,27
BRDA:119,0,4,32
BRDA:119,0,5,54
BRDA:119,0,6,45
BRDA:134,1,0,21
BRDA:134,1,1,0
BRDA:134,1,2,1
BRDA:134,1,3,1
BRDA:134,1,4,6
BRDA:134,1,5,6
BRDA:134,1,6,19
BRDA:145,2,0,0
BRDA:145,2,1,1
BRDA:156,3,0,0
BRDA:156,3,1,6
BRDA:168,4,0,0
BRDA:168,4,1,6
BRDA:181,5,0,0
BRDA:181,5,1,19
BRDA:185,6,0,0
BRDA:185,6,1,19
BRDA:200,7,0,18
BRDA:200,7,1,0
BRDA:200,7,2,1
BRDA:200,7,3,2
BRDA:200,7,4,5
BRDA:200,7,5,7
BRDA:200,7,6,12
BRDA:213,8,0,0
BRDA:213,8,1,2
BRDA:224,9,0,0
BRDA:224,9,1,5
BRDA:236,10,0,0
BRDA:236,10,1,7
BRDA:249,11,0,0
BRDA:249,11,1,12
BRDA:253,12,0,0
BRDA:253,12,1,12
BRDA:271,13,0,7
BRDA:271,13,1,1
BRDA:271,13,2,0
BRDA:271,13,3,3
BRDA:271,13,4,3
BRDA:271,13,5,3
BRDA:271,13,6,0
BRDA:317,14,0,1
BRDA:317,14,1,1
BRDA:317,14,2,0
BRDA:317,14,3,0
BRDA:317,14,4,0
BRDA:317,14,5,0
BRDA:317,14,6,0
BRDA:336,15,0,0
BRDA:336,15,1,0
BRDA:347,16,0,0
BRDA:347,16,1,0
BRDA:347,16,2,0
BRDA:347,16,3,0
BRDA:347,16,4,0
BRDA:347,16,5,0
BRDA:347,16,6,0
BRDA:375,17,0,0
BRDA:375,17,1,0
BRDA:413,18,0,0
BRDA:413,18,1,0
BRDA:413,18,2,0
BRDA:413,18,3,0
BRDA:413,18,4,0
BRDA:413,18,5,0
BRDA:413,18,6,0
BRDA:441,19,0,0
BRDA:441,19,1,0
BRDA:484,20,0,0
BRDA:484,20,1,0
BRDA:484,20,2,0
BRDA:484,20,3,0
BRDA:484,20,4,0
BRDA:484,20,5,0
BRDA:484,20,6,0
BRDA:503,21,0,0
BRDA:503,21,1,0
BRDA:514,22,0,0
BRDA:514,22,1,0
BRDA:514,22,2,0
BRDA:514,22,3,0
BRDA:514,22,4,0
BRDA:514,22,5,0
BRDA:514,22,6,0
BRDA:541,23,0,0
BRDA:541,23,1,0
BRDA:579,24,0,0
BRDA:579,24,1,0
BRDA:579,24,2,0
BRDA:579,24,3,0
BRDA:579,24,4,0
BRDA:579,24,5,0
BRDA:579,24,6,0
BRDA:607,25,0,0
BRDA:607,25,1,0
BRDA:648,26,0,8
BRDA:648,26,1,3
BRDA:648,26,2,3
BRDA:648,26,3,7
BRDA:648,26,4,5
BRDA:648,26,5,0
BRDA:648,26,6,0
BRDA:721,27,0,3
BRDA:721,27,1,0
BRDA:734,28,0,3
BRDA:734,28,1,2
BRDA:734,28,2,2
BRDA:734,28,3,1
BRDA:734,28,4,4
BRDA:734,28,5,1
BRDA:734,28,6,8
BRDA:765,29,0,1
BRDA:765,29,1,0
BRDA:765,29,2,0
BRDA:765,29,3,0
BRDA:765,29,4,0
BRDA:765,29,5,0
BRDA:765,29,6,0
BRDA:826,30,0,4
BRDA:826,30,1,0
BRDA:826,30,2,0
BRDA:826,30,3,0
BRDA:826,30,4,1
BRDA:826,30,5,1
BRDA:826,30,6,2
BRDA:854,31,0,0
BRDA:854,31,1,1
BRDA:897,32,0,5
BRDA:897,32,1,2
BRDA:897,32,2,2
BRDA:897,32,3,3
BRDA:897,32,4,1
BRDA:897,32,5,0
BRDA:897,32,6,10
BRDA:928,33,0,0
BRDA:928,33,1,0
BRDA:928,33,2,0
BRDA:928,33,3,0
BRDA:928,33,4,0
BRDA:928,33,5,0
BRDA:928,33,6,0
BRDA:989,34,0,2
BRDA:989,34,1,0
BRDA:989,34,2,1
BRDA:989,34,3,0
BRDA:989,34,4,4
BRDA:989,34,5,2
BRDA:989,34,6,1
BRDA:1017,35,0,0
BRDA:1017,35,1,4
BRDA:1060,36,0,5
BRDA:1060,36,1,0
BRDA:1060,36,2,3
BRDA:1060,36,3,2
BRDA:1060,36,4,1
BRDA:1060,36,5,0
BRDA:1060,36,6,1
BRDA:1084,37,0,0
BRDA:1084,37,1,1
BRDA:1095,38,0,0
BRDA:1095,38,1,0
BRDA:1095,38,2,0
BRDA:1095,38,3,0
BRDA:1095,38,4,0
BRDA:1095,38,5,0
BRDA:1095,38,6,0
BRDA:1122,39,0,0
BRDA:1122,39,1,0
BRDA:1155,40,0,0
BRDA:1155,40,1,0
BRDA:1155,40,2,0
BRDA:1155,40,3,0
BRDA:1155,40,4,1
BRDA:1155,40,5,0
BRDA:1155,40,6,0
BRDA:1183,41,0,0
BRDA:1183,41,1,1
BRDA:1251,42,0,1
BRDA:1251,42,1,1
BRDA:1252,43,0,2
BRDA:1252,43,1,0
BRDA:1262,44,0,3
BRDA:1262,44,1,5
BRDA:1272,45,0,2
BRDA:1272,45,1,8
BRDA:1272,46,0,10
BRDA:1272,46,1,5
BRDA:1279,47,0,8
BRDA:1279,47,1,3
BRDA:1280,48,0,3
BRDA:1280,48,1,5
BRDA:1299,49,0,1
BRDA:1299,49,1,0
BRDA:1310,50,0,3
BRDA:1310,50,1,2
BRF:202
BRH:91
end_of_record
TN:
SF:/home/awhite/dev/andywhite37/relude/lib/js/src/Relude_Identity.bs.js
FN:9,wrap
FN:13,unwrap
FN:17,map
FN:27,apply
FN:46,bind
FN:59,eq
FN:63,eqBy
FN:67,Eq
FN:68,(anonymous_8)
FN:76,show
FN:80,showBy
FN:84,Show
FN:85,(anonymous_12)
FNF:13
FNH:7
FNDA:44,wrap
FNDA:2,unwrap
FNDA:40,map
FNDA:4,apply
FNDA:27,bind
FNDA:2,eq
FNDA:0,eqBy
FNDA:0,Eq
FNDA:0,(anonymous_8)
FNDA:1,show
FNDA:0,showBy
FNDA:0,Show
FNDA:0,(anonymous_12)
DA:3,5
DA:4,5
DA:5,5
DA:6,5
DA:7,5
DA:10,44
DA:14,2
DA:18,40
DA:21,5
DA:25,5
DA:28,4
DA:31,5
DA:36,5
DA:38,5
DA:44,5
DA:47,27
DA:50,5
DA:57,5
DA:60,2
DA:64,0
DA:68,0
DA:69,0
DA:71,0
DA:77,1
DA:81,0
DA:85,0
DA:86,0
DA:88,0
DA:93,5
DA:95,5
DA:97,5
DA:99,5
DA:101,5
DA:103,5
DA:105,5
DA:107,5
DA:109,5
DA:111,5
DA:113,5
DA:115,5
DA:117,5
DA:119,5
DA:121,5
DA:123,5
DA:125,5
DA:127,5
DA:129,5
DA:131,5
DA:133,5
DA:135,5
DA:137,5
DA:139,5
DA:141,5
DA:143,5
DA:145,5
DA:147,5
DA:149,5
DA:151,5
DA:153,5
DA:155,5
DA:157,5
DA:158,5
DA:159,5
DA:160,5
DA:161,5
DA:162,5
DA:163,5
DA:164,5
DA:165,5
DA:166,5
DA:167,5
DA:168,5
DA:169,5
DA:170,5
DA:171,5
DA:172,5
DA:173,5
DA:174,5
DA:175,5
DA:176,5
DA:177,5
DA:178,5
DA:179,5
DA:180,5
DA:181,5
DA:182,5
DA:183,5
DA:184,5
DA:185,5
DA:186,5
DA:187,5
DA:188,5
DA:189,5
DA:190,5
DA:191,5
DA:192,5
DA:193,5
DA:194,5
DA:195,5
DA:196,5
DA:197,5
DA:198,5
DA:199,5
DA:200,5
DA:201,5
DA:202,5
DA:203,5
LF:107
LH:99
BRF:0
BRH:0
end_of_record
TN:
SF:/home/awhite/dev/andywhite37/relude/lib/js/src/Relude_Int.bs.js
FN:16,toFloat
FN:20,fromFloat
FN:24,add
FN:28,subtract
FN:38,divideWithModulo
FN:45,divideAsFloat
FN:49,degree
FN:53,rangeAsList
FN:64,rangeAsArray
FN:134,show
FN:142,fromString
FNF:11
FNH:11
FNDA:2,toFloat
FNDA:4,fromFloat
FNDA:2,add
FNDA:2,subtract
FNDA:1,divideWithModulo
FNDA:1,divideAsFloat
FNDA:1,degree
FNDA:183,rangeAsList
FNDA:71,rangeAsArray
FNDA:10,show
FNDA:20,fromString
DA:3,25
DA:4,25
DA:5,25
DA:6,25
DA:7,25
DA:8,25
DA:9,25
DA:10,25
DA:11,25
DA:12,25
DA:13,25
DA:14,25
DA:17,2
DA:21,4
DA:25,2
DA:29,2
DA:32,25
DA:34,25
DA:36,25
DA:39,1
DA:46,1
DA:50,1
DA:54,183
DA:55,62
DA:57,121
DA:65,71
DA:66,23
DA:68,48
DA:72,25
DA:74,25
DA:78,25
DA:80,25
DA:82,25
DA:87,25
DA:89,25
DA:91,25
DA:98,25
DA:100,25
DA:108,25
DA:110,25
DA:112,25
DA:119,25
DA:130,25
DA:132,25
DA:135,10
DA:138,25
DA:143,20
DA:144,20
DA:147,10
DA:151,25
DA:153,25
DA:155,25
DA:157,25
DA:159,25
DA:161,25
DA:163,25
DA:165,25
DA:167,25
DA:169,25
DA:181,25
DA:183,25
DA:185,25
DA:187,25
DA:189,25
DA:191,25
DA:193,25
DA:202,25
DA:204,25
DA:206,25
DA:208,25
DA:214,25
DA:218,25
DA:220,25
DA:222,25
DA:224,25
DA:226,25
DA:228,25
DA:230,25
DA:232,25
DA:234,25
DA:236,25
DA:238,25
DA:240,25
DA:242,25
DA:257,25
DA:259,25
DA:261,25
DA:263,25
DA:265,25
DA:267,25
DA:269,25
DA:271,25
DA:273,25
DA:275,25
DA:277,25
DA:279,25
DA:281,25
DA:283,25
DA:285,25
DA:287,25
DA:289,25
DA:291,25
DA:293,25
DA:295,25
DA:297,25
DA:299,25
DA:301,25
DA:303,25
DA:305,25
DA:306,25
DA:307,25
DA:308,25
DA:309,25
DA:310,25
DA:311,25
DA:312,25
DA:313,25
DA:314,25
DA:315,25
DA:316,25
DA:317,25
DA:318,25
DA:319,25
DA:320,25
DA:321,25
DA:322,25
DA:323,25
DA:324,25
DA:325,25
DA:326,25
DA:327,25
DA:328,25
DA:329,25
DA:330,25
DA:331,25
DA:332,25
DA:333,25
DA:334,25
DA:335,25
DA:336,25
DA:337,25
DA:338,25
DA:339,25
DA:340,25
DA:341,25
DA:342,25
DA:343,25
DA:344,25
DA:345,25
DA:346,25
DA:347,25
DA:348,25
DA:349,25
DA:350,25
DA:351,25
DA:352,25
DA:353,25
DA:354,25
DA:355,25
DA:356,25
DA:357,25
DA:358,25
DA:359,25
LF:163
LH:163
BRDA:54,0,0,62
BRDA:54,0,1,121
BRDA:65,1,0,23
BRDA:65,1,1,48
BRF:4
BRH:4
end_of_record
TN:
SF:/home/awhite/dev/andywhite37/relude/lib/js/src/Relude_Ior.bs.js
FN:10,ok
FN:14,error
FN:18,both
FN:25,isOk
FN:36,isError
FN:47,isBoth
FN:58,map
FN:73,tap
FN:88,tapOk
FN:100,tapError
FN:112,tapBoth
FN:124,tapOkOrBothOk
FN:136,tapErrorOrBothError
FN:150,applyWithAppendErrors
FN:199,pure
FN:203,bind
FN:214,flatMap
FN:218,map2
FN:222,map3
FN:226,map4
FN:230,map5
FN:234,WithErrors
FN:235,(anonymous_22)
FN:240,(anonymous_23)
FNF:24
FNH:7
FNDA:1,ok
FNDA:1,error
FNDA:1,both
FNDA:0,isOk
FNDA:0,isError
FNDA:0,isBoth
FNDA:12,map
FNDA:0,tap
FNDA:0,tapOk
FNDA:0,tapError
FNDA:0,tapBoth
FNDA:0,tapOkOrBothOk
FNDA:0,tapErrorOrBothError
FNDA:9,applyWithAppendErrors
FNDA:1,pure
FNDA:0,bind
FNDA:0,flatMap
FNDA:9,map2
FNDA:0,map3
FNDA:0,map4
FNDA:0,map5
FNDA:0,WithErrors
FNDA:0,(anonymous_22)
FNDA:0,(anonymous_23)
DA:3,1
DA:4,1
DA:5,1
DA:6,1
DA:7,1
DA:8,1
DA:11,1
DA:15,1
DA:19,1
DA:26,0
DA:28,0
DA:31,0
DA:37,0
DA:39,0
DA:42,0
DA:48,0
DA:51,0
DA:53,0
DA:59,12
DA:61,4
DA:63,4
DA:65,4
DA:74,0
DA:76,0
DA:77,0
DA:79,0
DA:80,0
DA:82,0
DA:83,0
DA:89,0
DA:91,0
DA:92,0
DA:95,0
DA:101,0
DA:103,0
DA:104,0
DA:107,0
DA:113,0
DA:116,0
DA:118,0
DA:119,0
DA:125,0
DA:127,0
DA:130,0
DA:131,0
DA:137,0
DA:139,0
DA:141,0
DA:142,0
DA:144,0
DA:145,0
DA:151,9
DA:153,3
DA:154,3
DA:156,1
DA:158,1
DA:160,1
DA:167,3
DA:168,3
DA:170,1
DA:172,1
DA:174,1
DA:178,3
DA:179,3
DA:180,3
DA:182,1
DA:187,1
DA:189,1
DA:200,1
DA:204,0
DA:206,0
DA:209,0
DA:215,0
DA:219,9
DA:223,0
DA:227,0
DA:231,0
DA:235,0
DA:236,0
DA:239,0
DA:240,0
DA:241,0
DA:243,0
DA:247,0
DA:248,0
DA:253,0
DA:254,0
DA:260,0
DA:261,0
DA:262,0
DA:263,0
DA:264,0
DA:265,0
DA:266,0
DA:267,0
DA:268,0
DA:269,0
DA:270,0
DA:271,0
DA:272,0
DA:273,0
DA:274,0
DA:275,0
DA:276,0
DA:277,0
DA:278,0
DA:279,0
DA:296,0
DA:341,1
DA:342,1
DA:343,1
DA:344,1
DA:345,1
DA:346,1
DA:347,1
DA:348,1
DA:349,1
DA:350,1
DA:351,1
DA:352,1
DA:353,1
DA:354,1
DA:355,1
DA:356,1
DA:357,1
DA:358,1
DA:359,1
DA:360,1
DA:361,1
DA:362,1
LF:130
LH:54
BRDA:26,0,0,0
BRDA:26,0,1,0
BRDA:26,0,2,0
BRDA:37,1,0,0
BRDA:37,1,1,0
BRDA:37,1,2,0
BRDA:48,2,0,0
BRDA:48,2,1,0
BRDA:48,2,2,0
BRDA:59,3,0,4
BRDA:59,3,1,4
BRDA:59,3,2,4
BRDA:74,4,0,0
BRDA:74,4,1,0
BRDA:74,4,2,0
BRDA:89,5,0,0
BRDA:89,5,1,0
BRDA:89,5,2,0
BRDA:101,6,0,0
BRDA:101,6,1,0
BRDA:101,6,2,0
BRDA:113,7,0,0
BRDA:113,7,1,0
BRDA:113,7,2,0
BRDA:125,8,0,0
BRDA:125,8,1,0
BRDA:125,8,2,0
BRDA:137,9,0,0
BRDA:137,9,1,0
BRDA:137,9,2,0
BRDA:151,10,0,3
BRDA:151,10,1,3
BRDA:151,10,2,3
BRDA:154,11,0,1
BRDA:154,11,1,1
BRDA:154,11,2,1
BRDA:168,12,0,1
BRDA:168,12,1,1
BRDA:168,12,2,1
BRDA:180,13,0,1
BRDA:180,13,1,1
BRDA:180,13,2,1
BRDA:204,14,0,0
BRDA:204,14,1,0
BRDA:204,14,2,0
BRF:45
BRH:15
end_of_record
TN:
SF:/home/awhite/dev/andywhite37/relude/lib/js/src/Relude_List.bs.js
FNF:0
FNH:0
DA:3,7
DA:4,7
DA:5,7
DA:6,7
DA:7,7
DA:8,7
DA:9,7
DA:11,7
DA:13,7
DA:15,7
DA:17,7
DA:19,7
DA:21,7
DA:23,7
DA:25,7
DA:27,7
DA:29,7
DA:31,7
DA:33,7
DA:35,7
DA:37,7
DA:39,7
DA:41,7
DA:43,7
DA:45,7
DA:47,7
DA:49,7
DA:51,7
DA:70,7
DA:72,7
DA:74,7
DA:76,7
DA:78,7
DA:80,7
DA:82,7
DA:84,7
DA:86,7
DA:88,7
DA:90,7
DA:92,7
DA:94,7
DA:96,7
DA:98,7
DA:100,7
DA:102,7
DA:104,7
DA:106,7
DA:108,7
DA:110,7
DA:112,7
DA:114,7
DA:116,7
DA:118,7
DA:120,7
DA:122,7
DA:124,7
DA:126,7
DA:128,7
DA:130,7
DA:132,7
DA:134,7
DA:136,7
DA:138,7
DA:140,7
DA:142,7
DA:144,7
DA:146,7
DA:148,7
DA:150,7
DA:152,7
DA:154,7
DA:156,7
DA:158,7
DA:160,7
DA:162,7
DA:164,7
DA:166,7
DA:168,7
DA:170,7
DA:172,7
DA:174,7
DA:176,7
DA:178,7
DA:180,7
DA:182,7
DA:184,7
DA:186,7
DA:188,7
DA:190,7
DA:192,7
DA:194,7
DA:196,7
DA:198,7
DA:200,7
DA:202,7
DA:204,7
DA:206,7
DA:208,7
DA:210,7
DA:212,7
DA:214,7
DA:216,7
DA:218,7
DA:220,7
DA:222,7
DA:224,7
DA:226,7
DA:228,7
DA:230,7
DA:232,7
DA:234,7
DA:236,7
DA:238,7
DA:240,7
DA:242,7
DA:244,7
DA:246,7
DA:248,7
DA:250,7
DA:252,7
DA:254,7
DA:256,7
DA:258,7
DA:260,7
DA:262,7
DA:264,7
DA:266,7
DA:268,7
DA:270,7
DA:272,7
DA:274,7
DA:276,7
DA:278,7
DA:280,7
DA:282,7
DA:284,7
DA:286,7
DA:288,7
DA:290,7
DA:292,7
DA:294,7
DA:296,7
DA:298,7
DA:300,7
DA:302,7
DA:304,7
DA:306,7
DA:308,7
DA:310,7
DA:312,7
DA:314,7
DA:316,7
DA:318,7
DA:320,7
DA:322,7
DA:324,7
DA:326,7
DA:328,7
DA:330,7
DA:332,7
DA:334,7
DA:336,7
DA:338,7
DA:340,7
DA:342,7
DA:344,7
DA:346,7
DA:348,7
DA:350,7
DA:352,7
DA:354,7
DA:356,7
DA:358,7
DA:360,7
DA:362,7
DA:364,7
DA:366,7
DA:368,7
DA:370,7
DA:372,7
DA:373,7
DA:374,7
DA:375,7
DA:376,7
DA:377,7
DA:378,7
DA:379,7
DA:380,7
DA:381,7
DA:382,7
DA:383,7
DA:384,7
DA:385,7
DA:386,7
DA:387,7
DA:388,7
DA:389,7
DA:390,7
DA:391,7
DA:392,7
DA:393,7
DA:394,7
DA:395,7
DA:396,7
DA:397,7
DA:398,7
DA:399,7
DA:400,7
DA:401,7
DA:402,7
DA:403,7
DA:404,7
DA:405,7
DA:406,7
DA:407,7
DA:408,7
DA:409,7
DA:410,7
DA:411,7
DA:412,7
DA:413,7
DA:414,7
DA:415,7
DA:416,7
DA:417,7
DA:418,7
DA:419,7
DA:420,7
DA:421,7
DA:422,7
DA:423,7
DA:424,7
DA:425,7
DA:426,7
DA:427,7
DA:428,7
DA:429,7
DA:430,7
DA:431,7
DA:432,7
DA:433,7
DA:434,7
DA:435,7
DA:436,7
DA:437,7
DA:438,7
DA:439,7
DA:440,7
DA:441,7
DA:442,7
DA:443,7
DA:444,7
DA:445,7
DA:446,7
DA:447,7
DA:448,7
DA:449,7
DA:450,7
DA:451,7
DA:452,7
DA:453,7
DA:454,7
DA:455,7
DA:456,7
DA:457,7
DA:458,7
DA:459,7
DA:460,7
DA:461,7
DA:462,7
DA:463,7
DA:464,7
DA:465,7
DA:466,7
DA:467,7
DA:468,7
DA:469,7
DA:470,7
DA:471,7
DA:472,7
DA:473,7
DA:474,7
DA:475,7
DA:476,7
DA:477,7
DA:478,7
DA:479,7
DA:480,7
DA:481,7
DA:482,7
DA:483,7
DA:484,7
DA:485,7
DA:486,7
DA:487,7
DA:488,7
DA:489,7
DA:490,7
DA:491,7
DA:492,7
DA:493,7
DA:494,7
DA:495,7
DA:496,7
DA:497,7
DA:498,7
DA:499,7
DA:500,7
DA:501,7
DA:502,7
DA:503,7
DA:504,7
DA:505,7
DA:506,7
DA:507,7
DA:508,7
DA:509,7
DA:510,7
DA:511,7
DA:512,7
DA:513,7
DA:514,7
DA:515,7
DA:516,7
DA:517,7
DA:518,7
DA:519,7
DA:520,7
DA:521,7
DA:522,7
DA:523,7
LF:331
LH:331
BRF:0
BRH:0
end_of_record
TN:
SF:/home/awhite/dev/andywhite37/relude/lib/js/src/Relude_ListZipper.bs.js
FNF:0
FNH:0
DA:3,1
DA:4,1
DA:6,1
DA:8,1
DA:10,1
DA:12,1
DA:14,1
DA:16,1
DA:18,1
DA:20,1
DA:22,1
DA:24,1
DA:26,1
DA:28,1
DA:30,1
DA:32,1
DA:34,1
DA:36,1
DA:38,1
DA:40,1
DA:42,1
DA:44,1
DA:46,1
DA:48,1
DA:50,1
DA:52,1
DA:54,1
DA:56,1
DA:58,1
DA:60,1
DA:62,1
DA:64,1
DA:66,1
DA:68,1
DA:70,1
DA:72,1
DA:74,1
DA:76,1
DA:78,1
DA:80,1
DA:82,1
DA:84,1
DA:86,1
DA:88,1
DA:90,1
DA:92,1
DA:94,1
DA:96,1
DA:98,1
DA:100,1
DA:102,1
DA:104,1
DA:106,1
DA:108,1
DA:110,1
DA:112,1
DA:114,1
DA:116,1
DA:118,1
DA:120,1
DA:122,1
DA:124,1
DA:126,1
DA:128,1
DA:130,1
DA:132,1
DA:134,1
DA:136,1
DA:138,1
DA:140,1
DA:142,1
DA:144,1
DA:146,1
DA:148,1
DA:150,1
DA:152,1
DA:154,1
DA:156,1
DA:158,1
DA:160,1
DA:162,1
DA:164,1
DA:166,1
DA:168,1
DA:170,1
DA:172,1
DA:174,1
DA:176,1
DA:178,1
DA:180,1
DA:182,1
DA:184,1
DA:186,1
DA:188,1
DA:190,1
DA:192,1
DA:194,1
DA:196,1
DA:198,1
DA:200,1
DA:202,1
DA:204,1
DA:206,1
DA:208,1
DA:210,1
DA:212,1
DA:214,1
DA:216,1
DA:218,1
DA:220,1
DA:222,1
DA:224,1
DA:226,1
DA:228,1
DA:230,1
DA:232,1
DA:234,1
DA:236,1
DA:238,1
DA:240,1
DA:242,1
DA:244,1
DA:246,1
DA:248,1
DA:250,1
DA:252,1
DA:254,1
DA:256,1
DA:258,1
DA:260,1
DA:262,1
DA:264,1
DA:266,1
DA:268,1
DA:270,1
DA:272,1
DA:274,1
DA:276,1
DA:278,1
DA:280,1
DA:282,1
DA:284,1
DA:286,1
DA:288,1
DA:290,1
DA:292,1
DA:293,1
DA:294,1
DA:295,1
DA:296,1
DA:297,1
DA:298,1
DA:299,1
DA:300,1
DA:301,1
DA:302,1
DA:303,1
DA:304,1
DA:305,1
DA:306,1
DA:307,1
DA:308,1
DA:309,1
DA:310,1
DA:311,1
DA:312,1
DA:313,1
DA:314,1
DA:315,1
DA:316,1
DA:317,1
DA:318,1
DA:319,1
DA:320,1
DA:321,1
DA:322,1
DA:323,1
DA:324,1
DA:325,1
DA:326,1
DA:327,1
DA:328,1
DA:329,1
DA:330,1
DA:331,1
DA:332,1
DA:333,1
DA:334,1
DA:335,1
DA:336,1
DA:337,1
DA:338,1
DA:339,1
DA:340,1
DA:341,1
DA:342,1
DA:343,1
DA:344,1
DA:345,1
DA:346,1
DA:347,1
DA:348,1
DA:349,1
DA:350,1
DA:351,1
DA:352,1
DA:353,1
DA:354,1
DA:355,1
DA:356,1
DA:357,1
DA:358,1
DA:359,1
DA:360,1
DA:361,1
DA:362,1
DA:363,1
DA:364,1
DA:365,1
DA:366,1
DA:367,1
DA:368,1
DA:369,1
DA:370,1
DA:371,1
DA:372,1
DA:373,1
DA:374,1
DA:375,1
DA:376,1
DA:377,1
DA:378,1
DA:379,1
DA:380,1
DA:381,1
DA:382,1
DA:383,1
DA:384,1
DA:385,1
DA:386,1
DA:387,1
DA:388,1
DA:389,1
DA:390,1
DA:391,1
DA:392,1
DA:393,1
DA:394,1
DA:395,1
DA:396,1
DA:397,1
DA:398,1
DA:399,1
DA:400,1
DA:401,1
DA:402,1
DA:403,1
DA:404,1
DA:405,1
DA:406,1
DA:407,1
DA:408,1
DA:409,1
DA:410,1
DA:411,1
DA:412,1
DA:413,1
DA:414,1
DA:415,1
DA:416,1
DA:417,1
DA:418,1
DA:419,1
DA:420,1
DA:421,1
DA:422,1
DA:423,1
DA:424,1
DA:425,1
DA:426,1
DA:427,1
DA:428,1
DA:429,1
DA:430,1
DA:431,1
DA:432,1
DA:433,1
LF:287
LH:287
BRF:0
BRH:0
end_of_record
TN:
SF:/home/awhite/dev/andywhite37/relude/lib/js/src/Relude_Map.bs.js
FN:11,WithOrd
FN:12,(anonymous_1)
FN:18,(anonymous_2)
FN:21,(anonymous_3)
FN:24,(anonymous_4)
FN:27,(anonymous_5)
FN:30,(anonymous_6)
FN:33,(anonymous_7)
FN:36,(anonymous_8)
FN:39,(anonymous_9)
FN:42,(anonymous_10)
FN:45,(anonymous_11)
FN:48,(anonymous_12)
FN:51,(anonymous_13)
FN:54,(anonymous_14)
FN:57,(anonymous_15)
FN:60,(anonymous_16)
FN:63,(anonymous_17)
FN:66,(anonymous_18)
FN:69,(anonymous_19)
FN:72,(anonymous_20)
FN:75,(anonymous_21)
FN:78,(anonymous_22)
FN:81,(anonymous_23)
FN:84,(anonymous_24)
FN:87,(anonymous_25)
FN:90,(anonymous_26)
FN:91,(anonymous_27)
FN:93,(anonymous_28)
FN:97,(anonymous_29)
FN:98,(anonymous_30)
FN:106,(anonymous_31)
FN:112,(anonymous_32)
FN:113,(anonymous_33)
FN:115,(anonymous_34)
FN:120,(anonymous_35)
FN:121,(anonymous_36)
FN:124,(anonymous_37)
FN:128,(anonymous_38)
FN:129,(anonymous_39)
FN:134,(anonymous_40)
FN:139,(anonymous_41)
FNF:42
FNH:1
FNDA:41,WithOrd
FNDA:0,(anonymous_1)
FNDA:0,(anonymous_2)
FNDA:0,(anonymous_3)
FNDA:0,(anonymous_4)
FNDA:0,(anonymous_5)
FNDA:0,(anonymous_6)
FNDA:0,(anonymous_7)
FNDA:0,(anonymous_8)
FNDA:0,(anonymous_9)
FNDA:0,(anonymous_10)
FNDA:0,(anonymous_11)
FNDA:0,(anonymous_12)
FNDA:0,(anonymous_13)
FNDA:0,(anonymous_14)
FNDA:0,(anonymous_15)
FNDA:0,(anonymous_16)
FNDA:0,(anonymous_17)
FNDA:0,(anonymous_18)
FNDA:0,(anonymous_19)
FNDA:0,(anonymous_20)
FNDA:0,(anonymous_21)
FNDA:0,(anonymous_22)
FNDA:0,(anonymous_23)
FNDA:0,(anonymous_24)
FNDA:0,(anonymous_25)
FNDA:0,(anonymous_26)
FNDA:0,(anonymous_27)
FNDA:0,(anonymous_28)
FNDA:0,(anonymous_29)
FNDA:0,(anonymous_30)
FNDA:0,(anonymous_31)
FNDA:0,(anonymous_32)
FNDA:0,(anonymous_33)
FNDA:0,(anonymous_34)
FNDA:0,(anonymous_35)
FNDA:0,(anonymous_36)
FNDA:0,(anonymous_37)
FNDA:0,(anonymous_38)
FNDA:0,(anonymous_39)
FNDA:0,(anonymous_40)
FNDA:0,(anonymous_41)
DA:3,25
DA:4,25
DA:5,25
DA:6,25
DA:7,25
DA:8,25
DA:9,25
DA:12,41
DA:13,0
DA:15,41
DA:18,41
DA:19,0
DA:21,41
DA:22,0
DA:24,41
DA:25,0
DA:27,41
DA:28,0
DA:30,41
DA:31,0
DA:33,41
DA:34,0
DA:36,41
DA:37,0
DA:39,41
DA:40,0
DA:42,41
DA:43,0
DA:45,41
DA:46,0
DA:48,41
DA:49,0
DA:51,41
DA:52,0
DA:54,41
DA:55,0
DA:57,41
DA:58,0
DA:60,41
DA:61,0
DA:63,41
DA:64,0
DA:66,41
DA:67,0
DA:69,41
DA:70,0
DA:72,41
DA:73,0
DA:75,41
DA:76,0
DA:78,41
DA:79,0
DA:81,41
DA:82,0
DA:84,41
DA:85,0
DA:87,41
DA:88,0
DA:90,41
DA:91,0
DA:92,0
DA:93,0
DA:94,0
DA:96,0
DA:97,0
DA:98,0
DA:99,0
DA:106,0
DA:107,0
DA:108,0
DA:109,0
DA:111,0
DA:112,0
DA:113,0
DA:114,0
DA:116,0
DA:120,41
DA:121,0
DA:122,0
DA:123,0
DA:124,0
DA:125,0
DA:127,0
DA:128,0
DA:129,0
DA:130,0
DA:134,0
DA:135,0
DA:136,0
DA:137,0
DA:139,0
DA:140,0
DA:143,41
DA:184,25
LF:94
LH:37
BRF:0
BRH:0
end_of_record
TN:
SF:/home/awhite/dev/andywhite37/relude/lib/js/src/Relude_NonEmpty.bs.js
FN:14,WithSequence
FN:15,(anonymous_1)
FN:21,(anonymous_2)
FN:27,(anonymous_3)
FN:28,(anonymous_4)
FN:35,(anonymous_5)
FN:38,(anonymous_6)
FN:44,(anonymous_7)
FN:50,(anonymous_8)
FN:53,(anonymous_9)
FN:56,(anonymous_10)
FN:69,(anonymous_11)
FN:72,(anonymous_12)
FN:75,(anonymous_13)
FN:78,(anonymous_14)
FN:80,(anonymous_15)
FN:87,(anonymous_16)
FN:89,(anonymous_17)
FN:96,(anonymous_18)
FN:98,(anonymous_19)
FN:113,(anonymous_20)
FN:123,(anonymous_21)
FN:124,(anonymous_22)
FN:139,(anonymous_23)
FN:149,(anonymous_24)
FN:152,(anonymous_25)
FN:159,(anonymous_26)
FN:162,(anonymous_27)
FN:163,(anonymous_28)
FN:170,(anonymous_29)
FN:174,(anonymous_30)
FN:177,(anonymous_31)
FN:179,(anonymous_32)
FN:186,(anonymous_33)
FN:188,(anonymous_34)
FN:191,(anonymous_35)
FN:192,(anonymous_36)
FN:311,one
FN:318,make
FN:325,fromSequence
FN:326,(anonymous_40)
FN:334,toSequence
FN:338,cons
FN:345,uncons
FN:352,head
FN:356,tail
FN:360,concat
FN:377,reduceLeft
FN:381,foldLeft
FN:385,foldRight
FN:389,Foldable_Fold_Map
FN:391,(anonymous_51)
FN:399,Foldable_Fold_Map_Any
FN:401,(anonymous_53)
FN:409,Foldable_Fold_Map_Plus
FN:411,(anonymous_55)
FN:429,map
FN:442,apply
FN:443,(anonymous_58)
FN:463,bind
FN:476,mkString
FN:480,eqBy
FN:488,eq
FN:492,Eq
FN:493,(anonymous_64)
FN:501,showBy
FN:506,show
FN:510,Show
FN:512,(anonymous_68)
FN:520,WithApplicative
FN:522,(anonymous_70)
FN:525,(anonymous_71)
FN:526,(anonymous_72)
FN:765,one$1
FN:772,make$1
FN:779,fromSequence$1
FN:780,(anonymous_76)
FN:788,toSequence$1
FN:792,cons$1
FN:799,uncons$1
FN:806,head$1
FN:810,tail$1
FN:814,concat$1
FN:831,reduceLeft$1
FN:835,foldLeft$1
FN:839,foldRight$1
FN:843,Foldable_Fold_Map$1
FN:845,(anonymous_87)
FN:853,Foldable_Fold_Map_Any$1
FN:855,(anonymous_89)
FN:863,Foldable_Fold_Map_Plus$1
FN:865,(anonymous_91)
FN:883,map$1
FN:896,apply$1
FN:897,(anonymous_94)
FN:917,bind$1
FN:930,mkString$1
FN:934,eqBy$1
FN:942,eq$1
FN:946,Eq$1
FN:947,(anonymous_100)
FN:955,showBy$1
FN:960,show$1
FN:964,Show$1
FN:966,(anonymous_104)
FN:974,WithApplicative$1
FN:976,(anonymous_106)
FN:979,(anonymous_107)
FN:980,(anonymous_108)
FNF:109
FNH:31
FNDA:0,WithSequence
FNDA:0,(anonymous_1)
FNDA:0,(anonymous_2)
FNDA:0,(anonymous_3)
FNDA:0,(anonymous_4)
FNDA:0,(anonymous_5)
FNDA:0,(anonymous_6)
FNDA:0,(anonymous_7)
FNDA:0,(anonymous_8)
FNDA:0,(anonymous_9)
FNDA:0,(anonymous_10)
FNDA:0,(anonymous_11)
FNDA:0,(anonymous_12)
FNDA:0,(anonymous_13)
FNDA:0,(anonymous_14)
FNDA:0,(anonymous_15)
FNDA:0,(anonymous_16)
FNDA:0,(anonymous_17)
FNDA:0,(anonymous_18)
FNDA:0,(anonymous_19)
FNDA:0,(anonymous_20)
FNDA:0,(anonymous_21)
FNDA:0,(anonymous_22)
FNDA:0,(anonymous_23)
FNDA:0,(anonymous_24)
FNDA:0,(anonymous_25)
FNDA:0,(anonymous_26)
FNDA:0,(anonymous_27)
FNDA:0,(anonymous_28)
FNDA:0,(anonymous_29)
FNDA:0,(anonymous_30)
FNDA:0,(anonymous_31)
FNDA:0,(anonymous_32)
FNDA:0,(anonymous_33)
FNDA:0,(anonymous_34)
FNDA:0,(anonymous_35)
FNDA:0,(anonymous_36)
FNDA:20,one
FNDA:28,make
FNDA:0,fromSequence
FNDA:0,(anonymous_40)
FNDA:15,toSequence
FNDA:1,cons
FNDA:1,uncons
FNDA:14,head
FNDA:14,tail
FNDA:14,concat
FNDA:1,reduceLeft
FNDA:1,foldLeft
FNDA:1,foldRight
FNDA:0,Foldable_Fold_Map
FNDA:0,(anonymous_51)
FNDA:0,Foldable_Fold_Map_Any
FNDA:0,(anonymous_53)
FNDA:0,Foldable_Fold_Map_Plus
FNDA:0,(anonymous_55)
FNDA:2,map
FNDA:0,apply
FNDA:0,(anonymous_58)
FNDA:1,bind
FNDA:1,mkString
FNDA:1,eqBy
FNDA:1,eq
FNDA:0,Eq
FNDA:0,(anonymous_64)
FNDA:1,showBy
FNDA:1,show
FNDA:0,Show
FNDA:0,(anonymous_68)
FNDA:1,WithApplicative
FNDA:1,(anonymous_70)
FNDA:0,(anonymous_71)
FNDA:0,(anonymous_72)
FNDA:36,one$1
FNDA:13,make$1
FNDA:0,fromSequence$1
FNDA:0,(anonymous_76)
FNDA:9,toSequence$1
FNDA:1,cons$1
FNDA:1,uncons$1
FNDA:8,head$1
FNDA:8,tail$1
FNDA:8,concat$1
FNDA:0,reduceLeft$1
FNDA:0,foldLeft$1
FNDA:0,foldRight$1
FNDA:0,Foldable_Fold_Map$1
FNDA:0,(anonymous_87)
FNDA:0,Foldable_Fold_Map_Any$1
FNDA:0,(anonymous_89)
FNDA:0,Foldable_Fold_Map_Plus$1
FNDA:0,(anonymous_91)
FNDA:9,map$1
FNDA:0,apply$1
FNDA:0,(anonymous_94)
FNDA:0,bind$1
FNDA:0,mkString$1
FNDA:0,eqBy$1
FNDA:0,eq$1
FNDA:0,Eq$1
FNDA:0,(anonymous_100)
FNDA:0,showBy$1
FNDA:0,show$1
FNDA:0,Show$1
FNDA:0,(anonymous_104)
FNDA:1,WithApplicative$1
FNDA:1,(anonymous_106)
FNDA:0,(anonymous_107)
FNDA:0,(anonymous_108)
DA:3,19
DA:4,19
DA:5,19
DA:6,19
DA:7,19
DA:8,19
DA:9,19
DA:10,19
DA:11,19
DA:12,19
DA:15,0
DA:16,0
DA:21,0
DA:22,0
DA:27,0
DA:28,0
DA:29,0
DA:35,0
DA:36,0
DA:38,0
DA:39,0
DA:44,0
DA:45,0
DA:50,0
DA:51,0
DA:53,0
DA:54,0
DA:56,0
DA:57,0
DA:62,0
DA:65,0
DA:66,0
DA:69,0
DA:70,0
DA:72,0
DA:73,0
DA:75,0
DA:76,0
DA:78,0
DA:79,0
DA:80,0
DA:81,0
DA:83,0
DA:87,0
DA:88,0
DA:89,0
DA:90,0
DA:92,0
DA:96,0
DA:97,0
DA:98,0
DA:99,0
DA:101,0
DA:105,0
DA:112,0
DA:113,0
DA:114,0
DA:119,0
DA:122,0
DA:123,0
DA:124,0
DA:125,0
DA:128,0
DA:132,0
DA:133,0
DA:138,0
DA:139,0
DA:140,0
DA:142,0
DA:148,0
DA:149,0
DA:150,0
DA:152,0
DA:153,0
DA:154,0
DA:156,0
DA:159,0
DA:160,0
DA:162,0
DA:163,0
DA:164,0
DA:166,0
DA:170,0
DA:171,0
DA:172,0
DA:174,0
DA:175,0
DA:177,0
DA:178,0
DA:179,0
DA:180,0
DA:182,0
DA:186,0
DA:187,0
DA:188,0
DA:189,0
DA:191,0
DA:192,0
DA:193,0
DA:196,0
DA:197,0
DA:198,0
DA:199,0
DA:209,0
DA:210,0
DA:216,0
DA:312,20
DA:319,28
DA:326,0
DA:327,0
DA:335,15
DA:339,1
DA:346,1
DA:353,14
DA:357,14
DA:361,14
DA:367,19
DA:371,19
DA:373,19
DA:378,1
DA:382,1
DA:386,1
DA:390,0
DA:391,0
DA:392,0
DA:394,0
DA:400,0
DA:401,0
DA:402,0
DA:404,0
DA:410,0
DA:411,0
DA:412,0
DA:414,0
DA:419,19
DA:427,19
DA:430,2
DA:436,19
DA:440,19
DA:443,0
DA:444,0
DA:448,19
DA:453,19
DA:455,19
DA:461,19
DA:464,1
DA:467,19
DA:474,19
DA:477,1
DA:481,1
DA:482,1
DA:484,0
DA:489,1
DA:493,0
DA:494,0
DA:496,0
DA:502,1
DA:503,1
DA:507,1
DA:511,0
DA:512,0
DA:513,0
DA:515,0
DA:521,1
DA:522,1
DA:523,1
DA:525,1
DA:526,0
DA:527,0
DA:530,1
DA:531,1
DA:532,1
DA:533,1
DA:543,1
DA:544,1
DA:551,19
DA:553,19
DA:555,19
DA:557,19
DA:559,19
DA:561,19
DA:563,19
DA:565,19
DA:567,19
DA:569,19
DA:571,19
DA:573,19
DA:575,19
DA:577,19
DA:579,19
DA:581,19
DA:583,19
DA:585,19
DA:587,19
DA:589,19
DA:591,19
DA:593,19
DA:595,19
DA:597,19
DA:599,19
DA:601,19
DA:603,19
DA:605,19
DA:607,19
DA:609,19
DA:611,19
DA:613,19
DA:615,19
DA:617,19
DA:619,19
DA:621,19
DA:623,19
DA:625,19
DA:627,19
DA:629,19
DA:631,19
DA:633,19
DA:635,19
DA:637,19
DA:639,19
DA:641,19
DA:643,19
DA:645,19
DA:647,19
DA:649,19
DA:651,19
DA:653,19
DA:655,19
DA:657,19
DA:659,19
DA:661,19
DA:663,19
DA:665,19
DA:667,19
DA:669,19
DA:671,19
DA:766,36
DA:773,13
DA:780,0
DA:781,0
DA:789,9
DA:793,1
DA:800,1
DA:807,8
DA:811,8
DA:815,8
DA:821,19
DA:825,19
DA:827,19
DA:832,0
DA:836,0
DA:840,0
DA:844,0
DA:845,0
DA:846,0
DA:848,0
DA:854,0
DA:855,0
DA:856,0
DA:858,0
DA:864,0
DA:865,0
DA:866,0
DA:868,0
DA:873,19
DA:881,19
DA:884,9
DA:890,19
DA:894,19
DA:897,0
DA:898,0
DA:902,19
DA:907,19
DA:909,19
DA:915,19
DA:918,0
DA:921,19
DA:928,19
DA:931,0
DA:935,0
DA:936,0
DA:938,0
DA:943,0
DA:947,0
DA:948,0
DA:950,0
DA:956,0
DA:957,0
DA:961,0
DA:965,0
DA:966,0
DA:967,0
DA:969,0
DA:975,1
DA:976,1
DA:977,1
DA:979,1
DA:980,0
DA:981,0
DA:984,1
DA:985,1
DA:986,1
DA:987,1
DA:997,1
DA:998,1
DA:1005,19
DA:1007,19
DA:1009,19
DA:1011,19
DA:1013,19
DA:1015,19
DA:1017,19
DA:1019,19
DA:1021,19
DA:1023,19
DA:1025,19
DA:1027,19
DA:1029,19
DA:1031,19
DA:1033,19
DA:1035,19
DA:1037,19
DA:1039,19
DA:1041,19
DA:1043,19
DA:1045,19
DA:1047,19
DA:1049,19
DA:1051,19
DA:1053,19
DA:1055,19
DA:1057,19
DA:1059,19
DA:1061,19
DA:1063,19
DA:1065,19
DA:1067,19
DA:1069,19
DA:1071,19
DA:1073,19
DA:1075,19
DA:1077,19
DA:1079,19
DA:1081,19
DA:1083,19
DA:1085,19
DA:1087,19
DA:1089,19
DA:1091,19
DA:1093,19
DA:1095,19
DA:1097,19
DA:1099,19
DA:1101,19
DA:1103,19
DA:1105,19
DA:1107,19
DA:1109,19
DA:1111,19
DA:1113,19
DA:1115,19
DA:1117,19
DA:1119,19
DA:1121,19
DA:1123,19
DA:1125,19
DA:1219,19
DA:1220,19
DA:1221,19
LF:369
LH:210
BRDA:153,0,0,0
BRDA:153,0,1,0
BRDA:481,1,0,1
BRDA:481,1,1,0
BRDA:935,2,0,0
BRDA:935,2,1,0
BRF:6
BRH:1
end_of_record
TN:
SF:/home/awhite/dev/andywhite37/relude/lib/js/src/Relude_Option.bs.js
FN:19,some
FN:23,isSome
FN:27,isNone
FN:31,fold
FN:39,foldLazy
FN:47,getOrElse
FN:55,getOrElseLazy
FN:63,orElse
FN:71,orElseLazy
FN:87,tap
FN:96,tapNone
FN:105,bitap
FN:124,pure
FN:136,bind
FN:149,foldLeft
FN:151,(anonymous_15)
FN:156,foldRight
FN:158,(anonymous_17)
FN:165,alt
FN:173,altLazy
FN:196,filter
FN:198,(anonymous_21)
FN:199,(anonymous_22)
FN:210,filterNot
FN:211,(anonymous_24)
FN:216,eqBy
FN:228,eq
FN:233,showBy
FN:241,show
FN:246,WithSemigroup
FN:261,WithApplicative
FN:277,$pipe$question
FNF:32
FNH:21
FNDA:0,some
FNDA:6,isSome
FNDA:5,isNone
FNDA:42,fold
FNDA:37,foldLazy
FNDA:27,getOrElse
FNDA:8,getOrElseLazy
FNDA:0,orElse
FNDA:6,orElseLazy
FNDA:0,tap
FNDA:0,tapNone
FNDA:0,bitap
FNDA:48,pure
FNDA:115,bind
FNDA:1,foldLeft
FNDA:1,(anonymous_15)
FNDA:1,foldRight
FNDA:1,(anonymous_17)
FNDA:4,alt
FNDA:0,altLazy
FNDA:4,filter
FNDA:4,(anonymous_21)
FNDA:3,(anonymous_22)
FNDA:1,filterNot
FNDA:1,(anonymous_24)
FNDA:4,eqBy
FNDA:4,eq
FNDA:0,showBy
FNDA:0,show
FNDA:0,WithSemigroup
FNDA:0,WithApplicative
FNDA:0,$pipe$question
DA:3,28
DA:4,28
DA:5,28
DA:6,28
DA:7,28
DA:8,28
DA:9,28
DA:10,28
DA:11,28
DA:12,28
DA:13,28
DA:14,28
DA:15,28
DA:16,28
DA:17,28
DA:20,0
DA:24,6
DA:28,5
DA:32,42
DA:33,25
DA:35,17
DA:40,37
DA:41,28
DA:43,9
DA:48,27
DA:49,15
DA:51,12
DA:56,8
DA:57,3
DA:59,5
DA:64,0
DA:65,0
DA:67,0
DA:72,6
DA:73,1
DA:75,5
DA:79,28
DA:81,28
DA:85,28
DA:88,0
DA:89,0
DA:90,0
DA:92,0
DA:97,0
DA:98,0
DA:100,0
DA:101,0
DA:106,0
DA:107,0
DA:108,0
DA:110,0
DA:111,0
DA:115,28
DA:117,28
DA:122,28
DA:125,48
DA:128,28
DA:134,28
DA:137,115
DA:140,28
DA:147,28
DA:150,1
DA:151,1
DA:152,1
DA:157,1
DA:158,1
DA:159,1
DA:163,28
DA:166,4
DA:167,2
DA:169,2
DA:174,0
DA:175,0
DA:177,0
DA:181,28
DA:185,28
DA:190,28
DA:192,28
DA:194,28
DA:197,4
DA:198,4
DA:199,4
DA:200,3
DA:201,3
DA:202,2
DA:204,1
DA:211,1
DA:212,1
DA:217,4
DA:218,3
DA:219,2
DA:221,1
DA:224,1
DA:229,4
DA:230,4
DA:234,0
DA:235,0
DA:237,0
DA:242,0
DA:243,0
DA:247,0
DA:248,0
DA:249,0
DA:250,0
DA:251,0
DA:262,0
DA:263,0
DA:264,0
DA:269,28
DA:271,28
DA:273,28
DA:275,28
DA:278,0
DA:281,28
DA:283,28
DA:285,28
DA:287,28
DA:289,28
DA:291,28
DA:293,28
DA:295,28
DA:297,28
DA:299,28
DA:301,28
DA:303,28
DA:305,28
DA:307,28
DA:309,28
DA:311,28
DA:313,28
DA:333,28
DA:335,28
DA:337,28
DA:339,28
DA:341,28
DA:343,28
DA:345,28
DA:347,28
DA:349,28
DA:351,28
DA:353,28
DA:355,28
DA:357,28
DA:359,28
DA:361,28
DA:363,28
DA:365,28
DA:367,28
DA:369,28
DA:371,28
DA:373,28
DA:375,28
DA:377,28
DA:379,28
DA:381,28
DA:383,28
DA:385,28
DA:387,28
DA:389,28
DA:391,28
DA:393,28
DA:395,28
DA:397,28
DA:399,28
DA:401,28
DA:403,28
DA:405,28
DA:407,28
DA:409,28
DA:411,28
DA:413,28
DA:415,28
DA:417,28
DA:419,28
DA:421,28
DA:423,28
DA:425,28
DA:427,28
DA:429,28
DA:431,28
DA:433,28
DA:435,28
DA:437,28
DA:439,28
DA:441,28
DA:443,28
DA:445,28
DA:447,28
DA:449,28
DA:451,28
DA:453,28
DA:455,28
DA:457,28
DA:459,28
DA:461,28
DA:463,28
DA:465,28
DA:467,28
DA:469,28
DA:471,28
DA:472,28
DA:473,28
DA:474,28
DA:475,28
DA:476,28
DA:477,28
DA:478,28
DA:479,28
DA:480,28
DA:481,28
DA:482,28
DA:483,28
DA:484,28
DA:485,28
DA:486,28
DA:487,28
DA:488,28
DA:489,28
DA:490,28
DA:491,28
DA:492,28
DA:493,28
DA:494,28
DA:495,28
DA:496,28
DA:497,28
DA:498,28
DA:499,28
DA:500,28
DA:501,28
DA:502,28
DA:503,28
DA:504,28
DA:505,28
DA:506,28
DA:507,28
DA:508,28
DA:509,28
DA:510,28
DA:511,28
DA:512,28
DA:513,28
DA:514,28
DA:515,28
DA:516,28
DA:517,28
DA:518,28
DA:519,28
DA:520,28
DA:521,28
DA:522,28
DA:523,28
DA:524,28
DA:525,28
DA:526,28
DA:527,28
DA:528,28
DA:529,28
DA:530,28
DA:531,28
DA:532,28
DA:533,28
DA:534,28
DA:535,28
DA:536,28
DA:537,28
DA:538,28
DA:539,28
DA:540,28
DA:541,28
DA:542,28
DA:543,28
DA:544,28
DA:545,28
DA:546,28
DA:547,28
DA:548,28
DA:549,28
DA:550,28
DA:551,28
DA:552,28
DA:553,28
DA:554,28
DA:555,28
DA:556,28
DA:557,28
DA:558,28
DA:559,28
DA:560,28
DA:561,28
DA:562,28
DA:563,28
DA:564,28
DA:565,28
DA:566,28
DA:567,28
DA:568,28
DA:569,28
DA:570,28
DA:571,28
DA:572,28
DA:573,28
DA:574,28
LF:303
LH:269
BRDA:32,0,0,25
BRDA:32,0,1,17
BRDA:40,1,0,28
BRDA:40,1,1,9
BRDA:48,2,0,15
BRDA:48,2,1,12
BRDA:56,3,0,3
BRDA:56,3,1,5
BRDA:64,4,0,0
BRDA:64,4,1,0
BRDA:72,5,0,1
BRDA:72,5,1,5
BRDA:88,6,0,0
BRDA:88,6,1,0
BRDA:97,7,0,0
BRDA:97,7,1,0
BRDA:106,8,0,0
BRDA:106,8,1,0
BRDA:166,9,0,2
BRDA:166,9,1,2
BRDA:174,10,0,0
BRDA:174,10,1,0
BRDA:201,11,0,2
BRDA:201,11,1,1
BRDA:217,12,0,3
BRDA:217,12,1,1
BRDA:218,13,0,2
BRDA:218,13,1,1
BRDA:234,14,0,0
BRDA:234,14,1,0
BRF:30
BRH:18
end_of_record
TN:
SF:/home/awhite/dev/andywhite37/relude/lib/js/src/Relude_OptionT.bs.js
FN:11,WithMonad
[...]
FN:237,(anonymous_49)
FN:243,validateBoolAtIndex
FN:244,(anonymous_51)
FN:245,(anonymous_52)
FN:251,validateIntAtIndex
FN:252,(anonymous_54)
FN:253,(anonymous_55)
FN:259,validateFloatAtIndex
FN:260,(anonymous_57)
FN:261,(anonymous_58)
FN:267,validateStringAtIndex
FN:268,(anonymous_60)
FN:269,(anonymous_61)
FN:275,validateOptionalAtIndex
FN:306,validateArrayOfJson
FN:307,(anonymous_64)
FN:309,(anonymous_65)
FN:310,(anonymous_66)
FN:312,(anonymous_67)
FN:319,validateArrayOfJsonAsList
FN:320,(anonymous_69)
FN:322,(anonymous_70)
FN:323,(anonymous_71)
FN:325,(anonymous_72)
FN:332,validateArrayAtIndex
FN:333,(anonymous_74)
FN:335,(anonymous_75)
FN:340,getJsonForKey
FN:341,(anonymous_77)
FN:346,validateJsonForKey
FN:347,(anonymous_79)
FN:352,validateNullForKey
FN:353,(anonymous_81)
FN:354,(anonymous_82)
FN:360,validateBoolForKey
FN:361,(anonymous_84)
FN:362,(anonymous_85)
FN:368,validateIntForKey
FN:369,(anonymous_87)
FN:370,(anonymous_88)
FN:376,validateFloatForKey
FN:377,(anonymous_90)
FN:378,(anonymous_91)
FN:384,validateStringForKey
FN:385,(anonymous_93)
FN:386,(anonymous_94)
FN:392,validateOptionalForKey
FN:423,validateArrayForKey
FN:424,(anonymous_97)
FN:426,(anonymous_98)
FN:431,validateListForKey
FN:432,(anonymous_100)
FN:434,(anonymous_101)
FN:466,opt
FN:471,optAt
FN:478,optFor
FNF:105
FNH:61
FNDA:28,show
FNDA:1,isNull
FNDA:1,isBool
FNDA:1,isString
FNDA:1,isNumber
FNDA:1,isObject
FNDA:1,isArray
FNDA:4,fromBool
FNDA:39,fromString
FNDA:19,fromInt
FNDA:19,(anonymous_10)
FNDA:19,(anonymous_11)
FNDA:6,fromFloat
FNDA:2,fromOption
FNDA:16,fromArrayOfJson
FNDA:0,fromArrayOfJsonBy
FNDA:10,fromListOfJson
FNDA:2,fromListOfJsonBy
FNDA:1,fromDictOfJson
FNDA:0,fromArrayOfDictOfJson
FNDA:0,fromListOfDictOfJson
FNDA:0,(anonymous_21)
FNDA:0,toNull
FNDA:3,toInt
FNDA:3,(anonymous_24)
FNDA:0,toArrayOfJsonOrElse
FNDA:0,toArrayOfJsonOrEmpty
FNDA:0,toListOfJson
FNDA:0,toListOfJsonOrElse
FNDA:0,toListOrEmpty
FNDA:0,toDictOfJsonOrElse
FNDA:0,toDictOfJsonOrEmpty
FNDA:14,validateNull
FNDA:9,(anonymous_33)
FNDA:7,validateBool
FNDA:5,(anonymous_35)
FNDA:24,validateString
FNDA:10,(anonymous_37)
FNDA:3,validateInt
FNDA:0,(anonymous_39)
FNDA:0,validateFloat
FNDA:0,(anonymous_41)
FNDA:4,validateOptional
FNDA:11,getJsonAtIndex
FNDA:11,(anonymous_44)
FNDA:3,validateJsonAtIndex
FNDA:0,(anonymous_46)
FNDA:0,validateNullAtIndex
FNDA:0,(anonymous_48)
FNDA:0,(anonymous_49)
FNDA:1,validateBoolAtIndex
FNDA:1,(anonymous_51)
FNDA:0,(anonymous_52)
FNDA:1,validateIntAtIndex
FNDA:1,(anonymous_54)
FNDA:0,(anonymous_55)
FNDA:0,validateFloatAtIndex
FNDA:0,(anonymous_57)
FNDA:0,(anonymous_58)
FNDA:1,validateStringAtIndex
FNDA:1,(anonymous_60)
FNDA:0,(anonymous_61)
FNDA:7,validateOptionalAtIndex
FNDA:5,validateArrayOfJson
FNDA:0,(anonymous_64)
FNDA:5,(anonymous_65)
FNDA:16,(anonymous_66)
FNDA:7,(anonymous_67)
FNDA:0,validateArrayOfJsonAsList
FNDA:0,(anonymous_69)
FNDA:0,(anonymous_70)
FNDA:0,(anonymous_71)
FNDA:0,(anonymous_72)
FNDA:1,validateArrayAtIndex
FNDA:0,(anonymous_74)
FNDA:1,(anonymous_75)
FNDA:15,getJsonForKey
FNDA:15,(anonymous_77)
FNDA:6,validateJsonForKey
FNDA:0,(anonymous_79)
FNDA:0,validateNullForKey
FNDA:0,(anonymous_81)
FNDA:0,(anonymous_82)
FNDA:2,validateBoolForKey
FNDA:2,(anonymous_84)
FNDA:1,(anonymous_85)
FNDA:2,validateIntForKey
FNDA:2,(anonymous_87)
FNDA:0,(anonymous_88)
FNDA:0,validateFloatForKey
FNDA:0,(anonymous_90)
FNDA:0,(anonymous_91)
FNDA:2,validateStringForKey
FNDA:2,(anonymous_93)
FNDA:1,(anonymous_94)
FNDA:7,validateOptionalForKey
FNDA:2,validateArrayForKey
FNDA:0,(anonymous_97)
FNDA:2,(anonymous_98)
FNDA:0,validateListForKey
FNDA:0,(anonymous_100)
FNDA:0,(anonymous_101)
FNDA:4,opt
FNDA:7,optAt
FNDA:7,optFor
DA:3,1
DA:4,1
DA:5,1
DA:6,1
DA:7,1
DA:8,1
DA:9,1
DA:10,1
DA:11,1
DA:12,1
DA:13,1
DA:14,1
DA:15,1
DA:17,1
DA:19,1
DA:22,28
DA:23,28
DA:27,1
DA:31,1
DA:35,1
DA:39,1
DA:43,1
DA:47,1
DA:50,1
DA:53,4
DA:57,39
DA:61,19
DA:62,19
DA:64,19
DA:69,6
DA:73,2
DA:77,16
DA:81,0
DA:85,10
DA:89,2
DA:90,2
DA:94,1
DA:98,0
DA:102,0
DA:103,0
DA:107,1
DA:109,1
DA:112,0
DA:116,3
DA:117,3
DA:122,0
DA:125,1
DA:128,0
DA:132,0
DA:136,0
DA:140,0
DA:144,0
DA:147,1
DA:150,0
DA:153,1
DA:155,1
DA:159,1
DA:161,1
DA:163,1
DA:170,1
DA:172,1
DA:175,14
DA:176,9
DA:181,7
DA:182,5
DA:187,24
DA:188,10
DA:193,3
DA:194,0
DA:199,0
DA:200,0
DA:205,4
DA:206,4
DA:207,4
DA:208,3
DA:209,3
DA:210,2
DA:211,1
DA:213,1
DA:216,1
DA:219,1
DA:224,11
DA:225,11
DA:230,3
DA:231,0
DA:236,0
DA:237,0
DA:238,0
DA:244,1
DA:245,1
DA:246,0
DA:252,1
DA:253,1
DA:254,0
DA:260,0
DA:261,0
DA:262,0
DA:268,1
DA:269,1
DA:270,0
DA:276,7
DA:277,7
DA:278,7
DA:279,7
DA:280,7
DA:281,5
DA:282,5
DA:283,5
DA:284,3
DA:285,3
DA:286,2
DA:287,1
DA:289,1
DA:292,1
DA:294,2
DA:295,1
DA:297,1
DA:299,2
DA:300,1
DA:302,1
DA:307,5
DA:308,0
DA:310,5
DA:311,16
DA:312,16
DA:313,7
DA:320,0
DA:321,0
DA:323,0
DA:324,0
DA:325,0
DA:326,0
DA:333,1
DA:334,0
DA:336,1
DA:341,15
DA:342,15
DA:347,6
DA:348,0
DA:353,0
DA:354,0
DA:355,0
DA:361,2
DA:362,2
DA:363,1
DA:369,2
DA:370,2
DA:371,0
DA:377,0
DA:378,0
DA:379,0
DA:385,2
DA:386,2
DA:387,1
DA:393,7
DA:394,7
DA:395,7
DA:396,7
DA:397,7
DA:398,5
DA:399,5
DA:400,5
DA:401,3
DA:402,3
DA:403,2
DA:404,1
DA:406,1
DA:409,1
DA:411,2
DA:412,1
DA:414,1
DA:416,2
DA:417,1
DA:419,1
DA:424,2
DA:425,0
DA:427,2
DA:432,0
DA:433,0
DA:435,0
DA:439,1
DA:441,1
DA:443,1
DA:445,1
DA:447,1
DA:467,4
DA:468,4
DA:472,7
DA:473,7
DA:474,7
DA:475,7
DA:479,7
DA:480,7
DA:481,7
DA:482,7
DA:485,1
DA:517,1
DA:526,1
DA:528,1
DA:530,1
DA:532,1
DA:534,1
DA:536,1
DA:538,1
DA:540,1
DA:542,1
DA:544,1
DA:546,1
DA:548,1
DA:550,1
DA:552,1
DA:554,1
DA:556,1
DA:557,1
DA:558,1
DA:559,1
DA:560,1
DA:561,1
DA:562,1
DA:563,1
DA:564,1
DA:565,1
DA:566,1
DA:567,1
DA:568,1
DA:569,1
DA:570,1
DA:571,1
DA:572,1
DA:573,1
DA:574,1
DA:575,1
DA:576,1
DA:577,1
DA:578,1
DA:579,1
DA:580,1
DA:581,1
DA:582,1
DA:583,1
DA:584,1
DA:585,1
DA:586,1
DA:587,1
DA:588,1
DA:589,1
DA:590,1
DA:591,1
DA:592,1
DA:593,1
DA:594,1
DA:595,1
DA:596,1
DA:597,1
DA:598,1
DA:599,1
DA:600,1
DA:601,1
DA:602,1
DA:603,1
DA:604,1
DA:605,1
DA:606,1
DA:607,1
DA:608,1
DA:609,1
DA:610,1
DA:611,1
DA:612,1
DA:613,1
DA:614,1
DA:615,1
DA:616,1
DA:617,1
DA:618,1
DA:619,1
DA:620,1
DA:621,1
DA:622,1
DA:623,1
DA:624,1
DA:625,1
DA:626,1
DA:627,1
DA:628,1
DA:629,1
DA:630,1
DA:631,1
DA:632,1
DA:633,1
DA:634,1
DA:635,1
LF:292
LH:247
BRDA:22,0,0,0
BRDA:22,0,1,28
BRDA:205,1,0,4
BRDA:205,1,1,0
BRDA:207,2,0,3
BRDA:207,2,1,1
BRDA:209,3,0,2
BRDA:209,3,1,1
BRDA:210,4,0,1
BRDA:210,4,1,1
BRDA:276,5,0,7
BRDA:276,5,1,0
BRDA:277,6,0,7
BRDA:277,6,1,0
BRDA:278,7,0,7
BRDA:278,7,1,0
BRDA:280,8,0,5
BRDA:280,8,1,2
BRDA:283,9,0,3
BRDA:283,9,1,2
BRDA:285,10,0,2
BRDA:285,10,1,1
BRDA:286,11,0,1
BRDA:286,11,1,1
BRDA:294,12,0,1
BRDA:294,12,1,1
BRDA:299,13,0,1
BRDA:299,13,1,1
BRDA:393,14,0,7
BRDA:393,14,1,0
BRDA:394,15,0,7
BRDA:394,15,1,0
BRDA:395,16,0,7
BRDA:395,16,1,0
BRDA:397,17,0,5
BRDA:397,17,1,2
BRDA:400,18,0,3
BRDA:400,18,1,2
BRDA:402,19,0,2
BRDA:402,19,1,1
BRDA:403,20,0,1
BRDA:403,20,1,1
BRDA:411,21,0,1
BRDA:411,21,1,1
BRDA:416,22,0,1
BRDA:416,22,1,1
BRDA:467,23,0,4
BRDA:467,23,1,0
BRDA:472,24,0,7
BRDA:472,24,1,0
BRDA:473,25,0,7
BRDA:473,25,1,0
BRDA:474,26,0,7
BRDA:474,26,1,0
BRDA:479,27,0,7
BRDA:479,27,1,0
BRDA:480,28,0,7
BRDA:480,28,1,0
BRDA:481,29,0,7
BRDA:481,29,1,0
BRF:60
BRH:45
end_of_record
TN:
SF:/home/awhite/dev/andywhite37/relude/lib/js/src/js/Relude_Js_Promise.bs.js
FN:7,toIO
FN:8,(anonymous_1)
FN:9,(anonymous_2)
FN:11,(anonymous_3)
FN:18,toIOLazy
FN:19,(anonymous_5)
FN:21,(anonymous_6)
FN:23,(anonymous_7)
FN:30,fromIO
FN:31,(anonymous_9)
FN:32,(anonymous_10)
FN:42,fromIOExn
FN:43,(anonymous_12)
FN:44,(anonymous_13)
FN:54,fromIOJsExn
FN:55,(anonymous_15)
FN:56,(anonymous_16)
FNF:17
FNH:8
FNDA:2,toIO
FNDA:2,(anonymous_1)
FNDA:1,(anonymous_2)
FNDA:1,(anonymous_3)
FNDA:3,toIOLazy
FNDA:3,(anonymous_5)
FNDA:2,(anonymous_6)
FNDA:1,(anonymous_7)
FNDA:0,fromIO
FNDA:0,(anonymous_9)
FNDA:0,(anonymous_10)
FNDA:0,fromIOExn
FNDA:0,(anonymous_12)
FNDA:0,(anonymous_13)
FNDA:0,fromIOJsExn
FNDA:0,(anonymous_15)
FNDA:0,(anonymous_16)
DA:3,2
DA:4,2
DA:5,2
DA:8,2
DA:9,2
DA:10,1
DA:12,1
DA:14,2
DA:19,3
DA:20,3
DA:21,3
DA:22,2
DA:24,1
DA:26,3
DA:31,0
DA:32,0
DA:33,0
DA:34,0
DA:36,0
DA:43,0
DA:44,0
DA:45,0
DA:46,0
DA:48,0
DA:55,0
DA:56,0
DA:57,0
DA:58,0
DA:60,0
DA:66,2
DA:67,2
DA:68,2
DA:69,2
DA:70,2
LF:34
LH:19
BRDA:33,0,0,0
BRDA:33,0,1,0
BRDA:45,1,0,0
BRDA:45,1,1,0
BRDA:57,2,0,0
BRDA:57,2,1,0
BRF:6
BRH:0
end_of_record
TN:
SF:/home/awhite/dev/andywhite37/relude/lib/js/src/list/Relude_List_Base.bs.js
FN:10,cons
FN:17,uncons
FN:27,append
FN:36,mapWithIndex
FN:37,(anonymous_4)
FN:42,isEmpty
FN:50,isNotEmpty
FN:56,at
FN:60,head
FN:67,tail
FN:74,tailOrEmpty
FN:78,init
FN:93,initOrEmpty
FN:102,last
FN:119,take
FN:120,(anonymous_15)
FN:141,takeExactly
FN:142,(anonymous_17)
FN:168,takeWhile
FN:169,(anonymous_19)
FN:193,drop
FN:211,dropExactly
FN:215,dropWhile
FN:227,filter
FN:231,filterWithIndex
FN:235,filterNot
FN:236,(anonymous_26)
FN:237,(anonymous_27)
FN:243,filterNotWithIndex
FN:244,(anonymous_29)
FN:245,(anonymous_30)
FN:251,mapOption
FN:252,(anonymous_32)
FN:253,(anonymous_33)
FN:262,catOptions
FN:263,(anonymous_35)
FN:268,partition
FN:272,splitAt
FN:276,prependToAll
FN:277,(anonymous_39)
FN:299,intersperse
FN:310,replicate
FN:331,zipWith
FN:335,zipWithIndex
FN:336,(anonymous_44)
FN:344,sortWithInt
FN:348,sortBy
FN:349,(anonymous_47)
FN:354,sort
FN:358,distinctBy
FN:359,(anonymous_50)
FN:372,removeFirstBy
FN:373,(anonymous_52)
FN:407,removeEachBy
FN:408,(anonymous_54)
FN:421,distinct
FN:425,removeFirst
FN:429,removeEach
FN:433,replaceAt
FN:434,(anonymous_59)
FN:443,scanLeft
FN:444,(anonymous_61)
FN:459,scanRight
FN:460,(anonymous_63)
FNF:64
FNH:59
FNDA:86,cons
FNDA:119,uncons
FNDA:43,append
FNDA:2,mapWithIndex
FNDA:8,(anonymous_4)
FNDA:6,isEmpty
FNDA:2,isNotEmpty
FNDA:3,at
FNDA:9,head
FNDA:10,tail
FNDA:3,tailOrEmpty
FNDA:12,init
FNDA:3,initOrEmpty
FNDA:3,last
FNDA:21,take
FNDA:21,(anonymous_15)
FNDA:6,takeExactly
FNDA:5,(anonymous_17)
FNDA:4,takeWhile
FNDA:4,(anonymous_19)
FNDA:8,drop
FNDA:5,dropExactly
FNDA:4,dropWhile
FNDA:1,filter
FNDA:1,filterWithIndex
FNDA:1,filterNot
FNDA:1,(anonymous_26)
FNDA:4,(anonymous_27)
FNDA:1,filterNotWithIndex
FNDA:1,(anonymous_29)
FNDA:4,(anonymous_30)
FNDA:3,mapOption
FNDA:11,(anonymous_32)
FNDA:6,(anonymous_33)
FNDA:0,catOptions
FNDA:0,(anonymous_35)
FNDA:1,partition
FNDA:1,splitAt
FNDA:3,prependToAll
FNDA:3,(anonymous_39)
FNDA:2,intersperse
FNDA:5,replicate
FNDA:7,zipWith
FNDA:1,zipWithIndex
FNDA:3,(anonymous_44)
FNDA:1,sortWithInt
FNDA:3,sortBy
FNDA:28,(anonymous_47)
FNDA:1,sort
FNDA:1,distinctBy
FNDA:12,(anonymous_50)
FNDA:7,removeFirstBy
FNDA:16,(anonymous_52)
FNDA:5,removeEachBy
FNDA:11,(anonymous_54)
FNDA:0,distinct
FNDA:0,removeFirst
FNDA:0,removeEach
FNDA:1,replaceAt
FNDA:5,(anonymous_59)
FNDA:1,scanLeft
FNDA:5,(anonymous_61)
FNDA:1,scanRight
FNDA:5,(anonymous_63)
DA:3,22
DA:4,22
DA:5,22
DA:6,22
DA:7,22
DA:8,22
DA:11,86
DA:18,119
DA:19,94
DA:28,43
DA:34,22
DA:37,2
DA:38,8
DA:43,6
DA:44,3
DA:46,3
DA:51,2
DA:57,3
DA:61,9
DA:62,6
DA:68,10
DA:69,6
DA:75,3
DA:79,12
DA:80,10
DA:81,10
DA:82,6
DA:87,4
DA:94,3
DA:95,3
DA:96,2
DA:98,1
DA:103,3
DA:104,6
DA:105,6
DA:106,5
DA:107,5
DA:108,3
DA:109,3
DA:111,2
DA:114,1
DA:120,21
DA:121,21
DA:122,84
DA:123,84
DA:124,84
DA:125,84
DA:126,21
DA:128,63
DA:129,63
DA:130,63
DA:134,63
DA:138,21
DA:142,6
DA:143,5
DA:144,10
DA:145,10
DA:146,10
DA:147,10
DA:148,3
DA:149,7
DA:150,5
DA:151,5
DA:152,5
DA:156,5
DA:158,2
DA:162,6
DA:163,5
DA:169,4
DA:170,4
DA:171,10
DA:172,10
DA:173,10
DA:174,8
DA:175,8
DA:176,6
DA:177,6
DA:181,6
DA:183,2
DA:186,2
DA:190,4
DA:194,8
DA:195,18
DA:196,18
DA:197,18
DA:198,14
DA:199,4
DA:201,10
DA:202,10
DA:203,10
DA:206,4
DA:212,5
DA:216,4
DA:217,10
DA:218,10
DA:219,6
DA:220,6
DA:222,4
DA:228,1
DA:232,1
DA:236,1
DA:237,1
DA:238,4
DA:244,1
DA:245,1
DA:246,4
DA:252,3
DA:253,11
DA:254,6
DA:263,0
DA:264,0
DA:269,1
DA:273,1
DA:277,3
DA:278,3
DA:279,20007
DA:280,20007
DA:281,20007
DA:282,20004
DA:283,20004
DA:290,20004
DA:292,3
DA:296,3
DA:300,2
DA:301,2
DA:306,0
DA:311,5
DA:312,2
DA:314,3
DA:315,3
DA:316,3
DA:317,14
DA:318,14
DA:319,14
DA:320,14
DA:321,3
DA:323,11
DA:324,11
DA:325,11
DA:332,7
DA:336,1
DA:337,3
DA:345,1
DA:349,3
DA:350,28
DA:355,1
DA:359,1
DA:360,12
DA:361,12
DA:362,6
DA:364,6
DA:373,7
DA:374,16
DA:375,16
DA:376,7
DA:384,9
DA:385,9
DA:386,5
DA:391,4
DA:401,7
DA:408,5
DA:409,11
DA:410,11
DA:411,6
DA:413,5
DA:422,0
DA:426,0
DA:430,0
DA:434,1
DA:435,5
DA:436,1
DA:438,4
DA:444,1
DA:445,5
DA:446,5
DA:460,1
DA:461,5
DA:462,5
DA:475,22
DA:477,22
DA:479,22
DA:481,22
DA:483,22
DA:485,22
DA:487,22
DA:488,22
DA:489,22
DA:490,22
DA:491,22
DA:492,22
DA:493,22
DA:494,22
DA:495,22
DA:496,22
DA:497,22
DA:498,22
DA:499,22
DA:500,22
DA:501,22
DA:502,22
DA:503,22
DA:504,22
DA:505,22
DA:506,22
DA:507,22
DA:508,22
DA:509,22
DA:510,22
DA:511,22
DA:512,22
DA:513,22
DA:514,22
DA:515,22
DA:516,22
DA:517,22
DA:518,22
DA:519,22
DA:520,22
DA:521,22
DA:522,22
DA:523,22
DA:524,22
DA:525,22
DA:526,22
DA:527,22
DA:528,22
DA:529,22
DA:530,22
DA:531,22
DA:532,22
DA:533,22
DA:534,22
DA:535,22
DA:536,22
DA:537,22
LF:235
LH:229
BRDA:18,0,0,94
BRDA:18,0,1,25
BRDA:43,1,0,3
BRDA:43,1,1,3
BRDA:52,2,0,1
BRDA:52,2,1,1
BRDA:61,3,0,6
BRDA:61,3,1,3
BRDA:68,4,0,6
BRDA:68,4,1,4
BRDA:79,5,0,10
BRDA:79,5,1,2
BRDA:81,6,0,6
BRDA:81,6,1,4
BRDA:95,7,0,2
BRDA:95,7,1,1
BRDA:105,8,0,5
BRDA:105,8,1,1
BRDA:107,9,0,3
BRDA:107,9,1,2
BRDA:125,10,0,21
BRDA:125,10,1,63
BRDA:125,11,0,84
BRDA:125,11,1,74
BRDA:147,12,0,3
BRDA:147,12,1,7
BRDA:149,13,0,5
BRDA:149,13,1,2
BRDA:162,14,0,5
BRDA:162,14,1,1
BRDA:173,15,0,8
BRDA:173,15,1,2
BRDA:175,16,0,6
BRDA:175,16,1,2
BRDA:197,17,0,14
BRDA:197,17,1,4
BRDA:198,18,0,4
BRDA:198,18,1,10
BRDA:218,19,0,6
BRDA:218,19,1,4
BRDA:218,20,0,10
BRDA:218,20,1,8
BRDA:281,21,0,20004
BRDA:281,21,1,3
BRDA:300,22,0,2
BRDA:300,22,1,0
BRDA:311,23,0,2
BRDA:311,23,1,3
BRDA:320,24,0,3
BRDA:320,24,1,11
BRDA:361,25,0,6
BRDA:361,25,1,6
BRDA:375,26,0,7
BRDA:375,26,1,9
BRDA:385,27,0,5
BRDA:385,27,1,4
BRDA:410,28,0,6
BRDA:410,28,1,5
BRDA:435,29,0,1
BRDA:435,29,1,4
BRF:60
BRH:59
end_of_record
TN:
SF:/home/awhite/dev/andywhite37/relude/lib/js/src/list/Relude_List_Instances.bs.js
FN:120,eqBy
FN:140,eq
FN:144,Eq
FN:145,(anonymous_3)
FN:153,showBy
FN:158,show
FN:162,Show
FN:163,(anonymous_7)
FNF:8
FNH:3
FNDA:14,eqBy
FNDA:2,eq
FNDA:0,Eq
FNDA:0,(anonymous_3)
FNDA:5,showBy
FNDA:0,show
FNDA:0,Show
FNDA:0,(anonymous_7)
DA:3,22
DA:4,22
DA:5,22
DA:6,22
DA:7,22
DA:8,22
DA:9,22
DA:10,22
DA:11,22
DA:12,22
DA:13,22
DA:14,22
DA:15,22
DA:16,22
DA:18,22
DA:20,22
DA:24,22
DA:26,22
DA:31,22
DA:33,22
DA:35,22
DA:39,22
DA:41,22
DA:43,22
DA:48,22
DA:50,22
DA:52,22
DA:58,22
DA:60,22
DA:62,22
DA:69,22
DA:71,22
DA:73,22
DA:78,22
DA:80,22
DA:86,22
DA:88,22
DA:96,22
DA:98,22
DA:100,22
DA:102,22
DA:104,22
DA:106,22
DA:108,22
DA:116,22
DA:118,22
DA:121,14
DA:122,37
DA:123,37
DA:124,37
DA:125,28
DA:126,23
DA:127,23
DA:128,23
DA:130,5
DA:132,9
DA:133,1
DA:135,8
DA:141,2
DA:145,0
DA:146,0
DA:148,0
DA:154,5
DA:155,5
DA:159,0
DA:163,0
DA:164,0
DA:166,0
DA:171,22
DA:176,22
DA:178,22
DA:180,22
DA:182,22
DA:184,22
DA:186,22
DA:188,22
DA:190,22
DA:192,22
DA:194,22
DA:196,22
DA:198,22
DA:200,22
DA:202,22
DA:204,22
DA:206,22
DA:208,22
DA:210,22
DA:212,22
DA:214,22
DA:216,22
DA:218,22
DA:220,22
DA:222,22
DA:224,22
DA:226,22
DA:228,22
DA:230,22
DA:232,22
DA:234,22
DA:236,22
DA:238,22
DA:240,22
DA:242,22
DA:244,22
DA:246,22
DA:248,22
DA:250,22
DA:252,22
DA:254,22
DA:256,22
DA:258,22
DA:260,22
DA:262,22
DA:264,22
DA:266,22
DA:268,22
DA:270,22
DA:272,22
DA:274,22
DA:276,22
DA:278,22
DA:280,22
DA:282,22
DA:284,22
DA:286,22
DA:288,22
DA:290,22
DA:292,22
DA:294,22
DA:296,22
DA:298,22
DA:300,22
DA:302,22
DA:304,22
DA:305,22
DA:306,22
DA:307,22
DA:308,22
DA:309,22
DA:310,22
DA:311,22
DA:312,22
DA:313,22
DA:314,22
DA:315,22
DA:316,22
DA:317,22
DA:318,22
DA:319,22
DA:320,22
DA:321,22
DA:322,22
DA:323,22
DA:324,22
DA:325,22
DA:326,22
DA:327,22
DA:328,22
DA:329,22
DA:330,22
DA:331,22
DA:332,22
DA:333,22
DA:334,22
DA:335,22
DA:336,22
DA:337,22
DA:338,22
DA:339,22
DA:340,22
DA:341,22
DA:342,22
DA:343,22
DA:344,22
DA:345,22
DA:346,22
DA:347,22
DA:348,22
DA:349,22
DA:350,22
DA:351,22
DA:352,22
DA:353,22
DA:354,22
DA:355,22
DA:356,22
DA:357,22
DA:358,22
DA:359,22
DA:360,22
DA:361,22
DA:362,22
DA:363,22
DA:364,22
DA:365,22
DA:366,22
DA:367,22
DA:368,22
DA:369,22
DA:370,22
DA:371,22
DA:372,22
DA:373,22
DA:374,22
DA:375,22
DA:376,22
DA:377,22
DA:378,22
DA:379,22
DA:380,22
DA:381,22
DA:382,22
DA:383,22
DA:384,22
DA:385,22
DA:386,22
DA:387,22
DA:388,22
DA:389,22
DA:390,22
DA:391,22
DA:392,22
DA:393,22
LF:223
LH:216
BRDA:124,0,0,28
BRDA:124,0,1,9
BRDA:125,1,0,23
BRDA:125,1,1,5
BRDA:125,2,0,28
BRDA:125,2,1,27
BRDA:132,3,0,1
BRDA:132,3,1,8
BRF:8
BRH:8
end_of_record
TN:
SF:/home/awhite/dev/andywhite37/relude/lib/js/src/list/Relude_List_Specializations.bs.js
FN:18,ListEqExtensions
FN:21,(anonymous_1)
FN:25,(anonymous_2)
FN:29,(anonymous_3)
FN:33,(anonymous_4)
FN:46,ListOrdExtensions
FN:52,(anonymous_6)
FN:56,(anonymous_7)
FN:60,(anonymous_8)
FN:64,(anonymous_9)
FN:69,(anonymous_10)
FN:85,ListMonoidExtensions
FN:103,removeFirst
FN:109,removeEach
FN:115,eq
FN:123,sort
FN:133,distinct
FN:134,(anonymous_17)
FN:178,distinct$1
FN:184,removeFirst$1
FN:190,removeEach$1
FN:196,eq$1
FN:204,sort$1
FN:242,distinct$2
FN:248,removeFirst$2
FN:254,removeEach$2
FN:260,eq$2
FN:268,sort$2
FN:327,traverse
FN:333,sequence
FN:344,traverse$1
FN:350,sequence$1
FN:361,Traversable
FN:362,(anonymous_33)
FN:380,TraversableWithErrorsAsList
FN:381,(anonymous_35)
FN:399,(anonymous_36)
FN:416,TraversableWithErrorsAsNonEmptyList
FN:418,(anonymous_38)
FN:436,traverse$2
FN:439,(anonymous_40)
FN:455,(anonymous_41)
FNF:42
FNH:11
FNDA:0,ListEqExtensions
FNDA:0,(anonymous_1)
FNDA:0,(anonymous_2)
FNDA:0,(anonymous_3)
FNDA:0,(anonymous_4)
FNDA:0,ListOrdExtensions
FNDA:0,(anonymous_6)
FNDA:0,(anonymous_7)
FNDA:0,(anonymous_8)
FNDA:0,(anonymous_9)
FNDA:0,(anonymous_10)
FNDA:0,ListMonoidExtensions
FNDA:1,removeFirst
FNDA:1,removeEach
FNDA:4,eq
FNDA:1,sort
FNDA:1,distinct
FNDA:4,(anonymous_17)
FNDA:0,distinct$1
FNDA:0,removeFirst$1
FNDA:0,removeEach$1
FNDA:0,eq$1
FNDA:0,sort$1
FNDA:0,distinct$2
FNDA:0,removeFirst$2
FNDA:0,removeEach$2
FNDA:0,eq$2
FNDA:0,sort$2
FNDA:0,traverse
FNDA:0,sequence
FNDA:0,traverse$1
FNDA:1,sequence$1
FNDA:0,Traversable
FNDA:0,(anonymous_33)
FNDA:0,TraversableWithErrorsAsList
FNDA:0,(anonymous_35)
FNDA:7,(anonymous_36)
FNDA:0,TraversableWithErrorsAsNonEmptyList
FNDA:0,(anonymous_38)
FNDA:2,traverse$2
FNDA:2,(anonymous_40)
FNDA:10,(anonymous_41)
DA:3,7
DA:4,7
DA:5,7
DA:6,7
DA:7,7
DA:8,7
DA:9,7
DA:10,7
DA:11,7
DA:12,7
DA:13,7
DA:14,7
DA:15,7
DA:16,7
DA:19,0
DA:20,0
DA:21,0
DA:22,0
DA:24,0
DA:25,0
DA:26,0
DA:28,0
DA:29,0
DA:30,0
DA:32,0
DA:33,0
DA:34,0
DA:36,0
DA:47,0
DA:50,0
DA:51,0
DA:52,0
DA:53,0
DA:55,0
DA:56,0
DA:57,0
DA:59,0
DA:60,0
DA:61,0
DA:63,0
DA:64,0
DA:65,0
DA:67,0
DA:68,0
DA:69,0
DA:70,0
DA:72,0
DA:86,0
DA:87,0
DA:95,7
DA:99,7
DA:101,7
DA:104,1
DA:107,7
DA:110,1
DA:113,7
DA:116,4
DA:119,7
DA:121,7
DA:124,1
DA:127,7
DA:129,7
DA:131,7
DA:134,1
DA:135,4
DA:136,4
DA:140,7
DA:142,7
DA:144,7
DA:146,7
DA:148,7
DA:150,7
DA:152,7
DA:170,7
DA:174,7
DA:176,7
DA:179,0
DA:182,7
DA:185,0
DA:188,7
DA:191,0
DA:194,7
DA:197,0
DA:200,7
DA:202,7
DA:205,0
DA:208,7
DA:210,7
DA:212,7
DA:214,7
DA:216,7
DA:218,7
DA:220,7
DA:234,7
DA:238,7
DA:240,7
DA:243,0
DA:246,7
DA:249,0
DA:252,7
DA:255,0
DA:258,7
DA:261,0
DA:264,7
DA:266,7
DA:269,0
DA:272,7
DA:274,7
DA:276,7
DA:278,7
DA:280,7
DA:282,7
DA:284,7
DA:298,7
DA:300,7
DA:302,7
DA:304,7
DA:306,7
DA:308,7
DA:310,7
DA:312,7
DA:314,7
DA:316,7
DA:328,0
DA:329,0
DA:330,0
DA:334,0
DA:335,0
DA:336,0
DA:339,7
DA:345,0
DA:346,0
DA:347,0
DA:351,1
DA:352,1
DA:353,1
DA:356,7
DA:362,0
DA:363,0
DA:364,0
DA:365,0
DA:381,0
DA:382,0
DA:383,0
DA:384,0
DA:399,7
DA:400,7
DA:401,7
DA:402,7
DA:417,0
DA:418,0
DA:419,0
DA:420,0
DA:421,0
DA:437,2
DA:438,2
DA:439,2
DA:440,2
DA:441,2
DA:442,2
DA:455,2
DA:456,10
DA:460,7
DA:468,7
DA:469,7
DA:470,7
DA:471,7
DA:472,7
DA:473,7
DA:474,7
DA:475,7
DA:476,7
DA:477,7
LF:173
LH:106
BRF:0
BRH:0
end_of_record
