{"/home/awhite/dev/andywhite37/relude/lib/js/__tests__/testUtils/FS.bs.js": {"path":"/home/awhite/dev/andywhite37/relude/lib/js/__tests__/testUtils/FS.bs.js","statementMap":{"0":{"start":{"line":3,"column":9},"end":{"line":3,"column":22}},"1":{"start":{"line":4,"column":12},"end":{"line":4,"column":50}},"2":{"start":{"line":5,"column":12},"end":{"line":5,"column":50}},"3":{"start":{"line":6,"column":16},"end":{"line":6,"column":58}},"4":{"start":{"line":7,"column":16},"end":{"line":7,"column":52}},"5":{"start":{"line":8,"column":18},"end":{"line":8,"column":62}},"6":{"start":{"line":9,"column":20},"end":{"line":9,"column":60}},"7":{"start":{"line":11,"column":14},"end":{"line":11,"column":70}},"8":{"start":{"line":13,"column":16},"end":{"line":13,"column":77}},"9":{"start":{"line":15,"column":19},"end":{"line":15,"column":59}},"10":{"start":{"line":17,"column":25},"end":{"line":20,"column":1}},"11":{"start":{"line":23,"column":2},"end":{"line":25,"column":18}},"12":{"start":{"line":24,"column":16},"end":{"line":24,"column":53}},"13":{"start":{"line":29,"column":2},"end":{"line":32,"column":18}},"14":{"start":{"line":30,"column":16},"end":{"line":30,"column":56}},"15":{"start":{"line":31,"column":16},"end":{"line":31,"column":33}},"16":{"start":{"line":36,"column":2},"end":{"line":48,"column":18}},"17":{"start":{"line":37,"column":16},"end":{"line":46,"column":26}},"18":{"start":{"line":38,"column":24},"end":{"line":45,"column":25}},"19":{"start":{"line":39,"column":26},"end":{"line":41,"column":54}},"20":{"start":{"line":40,"column":38},"end":{"line":40,"column":56}},"21":{"start":{"line":42,"column":26},"end":{"line":42,"column":81}},"22":{"start":{"line":44,"column":26},"end":{"line":44,"column":82}},"23":{"start":{"line":47,"column":16},"end":{"line":47,"column":33}},"24":{"start":{"line":52,"column":2},"end":{"line":64,"column":18}},"25":{"start":{"line":53,"column":16},"end":{"line":62,"column":26}},"26":{"start":{"line":54,"column":24},"end":{"line":61,"column":25}},"27":{"start":{"line":55,"column":26},"end":{"line":57,"column":54}},"28":{"start":{"line":56,"column":38},"end":{"line":56,"column":56}},"29":{"start":{"line":58,"column":26},"end":{"line":58,"column":81}},"30":{"start":{"line":60,"column":26},"end":{"line":60,"column":84}},"31":{"start":{"line":63,"column":16},"end":{"line":63,"column":33}},"32":{"start":{"line":67,"column":21},"end":{"line":72,"column":1}},"33":{"start":{"line":75,"column":2},"end":{"line":75,"column":41}},"34":{"start":{"line":78,"column":0},"end":{"line":78,"column":24}},"35":{"start":{"line":79,"column":0},"end":{"line":79,"column":16}},"36":{"start":{"line":80,"column":0},"end":{"line":80,"column":36}}},"fnMap":{"0":{"name":"readFileSync","decl":{"start":{"line":22,"column":9},"end":{"line":22,"column":21}},"loc":{"start":{"line":22,"column":28},"end":{"line":26,"column":1}},"line":22},"1":{"name":"(anonymous_1)","decl":{"start":{"line":23,"column":28},"end":{"line":23,"column":29}},"loc":{"start":{"line":23,"column":45},"end":{"line":25,"column":15}},"line":23},"2":{"name":"writeFileSync","decl":{"start":{"line":28,"column":9},"end":{"line":28,"column":22}},"loc":{"start":{"line":28,"column":38},"end":{"line":33,"column":1}},"line":28},"3":{"name":"(anonymous_3)","decl":{"start":{"line":29,"column":28},"end":{"line":29,"column":29}},"loc":{"start":{"line":29,"column":45},"end":{"line":32,"column":15}},"line":29},"4":{"name":"readFile","decl":{"start":{"line":35,"column":9},"end":{"line":35,"column":17}},"loc":{"start":{"line":35,"column":24},"end":{"line":49,"column":1}},"line":35},"5":{"name":"(anonymous_5)","decl":{"start":{"line":36,"column":26},"end":{"line":36,"column":27}},"loc":{"start":{"line":36,"column":44},"end":{"line":48,"column":15}},"line":36},"6":{"name":"(anonymous_6)","decl":{"start":{"line":37,"column":43},"end":{"line":37,"column":44}},"loc":{"start":{"line":37,"column":67},"end":{"line":46,"column":23}},"line":37},"7":{"name":"(anonymous_7)","decl":{"start":{"line":39,"column":87},"end":{"line":39,"column":88}},"loc":{"start":{"line":39,"column":104},"end":{"line":41,"column":37}},"line":39},"8":{"name":"writeFile","decl":{"start":{"line":51,"column":9},"end":{"line":51,"column":18}},"loc":{"start":{"line":51,"column":34},"end":{"line":65,"column":1}},"line":51},"9":{"name":"(anonymous_9)","decl":{"start":{"line":52,"column":26},"end":{"line":52,"column":27}},"loc":{"start":{"line":52,"column":44},"end":{"line":64,"column":15}},"line":52},"10":{"name":"(anonymous_10)","decl":{"start":{"line":53,"column":53},"end":{"line":53,"column":54}},"loc":{"start":{"line":53,"column":68},"end":{"line":62,"column":23}},"line":53},"11":{"name":"(anonymous_11)","decl":{"start":{"line":55,"column":88},"end":{"line":55,"column":89}},"loc":{"start":{"line":55,"column":105},"end":{"line":57,"column":37}},"line":55},"12":{"name":"testFilePath","decl":{"start":{"line":74,"column":9},"end":{"line":74,"column":21}},"loc":{"start":{"line":74,"column":32},"end":{"line":76,"column":1}},"line":74}},"branchMap":{"0":{"loc":{"start":{"line":11,"column":14},"end":{"line":11,"column":70}},"type":"cond-expr","locations":[{"start":{"line":11,"column":49},"end":{"line":11,"column":58}},{"start":{"line":11,"column":61},"end":{"line":11,"column":70}}],"line":11},"1":{"loc":{"start":{"line":13,"column":16},"end":{"line":13,"column":77}},"type":"cond-expr","locations":[{"start":{"line":13,"column":40},"end":{"line":13,"column":49}},{"start":{"line":13,"column":52},"end":{"line":13,"column":77}}],"line":13},"2":{"loc":{"start":{"line":38,"column":24},"end":{"line":45,"column":25}},"type":"if","locations":[{"start":{"line":38,"column":24},"end":{"line":45,"column":25}},{"start":{"line":38,"column":24},"end":{"line":45,"column":25}}],"line":38},"3":{"loc":{"start":{"line":54,"column":24},"end":{"line":61,"column":25}},"type":"if","locations":[{"start":{"line":54,"column":24},"end":{"line":61,"column":25}},{"start":{"line":54,"column":24},"end":{"line":61,"column":25}}],"line":54}},"s":{"0":1,"1":1,"2":1,"3":1,"4":1,"5":1,"6":1,"7":1,"8":1,"9":1,"10":1,"11":1,"12":1,"13":2,"14":2,"15":2,"16":1,"17":1,"18":1,"19":0,"20":0,"21":0,"22":1,"23":1,"24":1,"25":1,"26":1,"27":0,"28":0,"29":0,"30":1,"31":1,"32":1,"33":1,"34":1,"35":1,"36":1},"f":{"0":1,"1":1,"2":2,"3":2,"4":1,"5":1,"6":1,"7":0,"8":1,"9":1,"10":1,"11":0,"12":1},"b":{"0":[0,1],"1":[0,1],"2":[0,1],"3":[0,1]},"_coverageSchema":"43e27e138ebf9cfc5966b082cf9a028302ed4184","hash":"86bb0627878a68ca4b45ea9c8442f54157a2cee6"}
,"/home/awhite/dev/andywhite37/relude/lib/js/src/Relude_Array.bs.js": {"path":"/home/awhite/dev/andywhite37/relude/lib/js/src/Relude_Array.bs.js","statementMap":{"0":{"start":{"line":3,"column":24},"end":{"line":3,"column":66}},"1":{"start":{"line":4,"column":28},"end":{"line":4,"column":79}},"2":{"start":{"line":5,"column":29},"end":{"line":5,"column":76}},"3":{"start":{"line":6,"column":30},"end":{"line":6,"column":83}},"4":{"start":{"line":7,"column":30},"end":{"line":7,"column":83}},"5":{"start":{"line":8,"column":30},"end":{"line":8,"column":83}},"6":{"start":{"line":9,"column":32},"end":{"line":9,"column":87}},"7":{"start":{"line":11,"column":14},"end":{"line":11,"column":84}},"8":{"start":{"line":13,"column":16},"end":{"line":13,"column":74}},"9":{"start":{"line":15,"column":16},"end":{"line":15,"column":80}},"10":{"start":{"line":17,"column":16},"end":{"line":17,"column":80}},"11":{"start":{"line":19,"column":39},"end":{"line":19,"column":49}},"12":{"start":{"line":21,"column":25},"end":{"line":21,"column":35}},"13":{"start":{"line":23,"column":25},"end":{"line":23,"column":35}},"14":{"start":{"line":25,"column":24},"end":{"line":25,"column":34}},"15":{"start":{"line":27,"column":24},"end":{"line":27,"column":34}},"16":{"start":{"line":29,"column":25},"end":{"line":29,"column":35}},"17":{"start":{"line":31,"column":25},"end":{"line":31,"column":37}},"18":{"start":{"line":33,"column":37},"end":{"line":33,"column":49}},"19":{"start":{"line":35,"column":25},"end":{"line":35,"column":37}},"20":{"start":{"line":37,"column":24},"end":{"line":37,"column":36}},"21":{"start":{"line":39,"column":24},"end":{"line":39,"column":36}},"22":{"start":{"line":41,"column":37},"end":{"line":41,"column":49}},"23":{"start":{"line":43,"column":25},"end":{"line":43,"column":37}},"24":{"start":{"line":45,"column":25},"end":{"line":45,"column":37}},"25":{"start":{"line":47,"column":25},"end":{"line":47,"column":37}},"26":{"start":{"line":49,"column":25},"end":{"line":49,"column":37}},"27":{"start":{"line":51,"column":24},"end":{"line":68,"column":1}},"28":{"start":{"line":70,"column":13},"end":{"line":70,"column":42}},"29":{"start":{"line":72,"column":19},"end":{"line":72,"column":54}},"30":{"start":{"line":74,"column":12},"end":{"line":74,"column":40}},"31":{"start":{"line":76,"column":16},"end":{"line":76,"column":48}},"32":{"start":{"line":78,"column":10},"end":{"line":78,"column":36}},"33":{"start":{"line":80,"column":14},"end":{"line":80,"column":44}},"34":{"start":{"line":82,"column":26},"end":{"line":82,"column":68}},"35":{"start":{"line":84,"column":14},"end":{"line":84,"column":44}},"36":{"start":{"line":86,"column":13},"end":{"line":86,"column":42}},"37":{"start":{"line":88,"column":16},"end":{"line":88,"column":48}},"38":{"start":{"line":90,"column":15},"end":{"line":90,"column":46}},"39":{"start":{"line":92,"column":11},"end":{"line":92,"column":38}},"40":{"start":{"line":94,"column":12},"end":{"line":94,"column":40}},"41":{"start":{"line":96,"column":12},"end":{"line":96,"column":40}},"42":{"start":{"line":98,"column":24},"end":{"line":98,"column":64}},"43":{"start":{"line":100,"column":17},"end":{"line":100,"column":50}},"44":{"start":{"line":102,"column":18},"end":{"line":102,"column":52}},"45":{"start":{"line":104,"column":11},"end":{"line":104,"column":38}},"46":{"start":{"line":106,"column":11},"end":{"line":106,"column":38}},"47":{"start":{"line":108,"column":11},"end":{"line":108,"column":38}},"48":{"start":{"line":110,"column":11},"end":{"line":110,"column":38}},"49":{"start":{"line":112,"column":13},"end":{"line":112,"column":42}},"50":{"start":{"line":114,"column":13},"end":{"line":114,"column":42}},"51":{"start":{"line":116,"column":13},"end":{"line":116,"column":42}},"52":{"start":{"line":118,"column":13},"end":{"line":118,"column":42}},"53":{"start":{"line":120,"column":11},"end":{"line":120,"column":38}},"54":{"start":{"line":122,"column":18},"end":{"line":122,"column":52}},"55":{"start":{"line":124,"column":30},"end":{"line":124,"column":76}},"56":{"start":{"line":126,"column":13},"end":{"line":126,"column":42}},"57":{"start":{"line":128,"column":11},"end":{"line":128,"column":38}},"58":{"start":{"line":130,"column":12},"end":{"line":130,"column":40}},"59":{"start":{"line":132,"column":24},"end":{"line":132,"column":64}},"60":{"start":{"line":134,"column":14},"end":{"line":134,"column":44}},"61":{"start":{"line":136,"column":14},"end":{"line":136,"column":44}},"62":{"start":{"line":138,"column":21},"end":{"line":138,"column":58}},"63":{"start":{"line":140,"column":25},"end":{"line":140,"column":66}},"64":{"start":{"line":142,"column":13},"end":{"line":142,"column":42}},"65":{"start":{"line":144,"column":12},"end":{"line":144,"column":40}},"66":{"start":{"line":146,"column":13},"end":{"line":146,"column":42}},"67":{"start":{"line":148,"column":10},"end":{"line":148,"column":36}},"68":{"start":{"line":150,"column":10},"end":{"line":150,"column":36}},"69":{"start":{"line":152,"column":11},"end":{"line":152,"column":38}},"70":{"start":{"line":154,"column":18},"end":{"line":154,"column":52}},"71":{"start":{"line":156,"column":11},"end":{"line":156,"column":38}},"72":{"start":{"line":158,"column":16},"end":{"line":158,"column":48}},"73":{"start":{"line":160,"column":16},"end":{"line":160,"column":48}},"74":{"start":{"line":162,"column":16},"end":{"line":162,"column":48}},"75":{"start":{"line":164,"column":13},"end":{"line":164,"column":42}},"76":{"start":{"line":166,"column":13},"end":{"line":166,"column":42}},"77":{"start":{"line":168,"column":15},"end":{"line":168,"column":46}},"78":{"start":{"line":170,"column":16},"end":{"line":170,"column":48}},"79":{"start":{"line":172,"column":15},"end":{"line":172,"column":46}},"80":{"start":{"line":174,"column":27},"end":{"line":174,"column":70}},"81":{"start":{"line":176,"column":10},"end":{"line":176,"column":36}},"82":{"start":{"line":178,"column":10},"end":{"line":178,"column":36}},"83":{"start":{"line":180,"column":17},"end":{"line":180,"column":50}},"84":{"start":{"line":182,"column":15},"end":{"line":182,"column":46}},"85":{"start":{"line":184,"column":16},"end":{"line":184,"column":48}},"86":{"start":{"line":186,"column":14},"end":{"line":186,"column":44}},"87":{"start":{"line":188,"column":12},"end":{"line":188,"column":40}},"88":{"start":{"line":190,"column":10},"end":{"line":190,"column":36}},"89":{"start":{"line":192,"column":12},"end":{"line":192,"column":40}},"90":{"start":{"line":194,"column":10},"end":{"line":194,"column":36}},"91":{"start":{"line":196,"column":14},"end":{"line":196,"column":44}},"92":{"start":{"line":198,"column":14},"end":{"line":198,"column":44}},"93":{"start":{"line":200,"column":23},"end":{"line":200,"column":62}},"94":{"start":{"line":202,"column":11},"end":{"line":202,"column":38}},"95":{"start":{"line":204,"column":20},"end":{"line":204,"column":56}},"96":{"start":{"line":206,"column":14},"end":{"line":206,"column":44}},"97":{"start":{"line":208,"column":34},"end":{"line":208,"column":84}},"98":{"start":{"line":210,"column":31},"end":{"line":210,"column":78}},"99":{"start":{"line":212,"column":14},"end":{"line":212,"column":44}},"100":{"start":{"line":214,"column":21},"end":{"line":214,"column":58}},"101":{"start":{"line":216,"column":18},"end":{"line":216,"column":52}},"102":{"start":{"line":218,"column":36},"end":{"line":218,"column":88}},"103":{"start":{"line":220,"column":30},"end":{"line":220,"column":76}},"104":{"start":{"line":222,"column":27},"end":{"line":222,"column":70}},"105":{"start":{"line":224,"column":28},"end":{"line":224,"column":72}},"106":{"start":{"line":226,"column":18},"end":{"line":226,"column":52}},"107":{"start":{"line":228,"column":11},"end":{"line":228,"column":38}},"108":{"start":{"line":230,"column":9},"end":{"line":230,"column":34}},"109":{"start":{"line":232,"column":9},"end":{"line":232,"column":34}},"110":{"start":{"line":234,"column":10},"end":{"line":234,"column":36}},"111":{"start":{"line":236,"column":13},"end":{"line":236,"column":42}},"112":{"start":{"line":238,"column":11},"end":{"line":238,"column":38}},"113":{"start":{"line":240,"column":11},"end":{"line":240,"column":38}},"114":{"start":{"line":242,"column":15},"end":{"line":242,"column":46}},"115":{"start":{"line":244,"column":13},"end":{"line":244,"column":42}},"116":{"start":{"line":246,"column":14},"end":{"line":246,"column":44}},"117":{"start":{"line":248,"column":11},"end":{"line":248,"column":33}},"118":{"start":{"line":250,"column":14},"end":{"line":250,"column":39}},"119":{"start":{"line":252,"column":13},"end":{"line":252,"column":37}},"120":{"start":{"line":254,"column":13},"end":{"line":254,"column":37}},"121":{"start":{"line":256,"column":13},"end":{"line":256,"column":37}},"122":{"start":{"line":258,"column":20},"end":{"line":258,"column":51}},"123":{"start":{"line":260,"column":19},"end":{"line":260,"column":49}},"124":{"start":{"line":262,"column":14},"end":{"line":262,"column":39}},"125":{"start":{"line":264,"column":21},"end":{"line":264,"column":53}},"126":{"start":{"line":266,"column":14},"end":{"line":266,"column":39}},"127":{"start":{"line":268,"column":13},"end":{"line":268,"column":37}},"128":{"start":{"line":270,"column":14},"end":{"line":270,"column":39}},"129":{"start":{"line":272,"column":17},"end":{"line":272,"column":45}},"130":{"start":{"line":274,"column":9},"end":{"line":274,"column":29}},"131":{"start":{"line":276,"column":12},"end":{"line":276,"column":35}},"132":{"start":{"line":278,"column":11},"end":{"line":278,"column":33}},"133":{"start":{"line":280,"column":11},"end":{"line":280,"column":33}},"134":{"start":{"line":282,"column":18},"end":{"line":282,"column":47}},"135":{"start":{"line":284,"column":11},"end":{"line":284,"column":33}},"136":{"start":{"line":286,"column":11},"end":{"line":286,"column":33}},"137":{"start":{"line":288,"column":11},"end":{"line":288,"column":33}},"138":{"start":{"line":290,"column":18},"end":{"line":290,"column":47}},"139":{"start":{"line":292,"column":16},"end":{"line":292,"column":43}},"140":{"start":{"line":294,"column":11},"end":{"line":294,"column":33}},"141":{"start":{"line":296,"column":18},"end":{"line":296,"column":47}},"142":{"start":{"line":298,"column":16},"end":{"line":298,"column":43}},"143":{"start":{"line":300,"column":13},"end":{"line":300,"column":37}},"144":{"start":{"line":302,"column":22},"end":{"line":302,"column":55}},"145":{"start":{"line":304,"column":16},"end":{"line":304,"column":43}},"146":{"start":{"line":306,"column":25},"end":{"line":306,"column":61}},"147":{"start":{"line":308,"column":16},"end":{"line":308,"column":43}},"148":{"start":{"line":310,"column":14},"end":{"line":310,"column":39}},"149":{"start":{"line":312,"column":19},"end":{"line":312,"column":49}},"150":{"start":{"line":314,"column":18},"end":{"line":314,"column":47}},"151":{"start":{"line":316,"column":16},"end":{"line":316,"column":43}},"152":{"start":{"line":318,"column":10},"end":{"line":318,"column":31}},"153":{"start":{"line":320,"column":14},"end":{"line":320,"column":39}},"154":{"start":{"line":322,"column":19},"end":{"line":322,"column":49}},"155":{"start":{"line":324,"column":12},"end":{"line":324,"column":35}},"156":{"start":{"line":326,"column":18},"end":{"line":326,"column":47}},"157":{"start":{"line":328,"column":13},"end":{"line":328,"column":37}},"158":{"start":{"line":330,"column":11},"end":{"line":330,"column":33}},"159":{"start":{"line":332,"column":17},"end":{"line":332,"column":45}},"160":{"start":{"line":334,"column":20},"end":{"line":334,"column":51}},"161":{"start":{"line":336,"column":19},"end":{"line":336,"column":49}},"162":{"start":{"line":338,"column":15},"end":{"line":338,"column":41}},"163":{"start":{"line":340,"column":18},"end":{"line":340,"column":47}},"164":{"start":{"line":342,"column":17},"end":{"line":342,"column":45}},"165":{"start":{"line":344,"column":15},"end":{"line":344,"column":41}},"166":{"start":{"line":346,"column":16},"end":{"line":346,"column":43}},"167":{"start":{"line":348,"column":24},"end":{"line":348,"column":65}},"168":{"start":{"line":350,"column":25},"end":{"line":350,"column":67}},"169":{"start":{"line":352,"column":28},"end":{"line":352,"column":73}},"170":{"start":{"line":354,"column":15},"end":{"line":354,"column":47}},"171":{"start":{"line":356,"column":10},"end":{"line":356,"column":37}},"172":{"start":{"line":358,"column":12},"end":{"line":358,"column":41}},"173":{"start":{"line":360,"column":15},"end":{"line":360,"column":47}},"174":{"start":{"line":362,"column":13},"end":{"line":362,"column":43}},"175":{"start":{"line":364,"column":17},"end":{"line":364,"column":51}},"176":{"start":{"line":366,"column":0},"end":{"line":366,"column":24}},"177":{"start":{"line":367,"column":0},"end":{"line":367,"column":36}},"178":{"start":{"line":368,"column":0},"end":{"line":368,"column":22}},"179":{"start":{"line":369,"column":0},"end":{"line":369,"column":30}},"180":{"start":{"line":370,"column":0},"end":{"line":370,"column":18}},"181":{"start":{"line":371,"column":0},"end":{"line":371,"column":26}},"182":{"start":{"line":372,"column":0},"end":{"line":372,"column":50}},"183":{"start":{"line":373,"column":0},"end":{"line":373,"column":26}},"184":{"start":{"line":374,"column":0},"end":{"line":374,"column":24}},"185":{"start":{"line":375,"column":0},"end":{"line":375,"column":30}},"186":{"start":{"line":376,"column":0},"end":{"line":376,"column":28}},"187":{"start":{"line":377,"column":0},"end":{"line":377,"column":20}},"188":{"start":{"line":378,"column":0},"end":{"line":378,"column":22}},"189":{"start":{"line":379,"column":0},"end":{"line":379,"column":22}},"190":{"start":{"line":380,"column":0},"end":{"line":380,"column":46}},"191":{"start":{"line":381,"column":0},"end":{"line":381,"column":32}},"192":{"start":{"line":382,"column":0},"end":{"line":382,"column":34}},"193":{"start":{"line":383,"column":0},"end":{"line":383,"column":20}},"194":{"start":{"line":384,"column":0},"end":{"line":384,"column":20}},"195":{"start":{"line":385,"column":0},"end":{"line":385,"column":20}},"196":{"start":{"line":386,"column":0},"end":{"line":386,"column":20}},"197":{"start":{"line":387,"column":0},"end":{"line":387,"column":24}},"198":{"start":{"line":388,"column":0},"end":{"line":388,"column":24}},"199":{"start":{"line":389,"column":0},"end":{"line":389,"column":24}},"200":{"start":{"line":390,"column":0},"end":{"line":390,"column":24}},"201":{"start":{"line":391,"column":0},"end":{"line":391,"column":20}},"202":{"start":{"line":392,"column":0},"end":{"line":392,"column":34}},"203":{"start":{"line":393,"column":0},"end":{"line":393,"column":58}},"204":{"start":{"line":394,"column":0},"end":{"line":394,"column":24}},"205":{"start":{"line":395,"column":0},"end":{"line":395,"column":20}},"206":{"start":{"line":396,"column":0},"end":{"line":396,"column":22}},"207":{"start":{"line":397,"column":0},"end":{"line":397,"column":46}},"208":{"start":{"line":398,"column":0},"end":{"line":398,"column":26}},"209":{"start":{"line":399,"column":0},"end":{"line":399,"column":26}},"210":{"start":{"line":400,"column":0},"end":{"line":400,"column":40}},"211":{"start":{"line":401,"column":0},"end":{"line":401,"column":48}},"212":{"start":{"line":402,"column":0},"end":{"line":402,"column":24}},"213":{"start":{"line":403,"column":0},"end":{"line":403,"column":22}},"214":{"start":{"line":404,"column":0},"end":{"line":404,"column":24}},"215":{"start":{"line":405,"column":0},"end":{"line":405,"column":18}},"216":{"start":{"line":406,"column":0},"end":{"line":406,"column":18}},"217":{"start":{"line":407,"column":0},"end":{"line":407,"column":20}},"218":{"start":{"line":408,"column":0},"end":{"line":408,"column":34}},"219":{"start":{"line":409,"column":0},"end":{"line":409,"column":20}},"220":{"start":{"line":410,"column":0},"end":{"line":410,"column":30}},"221":{"start":{"line":411,"column":0},"end":{"line":411,"column":30}},"222":{"start":{"line":412,"column":0},"end":{"line":412,"column":30}},"223":{"start":{"line":413,"column":0},"end":{"line":413,"column":24}},"224":{"start":{"line":414,"column":0},"end":{"line":414,"column":24}},"225":{"start":{"line":415,"column":0},"end":{"line":415,"column":28}},"226":{"start":{"line":416,"column":0},"end":{"line":416,"column":30}},"227":{"start":{"line":417,"column":0},"end":{"line":417,"column":28}},"228":{"start":{"line":418,"column":0},"end":{"line":418,"column":52}},"229":{"start":{"line":419,"column":0},"end":{"line":419,"column":18}},"230":{"start":{"line":420,"column":0},"end":{"line":420,"column":18}},"231":{"start":{"line":421,"column":0},"end":{"line":421,"column":32}},"232":{"start":{"line":422,"column":0},"end":{"line":422,"column":28}},"233":{"start":{"line":423,"column":0},"end":{"line":423,"column":30}},"234":{"start":{"line":424,"column":0},"end":{"line":424,"column":26}},"235":{"start":{"line":425,"column":0},"end":{"line":425,"column":22}},"236":{"start":{"line":426,"column":0},"end":{"line":426,"column":18}},"237":{"start":{"line":427,"column":0},"end":{"line":427,"column":22}},"238":{"start":{"line":428,"column":0},"end":{"line":428,"column":18}},"239":{"start":{"line":429,"column":0},"end":{"line":429,"column":26}},"240":{"start":{"line":430,"column":0},"end":{"line":430,"column":26}},"241":{"start":{"line":431,"column":0},"end":{"line":431,"column":44}},"242":{"start":{"line":432,"column":0},"end":{"line":432,"column":20}},"243":{"start":{"line":433,"column":0},"end":{"line":433,"column":38}},"244":{"start":{"line":434,"column":0},"end":{"line":434,"column":26}},"245":{"start":{"line":435,"column":0},"end":{"line":435,"column":66}},"246":{"start":{"line":436,"column":0},"end":{"line":436,"column":60}},"247":{"start":{"line":437,"column":0},"end":{"line":437,"column":26}},"248":{"start":{"line":438,"column":0},"end":{"line":438,"column":40}},"249":{"start":{"line":439,"column":0},"end":{"line":439,"column":34}},"250":{"start":{"line":440,"column":0},"end":{"line":440,"column":70}},"251":{"start":{"line":441,"column":0},"end":{"line":441,"column":58}},"252":{"start":{"line":442,"column":0},"end":{"line":442,"column":52}},"253":{"start":{"line":443,"column":0},"end":{"line":443,"column":54}},"254":{"start":{"line":444,"column":0},"end":{"line":444,"column":34}},"255":{"start":{"line":445,"column":0},"end":{"line":445,"column":20}},"256":{"start":{"line":446,"column":0},"end":{"line":446,"column":16}},"257":{"start":{"line":447,"column":0},"end":{"line":447,"column":16}},"258":{"start":{"line":448,"column":0},"end":{"line":448,"column":18}},"259":{"start":{"line":449,"column":0},"end":{"line":449,"column":24}},"260":{"start":{"line":450,"column":0},"end":{"line":450,"column":20}},"261":{"start":{"line":451,"column":0},"end":{"line":451,"column":20}},"262":{"start":{"line":452,"column":0},"end":{"line":452,"column":28}},"263":{"start":{"line":453,"column":0},"end":{"line":453,"column":24}},"264":{"start":{"line":454,"column":0},"end":{"line":454,"column":26}},"265":{"start":{"line":455,"column":0},"end":{"line":455,"column":20}},"266":{"start":{"line":456,"column":0},"end":{"line":456,"column":26}},"267":{"start":{"line":457,"column":0},"end":{"line":457,"column":24}},"268":{"start":{"line":458,"column":0},"end":{"line":458,"column":24}},"269":{"start":{"line":459,"column":0},"end":{"line":459,"column":24}},"270":{"start":{"line":460,"column":0},"end":{"line":460,"column":38}},"271":{"start":{"line":461,"column":0},"end":{"line":461,"column":36}},"272":{"start":{"line":462,"column":0},"end":{"line":462,"column":26}},"273":{"start":{"line":463,"column":0},"end":{"line":463,"column":40}},"274":{"start":{"line":464,"column":0},"end":{"line":464,"column":26}},"275":{"start":{"line":465,"column":0},"end":{"line":465,"column":24}},"276":{"start":{"line":466,"column":0},"end":{"line":466,"column":26}},"277":{"start":{"line":467,"column":0},"end":{"line":467,"column":32}},"278":{"start":{"line":468,"column":0},"end":{"line":468,"column":16}},"279":{"start":{"line":469,"column":0},"end":{"line":469,"column":22}},"280":{"start":{"line":470,"column":0},"end":{"line":470,"column":20}},"281":{"start":{"line":471,"column":0},"end":{"line":471,"column":20}},"282":{"start":{"line":472,"column":0},"end":{"line":472,"column":34}},"283":{"start":{"line":473,"column":0},"end":{"line":473,"column":20}},"284":{"start":{"line":474,"column":0},"end":{"line":474,"column":20}},"285":{"start":{"line":475,"column":0},"end":{"line":475,"column":20}},"286":{"start":{"line":476,"column":0},"end":{"line":476,"column":34}},"287":{"start":{"line":477,"column":0},"end":{"line":477,"column":30}},"288":{"start":{"line":478,"column":0},"end":{"line":478,"column":20}},"289":{"start":{"line":479,"column":0},"end":{"line":479,"column":34}},"290":{"start":{"line":480,"column":0},"end":{"line":480,"column":30}},"291":{"start":{"line":481,"column":0},"end":{"line":481,"column":24}},"292":{"start":{"line":482,"column":0},"end":{"line":482,"column":42}},"293":{"start":{"line":483,"column":0},"end":{"line":483,"column":30}},"294":{"start":{"line":484,"column":0},"end":{"line":484,"column":48}},"295":{"start":{"line":485,"column":0},"end":{"line":485,"column":30}},"296":{"start":{"line":486,"column":0},"end":{"line":486,"column":26}},"297":{"start":{"line":487,"column":0},"end":{"line":487,"column":36}},"298":{"start":{"line":488,"column":0},"end":{"line":488,"column":34}},"299":{"start":{"line":489,"column":0},"end":{"line":489,"column":30}},"300":{"start":{"line":490,"column":0},"end":{"line":490,"column":18}},"301":{"start":{"line":491,"column":0},"end":{"line":491,"column":26}},"302":{"start":{"line":492,"column":0},"end":{"line":492,"column":36}},"303":{"start":{"line":493,"column":0},"end":{"line":493,"column":22}},"304":{"start":{"line":494,"column":0},"end":{"line":494,"column":34}},"305":{"start":{"line":495,"column":0},"end":{"line":495,"column":24}},"306":{"start":{"line":496,"column":0},"end":{"line":496,"column":20}},"307":{"start":{"line":497,"column":0},"end":{"line":497,"column":32}},"308":{"start":{"line":498,"column":0},"end":{"line":498,"column":38}},"309":{"start":{"line":499,"column":0},"end":{"line":499,"column":36}},"310":{"start":{"line":500,"column":0},"end":{"line":500,"column":28}},"311":{"start":{"line":501,"column":0},"end":{"line":501,"column":34}},"312":{"start":{"line":502,"column":0},"end":{"line":502,"column":32}},"313":{"start":{"line":503,"column":0},"end":{"line":503,"column":28}},"314":{"start":{"line":504,"column":0},"end":{"line":504,"column":30}},"315":{"start":{"line":505,"column":0},"end":{"line":505,"column":46}},"316":{"start":{"line":506,"column":0},"end":{"line":506,"column":48}},"317":{"start":{"line":507,"column":0},"end":{"line":507,"column":54}},"318":{"start":{"line":508,"column":0},"end":{"line":508,"column":28}},"319":{"start":{"line":509,"column":0},"end":{"line":509,"column":18}},"320":{"start":{"line":510,"column":0},"end":{"line":510,"column":22}},"321":{"start":{"line":511,"column":0},"end":{"line":511,"column":28}},"322":{"start":{"line":512,"column":0},"end":{"line":512,"column":24}},"323":{"start":{"line":513,"column":0},"end":{"line":513,"column":32}},"324":{"start":{"line":514,"column":0},"end":{"line":514,"column":22}}},"fnMap":{},"branchMap":{},"s":{"0":3,"1":3,"2":3,"3":3,"4":3,"5":3,"6":3,"7":3,"8":3,"9":3,"10":3,"11":3,"12":3,"13":3,"14":3,"15":3,"16":3,"17":3,"18":3,"19":3,"20":3,"21":3,"22":3,"23":3,"24":3,"25":3,"26":3,"27":3,"28":3,"29":3,"30":3,"31":3,"32":3,"33":3,"34":3,"35":3,"36":3,"37":3,"38":3,"39":3,"40":3,"41":3,"42":3,"43":3,"44":3,"45":3,"46":3,"47":3,"48":3,"49":3,"50":3,"51":3,"52":3,"53":3,"54":3,"55":3,"56":3,"57":3,"58":3,"59":3,"60":3,"61":3,"62":3,"63":3,"64":3,"65":3,"66":3,"67":3,"68":3,"69":3,"70":3,"71":3,"72":3,"73":3,"74":3,"75":3,"76":3,"77":3,"78":3,"79":3,"80":3,"81":3,"82":3,"83":3,"84":3,"85":3,"86":3,"87":3,"88":3,"89":3,"90":3,"91":3,"92":3,"93":3,"94":3,"95":3,"96":3,"97":3,"98":3,"99":3,"100":3,"101":3,"102":3,"103":3,"104":3,"105":3,"106":3,"107":3,"108":3,"109":3,"110":3,"111":3,"112":3,"113":3,"114":3,"115":3,"116":3,"117":3,"118":3,"119":3,"120":3,"121":3,"122":3,"123":3,"124":3,"125":3,"126":3,"127":3,"128":3,"129":3,"130":3,"131":3,"132":3,"133":3,"134":3,"135":3,"136":3,"137":3,"138":3,"139":3,"140":3,"141":3,"142":3,"143":3,"144":3,"145":3,"146":3,"147":3,"148":3,"149":3,"150":3,"151":3,"152":3,"153":3,"154":3,"155":3,"156":3,"157":3,"158":3,"159":3,"160":3,"161":3,"162":3,"163":3,"164":3,"165":3,"166":3,"167":3,"168":3,"169":3,"170":3,"171":3,"172":3,"173":3,"174":3,"175":3,"176":3,"177":3,"178":3,"179":3,"180":3,"181":3,"182":3,"183":3,"184":3,"185":3,"186":3,"187":3,"188":3,"189":3,"190":3,"191":3,"192":3,"193":3,"194":3,"195":3,"196":3,"197":3,"198":3,"199":3,"200":3,"201":3,"202":3,"203":3,"204":3,"205":3,"206":3,"207":3,"208":3,"209":3,"210":3,"211":3,"212":3,"213":3,"214":3,"215":3,"216":3,"217":3,"218":3,"219":3,"220":3,"221":3,"222":3,"223":3,"224":3,"225":3,"226":3,"227":3,"228":3,"229":3,"230":3,"231":3,"232":3,"233":3,"234":3,"235":3,"236":3,"237":3,"238":3,"239":3,"240":3,"241":3,"242":3,"243":3,"244":3,"245":3,"246":3,"247":3,"248":3,"249":3,"250":3,"251":3,"252":3,"253":3,"254":3,"255":3,"256":3,"257":3,"258":3,"259":3,"260":3,"261":3,"262":3,"263":3,"264":3,"265":3,"266":3,"267":3,"268":3,"269":3,"270":3,"271":3,"272":3,"273":3,"274":3,"275":3,"276":3,"277":3,"278":3,"279":3,"280":3,"281":3,"282":3,"283":3,"284":3,"285":3,"286":3,"287":3,"288":3,"289":3,"290":3,"291":3,"292":3,"293":3,"294":3,"295":3,"296":3,"297":3,"298":3,"299":3,"300":3,"301":3,"302":3,"303":3,"304":3,"305":3,"306":3,"307":3,"308":3,"309":3,"310":3,"311":3,"312":3,"313":3,"314":3,"315":3,"316":3,"317":3,"318":3,"319":3,"320":3,"321":3,"322":3,"323":3,"324":3},"f":{},"b":{},"_coverageSchema":"43e27e138ebf9cfc5966b082cf9a028302ed4184","hash":"ede6c2b52b8caa2c06050ca01f5d55e3f7a4310e"}
,"/home/awhite/dev/andywhite37/relude/lib/js/src/Relude_AsyncData.bs.js": {"path":"/home/awhite/dev/andywhite37/relude/lib/js/src/Relude_AsyncData.bs.js","statementMap":{"0":{"start":{"line":3,"column":12},"end":{"line":3,"column":50}},"1":{"start":{"line":4,"column":12},"end":{"line":4,"column":50}},"2":{"start":{"line":5,"column":18},"end":{"line":5,"column":62}},"3":{"start":{"line":6,"column":28},"end":{"line":6,"column":79}},"4":{"start":{"line":7,"column":30},"end":{"line":7,"column":83}},"5":{"start":{"line":8,"column":30},"end":{"line":8,"column":83}},"6":{"start":{"line":9,"column":32},"end":{"line":9,"column":87}},"7":{"start":{"line":10,"column":36},"end":{"line":10,"column":95}},"8":{"start":{"line":13,"column":2},"end":{"line":13,"column":41}},"9":{"start":{"line":17,"column":2},"end":{"line":17,"column":40}},"10":{"start":{"line":21,"column":2},"end":{"line":25,"column":3}},"11":{"start":{"line":22,"column":4},"end":{"line":22,"column":23}},"12":{"start":{"line":24,"column":4},"end":{"line":24,"column":17}},"13":{"start":{"line":29,"column":2},"end":{"line":33,"column":3}},"14":{"start":{"line":30,"column":4},"end":{"line":30,"column":23}},"15":{"start":{"line":32,"column":4},"end":{"line":32,"column":17}},"16":{"start":{"line":37,"column":2},"end":{"line":41,"column":3}},"17":{"start":{"line":38,"column":4},"end":{"line":38,"column":17}},"18":{"start":{"line":40,"column":4},"end":{"line":40,"column":16}},"19":{"start":{"line":45,"column":2},"end":{"line":49,"column":3}},"20":{"start":{"line":46,"column":4},"end":{"line":46,"column":17}},"21":{"start":{"line":48,"column":4},"end":{"line":48,"column":16}},"22":{"start":{"line":53,"column":2},"end":{"line":63,"column":3}},"23":{"start":{"line":54,"column":4},"end":{"line":58,"column":5}},"24":{"start":{"line":55,"column":6},"end":{"line":55,"column":19}},"25":{"start":{"line":57,"column":6},"end":{"line":57,"column":18}},"26":{"start":{"line":59,"column":9},"end":{"line":63,"column":3}},"27":{"start":{"line":60,"column":4},"end":{"line":60,"column":17}},"28":{"start":{"line":62,"column":4},"end":{"line":62,"column":16}},"29":{"start":{"line":67,"column":2},"end":{"line":67,"column":21}},"30":{"start":{"line":71,"column":2},"end":{"line":81,"column":3}},"31":{"start":{"line":72,"column":4},"end":{"line":76,"column":5}},"32":{"start":{"line":73,"column":6},"end":{"line":73,"column":28}},"33":{"start":{"line":75,"column":6},"end":{"line":75,"column":15}},"34":{"start":{"line":77,"column":9},"end":{"line":81,"column":3}},"35":{"start":{"line":78,"column":4},"end":{"line":78,"column":46}},"36":{"start":{"line":80,"column":4},"end":{"line":80,"column":13}},"37":{"start":{"line":85,"column":2},"end":{"line":95,"column":3}},"38":{"start":{"line":86,"column":4},"end":{"line":90,"column":5}},"39":{"start":{"line":87,"column":6},"end":{"line":87,"column":15}},"40":{"start":{"line":89,"column":6},"end":{"line":89,"column":25}},"41":{"start":{"line":91,"column":9},"end":{"line":95,"column":3}},"42":{"start":{"line":92,"column":4},"end":{"line":92,"column":13}},"43":{"start":{"line":94,"column":4},"end":{"line":94,"column":45}},"44":{"start":{"line":99,"column":2},"end":{"line":103,"column":3}},"45":{"start":{"line":100,"column":4},"end":{"line":100,"column":21}},"46":{"start":{"line":102,"column":4},"end":{"line":102,"column":38}},"47":{"start":{"line":107,"column":2},"end":{"line":111,"column":3}},"48":{"start":{"line":108,"column":4},"end":{"line":108,"column":21}},"49":{"start":{"line":110,"column":4},"end":{"line":110,"column":38}},"50":{"start":{"line":115,"column":2},"end":{"line":119,"column":3}},"51":{"start":{"line":116,"column":4},"end":{"line":116,"column":21}},"52":{"start":{"line":118,"column":4},"end":{"line":118,"column":38}},"53":{"start":{"line":123,"column":2},"end":{"line":133,"column":3}},"54":{"start":{"line":124,"column":4},"end":{"line":128,"column":5}},"55":{"start":{"line":125,"column":6},"end":{"line":125,"column":23}},"56":{"start":{"line":127,"column":6},"end":{"line":127,"column":26}},"57":{"start":{"line":129,"column":9},"end":{"line":133,"column":3}},"58":{"start":{"line":130,"column":4},"end":{"line":130,"column":39}},"59":{"start":{"line":132,"column":4},"end":{"line":132,"column":40}},"60":{"start":{"line":137,"column":2},"end":{"line":147,"column":3}},"61":{"start":{"line":138,"column":4},"end":{"line":142,"column":5}},"62":{"start":{"line":139,"column":6},"end":{"line":139,"column":41}},"63":{"start":{"line":141,"column":6},"end":{"line":141,"column":44}},"64":{"start":{"line":143,"column":9},"end":{"line":147,"column":3}},"65":{"start":{"line":144,"column":4},"end":{"line":144,"column":39}},"66":{"start":{"line":146,"column":4},"end":{"line":146,"column":40}},"67":{"start":{"line":151,"column":2},"end":{"line":151,"column":64}},"68":{"start":{"line":155,"column":2},"end":{"line":155,"column":62}},"69":{"start":{"line":159,"column":2},"end":{"line":169,"column":3}},"70":{"start":{"line":160,"column":4},"end":{"line":164,"column":5}},"71":{"start":{"line":161,"column":6},"end":{"line":161,"column":25}},"72":{"start":{"line":163,"column":6},"end":{"line":163,"column":28}},"73":{"start":{"line":165,"column":9},"end":{"line":169,"column":3}},"74":{"start":{"line":166,"column":4},"end":{"line":166,"column":59}},"75":{"start":{"line":168,"column":4},"end":{"line":168,"column":60}},"76":{"start":{"line":172,"column":26},"end":{"line":172,"column":40}},"77":{"start":{"line":174,"column":14},"end":{"line":174,"column":66}},"78":{"start":{"line":177,"column":2},"end":{"line":204,"column":3}},"79":{"start":{"line":178,"column":4},"end":{"line":182,"column":5}},"80":{"start":{"line":179,"column":6},"end":{"line":179,"column":25}},"81":{"start":{"line":181,"column":6},"end":{"line":181,"column":28}},"82":{"start":{"line":183,"column":9},"end":{"line":204,"column":3}},"83":{"start":{"line":184,"column":12},"end":{"line":184,"column":17}},"84":{"start":{"line":185,"column":4},"end":{"line":195,"column":5}},"85":{"start":{"line":186,"column":6},"end":{"line":190,"column":7}},"86":{"start":{"line":187,"column":8},"end":{"line":187,"column":27}},"87":{"start":{"line":189,"column":8},"end":{"line":189,"column":30}},"88":{"start":{"line":191,"column":11},"end":{"line":195,"column":5}},"89":{"start":{"line":192,"column":6},"end":{"line":192,"column":61}},"90":{"start":{"line":194,"column":6},"end":{"line":194,"column":62}},"91":{"start":{"line":196,"column":9},"end":{"line":204,"column":3}},"92":{"start":{"line":197,"column":4},"end":{"line":201,"column":5}},"93":{"start":{"line":198,"column":6},"end":{"line":198,"column":28}},"94":{"start":{"line":200,"column":6},"end":{"line":200,"column":25}},"95":{"start":{"line":203,"column":4},"end":{"line":203,"column":64}},"96":{"start":{"line":207,"column":24},"end":{"line":210,"column":1}},"97":{"start":{"line":212,"column":16},"end":{"line":212,"column":62}},"98":{"start":{"line":215,"column":2},"end":{"line":215,"column":40}},"99":{"start":{"line":218,"column":30},"end":{"line":222,"column":1}},"100":{"start":{"line":224,"column":16},"end":{"line":224,"column":80}},"101":{"start":{"line":227,"column":2},"end":{"line":235,"column":3}},"102":{"start":{"line":228,"column":4},"end":{"line":232,"column":5}},"103":{"start":{"line":229,"column":6},"end":{"line":229,"column":28}},"104":{"start":{"line":231,"column":6},"end":{"line":231,"column":25}},"105":{"start":{"line":234,"column":4},"end":{"line":234,"column":30}},"106":{"start":{"line":238,"column":24},"end":{"line":243,"column":1}},"107":{"start":{"line":245,"column":16},"end":{"line":245,"column":62}},"108":{"start":{"line":248,"column":2},"end":{"line":268,"column":3}},"109":{"start":{"line":249,"column":4},"end":{"line":263,"column":5}},"110":{"start":{"line":250,"column":6},"end":{"line":258,"column":7}},"111":{"start":{"line":251,"column":8},"end":{"line":255,"column":9}},"112":{"start":{"line":252,"column":10},"end":{"line":252,"column":32}},"113":{"start":{"line":254,"column":10},"end":{"line":254,"column":29}},"114":{"start":{"line":257,"column":8},"end":{"line":257,"column":18}},"115":{"start":{"line":259,"column":11},"end":{"line":263,"column":5}},"116":{"start":{"line":260,"column":6},"end":{"line":260,"column":28}},"117":{"start":{"line":262,"column":6},"end":{"line":262,"column":16}},"118":{"start":{"line":264,"column":9},"end":{"line":268,"column":3}},"119":{"start":{"line":265,"column":4},"end":{"line":265,"column":14}},"120":{"start":{"line":267,"column":4},"end":{"line":267,"column":14}},"121":{"start":{"line":271,"column":22},"end":{"line":274,"column":1}},"122":{"start":{"line":276,"column":0},"end":{"line":276,"column":41}},"123":{"start":{"line":279,"column":2},"end":{"line":301,"column":3}},"124":{"start":{"line":280,"column":4},"end":{"line":290,"column":5}},"125":{"start":{"line":281,"column":6},"end":{"line":285,"column":7}},"126":{"start":{"line":282,"column":8},"end":{"line":282,"column":23}},"127":{"start":{"line":284,"column":8},"end":{"line":284,"column":21}},"128":{"start":{"line":286,"column":11},"end":{"line":290,"column":5}},"129":{"start":{"line":287,"column":6},"end":{"line":287,"column":21}},"130":{"start":{"line":289,"column":6},"end":{"line":289,"column":19}},"131":{"start":{"line":291,"column":9},"end":{"line":301,"column":3}},"132":{"start":{"line":292,"column":4},"end":{"line":296,"column":5}},"133":{"start":{"line":293,"column":6},"end":{"line":293,"column":19}},"134":{"start":{"line":295,"column":6},"end":{"line":295,"column":43}},"135":{"start":{"line":297,"column":9},"end":{"line":301,"column":3}},"136":{"start":{"line":298,"column":4},"end":{"line":298,"column":17}},"137":{"start":{"line":300,"column":4},"end":{"line":300,"column":41}},"138":{"start":{"line":305,"column":20},"end":{"line":305,"column":32}},"139":{"start":{"line":306,"column":11},"end":{"line":308,"column":3}},"140":{"start":{"line":307,"column":4},"end":{"line":307,"column":45}},"141":{"start":{"line":309,"column":2},"end":{"line":309,"column":34}},"142":{"start":{"line":313,"column":2},"end":{"line":323,"column":3}},"143":{"start":{"line":314,"column":4},"end":{"line":318,"column":5}},"144":{"start":{"line":315,"column":6},"end":{"line":315,"column":20}},"145":{"start":{"line":317,"column":6},"end":{"line":317,"column":23}},"146":{"start":{"line":319,"column":9},"end":{"line":323,"column":3}},"147":{"start":{"line":320,"column":4},"end":{"line":320,"column":56}},"148":{"start":{"line":322,"column":4},"end":{"line":322,"column":57}},"149":{"start":{"line":327,"column":20},"end":{"line":327,"column":34}},"150":{"start":{"line":328,"column":13},"end":{"line":330,"column":3}},"151":{"start":{"line":329,"column":4},"end":{"line":329,"column":38}},"152":{"start":{"line":331,"column":2},"end":{"line":331,"column":38}},"153":{"start":{"line":334,"column":16},"end":{"line":334,"column":63}},"154":{"start":{"line":336,"column":16},"end":{"line":336,"column":51}},"155":{"start":{"line":338,"column":16},"end":{"line":338,"column":57}},"156":{"start":{"line":340,"column":16},"end":{"line":340,"column":57}},"157":{"start":{"line":342,"column":39},"end":{"line":342,"column":51}},"158":{"start":{"line":344,"column":25},"end":{"line":344,"column":37}},"159":{"start":{"line":346,"column":25},"end":{"line":346,"column":37}},"160":{"start":{"line":348,"column":24},"end":{"line":348,"column":36}},"161":{"start":{"line":350,"column":24},"end":{"line":350,"column":36}},"162":{"start":{"line":352,"column":25},"end":{"line":352,"column":37}},"163":{"start":{"line":354,"column":25},"end":{"line":354,"column":37}},"164":{"start":{"line":356,"column":37},"end":{"line":356,"column":49}},"165":{"start":{"line":358,"column":25},"end":{"line":358,"column":37}},"166":{"start":{"line":360,"column":24},"end":{"line":360,"column":36}},"167":{"start":{"line":362,"column":24},"end":{"line":362,"column":36}},"168":{"start":{"line":364,"column":37},"end":{"line":364,"column":49}},"169":{"start":{"line":366,"column":25},"end":{"line":366,"column":37}},"170":{"start":{"line":368,"column":25},"end":{"line":368,"column":37}},"171":{"start":{"line":370,"column":25},"end":{"line":370,"column":37}},"172":{"start":{"line":372,"column":25},"end":{"line":372,"column":37}},"173":{"start":{"line":374,"column":24},"end":{"line":391,"column":1}},"174":{"start":{"line":393,"column":21},"end":{"line":393,"column":22}},"175":{"start":{"line":395,"column":27},"end":{"line":395,"column":28}},"176":{"start":{"line":397,"column":26},"end":{"line":397,"column":36}},"177":{"start":{"line":399,"column":14},"end":{"line":399,"column":24}},"178":{"start":{"line":401,"column":13},"end":{"line":401,"column":23}},"179":{"start":{"line":403,"column":16},"end":{"line":403,"column":26}},"180":{"start":{"line":405,"column":15},"end":{"line":405,"column":25}},"181":{"start":{"line":407,"column":11},"end":{"line":407,"column":21}},"182":{"start":{"line":409,"column":24},"end":{"line":409,"column":36}},"183":{"start":{"line":411,"column":17},"end":{"line":411,"column":29}},"184":{"start":{"line":413,"column":18},"end":{"line":413,"column":30}},"185":{"start":{"line":415,"column":11},"end":{"line":415,"column":23}},"186":{"start":{"line":417,"column":11},"end":{"line":417,"column":23}},"187":{"start":{"line":419,"column":11},"end":{"line":419,"column":23}},"188":{"start":{"line":421,"column":11},"end":{"line":421,"column":23}},"189":{"start":{"line":423,"column":13},"end":{"line":423,"column":25}},"190":{"start":{"line":425,"column":13},"end":{"line":425,"column":25}},"191":{"start":{"line":427,"column":13},"end":{"line":427,"column":25}},"192":{"start":{"line":429,"column":13},"end":{"line":429,"column":26}},"193":{"start":{"line":431,"column":30},"end":{"line":431,"column":42}},"194":{"start":{"line":433,"column":13},"end":{"line":433,"column":25}},"195":{"start":{"line":435,"column":24},"end":{"line":435,"column":36}},"196":{"start":{"line":437,"column":14},"end":{"line":437,"column":26}},"197":{"start":{"line":439,"column":14},"end":{"line":439,"column":26}},"198":{"start":{"line":441,"column":21},"end":{"line":441,"column":33}},"199":{"start":{"line":443,"column":25},"end":{"line":443,"column":37}},"200":{"start":{"line":445,"column":13},"end":{"line":445,"column":25}},"201":{"start":{"line":447,"column":12},"end":{"line":447,"column":24}},"202":{"start":{"line":449,"column":13},"end":{"line":449,"column":25}},"203":{"start":{"line":451,"column":0},"end":{"line":451,"column":20}},"204":{"start":{"line":452,"column":0},"end":{"line":452,"column":26}},"205":{"start":{"line":453,"column":0},"end":{"line":453,"column":30}},"206":{"start":{"line":454,"column":0},"end":{"line":454,"column":28}},"207":{"start":{"line":455,"column":0},"end":{"line":455,"column":24}},"208":{"start":{"line":456,"column":0},"end":{"line":456,"column":30}},"209":{"start":{"line":457,"column":0},"end":{"line":457,"column":34}},"210":{"start":{"line":458,"column":0},"end":{"line":458,"column":32}},"211":{"start":{"line":459,"column":0},"end":{"line":459,"column":24}},"212":{"start":{"line":460,"column":0},"end":{"line":460,"column":24}},"213":{"start":{"line":461,"column":0},"end":{"line":461,"column":24}},"214":{"start":{"line":462,"column":0},"end":{"line":462,"column":24}},"215":{"start":{"line":463,"column":0},"end":{"line":463,"column":28}},"216":{"start":{"line":464,"column":0},"end":{"line":464,"column":36}},"217":{"start":{"line":465,"column":0},"end":{"line":465,"column":34}},"218":{"start":{"line":466,"column":0},"end":{"line":466,"column":20}},"219":{"start":{"line":467,"column":0},"end":{"line":467,"column":28}},"220":{"start":{"line":468,"column":0},"end":{"line":468,"column":34}},"221":{"start":{"line":469,"column":0},"end":{"line":469,"column":42}},"222":{"start":{"line":470,"column":0},"end":{"line":470,"column":18}},"223":{"start":{"line":471,"column":0},"end":{"line":471,"column":26}},"224":{"start":{"line":472,"column":0},"end":{"line":472,"column":50}},"225":{"start":{"line":473,"column":0},"end":{"line":473,"column":26}},"226":{"start":{"line":474,"column":0},"end":{"line":474,"column":24}},"227":{"start":{"line":475,"column":0},"end":{"line":475,"column":30}},"228":{"start":{"line":476,"column":0},"end":{"line":476,"column":28}},"229":{"start":{"line":477,"column":0},"end":{"line":477,"column":20}},"230":{"start":{"line":478,"column":0},"end":{"line":478,"column":22}},"231":{"start":{"line":479,"column":0},"end":{"line":479,"column":22}},"232":{"start":{"line":480,"column":0},"end":{"line":480,"column":46}},"233":{"start":{"line":481,"column":0},"end":{"line":481,"column":32}},"234":{"start":{"line":482,"column":0},"end":{"line":482,"column":34}},"235":{"start":{"line":483,"column":0},"end":{"line":483,"column":20}},"236":{"start":{"line":484,"column":0},"end":{"line":484,"column":20}},"237":{"start":{"line":485,"column":0},"end":{"line":485,"column":20}},"238":{"start":{"line":486,"column":0},"end":{"line":486,"column":20}},"239":{"start":{"line":487,"column":0},"end":{"line":487,"column":24}},"240":{"start":{"line":488,"column":0},"end":{"line":488,"column":24}},"241":{"start":{"line":489,"column":0},"end":{"line":489,"column":24}},"242":{"start":{"line":490,"column":0},"end":{"line":490,"column":24}},"243":{"start":{"line":491,"column":0},"end":{"line":491,"column":20}},"244":{"start":{"line":492,"column":0},"end":{"line":492,"column":34}},"245":{"start":{"line":493,"column":0},"end":{"line":493,"column":58}},"246":{"start":{"line":494,"column":0},"end":{"line":494,"column":24}},"247":{"start":{"line":495,"column":0},"end":{"line":495,"column":20}},"248":{"start":{"line":496,"column":0},"end":{"line":496,"column":22}},"249":{"start":{"line":497,"column":0},"end":{"line":497,"column":46}},"250":{"start":{"line":498,"column":0},"end":{"line":498,"column":26}},"251":{"start":{"line":499,"column":0},"end":{"line":499,"column":26}},"252":{"start":{"line":500,"column":0},"end":{"line":500,"column":40}},"253":{"start":{"line":501,"column":0},"end":{"line":501,"column":48}},"254":{"start":{"line":502,"column":0},"end":{"line":502,"column":24}},"255":{"start":{"line":503,"column":0},"end":{"line":503,"column":22}},"256":{"start":{"line":504,"column":0},"end":{"line":504,"column":24}},"257":{"start":{"line":505,"column":0},"end":{"line":505,"column":18}},"258":{"start":{"line":506,"column":0},"end":{"line":506,"column":18}},"259":{"start":{"line":507,"column":0},"end":{"line":507,"column":20}},"260":{"start":{"line":508,"column":0},"end":{"line":508,"column":16}},"261":{"start":{"line":509,"column":0},"end":{"line":509,"column":24}},"262":{"start":{"line":510,"column":0},"end":{"line":510,"column":20}},"263":{"start":{"line":511,"column":0},"end":{"line":511,"column":22}}},"fnMap":{"0":{"name":"reloading","decl":{"start":{"line":12,"column":9},"end":{"line":12,"column":18}},"loc":{"start":{"line":12,"column":22},"end":{"line":14,"column":1}},"line":12},"1":{"name":"complete","decl":{"start":{"line":16,"column":9},"end":{"line":16,"column":17}},"loc":{"start":{"line":16,"column":21},"end":{"line":18,"column":1}},"line":16},"2":{"name":"isInit","decl":{"start":{"line":20,"column":9},"end":{"line":20,"column":15}},"loc":{"start":{"line":20,"column":23},"end":{"line":26,"column":1}},"line":20},"3":{"name":"isLoading","decl":{"start":{"line":28,"column":9},"end":{"line":28,"column":18}},"loc":{"start":{"line":28,"column":26},"end":{"line":34,"column":1}},"line":28},"4":{"name":"isReloading","decl":{"start":{"line":36,"column":9},"end":{"line":36,"column":20}},"loc":{"start":{"line":36,"column":28},"end":{"line":42,"column":1}},"line":36},"5":{"name":"isComplete","decl":{"start":{"line":44,"column":9},"end":{"line":44,"column":19}},"loc":{"start":{"line":44,"column":27},"end":{"line":50,"column":1}},"line":44},"6":{"name":"isBusy","decl":{"start":{"line":52,"column":9},"end":{"line":52,"column":15}},"loc":{"start":{"line":52,"column":23},"end":{"line":64,"column":1}},"line":52},"7":{"name":"isIdle","decl":{"start":{"line":66,"column":9},"end":{"line":66,"column":15}},"loc":{"start":{"line":66,"column":20},"end":{"line":68,"column":1}},"line":66},"8":{"name":"toBusy","decl":{"start":{"line":70,"column":9},"end":{"line":70,"column":15}},"loc":{"start":{"line":70,"column":19},"end":{"line":82,"column":1}},"line":70},"9":{"name":"toIdle","decl":{"start":{"line":84,"column":9},"end":{"line":84,"column":15}},"loc":{"start":{"line":84,"column":19},"end":{"line":96,"column":1}},"line":84},"10":{"name":"getValue","decl":{"start":{"line":98,"column":9},"end":{"line":98,"column":17}},"loc":{"start":{"line":98,"column":25},"end":{"line":104,"column":1}},"line":98},"11":{"name":"getReloading","decl":{"start":{"line":106,"column":9},"end":{"line":106,"column":21}},"loc":{"start":{"line":106,"column":29},"end":{"line":112,"column":1}},"line":106},"12":{"name":"getComplete","decl":{"start":{"line":114,"column":9},"end":{"line":114,"column":20}},"loc":{"start":{"line":114,"column":28},"end":{"line":120,"column":1}},"line":114},"13":{"name":"fold","decl":{"start":{"line":122,"column":9},"end":{"line":122,"column":13}},"loc":{"start":{"line":122,"column":68},"end":{"line":134,"column":1}},"line":122},"14":{"name":"foldLazy","decl":{"start":{"line":136,"column":9},"end":{"line":136,"column":17}},"loc":{"start":{"line":136,"column":66},"end":{"line":148,"column":1}},"line":136},"15":{"name":"foldByValue","decl":{"start":{"line":150,"column":9},"end":{"line":150,"column":20}},"loc":{"start":{"line":150,"column":48},"end":{"line":152,"column":1}},"line":150},"16":{"name":"foldByValueLazy","decl":{"start":{"line":154,"column":9},"end":{"line":154,"column":24}},"loc":{"start":{"line":154,"column":49},"end":{"line":156,"column":1}},"line":154},"17":{"name":"map","decl":{"start":{"line":158,"column":9},"end":{"line":158,"column":12}},"loc":{"start":{"line":158,"column":20},"end":{"line":170,"column":1}},"line":158},"18":{"name":"apply","decl":{"start":{"line":176,"column":9},"end":{"line":176,"column":14}},"loc":{"start":{"line":176,"column":23},"end":{"line":205,"column":1}},"line":176},"19":{"name":"pure","decl":{"start":{"line":214,"column":9},"end":{"line":214,"column":13}},"loc":{"start":{"line":214,"column":17},"end":{"line":216,"column":1}},"line":214},"20":{"name":"bind","decl":{"start":{"line":226,"column":9},"end":{"line":226,"column":13}},"loc":{"start":{"line":226,"column":21},"end":{"line":236,"column":1}},"line":226},"21":{"name":"alt","decl":{"start":{"line":247,"column":9},"end":{"line":247,"column":12}},"loc":{"start":{"line":247,"column":21},"end":{"line":269,"column":1}},"line":247},"22":{"name":"eqBy","decl":{"start":{"line":278,"column":9},"end":{"line":278,"column":13}},"loc":{"start":{"line":278,"column":29},"end":{"line":302,"column":1}},"line":278},"23":{"name":"Eq","decl":{"start":{"line":304,"column":9},"end":{"line":304,"column":11}},"loc":{"start":{"line":304,"column":15},"end":{"line":310,"column":1}},"line":304},"24":{"name":"(anonymous_24)","decl":{"start":{"line":306,"column":11},"end":{"line":306,"column":12}},"loc":{"start":{"line":306,"column":37},"end":{"line":308,"column":3}},"line":306},"25":{"name":"showBy","decl":{"start":{"line":312,"column":9},"end":{"line":312,"column":15}},"loc":{"start":{"line":312,"column":27},"end":{"line":324,"column":1}},"line":312},"26":{"name":"Show","decl":{"start":{"line":326,"column":9},"end":{"line":326,"column":13}},"loc":{"start":{"line":326,"column":17},"end":{"line":332,"column":1}},"line":326},"27":{"name":"(anonymous_27)","decl":{"start":{"line":328,"column":13},"end":{"line":328,"column":14}},"loc":{"start":{"line":328,"column":30},"end":{"line":330,"column":3}},"line":328}},"branchMap":{"0":{"loc":{"start":{"line":21,"column":2},"end":{"line":25,"column":3}},"type":"if","locations":[{"start":{"line":21,"column":2},"end":{"line":25,"column":3}},{"start":{"line":21,"column":2},"end":{"line":25,"column":3}}],"line":21},"1":{"loc":{"start":{"line":29,"column":2},"end":{"line":33,"column":3}},"type":"if","locations":[{"start":{"line":29,"column":2},"end":{"line":33,"column":3}},{"start":{"line":29,"column":2},"end":{"line":33,"column":3}}],"line":29},"2":{"loc":{"start":{"line":37,"column":2},"end":{"line":41,"column":3}},"type":"if","locations":[{"start":{"line":37,"column":2},"end":{"line":41,"column":3}},{"start":{"line":37,"column":2},"end":{"line":41,"column":3}}],"line":37},"3":{"loc":{"start":{"line":37,"column":6},"end":{"line":37,"column":44}},"type":"binary-expr","locations":[{"start":{"line":37,"column":6},"end":{"line":37,"column":31}},{"start":{"line":37,"column":35},"end":{"line":37,"column":44}}],"line":37},"4":{"loc":{"start":{"line":45,"column":2},"end":{"line":49,"column":3}},"type":"if","locations":[{"start":{"line":45,"column":2},"end":{"line":49,"column":3}},{"start":{"line":45,"column":2},"end":{"line":49,"column":3}}],"line":45},"5":{"loc":{"start":{"line":45,"column":6},"end":{"line":45,"column":50}},"type":"binary-expr","locations":[{"start":{"line":45,"column":6},"end":{"line":45,"column":31}},{"start":{"line":45,"column":35},"end":{"line":45,"column":50}}],"line":45},"6":{"loc":{"start":{"line":53,"column":2},"end":{"line":63,"column":3}},"type":"if","locations":[{"start":{"line":53,"column":2},"end":{"line":63,"column":3}},{"start":{"line":53,"column":2},"end":{"line":63,"column":3}}],"line":53},"7":{"loc":{"start":{"line":54,"column":4},"end":{"line":58,"column":5}},"type":"if","locations":[{"start":{"line":54,"column":4},"end":{"line":58,"column":5}},{"start":{"line":54,"column":4},"end":{"line":58,"column":5}}],"line":54},"8":{"loc":{"start":{"line":59,"column":9},"end":{"line":63,"column":3}},"type":"if","locations":[{"start":{"line":59,"column":9},"end":{"line":63,"column":3}},{"start":{"line":59,"column":9},"end":{"line":63,"column":3}}],"line":59},"9":{"loc":{"start":{"line":71,"column":2},"end":{"line":81,"column":3}},"type":"if","locations":[{"start":{"line":71,"column":2},"end":{"line":81,"column":3}},{"start":{"line":71,"column":2},"end":{"line":81,"column":3}}],"line":71},"10":{"loc":{"start":{"line":72,"column":4},"end":{"line":76,"column":5}},"type":"if","locations":[{"start":{"line":72,"column":4},"end":{"line":76,"column":5}},{"start":{"line":72,"column":4},"end":{"line":76,"column":5}}],"line":72},"11":{"loc":{"start":{"line":77,"column":9},"end":{"line":81,"column":3}},"type":"if","locations":[{"start":{"line":77,"column":9},"end":{"line":81,"column":3}},{"start":{"line":77,"column":9},"end":{"line":81,"column":3}}],"line":77},"12":{"loc":{"start":{"line":85,"column":2},"end":{"line":95,"column":3}},"type":"if","locations":[{"start":{"line":85,"column":2},"end":{"line":95,"column":3}},{"start":{"line":85,"column":2},"end":{"line":95,"column":3}}],"line":85},"13":{"loc":{"start":{"line":86,"column":4},"end":{"line":90,"column":5}},"type":"if","locations":[{"start":{"line":86,"column":4},"end":{"line":90,"column":5}},{"start":{"line":86,"column":4},"end":{"line":90,"column":5}}],"line":86},"14":{"loc":{"start":{"line":91,"column":9},"end":{"line":95,"column":3}},"type":"if","locations":[{"start":{"line":91,"column":9},"end":{"line":95,"column":3}},{"start":{"line":91,"column":9},"end":{"line":95,"column":3}}],"line":91},"15":{"loc":{"start":{"line":99,"column":2},"end":{"line":103,"column":3}},"type":"if","locations":[{"start":{"line":99,"column":2},"end":{"line":103,"column":3}},{"start":{"line":99,"column":2},"end":{"line":103,"column":3}}],"line":99},"16":{"loc":{"start":{"line":107,"column":2},"end":{"line":111,"column":3}},"type":"if","locations":[{"start":{"line":107,"column":2},"end":{"line":111,"column":3}},{"start":{"line":107,"column":2},"end":{"line":111,"column":3}}],"line":107},"17":{"loc":{"start":{"line":107,"column":6},"end":{"line":107,"column":44}},"type":"binary-expr","locations":[{"start":{"line":107,"column":6},"end":{"line":107,"column":31}},{"start":{"line":107,"column":35},"end":{"line":107,"column":44}}],"line":107},"18":{"loc":{"start":{"line":115,"column":2},"end":{"line":119,"column":3}},"type":"if","locations":[{"start":{"line":115,"column":2},"end":{"line":119,"column":3}},{"start":{"line":115,"column":2},"end":{"line":119,"column":3}}],"line":115},"19":{"loc":{"start":{"line":115,"column":6},"end":{"line":115,"column":50}},"type":"binary-expr","locations":[{"start":{"line":115,"column":6},"end":{"line":115,"column":31}},{"start":{"line":115,"column":35},"end":{"line":115,"column":50}}],"line":115},"20":{"loc":{"start":{"line":123,"column":2},"end":{"line":133,"column":3}},"type":"if","locations":[{"start":{"line":123,"column":2},"end":{"line":133,"column":3}},{"start":{"line":123,"column":2},"end":{"line":133,"column":3}}],"line":123},"21":{"loc":{"start":{"line":124,"column":4},"end":{"line":128,"column":5}},"type":"if","locations":[{"start":{"line":124,"column":4},"end":{"line":128,"column":5}},{"start":{"line":124,"column":4},"end":{"line":128,"column":5}}],"line":124},"22":{"loc":{"start":{"line":129,"column":9},"end":{"line":133,"column":3}},"type":"if","locations":[{"start":{"line":129,"column":9},"end":{"line":133,"column":3}},{"start":{"line":129,"column":9},"end":{"line":133,"column":3}}],"line":129},"23":{"loc":{"start":{"line":137,"column":2},"end":{"line":147,"column":3}},"type":"if","locations":[{"start":{"line":137,"column":2},"end":{"line":147,"column":3}},{"start":{"line":137,"column":2},"end":{"line":147,"column":3}}],"line":137},"24":{"loc":{"start":{"line":138,"column":4},"end":{"line":142,"column":5}},"type":"if","locations":[{"start":{"line":138,"column":4},"end":{"line":142,"column":5}},{"start":{"line":138,"column":4},"end":{"line":142,"column":5}}],"line":138},"25":{"loc":{"start":{"line":143,"column":9},"end":{"line":147,"column":3}},"type":"if","locations":[{"start":{"line":143,"column":9},"end":{"line":147,"column":3}},{"start":{"line":143,"column":9},"end":{"line":147,"column":3}}],"line":143},"26":{"loc":{"start":{"line":159,"column":2},"end":{"line":169,"column":3}},"type":"if","locations":[{"start":{"line":159,"column":2},"end":{"line":169,"column":3}},{"start":{"line":159,"column":2},"end":{"line":169,"column":3}}],"line":159},"27":{"loc":{"start":{"line":160,"column":4},"end":{"line":164,"column":5}},"type":"if","locations":[{"start":{"line":160,"column":4},"end":{"line":164,"column":5}},{"start":{"line":160,"column":4},"end":{"line":164,"column":5}}],"line":160},"28":{"loc":{"start":{"line":165,"column":9},"end":{"line":169,"column":3}},"type":"if","locations":[{"start":{"line":165,"column":9},"end":{"line":169,"column":3}},{"start":{"line":165,"column":9},"end":{"line":169,"column":3}}],"line":165},"29":{"loc":{"start":{"line":177,"column":2},"end":{"line":204,"column":3}},"type":"if","locations":[{"start":{"line":177,"column":2},"end":{"line":204,"column":3}},{"start":{"line":177,"column":2},"end":{"line":204,"column":3}}],"line":177},"30":{"loc":{"start":{"line":178,"column":4},"end":{"line":182,"column":5}},"type":"if","locations":[{"start":{"line":178,"column":4},"end":{"line":182,"column":5}},{"start":{"line":178,"column":4},"end":{"line":182,"column":5}}],"line":178},"31":{"loc":{"start":{"line":178,"column":8},"end":{"line":178,"column":57}},"type":"binary-expr","locations":[{"start":{"line":178,"column":8},"end":{"line":178,"column":16}},{"start":{"line":178,"column":20},"end":{"line":178,"column":57}}],"line":178},"32":{"loc":{"start":{"line":178,"column":22},"end":{"line":178,"column":56}},"type":"binary-expr","locations":[{"start":{"line":178,"column":22},"end":{"line":178,"column":44}},{"start":{"line":178,"column":48},"end":{"line":178,"column":56}}],"line":178},"33":{"loc":{"start":{"line":183,"column":9},"end":{"line":204,"column":3}},"type":"if","locations":[{"start":{"line":183,"column":9},"end":{"line":204,"column":3}},{"start":{"line":183,"column":9},"end":{"line":204,"column":3}}],"line":183},"34":{"loc":{"start":{"line":185,"column":4},"end":{"line":195,"column":5}},"type":"if","locations":[{"start":{"line":185,"column":4},"end":{"line":195,"column":5}},{"start":{"line":185,"column":4},"end":{"line":195,"column":5}}],"line":185},"35":{"loc":{"start":{"line":186,"column":6},"end":{"line":190,"column":7}},"type":"if","locations":[{"start":{"line":186,"column":6},"end":{"line":190,"column":7}},{"start":{"line":186,"column":6},"end":{"line":190,"column":7}}],"line":186},"36":{"loc":{"start":{"line":191,"column":11},"end":{"line":195,"column":5}},"type":"if","locations":[{"start":{"line":191,"column":11},"end":{"line":195,"column":5}},{"start":{"line":191,"column":11},"end":{"line":195,"column":5}}],"line":191},"37":{"loc":{"start":{"line":196,"column":9},"end":{"line":204,"column":3}},"type":"if","locations":[{"start":{"line":196,"column":9},"end":{"line":204,"column":3}},{"start":{"line":196,"column":9},"end":{"line":204,"column":3}}],"line":196},"38":{"loc":{"start":{"line":197,"column":4},"end":{"line":201,"column":5}},"type":"if","locations":[{"start":{"line":197,"column":4},"end":{"line":201,"column":5}},{"start":{"line":197,"column":4},"end":{"line":201,"column":5}}],"line":197},"39":{"loc":{"start":{"line":227,"column":2},"end":{"line":235,"column":3}},"type":"if","locations":[{"start":{"line":227,"column":2},"end":{"line":235,"column":3}},{"start":{"line":227,"column":2},"end":{"line":235,"column":3}}],"line":227},"40":{"loc":{"start":{"line":228,"column":4},"end":{"line":232,"column":5}},"type":"if","locations":[{"start":{"line":228,"column":4},"end":{"line":232,"column":5}},{"start":{"line":228,"column":4},"end":{"line":232,"column":5}}],"line":228},"41":{"loc":{"start":{"line":248,"column":2},"end":{"line":268,"column":3}},"type":"if","locations":[{"start":{"line":248,"column":2},"end":{"line":268,"column":3}},{"start":{"line":248,"column":2},"end":{"line":268,"column":3}}],"line":248},"42":{"loc":{"start":{"line":249,"column":4},"end":{"line":263,"column":5}},"type":"if","locations":[{"start":{"line":249,"column":4},"end":{"line":263,"column":5}},{"start":{"line":249,"column":4},"end":{"line":263,"column":5}}],"line":249},"43":{"loc":{"start":{"line":250,"column":6},"end":{"line":258,"column":7}},"type":"if","locations":[{"start":{"line":250,"column":6},"end":{"line":258,"column":7}},{"start":{"line":250,"column":6},"end":{"line":258,"column":7}}],"line":250},"44":{"loc":{"start":{"line":251,"column":8},"end":{"line":255,"column":9}},"type":"if","locations":[{"start":{"line":251,"column":8},"end":{"line":255,"column":9}},{"start":{"line":251,"column":8},"end":{"line":255,"column":9}}],"line":251},"45":{"loc":{"start":{"line":259,"column":11},"end":{"line":263,"column":5}},"type":"if","locations":[{"start":{"line":259,"column":11},"end":{"line":263,"column":5}},{"start":{"line":259,"column":11},"end":{"line":263,"column":5}}],"line":259},"46":{"loc":{"start":{"line":264,"column":9},"end":{"line":268,"column":3}},"type":"if","locations":[{"start":{"line":264,"column":9},"end":{"line":268,"column":3}},{"start":{"line":264,"column":9},"end":{"line":268,"column":3}}],"line":264},"47":{"loc":{"start":{"line":264,"column":13},"end":{"line":264,"column":61}},"type":"binary-expr","locations":[{"start":{"line":264,"column":13},"end":{"line":264,"column":19}},{"start":{"line":264,"column":23},"end":{"line":264,"column":45}},{"start":{"line":264,"column":49},"end":{"line":264,"column":61}}],"line":264},"48":{"loc":{"start":{"line":279,"column":2},"end":{"line":301,"column":3}},"type":"if","locations":[{"start":{"line":279,"column":2},"end":{"line":301,"column":3}},{"start":{"line":279,"column":2},"end":{"line":301,"column":3}}],"line":279},"49":{"loc":{"start":{"line":280,"column":4},"end":{"line":290,"column":5}},"type":"if","locations":[{"start":{"line":280,"column":4},"end":{"line":290,"column":5}},{"start":{"line":280,"column":4},"end":{"line":290,"column":5}}],"line":280},"50":{"loc":{"start":{"line":281,"column":6},"end":{"line":285,"column":7}},"type":"if","locations":[{"start":{"line":281,"column":6},"end":{"line":285,"column":7}},{"start":{"line":281,"column":6},"end":{"line":285,"column":7}}],"line":281},"51":{"loc":{"start":{"line":286,"column":11},"end":{"line":290,"column":5}},"type":"if","locations":[{"start":{"line":286,"column":11},"end":{"line":290,"column":5}},{"start":{"line":286,"column":11},"end":{"line":290,"column":5}}],"line":286},"52":{"loc":{"start":{"line":291,"column":9},"end":{"line":301,"column":3}},"type":"if","locations":[{"start":{"line":291,"column":9},"end":{"line":301,"column":3}},{"start":{"line":291,"column":9},"end":{"line":301,"column":3}}],"line":291},"53":{"loc":{"start":{"line":292,"column":4},"end":{"line":296,"column":5}},"type":"if","locations":[{"start":{"line":292,"column":4},"end":{"line":296,"column":5}},{"start":{"line":292,"column":4},"end":{"line":296,"column":5}}],"line":292},"54":{"loc":{"start":{"line":292,"column":8},"end":{"line":292,"column":44}},"type":"binary-expr","locations":[{"start":{"line":292,"column":8},"end":{"line":292,"column":29}},{"start":{"line":292,"column":33},"end":{"line":292,"column":44}}],"line":292},"55":{"loc":{"start":{"line":297,"column":9},"end":{"line":301,"column":3}},"type":"if","locations":[{"start":{"line":297,"column":9},"end":{"line":301,"column":3}},{"start":{"line":297,"column":9},"end":{"line":301,"column":3}}],"line":297},"56":{"loc":{"start":{"line":297,"column":13},"end":{"line":297,"column":43}},"type":"binary-expr","locations":[{"start":{"line":297,"column":13},"end":{"line":297,"column":34}},{"start":{"line":297,"column":38},"end":{"line":297,"column":43}}],"line":297},"57":{"loc":{"start":{"line":313,"column":2},"end":{"line":323,"column":3}},"type":"if","locations":[{"start":{"line":313,"column":2},"end":{"line":323,"column":3}},{"start":{"line":313,"column":2},"end":{"line":323,"column":3}}],"line":313},"58":{"loc":{"start":{"line":314,"column":4},"end":{"line":318,"column":5}},"type":"if","locations":[{"start":{"line":314,"column":4},"end":{"line":318,"column":5}},{"start":{"line":314,"column":4},"end":{"line":318,"column":5}}],"line":314},"59":{"loc":{"start":{"line":319,"column":9},"end":{"line":323,"column":3}},"type":"if","locations":[{"start":{"line":319,"column":9},"end":{"line":323,"column":3}},{"start":{"line":319,"column":9},"end":{"line":323,"column":3}}],"line":319}},"s":{"0":2,"1":2,"2":2,"3":2,"4":2,"5":2,"6":2,"7":2,"8":11,"9":18,"10":4,"11":2,"12":2,"13":4,"14":2,"15":2,"16":4,"17":3,"18":1,"19":4,"20":3,"21":1,"22":8,"23":4,"24":2,"25":2,"26":4,"27":2,"28":2,"29":4,"30":4,"31":2,"32":1,"33":1,"34":2,"35":1,"36":1,"37":4,"38":2,"39":1,"40":1,"41":2,"42":1,"43":1,"44":4,"45":2,"46":2,"47":4,"48":3,"49":1,"50":4,"51":3,"52":1,"53":8,"54":4,"55":2,"56":2,"57":4,"58":2,"59":2,"60":8,"61":4,"62":2,"63":2,"64":4,"65":2,"66":2,"67":4,"68":4,"69":5,"70":3,"71":3,"72":0,"73":2,"74":0,"75":2,"76":2,"77":2,"78":5,"79":3,"80":2,"81":1,"82":2,"83":0,"84":0,"85":0,"86":0,"87":0,"88":0,"89":0,"90":0,"91":2,"92":0,"93":0,"94":0,"95":2,"96":2,"97":2,"98":0,"99":2,"100":2,"101":0,"102":0,"103":0,"104":0,"105":0,"106":2,"107":2,"108":0,"109":0,"110":0,"111":0,"112":0,"113":0,"114":0,"115":0,"116":0,"117":0,"118":0,"119":0,"120":0,"121":2,"122":2,"123":6,"124":2,"125":2,"126":2,"127":0,"128":0,"129":0,"130":0,"131":4,"132":3,"133":0,"134":3,"135":1,"136":1,"137":0,"138":0,"139":0,"140":0,"141":0,"142":0,"143":0,"144":0,"145":0,"146":0,"147":0,"148":0,"149":0,"150":0,"151":0,"152":0,"153":2,"154":2,"155":2,"156":2,"157":2,"158":2,"159":2,"160":2,"161":2,"162":2,"163":2,"164":2,"165":2,"166":2,"167":2,"168":2,"169":2,"170":2,"171":2,"172":2,"173":2,"174":2,"175":2,"176":2,"177":2,"178":2,"179":2,"180":2,"181":2,"182":2,"183":2,"184":2,"185":2,"186":2,"187":2,"188":2,"189":2,"190":2,"191":2,"192":2,"193":2,"194":2,"195":2,"196":2,"197":2,"198":2,"199":2,"200":2,"201":2,"202":2,"203":2,"204":2,"205":2,"206":2,"207":2,"208":2,"209":2,"210":2,"211":2,"212":2,"213":2,"214":2,"215":2,"216":2,"217":2,"218":2,"219":2,"220":2,"221":2,"222":2,"223":2,"224":2,"225":2,"226":2,"227":2,"228":2,"229":2,"230":2,"231":2,"232":2,"233":2,"234":2,"235":2,"236":2,"237":2,"238":2,"239":2,"240":2,"241":2,"242":2,"243":2,"244":2,"245":2,"246":2,"247":2,"248":2,"249":2,"250":2,"251":2,"252":2,"253":2,"254":2,"255":2,"256":2,"257":2,"258":2,"259":2,"260":2,"261":2,"262":2,"263":2},"f":{"0":11,"1":18,"2":4,"3":4,"4":4,"5":4,"6":8,"7":4,"8":4,"9":4,"10":4,"11":4,"12":4,"13":8,"14":8,"15":4,"16":4,"17":5,"18":5,"19":0,"20":0,"21":0,"22":6,"23":0,"24":0,"25":0,"26":0,"27":0},"b":{"0":[2,2],"1":[2,2],"2":[3,1],"3":[4,2],"4":[3,1],"5":[4,2],"6":[4,4],"7":[2,2],"8":[2,2],"9":[2,2],"10":[1,1],"11":[1,1],"12":[2,2],"13":[1,1],"14":[1,1],"15":[2,2],"16":[3,1],"17":[4,2],"18":[3,1],"19":[4,2],"20":[4,4],"21":[2,2],"22":[2,2],"23":[4,4],"24":[2,2],"25":[2,2],"26":[3,2],"27":[3,0],"28":[0,2],"29":[3,2],"30":[2,1],"31":[3,3],"32":[3,2],"33":[0,2],"34":[0,0],"35":[0,0],"36":[0,0],"37":[0,2],"38":[0,0],"39":[0,0],"40":[0,0],"41":[0,0],"42":[0,0],"43":[0,0],"44":[0,0],"45":[0,0],"46":[0,0],"47":[0,0,0],"48":[2,4],"49":[2,0],"50":[2,0],"51":[0,0],"52":[3,1],"53":[0,3],"54":[3,3],"55":[1,0],"56":[1,1],"57":[0,0],"58":[0,0],"59":[0,0]},"_coverageSchema":"43e27e138ebf9cfc5966b082cf9a028302ed4184","hash":"a641464c3c1bb6dc0a392051899a7285291195de"}
,"/home/awhite/dev/andywhite37/relude/lib/js/src/Relude_AsyncResult.bs.js": {"path":"/home/awhite/dev/andywhite37/relude/lib/js/src/Relude_AsyncResult.bs.js","statementMap":{"0":{"start":{"line":3,"column":12},"end":{"line":3,"column":50}},"1":{"start":{"line":4,"column":12},"end":{"line":4,"column":50}},"2":{"start":{"line":5,"column":18},"end":{"line":5,"column":62}},"3":{"start":{"line":6,"column":20},"end":{"line":6,"column":52}},"4":{"start":{"line":7,"column":23},"end":{"line":7,"column":58}},"5":{"start":{"line":8,"column":30},"end":{"line":8,"column":83}},"6":{"start":{"line":9,"column":30},"end":{"line":9,"column":83}},"7":{"start":{"line":10,"column":32},"end":{"line":10,"column":87}},"8":{"start":{"line":11,"column":36},"end":{"line":11,"column":95}},"9":{"start":{"line":14,"column":2},"end":{"line":14,"column":62}},"10":{"start":{"line":18,"column":2},"end":{"line":18,"column":65}},"11":{"start":{"line":22,"column":2},"end":{"line":22,"column":61}},"12":{"start":{"line":26,"column":2},"end":{"line":26,"column":64}},"13":{"start":{"line":30,"column":2},"end":{"line":34,"column":3}},"14":{"start":{"line":31,"column":4},"end":{"line":31,"column":17}},"15":{"start":{"line":33,"column":4},"end":{"line":33,"column":16}},"16":{"start":{"line":38,"column":2},"end":{"line":42,"column":3}},"17":{"start":{"line":39,"column":4},"end":{"line":39,"column":17}},"18":{"start":{"line":41,"column":4},"end":{"line":41,"column":16}},"19":{"start":{"line":46,"column":2},"end":{"line":50,"column":3}},"20":{"start":{"line":47,"column":4},"end":{"line":47,"column":17}},"21":{"start":{"line":49,"column":4},"end":{"line":49,"column":16}},"22":{"start":{"line":54,"column":2},"end":{"line":58,"column":3}},"23":{"start":{"line":55,"column":4},"end":{"line":55,"column":17}},"24":{"start":{"line":57,"column":4},"end":{"line":57,"column":16}},"25":{"start":{"line":62,"column":2},"end":{"line":66,"column":3}},"26":{"start":{"line":63,"column":4},"end":{"line":63,"column":17}},"27":{"start":{"line":65,"column":4},"end":{"line":65,"column":16}},"28":{"start":{"line":70,"column":2},"end":{"line":74,"column":3}},"29":{"start":{"line":71,"column":4},"end":{"line":71,"column":17}},"30":{"start":{"line":73,"column":4},"end":{"line":73,"column":16}},"31":{"start":{"line":78,"column":2},"end":{"line":87,"column":3}},"32":{"start":{"line":79,"column":4},"end":{"line":79,"column":21}},"33":{"start":{"line":81,"column":16},"end":{"line":81,"column":24}},"34":{"start":{"line":82,"column":4},"end":{"line":86,"column":5}},"35":{"start":{"line":83,"column":6},"end":{"line":83,"column":23}},"36":{"start":{"line":85,"column":6},"end":{"line":85,"column":40}},"37":{"start":{"line":91,"column":2},"end":{"line":100,"column":3}},"38":{"start":{"line":92,"column":4},"end":{"line":92,"column":21}},"39":{"start":{"line":94,"column":16},"end":{"line":94,"column":24}},"40":{"start":{"line":95,"column":4},"end":{"line":99,"column":5}},"41":{"start":{"line":96,"column":6},"end":{"line":96,"column":40}},"42":{"start":{"line":98,"column":6},"end":{"line":98,"column":23}},"43":{"start":{"line":104,"column":2},"end":{"line":113,"column":3}},"44":{"start":{"line":105,"column":4},"end":{"line":105,"column":21}},"45":{"start":{"line":107,"column":16},"end":{"line":107,"column":24}},"46":{"start":{"line":108,"column":4},"end":{"line":112,"column":5}},"47":{"start":{"line":109,"column":6},"end":{"line":109,"column":23}},"48":{"start":{"line":111,"column":6},"end":{"line":111,"column":40}},"49":{"start":{"line":117,"column":2},"end":{"line":126,"column":3}},"50":{"start":{"line":118,"column":4},"end":{"line":118,"column":21}},"51":{"start":{"line":120,"column":16},"end":{"line":120,"column":24}},"52":{"start":{"line":121,"column":4},"end":{"line":125,"column":5}},"53":{"start":{"line":122,"column":6},"end":{"line":122,"column":40}},"54":{"start":{"line":124,"column":6},"end":{"line":124,"column":23}},"55":{"start":{"line":130,"column":2},"end":{"line":139,"column":3}},"56":{"start":{"line":131,"column":4},"end":{"line":131,"column":21}},"57":{"start":{"line":133,"column":16},"end":{"line":133,"column":24}},"58":{"start":{"line":134,"column":4},"end":{"line":138,"column":5}},"59":{"start":{"line":135,"column":6},"end":{"line":135,"column":23}},"60":{"start":{"line":137,"column":6},"end":{"line":137,"column":40}},"61":{"start":{"line":143,"column":2},"end":{"line":152,"column":3}},"62":{"start":{"line":144,"column":4},"end":{"line":144,"column":21}},"63":{"start":{"line":146,"column":16},"end":{"line":146,"column":24}},"64":{"start":{"line":147,"column":4},"end":{"line":151,"column":5}},"65":{"start":{"line":148,"column":6},"end":{"line":148,"column":40}},"66":{"start":{"line":150,"column":6},"end":{"line":150,"column":23}},"67":{"start":{"line":156,"column":2},"end":{"line":178,"column":3}},"68":{"start":{"line":157,"column":4},"end":{"line":161,"column":5}},"69":{"start":{"line":158,"column":6},"end":{"line":158,"column":25}},"70":{"start":{"line":160,"column":6},"end":{"line":160,"column":28}},"71":{"start":{"line":162,"column":9},"end":{"line":178,"column":3}},"72":{"start":{"line":163,"column":16},"end":{"line":163,"column":21}},"73":{"start":{"line":164,"column":4},"end":{"line":169,"column":5}},"74":{"start":{"line":165,"column":6},"end":{"line":165,"column":16}},"75":{"start":{"line":167,"column":14},"end":{"line":167,"column":35}},"76":{"start":{"line":168,"column":6},"end":{"line":168,"column":65}},"77":{"start":{"line":171,"column":18},"end":{"line":171,"column":23}},"78":{"start":{"line":172,"column":4},"end":{"line":177,"column":5}},"79":{"start":{"line":173,"column":6},"end":{"line":173,"column":16}},"80":{"start":{"line":175,"column":16},"end":{"line":175,"column":39}},"81":{"start":{"line":176,"column":6},"end":{"line":176,"column":68}},"82":{"start":{"line":182,"column":2},"end":{"line":204,"column":3}},"83":{"start":{"line":183,"column":4},"end":{"line":187,"column":5}},"84":{"start":{"line":184,"column":6},"end":{"line":184,"column":25}},"85":{"start":{"line":186,"column":6},"end":{"line":186,"column":28}},"86":{"start":{"line":188,"column":9},"end":{"line":204,"column":3}},"87":{"start":{"line":189,"column":16},"end":{"line":189,"column":21}},"88":{"start":{"line":190,"column":4},"end":{"line":195,"column":5}},"89":{"start":{"line":191,"column":14},"end":{"line":191,"column":35}},"90":{"start":{"line":1
[...]
,"/home/awhite/dev/andywhite37/relude/lib/js/src/list/Relude_List_Instances.bs.js": {"path":"/home/awhite/dev/andywhite37/relude/lib/js/src/list/Relude_List_Instances.bs.js","statementMap":{"0":{"start":{"line":3,"column":12},"end":{"line":3,"column":50}},"1":{"start":{"line":4,"column":16},"end":{"line":4,"column":58}},"2":{"start":{"line":5,"column":22},"end":{"line":5,"column":82}},"3":{"start":{"line":6,"column":24},"end":{"line":6,"column":86}},"4":{"start":{"line":7,"column":28},"end":{"line":7,"column":80}},"5":{"start":{"line":8,"column":30},"end":{"line":8,"column":84}},"6":{"start":{"line":9,"column":30},"end":{"line":9,"column":84}},"7":{"start":{"line":10,"column":32},"end":{"line":10,"column":88}},"8":{"start":{"line":11,"column":33},"end":{"line":11,"column":90}},"9":{"start":{"line":12,"column":36},"end":{"line":12,"column":96}},"10":{"start":{"line":14,"column":13},"end":{"line":14,"column":29}},"11":{"start":{"line":16,"column":31},"end":{"line":16,"column":51}},"12":{"start":{"line":18,"column":28},"end":{"line":21,"column":1}},"13":{"start":{"line":23,"column":10},"end":{"line":23,"column":45}},"14":{"start":{"line":25,"column":26},"end":{"line":25,"column":40}},"15":{"start":{"line":27,"column":14},"end":{"line":27,"column":66}},"16":{"start":{"line":29,"column":12},"end":{"line":29,"column":47}},"17":{"start":{"line":31,"column":24},"end":{"line":34,"column":1}},"18":{"start":{"line":36,"column":16},"end":{"line":36,"column":62}},"19":{"start":{"line":38,"column":11},"end":{"line":38,"column":51}},"20":{"start":{"line":40,"column":30},"end":{"line":44,"column":1}},"21":{"start":{"line":46,"column":16},"end":{"line":46,"column":80}},"22":{"start":{"line":48,"column":11},"end":{"line":48,"column":49}},"23":{"start":{"line":50,"column":24},"end":{"line":55,"column":1}},"24":{"start":{"line":57,"column":16},"end":{"line":57,"column":62}},"25":{"start":{"line":59,"column":10},"end":{"line":59,"column":41}},"26":{"start":{"line":61,"column":22},"end":{"line":64,"column":1}},"27":{"start":{"line":66,"column":0},"end":{"line":66,"column":41}},"28":{"start":{"line":68,"column":23},"end":{"line":72,"column":1}},"29":{"start":{"line":74,"column":30},"end":{"line":80,"column":1}},"30":{"start":{"line":82,"column":15},"end":{"line":82,"column":57}},"31":{"start":{"line":84,"column":16},"end":{"line":84,"column":59}},"32":{"start":{"line":86,"column":33},"end":{"line":86,"column":74}},"33":{"start":{"line":88,"column":37},"end":{"line":88,"column":82}},"34":{"start":{"line":90,"column":38},"end":{"line":90,"column":84}},"35":{"start":{"line":92,"column":27},"end":{"line":98,"column":1}},"36":{"start":{"line":100,"column":16},"end":{"line":100,"column":71}},"37":{"start":{"line":102,"column":18},"end":{"line":102,"column":31}},"38":{"start":{"line":105,"column":2},"end":{"line":121,"column":3}},"39":{"start":{"line":106,"column":12},"end":{"line":106,"column":14}},"40":{"start":{"line":107,"column":12},"end":{"line":107,"column":14}},"41":{"start":{"line":108,"column":4},"end":{"line":120,"column":5}},"42":{"start":{"line":109,"column":6},"end":{"line":115,"column":7}},"43":{"start":{"line":110,"column":8},"end":{"line":110,"column":18}},"44":{"start":{"line":111,"column":8},"end":{"line":111,"column":18}},"45":{"start":{"line":112,"column":8},"end":{"line":112,"column":18}},"46":{"start":{"line":114,"column":8},"end":{"line":114,"column":21}},"47":{"start":{"line":116,"column":11},"end":{"line":120,"column":5}},"48":{"start":{"line":117,"column":6},"end":{"line":117,"column":19}},"49":{"start":{"line":119,"column":6},"end":{"line":119,"column":18}},"50":{"start":{"line":125,"column":2},"end":{"line":125,"column":38}},"51":{"start":{"line":129,"column":11},"end":{"line":131,"column":3}},"52":{"start":{"line":130,"column":4},"end":{"line":130,"column":40}},"53":{"start":{"line":132,"column":2},"end":{"line":132,"column":34}},"54":{"start":{"line":136,"column":13},"end":{"line":136,"column":60}},"55":{"start":{"line":137,"column":2},"end":{"line":137,"column":64}},"56":{"start":{"line":141,"column":2},"end":{"line":141,"column":40}},"57":{"start":{"line":145,"column":13},"end":{"line":147,"column":3}},"58":{"start":{"line":146,"column":4},"end":{"line":146,"column":42}},"59":{"start":{"line":148,"column":2},"end":{"line":148,"column":38}},"60":{"start":{"line":151,"column":27},"end":{"line":154,"column":1}},"61":{"start":{"line":156,"column":20},"end":{"line":156,"column":21}},"62":{"start":{"line":158,"column":26},"end":{"line":158,"column":36}},"63":{"start":{"line":160,"column":14},"end":{"line":160,"column":24}},"64":{"start":{"line":162,"column":13},"end":{"line":162,"column":23}},"65":{"start":{"line":164,"column":16},"end":{"line":164,"column":26}},"66":{"start":{"line":166,"column":15},"end":{"line":166,"column":25}},"67":{"start":{"line":168,"column":11},"end":{"line":168,"column":21}},"68":{"start":{"line":170,"column":24},"end":{"line":170,"column":36}},"69":{"start":{"line":172,"column":17},"end":{"line":172,"column":29}},"70":{"start":{"line":174,"column":18},"end":{"line":174,"column":30}},"71":{"start":{"line":176,"column":11},"end":{"line":176,"column":23}},"72":{"start":{"line":178,"column":11},"end":{"line":178,"column":23}},"73":{"start":{"line":180,"column":11},"end":{"line":180,"column":23}},"74":{"start":{"line":182,"column":11},"end":{"line":182,"column":23}},"75":{"start":{"line":184,"column":13},"end":{"line":184,"column":25}},"76":{"start":{"line":186,"column":13},"end":{"line":186,"column":25}},"77":{"start":{"line":188,"column":13},"end":{"line":188,"column":25}},"78":{"start":{"line":190,"column":13},"end":{"line":190,"column":26}},"79":{"start":{"line":192,"column":30},"end":{"line":192,"column":42}},"80":{"start":{"line":194,"column":13},"end":{"line":194,"column":25}},"81":{"start":{"line":196,"column":24},"end":{"line":196,"column":36}},"82":{"start":{"line":198,"column":14},"end":{"line":198,"column":26}},"83":{"start":{"line":200,"column":14},"end":{"line":200,"column":26}},"84":{"start":{"line":202,"column":21},"end":{"line":202,"column":33}},"85":{"start":{"line":204,"column":25},"end":{"line":204,"column":37}},"86":{"start":{"line":206,"column":13},"end":{"line":206,"column":25}},"87":{"start":{"line":208,"column":12},"end":{"line":208,"column":24}},"88":{"start":{"line":210,"column":13},"end":{"line":210,"column":25}},"89":{"start":{"line":212,"column":27},"end":{"line":212,"column":39}},"90":{"start":{"line":214,"column":10},"end":{"line":214,"column":22}},"91":{"start":{"line":216,"column":10},"end":{"line":216,"column":22}},"92":{"start":{"line":218,"column":17},"end":{"line":218,"column":29}},"93":{"start":{"line":220,"column":15},"end":{"line":220,"column":27}},"94":{"start":{"line":222,"column":16},"end":{"line":222,"column":28}},"95":{"start":{"line":224,"column":14},"end":{"line":224,"column":26}},"96":{"start":{"line":226,"column":12},"end":{"line":226,"column":24}},"97":{"start":{"line":228,"column":10},"end":{"line":228,"column":22}},"98":{"start":{"line":230,"column":12},"end":{"line":230,"column":24}},"99":{"start":{"line":232,"column":10},"end":{"line":232,"column":23}},"100":{"start":{"line":234,"column":14},"end":{"line":234,"column":27}},"101":{"start":{"line":236,"column":13},"end":{"line":236,"column":26}},"102":{"start":{"line":238,"column":14},"end":{"line":238,"column":27}},"103":{"start":{"line":240,"column":23},"end":{"line":240,"column":36}},"104":{"start":{"line":242,"column":11},"end":{"line":242,"column":24}},"105":{"start":{"line":244,"column":20},"end":{"line":244,"column":33}},"106":{"start":{"line":246,"column":13},"end":{"line":246,"column":26}},"107":{"start":{"line":248,"column":34},"end":{"line":248,"column":47}},"108":{"start":{"line":250,"column":31},"end":{"line":250,"column":44}},"109":{"start":{"line":252,"column":14},"end":{"line":252,"column":27}},"110":{"start":{"line":254,"column":21},"end":{"line":254,"column":34}},"111":{"start":{"line":256,"column":36},"end":{"line":256,"column":49}},"112":{"start":{"line":258,"column":30},"end":{"line":258,"column":43}},"113":{"start":{"line":260,"column":27},"end":{"line":260,"column":40}},"114":{"start":{"line":262,"column":28},"end":{"line":262,"column":41}},"115":{"start":{"line":264,"column":18},"end":{"line":264,"column":45}},"116":{"start":{"line":266,"column":16},"end":{"line":266,"column":35}},"117":{"start":{"line":268,"column":14},"end":{"line":268,"column":31}},"118":{"start":{"line":270,"column":0},"end":{"line":270,"column":24}},"119":{"start":{"line":271,"column":0},"end":{"line":271,"column":36}},"120":{"start":{"line":272,"column":0},"end":{"line":272,"column":22}},"121":{"start":{"line":273,"column":0},"end":{"line":273,"column":30}},"122":{"start":{"line":274,"column":0},"end":{"line":274,"column":18}},"123":{"start":{"line":275,"column":0},"end":{"line":275,"column":26}},"124":{"start":{"line":276,"column":0},"end":{"line":276,"column":50}},"125":{"start":{"line":277,"column":0},"end":{"line":277,"column":26}},"126":{"start":{"line":278,"column":0},"end":{"line":278,"column":24}},"127":{"start":{"line":279,"column":0},"end":{"line":279,"column":30}},"128":{"start":{"line":280,"column":0},"end":{"line":280,"column":28}},"129":{"start":{"line":281,"column":0},"end":{"line":281,"column":20}},"130":{"start":{"line":282,"column":0},"end":{"line":282,"column":22}},"131":{"start":{"line":283,"column":0},"end":{"line":283,"column":22}},"132":{"start":{"line":284,"column":0},"end":{"line":284,"column":46}},"133":{"start":{"line":285,"column":0},"end":{"line":285,"column":32}},"134":{"start":{"line":286,"column":0},"end":{"line":286,"column":34}},"135":{"start":{"line":287,"column":0},"end":{"line":287,"column":20}},"136":{"start":{"line":288,"column":0},"end":{"line":288,"column":20}},"137":{"start":{"line":289,"column":0},"end":{"line":289,"column":20}},"138":{"start":{"line":290,"column":0},"end":{"line":290,"column":20}},"139":{"start":{"line":291,"column":0},"end":{"line":291,"column":24}},"140":{"start":{"line":292,"column":0},"end":{"line":292,"column":24}},"141":{"start":{"line":293,"column":0},"end":{"line":293,"column":24}},"142":{"start":{"line":294,"column":0},"end":{"line":294,"column":24}},"143":{"start":{"line":295,"column":0},"end":{"line":295,"column":20}},"144":{"start":{"line":296,"column":0},"end":{"line":296,"column":34}},"145":{"start":{"line":297,"column":0},"end":{"line":297,"column":58}},"146":{"start":{"line":298,"column":0},"end":{"line":298,"column":24}},"147":{"start":{"line":299,"column":0},"end":{"line":299,"column":20}},"148":{"start":{"line":300,"column":0},"end":{"line":300,"column":22}},"149":{"start":{"line":301,"column":0},"end":{"line":301,"column":46}},"150":{"start":{"line":302,"column":0},"end":{"line":302,"column":26}},"151":{"start":{"line":303,"column":0},"end":{"line":303,"column":26}},"152":{"start":{"line":304,"column":0},"end":{"line":304,"column":40}},"153":{"start":{"line":305,"column":0},"end":{"line":305,"column":48}},"154":{"start":{"line":306,"column":0},"end":{"line":306,"column":24}},"155":{"start":{"line":307,"column":0},"end":{"line":307,"column":22}},"156":{"start":{"line":308,"column":0},"end":{"line":308,"column":24}},"157":{"start":{"line":309,"column":0},"end":{"line":309,"column":18}},"158":{"start":{"line":310,"column":0},"end":{"line":310,"column":18}},"159":{"start":{"line":311,"column":0},"end":{"line":311,"column":20}},"160":{"start":{"line":312,"column":0},"end":{"line":312,"column":34}},"161":{"start":{"line":313,"column":0},"end":{"line":313,"column":28}},"162":{"start":{"line":314,"column":0},"end":{"line":314,"column":30}},"163":{"start":{"line":315,"column":0},"end":{"line":315,"column":28}},"164":{"start":{"line":316,"column":0},"end":{"line":316,"column":52}},"165":{"start":{"line":317,"column":0},"end":{"line":317,"column":18}},"166":{"start":{"line":318,"column":0},"end":{"line":318,"column":18}},"167":{"start":{"line":319,"column":0},"end":{"line":319,"column":32}},"168":{"start":{"line":320,"column":0},"end":{"line":320,"column":28}},"169":{"start":{"line":321,"column":0},"end":{"line":321,"column":30}},"170":{"start":{"line":322,"column":0},"end":{"line":322,"column":26}},"171":{"start":{"line":323,"column":0},"end":{"line":323,"column":22}},"172":{"start":{"line":324,"column":0},"end":{"line":324,"column":18}},"173":{"start":{"line":325,"column":0},"end":{"line":325,"column":22}},"174":{"start":{"line":326,"column":0},"end":{"line":326,"column":18}},"175":{"start":{"line":327,"column":0},"end":{"line":327,"column":26}},"176":{"start":{"line":328,"column":0},"end":{"line":328,"column":24}},"177":{"start":{"line":329,"column":0},"end":{"line":329,"column":26}},"178":{"start":{"line":330,"column":0},"end":{"line":330,"column":44}},"179":{"start":{"line":331,"column":0},"end":{"line":331,"column":20}},"180":{"start":{"line":332,"column":0},"end":{"line":332,"column":38}},"181":{"start":{"line":333,"column":0},"end":{"line":333,"column":24}},"182":{"start":{"line":334,"column":0},"end":{"line":334,"column":66}},"183":{"start":{"line":335,"column":0},"end":{"line":335,"column":60}},"184":{"start":{"line":336,"column":0},"end":{"line":336,"column":26}},"185":{"start":{"line":337,"column":0},"end":{"line":337,"column":40}},"186":{"start":{"line":338,"column":0},"end":{"line":338,"column":34}},"187":{"start":{"line":339,"column":0},"end":{"line":339,"column":70}},"188":{"start":{"line":340,"column":0},"end":{"line":340,"column":58}},"189":{"start":{"line":341,"column":0},"end":{"line":341,"column":52}},"190":{"start":{"line":342,"column":0},"end":{"line":342,"column":54}},"191":{"start":{"line":343,"column":0},"end":{"line":343,"column":34}},"192":{"start":{"line":344,"column":0},"end":{"line":344,"column":20}},"193":{"start":{"line":345,"column":0},"end":{"line":345,"column":16}},"194":{"start":{"line":346,"column":0},"end":{"line":346,"column":16}},"195":{"start":{"line":347,"column":0},"end":{"line":347,"column":24}},"196":{"start":{"line":348,"column":0},"end":{"line":348,"column":20}},"197":{"start":{"line":349,"column":0},"end":{"line":349,"column":20}},"198":{"start":{"line":350,"column":0},"end":{"line":350,"column":30}},"199":{"start":{"line":351,"column":0},"end":{"line":351,"column":26}},"200":{"start":{"line":352,"column":0},"end":{"line":352,"column":28}}},"fnMap":{"0":{"name":"eqBy","decl":{"start":{"line":104,"column":9},"end":{"line":104,"column":13}},"loc":{"start":{"line":104,"column":31},"end":{"line":122,"column":1}},"line":104},"1":{"name":"eq","decl":{"start":{"line":124,"column":9},"end":{"line":124,"column":11}},"loc":{"start":{"line":124,"column":25},"end":{"line":126,"column":1}},"line":124},"2":{"name":"Eq","decl":{"start":{"line":128,"column":9},"end":{"line":128,"column":11}},"loc":{"start":{"line":128,"column":17},"end":{"line":133,"column":1}},"line":128},"3":{"name":"(anonymous_3)","decl":{"start":{"line":129,"column":11},"end":{"line":129,"column":12}},"loc":{"start":{"line":129,"column":29},"end":{"line":131,"column":3}},"line":129},"4":{"name":"showBy","decl":{"start":{"line":135,"column":9},"end":{"line":135,"column":15}},"loc":{"start":{"line":135,"column":31},"end":{"line":138,"column":1}},"line":135},"5":{"name":"show","decl":{"start":{"line":140,"column":9},"end":{"line":140,"column":13}},"loc":{"start":{"line":140,"column":25},"end":{"line":142,"column":1}},"line":140},"6":{"name":"Show","decl":{"start":{"line":144,"column":9},"end":{"line":144,"column":13}},"loc":{"start":{"line":144,"column":21},"end":{"line":149,"column":1}},"line":144},"7":{"name":"(anonymous_7)","decl":{"start":{"line":145,"column":13},"end":{"line":145,"column":14}},"loc":{"start":{"line":145,"column":27},"end":{"line":147,"column":3}},"line":145}},"branchMap":{"0":{"loc":{"start":{"line":108,"column":4},"end":{"line":120,"column":5}},"type":"if","locations":[{"start":{"line":108,"column":4},"end":{"line":120,"column":5}},{"start":{"line":108,"column":4},"end":{"line":120,"column":5}}],"line":108},"1":{"loc":{"start":{"line":109,"column":6},"end":{"line":115,"column":7}},"type":"if","locations":[{"start":{"line":109,"column":6},"end":{"line":115,"column":7}},{"start":{"line":109,"column":6},"end":{"line":115,"column":7}}],"line":109},"2":{"loc":{"start":{"line":109,"column":10},"end":{"line":109,"column":44}},"type":"binary-expr","locations":[{"start":{"line":109,"column":10},"end":{"line":109,"column":11}},{"start":{"line":109,"column":15},"end":{"line":109,"column":44}}],"line":109},"3":{"loc":{"start":{"line":116,"column":11},"end":{"line":120,"column":5}},"type":"if","locations":[{"start":{"line":116,"column":11},"end":{"line":120,"column":5}},{"start":{"line":116,"column":11},"end":{"line":120,"column":5}}],"line":116}},"s":{"0":13,"1":13,"2":13,"3":13,"4":13,"5":13,"6":13,"7":13,"8":13,"9":13,"10":13,"11":13,"12":13,"13":13,"14":13,"15":13,"16":13,"17":13,"18":13,"19":13,"20":13,"21":13,"22":13,"23":13,"24":13,"25":13,"26":13,"27":13,"28":13,"29":13,"30":13,"31":13,"32":13,"33":13,"34":13,"35":13,"36":13,"37":13,"38":10,"39":27,"40":27,"41":27,"42":21,"43":17,"44":17,"45":17,"46":4,"47":6,"48":1,"49":5,"50":2,"51":0,"52":0,"53":0,"54":1,"55":1,"56":0,"57":0,"58":0,"59":0,"60":13,"61":13,"62":13,"63":13,"64":13,"65":13,"66":13,"67":13,"68":13,"69":13,"70":13,"71":13,"72":13,"73":13,"74":13,"75":13,"76":13,"77":13,"78":13,"79":13,"80":13,"81":13,"82":13,"83":13,"84":13,"85":13,"86":13,"87":13,"88":13,"89":13,"90":13,"91":13,"92":13,"93":13,"94":13,"95":13,"96":13,"97":13,"98":13,"99":13,"100":13,"101":13,"102":13,"103":13,"104":13,"105":13,"106":13,"107":13,"108":13,"109":13,"110":13,"111":13,"112":13,"113":13,"114":13,"115":13,"116":13,"117":13,"118":13,"119":13,"120":13,"121":13,"122":13,"123":13,"124":13,"125":13,"126":13,"127":13,"128":13,"129":13,"130":13,"131":13,"132":13,"133":13,"134":13,"135":13,"136":13,"137":13,"138":13,"139":13,"140":13,"141":13,"142":13,"143":13,"144":13,"145":13,"146":13,"147":13,"148":13,"149":13,"150":13,"151":13,"152":13,"153":13,"154":13,"155":13,"156":13,"157":13,"158":13,"159":13,"160":13,"161":13,"162":13,"163":13,"164":13,"165":13,"166":13,"167":13,"168":13,"169":13,"170":13,"171":13,"172":13,"173":13,"174":13,"175":13,"176":13,"177":13,"178":13,"179":13,"180":13,"181":13,"182":13,"183":13,"184":13,"185":13,"186":13,"187":13,"188":13,"189":13,"190":13,"191":13,"192":13,"193":13,"194":13,"195":13,"196":13,"197":13,"198":13,"199":13,"200":13},"f":{"0":10,"1":2,"2":0,"3":0,"4":1,"5":0,"6":0,"7":0},"b":{"0":[21,6],"1":[17,4],"2":[21,20],"3":[1,5]},"_coverageSchema":"43e27e138ebf9cfc5966b082cf9a028302ed4184","hash":"524fc7f6d982ed9635d9254910627b2e06622619"}
}
